<?xml version="1.0" encoding="UTF-8"?>
<coverage generated="1529418458798" clover="3.2.0">
  <project timestamp="1529418458798" name="All files">
    <metrics statements="2571" coveredstatements="945" conditionals="1588" coveredconditionals="491" methods="512" coveredmethods="176" elements="4671" coveredelements="1612" complexity="0" loc="2571" ncloc="2571" packages="6" files="15" classes="15">
      <package name="config">
        <metrics statements="4" coveredstatements="4" conditionals="0" coveredconditionals="0" methods="0" coveredmethods="0"/>
        <file name="aws-sdk.config.js" path="/Users/anthonyvisalli/Desktop/Clark/learning-object-service/dist/config/aws-sdk.config.js">
          <metrics statements="4" coveredstatements="4" conditionals="0" coveredconditionals="0" methods="0" coveredmethods="0"/>
          <line num="2" count="2" type="stmt"/>
          <line num="3" count="2" type="stmt"/>
          <line num="4" count="2" type="stmt"/>
          <line num="5" count="2" type="stmt"/>
        </file>
      </package>
      <package name="drivers">
        <metrics statements="1287" coveredstatements="544" conditionals="873" coveredconditionals="318" methods="198" coveredmethods="86"/>
        <file name="MongoDriver.js" path="/Users/anthonyvisalli/Desktop/Clark/learning-object-service/dist/drivers/MongoDriver.js">
          <metrics statements="1119" coveredstatements="508" conditionals="749" coveredconditionals="309" methods="163" coveredmethods="84"/>
          <line num="2" count="3" type="cond" truecount="3" falsecount="0"/>
          <line num="3" count="3451" type="cond" truecount="2" falsecount="0"/>
          <line num="4" count="4691" type="stmt"/>
          <line num="5" count="31" type="stmt"/>
          <line num="6" count="8170" type="cond" truecount="2" falsecount="0"/>
          <line num="7" count="3451" type="cond" truecount="2" falsecount="0"/>
          <line num="10" count="3" type="cond" truecount="3" falsecount="0"/>
          <line num="11" count="4752" type="cond" truecount="2" falsecount="0"/>
          <line num="12" count="3451" type="cond" truecount="2" falsecount="0"/>
          <line num="13" count="10353" type="stmt"/>
          <line num="15" count="8173" type="cond" truecount="1" falsecount="1"/>
          <line num="16" count="18057" type="stmt"/>
          <line num="17" count="18057" type="cond" truecount="2" falsecount="7"/>
          <line num="18" count="18057" type="cond" truecount="1" falsecount="1"/>
          <line num="19" count="18057" type="cond" truecount="5" falsecount="1"/>
          <line num="20" count="8173" type="stmt"/>
          <line num="21" count="4722" type="stmt"/>
          <line num="22" count="0" type="stmt"/>
          <line num="23" count="28" type="stmt"/>
          <line num="25" count="5134" type="cond" truecount="7" falsecount="0"/>
          <line num="26" count="1683" type="cond" truecount="6" falsecount="0"/>
          <line num="27" count="395" type="cond" truecount="4" falsecount="0"/>
          <line num="28" count="365" type="cond" truecount="4" falsecount="0"/>
          <line num="29" count="336" type="cond" truecount="2" falsecount="0"/>
          <line num="30" count="336" type="stmt"/>
          <line num="32" count="9520" type="stmt"/>
          <line num="33" count="18057" type="stmt"/>
          <line num="34" count="3451" type="cond" truecount="3" falsecount="1"/>
          <line num="37" count="3" type="cond" truecount="3" falsecount="0"/>
          <line num="38" count="990" type="cond" truecount="2" falsecount="0"/>
          <line num="39" count="990" type="cond" truecount="1" falsecount="1"/>
          <line num="40" count="0" type="stmt"/>
          <line num="42" count="0" type="cond" truecount="0" falsecount="4"/>
          <line num="43" count="0" type="cond" truecount="0" falsecount="2"/>
          <line num="47" count="3" type="stmt"/>
          <line num="48" count="3" type="stmt"/>
          <line num="49" count="3" type="stmt"/>
          <line num="50" count="3" type="stmt"/>
          <line num="51" count="3" type="stmt"/>
          <line num="52" count="3" type="stmt"/>
          <line num="53" count="3" type="stmt"/>
          <line num="56" count="3" type="stmt"/>
          <line num="69" count="3" type="stmt"/>
          <line num="90" count="3" type="stmt"/>
          <line num="103" count="3" type="stmt"/>
          <line num="104" count="3" type="stmt"/>
          <line num="105" count="3" type="stmt"/>
          <line num="107" count="3" type="stmt"/>
          <line num="108" count="3" type="stmt"/>
          <line num="109" count="3" type="stmt"/>
          <line num="110" count="3" type="stmt"/>
          <line num="111" count="3" type="stmt"/>
          <line num="112" count="3" type="stmt"/>
          <line num="113" count="3" type="stmt"/>
          <line num="114" count="3" type="stmt"/>
          <line num="116" count="2" type="cond" truecount="1" falsecount="1"/>
          <line num="123" count="2" type="stmt"/>
          <line num="139" count="3" type="stmt"/>
          <line num="140" count="4" type="stmt"/>
          <line num="142" count="4" type="stmt"/>
          <line num="143" count="12" type="cond" truecount="3" falsecount="1"/>
          <line num="145" count="4" type="stmt"/>
          <line num="146" count="4" type="stmt"/>
          <line num="147" count="4" type="stmt"/>
          <line num="149" count="4" type="stmt"/>
          <line num="150" count="4" type="stmt"/>
          <line num="152" count="0" type="stmt"/>
          <line num="153" count="0" type="cond" truecount="0" falsecount="2"/>
          <line num="154" count="0" type="stmt"/>
          <line num="157" count="0" type="stmt"/>
          <line num="159" count="0" type="stmt"/>
          <line num="160" count="4" type="stmt"/>
          <line num="170" count="3" type="stmt"/>
          <line num="171" count="2" type="stmt"/>
          <line num="184" count="3" type="stmt"/>
          <line num="185" count="0" type="stmt"/>
          <line num="187" count="0" type="stmt"/>
          <line num="188" count="0" type="cond" truecount="0" falsecount="8"/>
          <line num="190" count="0" type="stmt"/>
          <line num="191" count="0" type="stmt"/>
          <line num="193" count="0" type="stmt"/>
          <line num="194" count="0" type="stmt"/>
          <line num="196" count="0" type="stmt"/>
          <line num="197" count="0" type="cond" truecount="0" falsecount="2"/>
          <line num="198" count="0" type="stmt"/>
          <line num="199" count="0" type="stmt"/>
          <line num="201" count="0" type="stmt"/>
          <line num="202" count="0" type="stmt"/>
          <line num="204" count="0" type="stmt"/>
          <line num="205" count="0" type="stmt"/>
          <line num="211" count="0" type="stmt"/>
          <line num="212" count="0" type="stmt"/>
          <line num="214" count="0" type="stmt"/>
          <line num="215" count="0" type="stmt"/>
          <line num="216" count="0" type="stmt"/>
          <line num="230" count="3" type="stmt"/>
          <line num="231" count="1" type="stmt"/>
          <line num="233" count="1" type="stmt"/>
          <line num="234" count="5" type="cond" truecount="5" falsecount="2"/>
          <line num="236" count="1" type="stmt"/>
          <line num="237" count="1" type="stmt"/>
          <line num="243" count="1" type="stmt"/>
          <line num="244" count="1" type="cond" truecount="1" falsecount="1"/>
          <line num="246" count="1" type="stmt"/>
          <line num="251" count="1" type="stmt"/>
          <line num="252" count="1" type="stmt"/>
          <line num="253" count="0" type="stmt"/>
          <line num="257" count="1" type="stmt"/>
          <line num="259" count="0" type="stmt"/>
          <line num="260" count="0" type="stmt"/>
          <line num="264" count="1" type="stmt"/>
          <line num="278" count="3" type="stmt"/>
          <line num="279" count="1" type="stmt"/>
          <line num="281" count="1" type="stmt"/>
          <line num="282" count="3" type="cond" truecount="3" falsecount="1"/>
          <line num="284" count="1" type="stmt"/>
          <line num="285" count="1" type="stmt"/>
          <line num="289" count="1" type="cond" truecount="1" falsecount="1"/>
          <line num="297" count="1" type="stmt"/>
          <line num="298" count="1" type="stmt"/>
          <line num="300" count="0" type="stmt"/>
          <line num="301" count="0" type="cond" truecount="0" falsecount="4"/>
          <line num="302" count="0" type="stmt"/>
          <line num="304" count="0" type="stmt"/>
          <line num="308" count="1" type="stmt"/>
          <line num="321" count="3" type="stmt"/>
          <line num="322" count="0" type="stmt"/>
          <line num="324" count="0" type="stmt"/>
          <line num="325" count="0" type="cond" truecount="0" falsecount="12"/>
          <line num="327" count="0" type="stmt"/>
          <line num="328" count="0" type="stmt"/>
          <line num="330" count="0" type="stmt"/>
          <line num="331" count="0" type="stmt"/>
          <line num="332" count="0" type="stmt"/>
          <line num="334" count="0" type="cond" truecount="0" falsecount="2"/>
          <line num="335" count="0" type="stmt"/>
          <line num="336" count="0" type="stmt"/>
          <line num="338" count="0" type="stmt"/>
          <line num="339" count="0" type="stmt"/>
          <line num="341" count="0" type="stmt"/>
          <line num="342" count="0" type="stmt"/>
          <line num="344" count="0" type="stmt"/>
          <line num="345" count="0" type="stmt"/>
          <line num="346" count="0" type="stmt"/>
          <line num="348" count="0" type="stmt"/>
          <line num="349" count="0" type="stmt"/>
          <line num="350" count="0" type="stmt"/>
          <line num="352" count="0" type="stmt"/>
          <line num="353" count="0" type="cond" truecount="0" falsecount="5"/>
          <line num="355" count="0" type="cond" truecount="0" falsecount="2"/>
          <line num="356" count="0" type="stmt"/>
          <line num="357" count="0" type="stmt"/>
          <line num="359" count="0" type="stmt"/>
          <line num="360" count="0" type="stmt"/>
          <line num="361" count="0" type="stmt"/>
          <line num="376" count="3" type="stmt"/>
          <line num="377" count="0" type="stmt"/>
          <line num="379" count="0" type="stmt"/>
          <line num="380" count="0" type="cond" truecount="0" falsecount="2"/>
          <line num="381" count="0" type="stmt"/>
          <line num="385" count="0" type="stmt"/>
          <line num="386" count="0" type="cond" truecount="0" falsecount="2"/>
          <line num="387" count="0" type="stmt"/>
          <line num="388" count="0" type="stmt"/>
          <line num="400" count="3" type="stmt"/>
          <line num="401" count="0" type="stmt"/>
          <line num="402" count="0" type="stmt"/>
          <line num="403" count="0" type="stmt"/>
          <line num="415" count="3" type="stmt"/>
          <line num="416" count="0" type="stmt"/>
          <line num="417" count="0" type="stmt"/>
          <line num="418" count="0" type="stmt"/>
          <line num="432" count="3" type="stmt"/>
          <line num="433" count="0" type="stmt"/>
          <line num="435" count="0" type="stmt"/>
          <line num="436" count="0" type="cond" truecount="0" falsecount="29"/>
          <line num="438" count="0" type="stmt"/>
          <line num="439" count="0" type="stmt"/>
          <line num="441" count="0" type="stmt"/>
          <line num="442" count="0" type="stmt"/>
          <line num="444" count="0" type="stmt"/>
          <line num="445" count="0" type="cond" truecount="0" falsecount="2"/>
          <line num="446" count="0" type="stmt"/>
          <line num="447" count="0" type="stmt"/>
          <line num="449" count="0" type="stmt"/>
          <line num="451" count="0" type="stmt"/>
          <line num="454" count="0" type="stmt"/>
          <line num="455" count="0" type="stmt"/>
          <line num="456" count="0" type="stmt"/>
          <line num="457" count="0" type="stmt"/>
          <line num="459" count="0" type="stmt"/>
          <line num="460" count="0" type="stmt"/>
          <line num="461" count="0" type="stmt"/>
          <line num="463" count="0" type="cond" truecount="0" falsecount="2"/>
          <line num="464" count="0" type="stmt"/>
          <line num="465" count="0" type="stmt"/>
          <line num="467" count="0" type="stmt"/>
          <line num="468" count="0" type="stmt"/>
          <line num="470" count="0" type="stmt"/>
          <line num="472" count="0" type="stmt"/>
          <line num="474" count="0" type="stmt"/>
          <line num="481" count="0" type="stmt"/>
          <line num="482" count="0" type="stmt"/>
          <line num="484" count="0" type="stmt"/>
          <line num="486" count="0" type="stmt"/>
          <line num="487" count="0" type="stmt"/>
          <line num="489" count="0" type="stmt"/>
          <line num="490" count="0" type="stmt"/>
          <line num="491" count="0" type="stmt"/>
          <line num="493" count="0" type="stmt"/>
          <line num="494" count="0" type="stmt"/>
          <line num="495" count="0" type="stmt"/>
          <line num="497" count="0" type="stmt"/>
          <line num="498" count="0" type="cond" truecount="0" falsecount="5"/>
          <line num="500" count="0" type="cond" truecount="0" falsecount="2"/>
          <line num="501" count="0" type="stmt"/>
          <line num="503" count="0" type="cond" truecount="0" falsecount="2"/>
          <line num="504" count="0" type="stmt"/>
          <line num="510" count="0" type="stmt"/>
          <line num="511" count="0" type="stmt"/>
          <line num="514" count="0" type="stmt"/>
          <line num="515" count="0" type="cond" truecount="0" falsecount="2"/>
          <line num="516" count="0" type="stmt"/>
          <line num="518" count="0" type="stmt"/>
          <line num="519" count="0" type="stmt"/>
          <line num="520" count="0" type="stmt"/>
          <line num="522" count="0" type="cond" truecount="0" falsecount="2"/>
          <line num="523" count="0" type="stmt"/>
          <line num="524" count="0" type="stmt"/>
          <line num="526" count="0" type="stmt"/>
          <line num="527" count="0" type="stmt"/>
          <line num="529" count="0" type="stmt"/>
          <line num="530" count="0" type="stmt"/>
          <line num="531" count="0" type="stmt"/>
          <line num="533" count="0" type="stmt"/>
          <line num="534" count="0" type="stmt"/>
          <line num="535" count="0" type="stmt"/>
          <line num="537" count="0" type="stmt"/>
          <line num="538" count="0" type="cond" truecount="0" falsecount="5"/>
          <line num="540" count="0" type="cond" truecount="0" falsecount="2"/>
          <line num="541" count="0" type="stmt"/>
          <line num="544" count="0" type="stmt"/>
          <line num="552" count="0" type="stmt"/>
          <line num="553" count="0" type="stmt"/>
          <line num="555" count="0" type="stmt"/>
          <line num="556" count="0" type="stmt"/>
          <line num="557" count="0" type="stmt"/>
          <line num="562" count="3" type="stmt"/>
          <line num="563" count="1" type="stmt"/>
          <line num="565" count="1" type="stmt"/>
          <line num="566" count="2" type="cond" truecount="2" falsecount="2"/>
          <line num="568" count="1" type="stmt"/>
          <line num="569" count="1" type="stmt"/>
          <line num="575" count="1" type="stmt"/>
          <line num="576" count="1" type="stmt"/>
          <line num="578" count="0" type="stmt"/>
          <line num="579" count="0" type="stmt"/>
          <line num="580" count="0" type="stmt"/>
          <line num="585" count="3" type="stmt"/>
          <line num="586" count="1" type="stmt"/>
          <line num="588" count="1" type="stmt"/>
          <line num="589" count="5" type="cond" truecount="5" falsecount="2"/>
          <line num="591" count="1" type="stmt"/>
          <line num="592" count="1" type="stmt"/>
          <line num="594" count="1" type="stmt"/>
          <line num="595" count="1" type="stmt"/>
          <line num="597" count="1" type="stmt"/>
          <line num="599" count="1" type="cond" truecount="2" falsecount="2"/>
          <line num="600" count="0" type="stmt"/>
          <line num="601" count="1" type="stmt"/>
          <line num="605" count="1" type="stmt"/>
          <line num="606" count="1" type="cond" truecount="1" falsecount="1"/>
          <line num="607" count="0" type="stmt"/>
          <line num="609" count="1" type="stmt"/>
          <line num="613" count="1" type="stmt"/>
          <line num="614" count="1" type="stmt"/>
          <line num="616" count="0" type="stmt"/>
          <line num="617" count="0" type="stmt"/>
          <line num="618" count="0" type="stmt"/>
          <line num="630" count="3" type="stmt"/>
          <line num="631" count="0" type="stmt"/>
          <line num="633" count="0" type="stmt"/>
          <line num="634" count="0" type="cond" truecount="0" falsecount="2"/>
          <line num="635" count="0" type="stmt"/>
          <line num="637" count="0" type="stmt"/>
          <line num="638" count="0" type="stmt"/>
          <line num="652" count="3" type="stmt"/>
          <line num="653" count="0" type="stmt"/>
          <line num="655" count="0" type="stmt"/>
          <line num="656" count="0" type="cond" truecount="0" falsecount="4"/>
          <line num="658" count="0" type="stmt"/>
          <line num="659" count="0" type="stmt"/>
          <line num="661" count="0" type="stmt"/>
          <line num="662" count="0" type="stmt"/>
          <line num="664" count="0" type="stmt"/>
          <line num="665" count="0" type="stmt"/>
          <line num="666" count="0" type="stmt"/>
          <line num="669" count="0" type="stmt"/>
          <line num="680" count="3" type="stmt"/>
          <line num="681" count="0" type="stmt"/>
          <line num="682" count="0" type="stmt"/>
          <line num="684" count="0" type="stmt"/>
          <line num="685" count="0" type="cond" truecount="0" falsecount="4"/>
          <line num="687" count="0" type="stmt"/>
          <line num="688" count="0" type="stmt"/>
          <line num="690" count="0" type="stmt"/>
          <line num="691" count="0" type="stmt"/>
          <line num="693" count="0" type="stmt"/>
          <line num="694" count="0" type="stmt"/>
          <line num="695" count="0" type="stmt"/>
          <line num="698" count="0" type="stmt"/>
          <line num="699" count="0" type="stmt"/>
          <line num="709" count="3" type="stmt"/>
          <line num="710" count="0" type="stmt"/>
          <line num="711" count="0" type="stmt"/>
          <line num="712" count="0" type="stmt"/>
          <line num="725" count="3" type="stmt"/>
          <line num="726" count="0" type="stmt"/>
          <line num="728" count="0" type="stmt"/>
          <line num="729" count="0" type="cond" truecount="0" falsecount="4"/>
          <line num="731" count="0" type="stmt"/>
          <line num="736" count="0" type="stmt"/>
          <line num="744" count="0" type="stmt"/>
          <line num="746" count="0" type="stmt"/>
          <line num="748" count="0" type="stmt"/>
          <line num="749" count="0" type="stmt"/>
          <line num="750" count="0" type="stmt"/>
          <line num="765" count="3" type="stmt"/>
          <line num="766" count="2" type="stmt"/>
          <line num="768" count="2" type="stmt"/>
          <line num="769" count="6" type="cond" truecount="4" falsecount="1"/>
          <line num="771" count="2" type="stmt"/>
          <line num="772" count="2" type="stmt"/>
          <line num="774" count="2" type="stmt"/>
          <line num="775" count="1" type="stmt"/>
          <line num="779" count="1" type="stmt"/>
          <line num="780" count="1" type="stmt"/>
          <line num="782" count="1" type="stmt"/>
          <line num="783" count="1" type="stmt"/>
          <line num="784" count="0" type="stmt"/>
          <line num="797" count="3" type="stmt"/>
          <line num="798" count="14" type="stmt"/>
          <line num="800" count="14" type="stmt"/>
          <line num="801" count="28" type="cond" truecount="2" falsecount="2"/>
          <line num="803" count="14" type="stmt"/>
          <line num="804" count="14" type="stmt"/>
          <line num="805" count="14" type="cond" truecount="1" falsecount="1"/>
          <line num="806" count="0" type="stmt"/>
          <line num="809" count="14" type="stmt"/>
          <line num="811" count="14" type="stmt"/>
          <line num="815" count="14" type="stmt"/>
          <line num="816" count="14" type="cond" truecount="2" falsecount="0"/>
          <line num="817" count="3" type="stmt"/>
          <line num="818" count="11" type="stmt"/>
          <line num="820" count="0" type="stmt"/>
          <line num="821" count="0" type="stmt"/>
          <line num="822" count="0" type="stmt"/>
          <line num="836" count="3" type="stmt"/>
          <line num="837" count="11" type="stmt"/>
          <line num="839" count="11" type="stmt"/>
          <line num="840" count="33" type="cond" truecount="4" falsecount="1"/>
          <line num="842" count="11" type="stmt"/>
          <line num="843" count="11" type="stmt"/>
          <line num="845" count="11" type="stmt"/>
          <line num="846" count="9" type="stmt"/>
          <line num="853" count="9" type="stmt"/>
          <line num="854" count="9" type="cond" truecount="2" falsecount="0"/>
          <line num="855" count="1" type="stmt"/>
          <line num="856" count="8" type="stmt"/>
          <line num="858" count="2" type="stmt"/>
          <line num="859" count="2" type="stmt"/>
          <line num="860" count="0" type="stmt"/>
          <line num="874" count="3" type="stmt"/>
          <line num="875" count="0" type="stmt"/>
          <line num="877" count="0" type="stmt"/>
          <line num="878" count="0" type="cond" truecount="0" falsecount="4"/>
          <line num="880" count="0" type="stmt"/>
          <line num="881" count="0" type="stmt"/>
          <line num="888" count="0" type="stmt"/>
          <line num="889" count="0" type="cond" truecount="0" falsecount="2"/>
          <line num="890" count="0" type="stmt"/>
          <line num="891" count="0" type="stmt"/>
          <line num="893" count="0" type="stmt"/>
          <line num="894" count="0" type="stmt"/>
          <line num="895" count="0" type="stmt"/>
          <line num="908" count="3" type="stmt"/>
          <line num="909" count="0" type="stmt"/>
          <line num="911" count="0" type="stmt"/>
          <line num="912" count="0" type="cond" truecount="0" falsecount="4"/>
          <line num="914" count="0" type="stmt"/>
          <line num="915" count="0" type="stmt"/>
          <line num="916" count="0" type="stmt"/>
          <line num="922" count="0" type="stmt"/>
          <line num="923" count="0" type="cond" truecount="0" falsecount="2"/>
          <line num="924" count="0" type="stmt"/>
          <line num="925" count="0" type="stmt"/>
          <line num="927" count="0" type="stmt"/>
          <line num="928" count="0" type="stmt"/>
          <line num="929" count="0" type="stmt"/>
          <line num="942" count="3" type="stmt"/>
          <line num="943" count="938" type="stmt"/>
          <line num="945" count="938" type="stmt"/>
          <line num="946" count="1876" type="cond" truecount="2" falsecount="0"/>
          <line num="947" count="938" type="stmt"/>
          <line num="949" count="938" type="stmt"/>
          <line num="950" count="938" type="stmt"/>
          <line num="951" count="938" type="stmt"/>
          <line num="964" count="3" type="stmt"/>
          <line num="965" count="276" type="stmt"/>
          <line num="967" count="276" type="stmt"/>
          <line num="968" count="1098" type="cond" truecount="4" falsecount="0"/>
          <line num="969" count="276" type="stmt"/>
          <line num="971" count="276" type="stmt"/>
          <line num="972" count="273" type="stmt"/>
          <line num="974" count="273" type="stmt"/>
          <line num="975" count="273" type="stmt"/>
          <line num="977" count="273" type="stmt"/>
          <line num="978" count="273" type="cond" truecount="4" falsecount="0"/>
          <line num="979" count="27" type="stmt"/>
          <line num="980" count="246" type="stmt"/>
          <line num="993" count="3" type="stmt"/>
          <line num="994" count="5" type="stmt"/>
          <line num="996" count="5" type="stmt"/>
          <line num="997" count="15" type="cond" truecount="3" falsecount="2"/>
          <line num="999" count="5" type="stmt"/>
          <line num="1000" count="5" type="stmt"/>
          <line num="1002" count="5" type="stmt"/>
          <line num="1003" count="5" type="stmt"/>
          <line num="1005" count="5" type="stmt"/>
          <line num="1006" count="5" type="stmt"/>
          <line num="1008" count="0" type="stmt"/>
          <line num="1009" count="0" type="stmt"/>
          <line num="1010" count="0" type="stmt"/>
          <line num="1023" count="3" type="stmt"/>
          <line num="1024" count="0" type="stmt"/>
          <line num="1026" count="0" type="stmt"/>
          <line num="1027" count="0" type="cond" truecount="0" falsecount="5"/>
          <line num="1029" count="0" type="stmt"/>
          <line num="1030" count="0" type="stmt"/>
          <line num="1032" count="0" type="stmt"/>
          <line num="1033" count="0" type="stmt"/>
          <line num="1035" count="0" type="stmt"/>
          <line num="1036" count="0" type="stmt"/>
          <line num="1038" count="0" type="stmt"/>
          <line num="1039" count="0" type="stmt"/>
          <line num="1040" count="0" type="stmt"/>
          <line num="1049" count="3" type="stmt"/>
          <line num="1050" count="4" type="stmt"/>
          <line num="1052" count="4" type="stmt"/>
          <line num="1053" count="2008" type="cond" truecount="13" falsecount="3"/>
          <line num="1055" count="4" type="cond" truecount="3" falsecount="1"/>
          <line num="1056" count="0" type="stmt"/>
          <line num="1058" count="4" type="cond" truecount="4" falsecount="0"/>
          <line num="1059" count="4" type="stmt"/>
          <line num="1061" count="4" type="stmt"/>
          <line num="1062" count="4" type="stmt"/>
          <line num="1063" count="4" type="cond" truecount="2" falsecount="0"/>
          <line num="1064" count="3" type="stmt"/>
          <line num="1066" count="4" type="stmt"/>
          <line num="1070" count="4" type="stmt"/>
          <line num="1071" count="4" type="stmt"/>
          <line num="1073" count="4" type="stmt"/>
          <line num="1074" count="4" type="stmt"/>
          <line num="1080" count="4" type="stmt"/>
          <line num="1082" count="4" type="stmt"/>
          <line num="1083" count="4" type="stmt"/>
          <line num="1084" count="4" type="stmt"/>
          <line num="1086" count="4" type="stmt"/>
          <line num="1087" count="4" type="stmt"/>
          <line num="1088" count="4" type="stmt"/>
          <line num="1090" count="664" type="cond" truecount="2" falsecount="0"/>
          <line num="1091" count="660" type="stmt"/>
          <line num="1092" count="660" type="stmt"/>
          <line num="1094" count="660" type="stmt"/>
          <line num="1095" count="660" type="stmt"/>
          <line num="1097" count="660" type="stmt"/>
          <line num="1098" count="660" type="cond" truecount="2" falsecount="0"/>
          <line num="1099" count="342" type="stmt"/>
          <line num="1101" count="660" type="stmt"/>
          <line num="1102" count="660" type="stmt"/>
          <line num="1104" count="660" type="stmt"/>
          <line num="1105" count="660" type="stmt"/>
          <line num="1106" count="4" type="stmt"/>
          <line num="1108" count="0" type="stmt"/>
          <line num="1109" count="0" type="stmt"/>
          <line num="1110" count="0" type="stmt"/>
          <line num="1112" count="4" type="stmt"/>
          <line num="1113" count="4" type="cond" truecount="3" falsecount="2"/>
          <line num="1115" count="4" type="cond" truecount="1" falsecount="1"/>
          <line num="1116" count="4" type="stmt"/>
          <line num="1117" count="4" type="stmt"/>
          <line num="1122" count="0" type="stmt"/>
          <line num="1123" count="0" type="stmt"/>
          <line num="1124" count="0" type="stmt"/>
          <line num="1136" count="3" type="stmt"/>
          <line num="1137" count="5" type="stmt"/>
          <line num="1139" count="5" type="stmt"/>
          <line num="1140" count="42" type="cond" truecount="11" falsecount="3"/>
          <line num="1142" count="5" type="stmt"/>
          <line num="1143" count="5" type="stmt"/>
          <line num="1144" count="5" type="cond" truecount="2" falsecount="0"/>
          <line num="1145" count="3" type="stmt"/>
          <line num="1146" count="5" type="stmt"/>
          <line num="1150" count="5" type="stmt"/>
          <line num="1151" count="5" type="cond" truecount="2" falsecount="2"/>
          <line num="1152" count="5" type="stmt"/>
          <line num="1154" count="5" type="stmt"/>
          <line num="1155" count="5" type="stmt"/>
          <line num="1156" count="5" type="stmt"/>
          <line num="1158" count="5" type="stmt"/>
          <line num="1159" count="5" type="stmt"/>
          <line num="1160" count="5" type="stmt"/>
          <line num="1162" count="9" type="cond" truecount="2" falsecount="0"/>
          <line num="1163" count="4" type="stmt"/>
          <line num="1164" count="4" type="stmt"/>
          <line num="1166" count="4" type="stmt"/>
          <line num="1167" count="4" type="stmt"/>
          <line num="1169" count="4" type="stmt"/>
          <line num="1170" count="4" type="cond" truecount="2" falsecount="0"/>
          <line num="1171" count="1" type="stmt"/>
          <line num="1172" count="4" type="stmt"/>
          <line num="1173" count="4" type="stmt"/>
          <line num="1175" count="4" type="stmt"/>
          <line num="1176" count="4" type="stmt"/>
          <line num="1177" count="5" type="stmt"/>
          <line num="1179" count="0" type="stmt"/>
          <line num="1180" count="0" type="stmt"/>
          <line num="1181" count="0" type="stmt"/>
          <line num="1183" count="5" type="stmt"/>
          <line num="1184" count="5" type="cond" truecount="3" falsecount="2"/>
          <line num="1186" count="5" type="cond" truecount="1" falsecount="1"/>
          <line num="1187" count="5" type="stmt"/>
          <line num="1188" count="5" type="stmt"/>
          <line num="1190" count="0" type="stmt"/>
          <line num="1191" count="0" type="stmt"/>
          <line num="1192" count="0" type="stmt"/>
          <line num="1206" count="3" type="stmt"/>
          <line num="1207" count="8" type="stmt"/>
          <line num="1209" count="8" type="stmt"/>
          <line num="1210" count="72" type="cond" truecount="12" falsecount="6"/>
          <line num="1212" count="8" type="cond" truecount="2" falsecount="2"/>
          <line num="1213" count="0" type="stmt"/>
          <line num="1214" count="8" type="cond" truecount="2" falsecount="2"/>
          <line num="1215" count="8" type="stmt"/>
          <line num="1217" count="8" type="stmt"/>
          <line num="1218" count="8" type="stmt"/>
          <line num="1220" count="8" type="stmt"/>
          <line num="1221" count="8" type="cond" truecount="1" falsecount="1"/>
          <line num="1222" count="6" type="stmt"/>
          <line num="1224" count="8" type="cond" truecount="5" falsecount="0"/>
          <line num="1225" count="8" type="stmt"/>
          <line num="1227" count="8" type="stmt"/>
          <line num="1228" count="8" type="cond" truecount="1" falsecount="1"/>
          <line num="1229" count="0" type="stmt"/>
          <line num="1231" count="8" type="stmt"/>
          <line num="1232" count="8" type="stmt"/>
          <line num="1237" count="8" type="stmt"/>
          <line num="1238" count="8" type="stmt"/>
          <line num="1240" count="8" type="stmt"/>
          <line num="1242" count="8" type="stmt"/>
          <line num="1249" count="8" type="cond" truecount="1" falsecount="1"/>
          <line num="1252" count="8" type="stmt"/>
          <line num="1254" count="8" type="stmt"/>
          <line num="1255" count="8" type="stmt"/>
          <line num="1256" count="8" type="stmt"/>
          <line num="1258" count="8" type="stmt"/>
          <line num="1259" count="8" type="stmt"/>
          <line num="1260" count="8" type="stmt"/>
          <line num="1262" count="8" type="cond" truecount="1" falsecount="1"/>
          <line num="1263" count="0" type="stmt"/>
          <line num="1264" count="0" type="stmt"/>
          <line num="1266" count="0" type="stmt"/>
          <line num="1267" count="0" type="stmt"/>
          <line num="1269" count="0" type="stmt"/>
          <line num="1270" count="0" type="cond" truecount="0" falsecount="2"/>
          <line num="1271" count="0" type="stmt"/>
          <line num="1273" count="0" type="stmt"/>
          <line num="1274" count="0" type="stmt"/>
          <line num="1276" count="0" type="stmt"/>
          <line num="1277" count="0" type="stmt"/>
          <line num="1278" count="8" type="stmt"/>
          <line num="1280" count="0" type="stmt"/>
          <line num="1281" count="0" type="stmt"/>
          <line num="1282" count="0" type="stmt"/>
          <line num="1284" count="8" type="stmt"/>
          <line num="1285" count="8" type="cond" truecount="3" falsecount="2"/>
          <line num="1287" count="8" type="cond" truecount="1" falsecount="1"/>
          <line num="1288" count="8" type="stmt"/>
          <line num="1289" count="8" type="stmt"/>
          <line num="1294" count="0" type="stmt"/>
          <line num="1295" count="0" type="stmt"/>
          <line num="1296" count="0" type="stmt"/>
          <line num="1315" count="3" type="stmt"/>
          <line num="1316" count="8" type="stmt"/>
          <line num="1317" count="8" type="cond" truecount="2" falsecount="0"/>
          <line num="1318" count="7" type="stmt"/>
          <line num="1321" count="8" type="cond" truecount="3" falsecount="1"/>
          <line num="1322" count="8" type="stmt"/>
          <line num="1326" count="8" type="cond" truecount="4" falsecount="0"/>
          <line num="1327" count="6" type="cond" truecount="2" falsecount="0"/>
          <line num="1328" count="5" type="stmt"/>
          <line num="1331" count="1" type="stmt"/>
          <line num="1336" count="8" type="cond" truecount="1" falsecount="1"/>
          <line num="1337" count="8" type="stmt"/>
          <line num="1339" count="8" type="cond" truecount="1" falsecount="1"/>
          <line num="1340" count="8" type="stmt"/>
          <line num="1342" count="8" type="cond" truecount="1" falsecount="1"/>
          <line num="1343" count="8" type="cond" truecount="1" falsecount="1"/>
          <line num="1350" count="0" type="cond" truecount="0" falsecount="2"/>
          <line num="1351" count="0" type="stmt"/>
          <line num="1353" count="0" type="cond" truecount="0" falsecount="2"/>
          <line num="1354" count="0" type="stmt"/>
          <line num="1356" count="0" type="cond" truecount="0" falsecount="2"/>
          <line num="1357" count="0" type="stmt"/>
          <line num="1359" count="0" type="cond" truecount="0" falsecount="2"/>
          <line num="1360" count="0" type="stmt"/>
          <line num="1362" count="0" type="cond" truecount="0" falsecount="2"/>
          <line num="1363" count="0" type="stmt"/>
          <line num="1366" count="8" type="stmt"/>
          <line num="1376" count="3" type="stmt"/>
          <line num="1377" count="8" type="stmt"/>
          <line num="1379" count="8" type="stmt"/>
          <line num="1380" count="24" type="cond" truecount="3" falsecount="1"/>
          <line num="1382" count="8" type="cond" truecount="1" falsecount="1"/>
          <line num="1383" count="8" type="stmt"/>
          <line num="1390" count="8" type="stmt"/>
          <line num="1391" count="8" type="stmt"/>
          <line num="1393" count="0" type="stmt"/>
          <line num="1394" count="0" type="stmt"/>
          <line num="1395" count="8" type="stmt"/>
          <line num="1409" count="3" type="stmt"/>
          <line num="1410" count="8" type="stmt"/>
          <line num="1412" count="8" type="stmt"/>
          <line num="1413" count="24" type="cond" truecount="3" falsecount="1"/>
          <line num="1415" count="8" type="stmt"/>
          <line num="1418" count="8" type="cond" truecount="2" falsecount="0"/>
          <line num="1419" count="7" type="stmt"/>
          <line num="1421" count="8" type="cond" truecount="3" falsecount="1"/>
          <line num="1422" count="8" type="stmt"/>
          <line num="1428" count="8" type="stmt"/>
          <line num="1429" count="8" type="stmt"/>
          <line num="1431" count="0" type="stmt"/>
          <line num="1432" count="0" type="stmt"/>
          <line num="1433" count="8" type="stmt"/>
          <line num="1444" count="3" type="stmt"/>
          <line num="1445" count="1" type="stmt"/>
          <line num="1447" count="1" type="stmt"/>
          <line num="1448" count="2" type="cond" truecount="2" falsecount="2"/>
          <line num="1450" count="1" type="stmt"/>
          <line num="1451" count="1" type="stmt"/>
          <line num="1455" count="1" type="stmt"/>
          <line num="1456" count="1" type="stmt"/>
          <line num="1458" count="0" type="stmt"/>
          <line num="1459" count="0" type="stmt"/>
          <line num="1460" count="0" type="stmt"/>
          <line num="1472" count="3" type="stmt"/>
          <line num="1473" count="2" type="stmt"/>
          <line num="1475" count="2" type="stmt"/>
          <line num="1476" count="845" type="cond" truecount="13" falsecount="1"/>
          <line num="1478" count="2" type="stmt"/>
          <line num="1479" count="2" type="stmt"/>
          <line num="1483" count="2" type="stmt"/>
          <line num="1484" count="2" type="stmt"/>
          <line num="1485" count="2" type="stmt"/>
          <line num="1487" count="2" type="stmt"/>
          <line num="1488" count="2" type="stmt"/>
          <line num="1489" count="1" type="stmt"/>
          <line num="1491" count="271" type="cond" truecount="2" falsecount="0"/>
          <line num="1492" count="270" type="stmt"/>
          <line num="1493" count="270" type="stmt"/>
          <line num="1495" count="270" type="stmt"/>
          <line num="1496" count="270" type="stmt"/>
          <line num="1498" count="270" type="stmt"/>
          <line num="1499" count="245" type="stmt"/>
          <line num="1500" count="245" type="stmt"/>
          <line num="1502" count="25" type="stmt"/>
          <line num="1503" count="25" type="stmt"/>
          <line num="1505" count="270" type="stmt"/>
          <line num="1506" count="270" type="stmt"/>
          <line num="1507" count="1" type="stmt"/>
          <line num="1509" count="1" type="stmt"/>
          <line num="1510" count="1" type="stmt"/>
          <line num="1511" count="1" type="stmt"/>
          <line num="1513" count="2" type="stmt"/>
          <line num="1514" count="2" type="cond" truecount="3" falsecount="2"/>
          <line num="1516" count="2" type="cond" truecount="2" falsecount="0"/>
          <line num="1517" count="1" type="stmt"/>
          <line num="1519" count="1" type="stmt"/>
          <line num="1520" count="1" type="stmt"/>
          <line num="1522" count="1" type="stmt"/>
          <line num="1523" count="1" type="stmt"/>
          <line num="1524" count="0" type="stmt"/>
          <line num="1542" count="3" type="stmt"/>
          <line num="1543" count="0" type="stmt"/>
          <line num="1545" count="0" type="stmt"/>
          <line num="1546" count="0" type="cond" truecount="0" falsecount="5"/>
          <line num="1548" count="0" type="stmt"/>
          <line num="1549" count="0" type="stmt"/>
          <line num="1551" count="0" type="stmt"/>
          <line num="1552" count="0" type="stmt"/>
          <line num="1554" count="0" type="stmt"/>
          <line num="1555" count="0" type="stmt"/>
          <line num="1562" count="0" type="stmt"/>
          <line num="1570" count="0" type="cond" truecount="0" falsecount="2"/>
          <line num="1571" count="0" type="stmt"/>
          <line num="1574" count="0" type="stmt"/>
          <line num="1575" count="0" type="stmt"/>
          <line num="1577" count="0" type="stmt"/>
          <line num="1579" count="0" type="stmt"/>
          <line num="1580" count="0" type="stmt"/>
          <line num="1581" count="0" type="stmt"/>
          <line num="1600" count="3" type="stmt"/>
          <line num="1601" count="0" type="stmt"/>
          <line num="1603" count="0" type="stmt"/>
          <line num="1604" count="0" type="stmt"/>
          <line num="1605" count="0" type="stmt"/>
          <line num="1616" count="0" type="stmt"/>
          <line num="1622" count="0" type="stmt"/>
          <line num="1624" count="0" type="stmt"/>
          <line num="1626" count="0" type="cond" truecount="0" falsecount="2"/>
          <line num="1627" count="0" type="stmt"/>
          <line num="1629" count="0" type="stmt"/>
          <line num="1632" count="0" type="stmt"/>
          <line num="1634" count="0" type="stmt"/>
          <line num="1646" count="3" type="stmt"/>
          <line num="1647" count="938" type="stmt"/>
          <line num="1648" count="938" type="cond" truecount="2" falsecount="0"/>
          <line num="1651" count="938" type="stmt"/>
          <line num="1663" count="3" type="stmt"/>
          <line num="1664" count="937" type="stmt"/>
          <line num="1666" count="937" type="stmt"/>
          <line num="1667" count="962" type="cond" truecount="8" falsecount="1"/>
          <line num="1669" count="937" type="stmt"/>
          <line num="1670" count="937" type="stmt"/>
          <line num="1671" count="937" type="stmt"/>
          <line num="1672" count="937" type="stmt"/>
          <line num="1673" count="937" type="stmt"/>
          <line num="1674" count="937" type="cond" truecount="2" falsecount="0"/>
          <line num="1675" count="937" type="stmt"/>
          <line num="1676" count="937" type="stmt"/>
          <line num="1677" count="937" type="stmt"/>
          <line num="1678" count="937" type="stmt"/>
          <line num="1679" count="989" type="stmt"/>
          <line num="1680" count="989" type="stmt"/>
          <line num="1683" count="0" type="stmt"/>
          <line num="1685" count="937" type="stmt"/>
          <line num="1686" count="937" type="cond" truecount="3" falsecount="2"/>
          <line num="1688" count="937" type="cond" truecount="1" falsecount="1"/>
          <line num="1690" count="937" type="cond" truecount="2" falsecount="0"/>
          <line num="1691" count="932" type="stmt"/>
          <line num="1693" count="5" type="stmt"/>
          <line num="1695" count="5" type="stmt"/>
          <line num="1696" count="5" type="stmt"/>
          <line num="1697" count="5" type="stmt"/>
          <line num="1699" count="10" type="cond" truecount="2" falsecount="0"/>
          <line num="1700" count="5" type="stmt"/>
          <line num="1701" count="5" type="stmt"/>
          <line num="1703" count="5" type="stmt"/>
          <line num="1704" count="5" type="stmt"/>
          <line num="1705" count="5" type="stmt"/>
          <line num="1706" count="5" type="stmt"/>
          <line num="1707" count="5" type="stmt"/>
          <line num="1708" count="5" type="stmt"/>
          <line num="1709" count="5" type="stmt"/>
          <line num="1710" count="0" type="stmt"/>
          <line num="1711" count="0" type="stmt"/>
          <line num="1712" count="0" type="stmt"/>
          <line num="1713" count="0" type="stmt"/>
          <line num="1716" count="0" type="stmt"/>
          <line num="1718" count="5" type="stmt"/>
          <line num="1719" count="5" type="cond" truecount="3" falsecount="2"/>
          <line num="1721" count="5" type="cond" truecount="1" falsecount="1"/>
          <line num="1723" count="5" type="stmt"/>
          <line num="1724" count="5" type="stmt"/>
          <line num="1725" count="0" type="stmt"/>
          <line num="1726" count="0" type="stmt"/>
          <line num="1727" count="0" type="stmt"/>
          <line num="1728" count="0" type="stmt"/>
          <line num="1731" count="0" type="stmt"/>
          <line num="1733" count="5" type="stmt"/>
          <line num="1734" count="5" type="cond" truecount="3" falsecount="2"/>
          <line num="1736" count="5" type="cond" truecount="1" falsecount="1"/>
          <line num="1738" count="5" type="stmt"/>
          <line num="1740" count="5" type="stmt"/>
          <line num="1741" count="0" type="stmt"/>
          <line num="1742" count="0" type="stmt"/>
          <line num="1745" count="0" type="stmt"/>
          <line num="1747" count="5" type="stmt"/>
          <line num="1748" count="5" type="cond" truecount="3" falsecount="2"/>
          <line num="1750" count="5" type="cond" truecount="1" falsecount="1"/>
          <line num="1752" count="5" type="stmt"/>
          <line num="1754" count="5" type="stmt"/>
          <line num="1755" count="5" type="stmt"/>
          <line num="1756" count="5" type="stmt"/>
          <line num="1758" count="0" type="stmt"/>
          <line num="1759" count="0" type="stmt"/>
          <line num="1760" count="0" type="stmt"/>
          <line num="1762" count="5" type="stmt"/>
          <line num="1763" count="5" type="cond" truecount="3" falsecount="2"/>
          <line num="1765" count="5" type="cond" truecount="1" falsecount="1"/>
          <line num="1766" count="5" type="stmt"/>
          <line num="1767" count="5" type="stmt"/>
          <line num="1780" count="3" type="stmt"/>
          <line num="1781" count="5" type="stmt"/>
          <line num="1783" count="5" type="stmt"/>
          <line num="1784" count="20" type="cond" truecount="6" falsecount="5"/>
          <line num="1786" count="5" type="stmt"/>
          <line num="1787" count="5" type="stmt"/>
          <line num="1788" count="5" type="stmt"/>
          <line num="1789" count="5" type="stmt"/>
          <line num="1790" count="5" type="stmt"/>
          <line num="1791" count="5" type="stmt"/>
          <line num="1793" count="5" type="stmt"/>
          <line num="1794" count="0" type="stmt"/>
          <line num="1795" count="0" type="stmt"/>
          <line num="1796" count="0" type="stmt"/>
          <line num="1797" count="0" type="stmt"/>
          <line num="1800" count="0" type="stmt"/>
          <line num="1802" count="5" type="stmt"/>
          <line num="1803" count="5" type="cond" truecount="3" falsecount="2"/>
          <line num="1805" count="5" type="cond" truecount="1" falsecount="1"/>
          <line num="1807" count="5" type="stmt"/>
          <line num="1809" count="5" type="stmt"/>
          <line num="1810" count="0" type="stmt"/>
          <line num="1811" count="0" type="stmt"/>
          <line num="1812" count="0" type="stmt"/>
          <line num="1813" count="0" type="stmt"/>
          <line num="1816" count="0" type="stmt"/>
          <line num="1818" count="5" type="stmt"/>
          <line num="1819" count="5" type="cond" truecount="3" falsecount="2"/>
          <line num="1821" count="5" type="cond" truecount="1" falsecount="1"/>
          <line num="1823" count="5" type="stmt"/>
          <line num="1825" count="5" type="stmt"/>
          <line num="1826" count="5" type="stmt"/>
          <line num="1827" count="5" type="stmt"/>
          <line num="1829" count="5" type="cond" truecount="1" falsecount="1"/>
          <line num="1830" count="0" type="stmt"/>
          <line num="1831" count="0" type="stmt"/>
          <line num="1833" count="0" type="stmt"/>
          <line num="1834" count="0" type="stmt"/>
          <line num="1835" count="0" type="stmt"/>
          <line num="1837" count="0" type="stmt"/>
          <line num="1838" count="0" type="stmt"/>
          <line num="1839" count="5" type="stmt"/>
          <line num="1841" count="0" type="stmt"/>
          <line num="1842" count="0" type="stmt"/>
          <line num="1843" count="0" type="stmt"/>
          <line num="1845" count="5" type="stmt"/>
          <line num="1846" count="5" type="cond" truecount="3" falsecount="2"/>
          <line num="1848" count="5" type="cond" truecount="1" falsecount="1"/>
          <line num="1849" count="5" type="stmt"/>
          <line num="1850" count="5" type="stmt"/>
          <line num="1852" count="0" type="stmt"/>
          <line num="1853" count="0" type="stmt"/>
          <line num="1854" count="0" type="stmt"/>
          <line num="1867" count="3" type="stmt"/>
          <line num="1868" count="0" type="stmt"/>
          <line num="1875" count="0" type="stmt"/>
          <line num="1887" count="3" type="stmt"/>
          <line num="1888" count="0" type="stmt"/>
          <line num="1890" count="0" type="stmt"/>
          <line num="1891" count="0" type="cond" truecount="0" falsecount="17"/>
          <line num="1893" count="0" type="stmt"/>
          <line num="1894" count="0" type="cond" truecount="0" falsecount="2"/>
          <line num="1895" count="0" type="stmt"/>
          <line num="1897" count="0" type="stmt"/>
          <line num="1898" count="0" type="stmt"/>
          <line num="1899" count="0" type="stmt"/>
          <line num="1901" count="0" type="cond" truecount="0" falsecount="2"/>
          <line num="1902" count="0" type="stmt"/>
          <line num="1903" count="0" type="stmt"/>
          <line num="1904" count="0" type="stmt"/>
          <line num="1905" count="0" type="cond" truecount="0" falsecount="2"/>
          <line num="1906" count="0" type="stmt"/>
          <line num="1907" count="0" type="stmt"/>
          <line num="1909" count="0" type="stmt"/>
          <line num="1910" count="0" type="stmt"/>
          <line num="1911" count="0" type="stmt"/>
          <line num="1913" count="0" type="cond" truecount="0" falsecount="2"/>
          <line num="1914" count="0" type="stmt"/>
          <line num="1915" count="0" type="stmt"/>
          <line num="1916" count="0" type="stmt"/>
          <line num="1920" count="0" type="stmt"/>
          <line num="1921" count="0" type="cond" truecount="0" falsecount="2"/>
          <line num="1922" count="0" type="stmt"/>
          <line num="1930" count="0" type="stmt"/>
          <line num="1932" count="0" type="stmt"/>
          <line num="1933" count="0" type="stmt"/>
          <line num="1934" count="0" type="stmt"/>
          <line num="1936" count="0" type="stmt"/>
          <line num="1937" count="0" type="stmt"/>
          <line num="1938" count="0" type="stmt"/>
          <line num="1940" count="0" type="stmt"/>
          <line num="1941" count="0" type="cond" truecount="0" falsecount="5"/>
          <line num="1943" count="0" type="cond" truecount="0" falsecount="2"/>
          <line num="1944" count="0" type="stmt"/>
          <line num="1946" count="0" type="stmt"/>
          <line num="1947" count="0" type="stmt"/>
          <line num="1948" count="0" type="stmt"/>
          <line num="1950" count="0" type="stmt"/>
          <line num="1951" count="0" type="stmt"/>
          <line num="1952" count="0" type="stmt"/>
          <line num="1954" count="0" type="stmt"/>
          <line num="1955" count="0" type="cond" truecount="0" falsecount="5"/>
          <line num="1957" count="0" type="cond" truecount="0" falsecount="2"/>
          <line num="1958" count="0" type="stmt"/>
          <line num="1959" count="0" type="stmt"/>
          <line num="1961" count="0" type="stmt"/>
          <line num="1962" count="0" type="stmt"/>
          <line num="1963" count="0" type="stmt"/>
          <line num="1977" count="3" type="stmt"/>
          <line num="1978" count="0" type="stmt"/>
          <line num="1980" count="0" type="stmt"/>
          <line num="1981" count="0" type="cond" truecount="0" falsecount="5"/>
          <line num="1983" count="0" type="stmt"/>
          <line num="1984" count="0" type="stmt"/>
          <line num="1988" count="0" type="stmt"/>
          <line num="1989" count="0" type="cond" truecount="0" falsecount="2"/>
          <line num="1990" count="0" type="stmt"/>
          <line num="1994" count="0" type="stmt"/>
          <line num="1995" count="0" type="stmt"/>
          <line num="1996" count="0" type="stmt"/>
          <line num="2000" count="0" type="stmt"/>
          <line num="2001" count="0" type="stmt"/>
          <line num="2003" count="0" type="stmt"/>
          <line num="2004" count="0" type="stmt"/>
          <line num="2010" count="0" type="stmt"/>
          <line num="2024" count="3" type="stmt"/>
          <line num="2025" count="0" type="stmt"/>
          <line num="2027" count="0" type="stmt"/>
          <line num="2028" count="0" type="cond" truecount="0" falsecount="5"/>
          <line num="2030" count="0" type="stmt"/>
          <line num="2031" count="0" type="stmt"/>
          <line num="2035" count="0" type="stmt"/>
          <line num="2036" count="0" type="cond" truecount="0" falsecount="2"/>
          <line num="2037" count="0" type="stmt"/>
          <line num="2041" count="0" type="cond" truecount="0" falsecount="2"/>
          <line num="2042" count="0" type="stmt"/>
          <line num="2049" count="0" type="stmt"/>
          <line num="2050" count="0" type="stmt"/>
          <line num="2051" count="0" type="stmt"/>
          <line num="2055" count="0" type="stmt"/>
          <line num="2056" count="0" type="stmt"/>
          <line num="2058" count="0" type="stmt"/>
          <line num="2059" count="0" type="stmt"/>
          <line num="2065" count="0" type="stmt"/>
          <line num="2080" count="3" type="stmt"/>
          <line num="2081" count="0" type="stmt"/>
          <line num="2083" count="0" type="stmt"/>
          <line num="2084" count="0" type="cond" truecount="0" falsecount="6"/>
          <line num="2086" count="0" type="stmt"/>
          <line num="2087" count="0" type="stmt"/>
          <line num="2091" count="0" type="stmt"/>
          <line num="2092" count="0" type="cond" truecount="0" falsecount="2"/>
          <line num="2093" count="0" type="stmt"/>
          <line num="2094" count="0" type="cond" truecount="0" falsecount="2"/>
          <line num="2095" count="0" type="stmt"/>
          <line num="2102" count="0" type="cond" truecount="0" falsecount="2"/>
          <line num="2103" count="0" type="stmt"/>
          <line num="2104" count="0" type="cond" truecount="0" falsecount="2"/>
          <line num="2105" count="0" type="stmt"/>
          <line num="2108" count="0" type="stmt"/>
          <line num="2111" count="0" type="stmt"/>
          <line num="2112" count="0" type="stmt"/>
          <line num="2113" count="0" type="stmt"/>
          <line num="2114" count="0" type="stmt"/>
          <line num="2118" count="0" type="stmt"/>
          <line num="2119" count="0" type="stmt"/>
          <line num="2121" count="0" type="stmt"/>
          <line num="2122" count="0" type="stmt"/>
          <line num="2123" count="0" type="stmt"/>
          <line num="2137" count="3" type="stmt"/>
          <line num="2138" count="0" type="stmt"/>
          <line num="2140" count="0" type="stmt"/>
          <line num="2141" count="0" type="cond" truecount="0" falsecount="14"/>
          <line num="2143" count="0" type="stmt"/>
          <line num="2144" count="0" type="stmt"/>
          <line num="2145" count="0" type="cond" truecount="0" falsecount="2"/>
          <line num="2147" count="0" type="stmt"/>
          <line num="2150" count="0" type="stmt"/>
          <line num="2151" count="0" type="stmt"/>
          <line num="2152" count="0" type="stmt"/>
          <line num="2156" count="0" type="stmt"/>
          <line num="2157" count="0" type="stmt"/>
          <line num="2158" count="0" type="cond" truecount="0" falsecount="2"/>
          <line num="2159" count="0" type="stmt"/>
          <line num="2161" count="0" type="stmt"/>
          <line num="2162" count="0" type="stmt"/>
          <line num="2163" count="0" type="stmt"/>
          <line num="2165" count="0" type="cond" truecount="0" falsecount="2"/>
          <line num="2166" count="0" type="stmt"/>
          <line num="2167" count="0" type="stmt"/>
          <line num="2168" count="0" type="cond" truecount="0" falsecount="4"/>
          <line num="2169" count="0" type="stmt"/>
          <line num="2170" count="0" type="stmt"/>
          <line num="2172" count="0" type="stmt"/>
          <line num="2173" count="0" type="stmt"/>
          <line num="2175" count="0" type="stmt"/>
          <line num="2176" count="0" type="stmt"/>
          <line num="2177" count="0" type="stmt"/>
          <line num="2179" count="0" type="stmt"/>
          <line num="2180" count="0" type="stmt"/>
          <line num="2181" count="0" type="stmt"/>
          <line num="2183" count="0" type="stmt"/>
          <line num="2184" count="0" type="cond" truecount="0" falsecount="5"/>
          <line num="2186" count="0" type="cond" truecount="0" falsecount="2"/>
          <line num="2187" count="0" type="stmt"/>
          <line num="2188" count="0" type="stmt"/>
          <line num="2190" count="0" type="stmt"/>
          <line num="2191" count="0" type="stmt"/>
          <line num="2192" count="0" type="stmt"/>
          <line num="2205" count="3" type="stmt"/>
          <line num="2206" count="0" type="stmt"/>
          <line num="2208" count="0" type="stmt"/>
          <line num="2209" count="0" type="cond" truecount="0" falsecount="4"/>
          <line num="2211" count="0" type="stmt"/>
          <line num="2214" count="0" type="stmt"/>
          <line num="2220" count="0" type="stmt"/>
          <line num="2222" count="0" type="stmt"/>
          <line num="2224" count="0" type="stmt"/>
          <line num="2225" count="0" type="stmt"/>
          <line num="2226" count="0" type="stmt"/>
          <line num="2227" count="0" type="stmt"/>
          <line num="2239" count="3" type="stmt"/>
          <line num="2240" count="0" type="stmt"/>
          <line num="2242" count="0" type="stmt"/>
          <line num="2243" count="0" type="cond" truecount="0" falsecount="27"/>
          <line num="2245" count="0" type="stmt"/>
          <line num="2246" count="0" type="stmt"/>
          <line num="2250" count="0" type="stmt"/>
          <line num="2251" count="0" type="stmt"/>
          <line num="2252" count="0" type="cond" truecount="0" falsecount="2"/>
          <line num="2253" count="0" type="stmt"/>
          <line num="2255" count="0" type="stmt"/>
          <line num="2256" count="0" type="stmt"/>
          <line num="2257" count="0" type="stmt"/>
          <line num="2259" count="0" type="cond" truecount="0" falsecount="2"/>
          <line num="2260" count="0" type="stmt"/>
          <line num="2261" count="0" type="stmt"/>
          <line num="2262" count="0" type="cond" truecount="0" falsecount="2"/>
          <line num="2263" count="0" type="stmt"/>
          <line num="2264" count="0" type="cond" truecount="0" falsecount="2"/>
          <line num="2265" count="0" type="stmt"/>
          <line num="2266" count="0" type="stmt"/>
          <line num="2268" count="0" type="stmt"/>
          <line num="2269" count="0" type="stmt"/>
          <line num="2270" count="0" type="stmt"/>
          <line num="2272" count="0" type="cond" truecount="0" falsecount="2"/>
          <line num="2273" count="0" type="stmt"/>
          <line num="2274" count="0" type="stmt"/>
          <line num="2275" count="0" type="stmt"/>
          <line num="2277" count="0" type="stmt"/>
          <line num="2278" count="0" type="stmt"/>
          <line num="2280" count="0" type="stmt"/>
          <line num="2281" count="0" type="stmt"/>
          <line num="2282" count="0" type="stmt"/>
          <line num="2284" count="0" type="stmt"/>
          <line num="2285" count="0" type="stmt"/>
          <line num="2286" count="0" type="stmt"/>
          <line num="2288" count="0" type="stmt"/>
          <line num="2289" count="0" type="cond" truecount="0" falsecount="5"/>
          <line num="2291" count="0" type="cond" truecount="0" falsecount="2"/>
          <line num="2292" count="0" type="stmt"/>
          <line num="2294" count="0" type="cond" truecount="0" falsecount="4"/>
          <line num="2295" count="0" type="stmt"/>
          <line num="2296" count="0" type="cond" truecount="0" falsecount="2"/>
          <line num="2297" count="0" type="stmt"/>
          <line num="2298" count="0" type="stmt"/>
          <line num="2300" count="0" type="stmt"/>
          <line num="2301" count="0" type="stmt"/>
          <line num="2302" count="0" type="stmt"/>
          <line num="2304" count="0" type="cond" truecount="0" falsecount="2"/>
          <line num="2305" count="0" type="stmt"/>
          <line num="2306" count="0" type="stmt"/>
          <line num="2307" count="0" type="stmt"/>
          <line num="2309" count="0" type="stmt"/>
          <line num="2310" count="0" type="stmt"/>
          <line num="2312" count="0" type="stmt"/>
          <line num="2313" count="0" type="stmt"/>
          <line num="2314" count="0" type="stmt"/>
          <line num="2316" count="0" type="stmt"/>
          <line num="2317" count="0" type="stmt"/>
          <line num="2318" count="0" type="stmt"/>
          <line num="2320" count="0" type="stmt"/>
          <line num="2321" count="0" type="cond" truecount="0" falsecount="5"/>
          <line num="2323" count="0" type="cond" truecount="0" falsecount="2"/>
          <line num="2324" count="0" type="stmt"/>
          <line num="2326" count="0" type="stmt"/>
          <line num="2327" count="0" type="stmt"/>
          <line num="2328" count="0" type="stmt"/>
          <line num="2330" count="0" type="stmt"/>
          <line num="2331" count="0" type="stmt"/>
          <line num="2332" count="0" type="stmt"/>
          <line num="2334" count="0" type="stmt"/>
          <line num="2335" count="0" type="cond" truecount="0" falsecount="5"/>
          <line num="2337" count="0" type="cond" truecount="0" falsecount="2"/>
          <line num="2338" count="0" type="stmt"/>
          <line num="2341" count="0" type="stmt"/>
          <line num="2344" count="0" type="stmt"/>
          <line num="2345" count="0" type="stmt"/>
          <line num="2347" count="0" type="stmt"/>
          <line num="2348" count="0" type="stmt"/>
          <line num="2349" count="0" type="stmt"/>
          <line num="2359" count="3" type="stmt"/>
          <line num="2360" count="1219" type="stmt"/>
          <line num="2362" count="1219" type="stmt"/>
          <line num="2363" count="2438" type="cond" truecount="2" falsecount="0"/>
          <line num="2364" count="1219" type="stmt"/>
          <line num="2368" count="1219" type="stmt"/>
          <line num="2369" count="1219" type="cond" truecount="2" falsecount="0"/>
          <line num="2370" count="3" type="stmt"/>
          <line num="2374" count="1216" type="stmt"/>
          <line num="2379" count="3" type="stmt"/>
          <line num="2381" count="3" type="stmt"/>
          <line num="2383" count="14" type="stmt"/>
          <line num="2384" count="14" type="cond" truecount="1" falsecount="1"/>
          <line num="2385" count="0" type="stmt"/>
          <line num="2387" count="14" type="stmt"/>
          <line num="2389" count="3" type="stmt"/>
        </file>
        <file name="S3Driver.js" path="/Users/anthonyvisalli/Desktop/Clark/learning-object-service/dist/drivers/S3Driver.js">
          <metrics statements="142" coveredstatements="19" conditionals="120" coveredconditionals="9" methods="31" coveredmethods="2"/>
          <line num="2" count="2" type="cond" truecount="3" falsecount="0"/>
          <line num="3" count="0" type="cond" truecount="0" falsecount="2"/>
          <line num="4" count="0" type="stmt"/>
          <line num="5" count="0" type="stmt"/>
          <line num="6" count="0" type="cond" truecount="0" falsecount="2"/>
          <line num="7" count="0" type="cond" truecount="0" falsecount="2"/>
          <line num="10" count="2" type="cond" truecount="3" falsecount="0"/>
          <line num="11" count="0" type="cond" truecount="0" falsecount="2"/>
          <line num="12" count="0" type="cond" truecount="0" falsecount="2"/>
          <line num="13" count="0" type="stmt"/>
          <line num="15" count="0" type="cond" truecount="0" falsecount="2"/>
          <line num="16" count="0" type="stmt"/>
          <line num="17" count="0" type="cond" truecount="0" falsecount="9"/>
          <line num="18" count="0" type="cond" truecount="0" falsecount="2"/>
          <line num="19" count="0" type="cond" truecount="0" falsecount="6"/>
          <line num="20" count="0" type="stmt"/>
          <line num="21" count="0" type="stmt"/>
          <line num="22" count="0" type="stmt"/>
          <line num="23" count="0" type="stmt"/>
          <line num="25" count="0" type="cond" truecount="0" falsecount="7"/>
          <line num="26" count="0" type="cond" truecount="0" falsecount="6"/>
          <line num="27" count="0" type="cond" truecount="0" falsecount="4"/>
          <line num="28" count="0" type="cond" truecount="0" falsecount="4"/>
          <line num="29" count="0" type="cond" truecount="0" falsecount="2"/>
          <line num="30" count="0" type="stmt"/>
          <line num="32" count="0" type="stmt"/>
          <line num="33" count="0" type="stmt"/>
          <line num="34" count="0" type="cond" truecount="0" falsecount="4"/>
          <line num="37" count="2" type="cond" truecount="3" falsecount="0"/>
          <line num="38" count="0" type="cond" truecount="0" falsecount="2"/>
          <line num="39" count="0" type="cond" truecount="0" falsecount="2"/>
          <line num="40" count="0" type="stmt"/>
          <line num="42" count="0" type="cond" truecount="0" falsecount="4"/>
          <line num="43" count="0" type="cond" truecount="0" falsecount="2"/>
          <line num="47" count="2" type="stmt"/>
          <line num="48" count="2" type="stmt"/>
          <line num="49" count="2" type="stmt"/>
          <line num="50" count="2" type="stmt"/>
          <line num="51" count="2" type="stmt"/>
          <line num="52" count="2" type="stmt"/>
          <line num="53" count="2" type="stmt"/>
          <line num="55" count="1" type="stmt"/>
          <line num="66" count="2" type="stmt"/>
          <line num="67" count="0" type="stmt"/>
          <line num="69" count="0" type="stmt"/>
          <line num="70" count="0" type="cond" truecount="0" falsecount="11"/>
          <line num="72" count="0" type="stmt"/>
          <line num="73" count="0" type="stmt"/>
          <line num="74" count="0" type="stmt"/>
          <line num="76" count="0" type="stmt"/>
          <line num="77" count="0" type="stmt"/>
          <line num="78" count="0" type="stmt"/>
          <line num="80" count="0" type="cond" truecount="0" falsecount="2"/>
          <line num="81" count="0" type="stmt"/>
          <line num="82" count="0" type="stmt"/>
          <line num="83" count="0" type="stmt"/>
          <line num="84" count="0" type="stmt"/>
          <line num="85" count="0" type="stmt"/>
          <line num="91" count="0" type="stmt"/>
          <line num="93" count="0" type="stmt"/>
          <line num="94" count="0" type="stmt"/>
          <line num="95" count="0" type="cond" truecount="0" falsecount="2"/>
          <line num="96" count="0" type="stmt"/>
          <line num="98" count="0" type="stmt"/>
          <line num="99" count="0" type="stmt"/>
          <line num="101" count="0" type="stmt"/>
          <line num="102" count="0" type="stmt"/>
          <line num="103" count="0" type="stmt"/>
          <line num="105" count="0" type="stmt"/>
          <line num="106" count="0" type="stmt"/>
          <line num="107" count="0" type="stmt"/>
          <line num="109" count="0" type="stmt"/>
          <line num="110" count="0" type="cond" truecount="0" falsecount="5"/>
          <line num="112" count="0" type="cond" truecount="0" falsecount="2"/>
          <line num="113" count="0" type="stmt"/>
          <line num="114" count="0" type="stmt"/>
          <line num="116" count="0" type="stmt"/>
          <line num="117" count="0" type="stmt"/>
          <line num="118" count="0" type="stmt"/>
          <line num="119" count="0" type="stmt"/>
          <line num="133" count="2" type="stmt"/>
          <line num="134" count="0" type="stmt"/>
          <line num="136" count="0" type="stmt"/>
          <line num="137" count="0" type="cond" truecount="0" falsecount="4"/>
          <line num="139" count="0" type="stmt"/>
          <line num="140" count="0" type="stmt"/>
          <line num="144" count="0" type="stmt"/>
          <line num="146" count="0" type="stmt"/>
          <line num="147" count="0" type="stmt"/>
          <line num="149" count="0" type="stmt"/>
          <line num="150" count="0" type="stmt"/>
          <line num="151" count="0" type="stmt"/>
          <line num="164" count="2" type="stmt"/>
          <line num="165" count="0" type="stmt"/>
          <line num="167" count="0" type="stmt"/>
          <line num="168" count="0" type="cond" truecount="0" falsecount="7"/>
          <line num="170" count="0" type="stmt"/>
          <line num="171" count="0" type="stmt"/>
          <line num="175" count="0" type="stmt"/>
          <line num="177" count="0" type="stmt"/>
          <line num="178" count="0" type="stmt"/>
          <line num="182" count="0" type="stmt"/>
          <line num="183" count="0" type="stmt"/>
          <line num="187" count="0" type="stmt"/>
          <line num="189" count="0" type="stmt"/>
          <line num="190" count="0" type="cond" truecount="0" falsecount="2"/>
          <line num="191" count="0" type="stmt"/>
          <line num="193" count="0" type="stmt"/>
          <line num="194" count="0" type="stmt"/>
          <line num="195" count="0" type="stmt"/>
          <line num="197" count="0" type="stmt"/>
          <line num="198" count="0" type="stmt"/>
          <line num="199" count="0" type="stmt"/>
          <line num="212" count="2" type="stmt"/>
          <line num="213" count="0" type="stmt"/>
          <line num="215" count="0" type="stmt"/>
          <line num="216" count="0" type="cond" truecount="0" falsecount="4"/>
          <line num="218" count="0" type="stmt"/>
          <line num="219" count="0" type="stmt"/>
          <line num="221" count="0" type="stmt"/>
          <line num="222" count="0" type="stmt"/>
          <line num="224" count="0" type="stmt"/>
          <line num="225" count="0" type="stmt"/>
          <line num="226" count="0" type="stmt"/>
          <line num="239" count="2" type="stmt"/>
          <line num="240" count="0" type="stmt"/>
          <line num="241" count="0" type="stmt"/>
          <line num="242" count="0" type="stmt"/>
          <line num="243" count="0" type="stmt"/>
          <line num="244" count="0" type="stmt"/>
          <line num="245" count="0" type="cond" truecount="0" falsecount="2"/>
          <line num="246" count="0" type="stmt"/>
          <line num="247" count="0" type="stmt"/>
          <line num="255" count="0" type="stmt"/>
          <line num="266" count="2" type="stmt"/>
          <line num="267" count="0" type="stmt"/>
          <line num="268" count="0" type="cond" truecount="0" falsecount="2"/>
          <line num="269" count="0" type="stmt"/>
          <line num="270" count="0" type="stmt"/>
          <line num="271" count="0" type="stmt"/>
          <line num="273" count="2" type="stmt"/>
          <line num="275" count="2" type="stmt"/>
        </file>
        <file name="TokenManager.js" path="/Users/anthonyvisalli/Desktop/Clark/learning-object-service/dist/drivers/TokenManager.js">
          <metrics statements="13" coveredstatements="4" conditionals="4" coveredconditionals="0" methods="4" coveredmethods="0"/>
          <line num="2" count="1" type="stmt"/>
          <line num="3" count="1" type="stmt"/>
          <line num="11" count="0" type="stmt"/>
          <line num="12" count="0" type="stmt"/>
          <line num="13" count="0" type="cond" truecount="0" falsecount="2"/>
          <line num="14" count="0" type="stmt"/>
          <line num="16" count="0" type="stmt"/>
          <line num="19" count="0" type="stmt"/>
          <line num="22" count="1" type="stmt"/>
          <line num="24" count="0" type="stmt"/>
          <line num="25" count="0" type="stmt"/>
          <line num="28" count="0" type="cond" truecount="0" falsecount="2"/>
          <line num="32" count="1" type="stmt"/>
        </file>
        <file name="drivers.js" path="/Users/anthonyvisalli/Desktop/Clark/learning-object-service/dist/drivers/drivers.js">
          <metrics statements="13" coveredstatements="13" conditionals="0" coveredconditionals="0" methods="0" coveredmethods="0"/>
          <line num="2" count="1" type="stmt"/>
          <line num="3" count="1" type="stmt"/>
          <line num="4" count="1" type="stmt"/>
          <line num="5" count="1" type="stmt"/>
          <line num="6" count="1" type="stmt"/>
          <line num="7" count="1" type="stmt"/>
          <line num="8" count="1" type="stmt"/>
          <line num="9" count="1" type="stmt"/>
          <line num="10" count="1" type="stmt"/>
          <line num="11" count="1" type="stmt"/>
          <line num="12" count="1" type="stmt"/>
          <line num="13" count="1" type="stmt"/>
          <line num="14" count="1" type="stmt"/>
        </file>
      </package>
      <package name="drivers.express">
        <metrics statements="644" coveredstatements="60" conditionals="353" coveredconditionals="16" methods="133" coveredmethods="7"/>
        <file name="ExpressAdminRouteDriver.js" path="/Users/anthonyvisalli/Desktop/Clark/learning-object-service/dist/drivers/express/ExpressAdminRouteDriver.js">
          <metrics statements="178" coveredstatements="13" conditionals="128" coveredconditionals="6" methods="41" coveredmethods="1"/>
          <line num="2" count="1" type="cond" truecount="3" falsecount="0"/>
          <line num="3" count="0" type="cond" truecount="0" falsecount="2"/>
          <line num="4" count="0" type="stmt"/>
          <line num="5" count="0" type="stmt"/>
          <line num="6" count="0" type="cond" truecount="0" falsecount="2"/>
          <line num="7" count="0" type="cond" truecount="0" falsecount="2"/>
          <line num="10" count="1" type="cond" truecount="3" falsecount="0"/>
          <line num="11" count="0" type="cond" truecount="0" falsecount="2"/>
          <line num="12" count="0" type="cond" truecount="0" falsecount="2"/>
          <line num="13" count="0" type="stmt"/>
          <line num="15" count="0" type="cond" truecount="0" falsecount="2"/>
          <line num="16" count="0" type="stmt"/>
          <line num="17" count="0" type="cond" truecount="0" falsecount="9"/>
          <line num="18" count="0" type="cond" truecount="0" falsecount="2"/>
          <line num="19" count="0" type="cond" truecount="0" falsecount="6"/>
          <line num="20" count="0" type="stmt"/>
          <line num="21" count="0" type="stmt"/>
          <line num="22" count="0" type="stmt"/>
          <line num="23" count="0" type="stmt"/>
          <line num="25" count="0" type="cond" truecount="0" falsecount="7"/>
          <line num="26" count="0" type="cond" truecount="0" falsecount="6"/>
          <line num="27" count="0" type="cond" truecount="0" falsecount="4"/>
          <line num="28" count="0" type="cond" truecount="0" falsecount="4"/>
          <line num="29" count="0" type="cond" truecount="0" falsecount="2"/>
          <line num="30" count="0" type="stmt"/>
          <line num="32" count="0" type="stmt"/>
          <line num="33" count="0" type="stmt"/>
          <line num="34" count="0" type="cond" truecount="0" falsecount="4"/>
          <line num="37" count="1" type="stmt"/>
          <line num="38" count="1" type="stmt"/>
          <line num="39" count="1" type="stmt"/>
          <line num="40" count="1" type="stmt"/>
          <line num="43" count="1" type="stmt"/>
          <line num="44" count="1" type="stmt"/>
          <line num="46" count="0" type="stmt"/>
          <line num="47" count="0" type="stmt"/>
          <line num="49" count="1" type="stmt"/>
          <line num="50" count="0" type="stmt"/>
          <line num="51" count="0" type="stmt"/>
          <line num="52" count="0" type="stmt"/>
          <line num="53" count="0" type="stmt"/>
          <line num="55" count="1" type="stmt"/>
          <line num="56" count="0" type="stmt"/>
          <line num="58" count="1" type="stmt"/>
          <line num="59" count="0" type="stmt"/>
          <line num="60" count="0" type="stmt"/>
          <line num="61" count="0" type="stmt"/>
          <line num="62" count="0" type="stmt"/>
          <line num="66" count="0" type="stmt"/>
          <line num="69" count="0" type="stmt"/>
          <line num="71" count="0" type="stmt"/>
          <line num="72" count="0" type="cond" truecount="0" falsecount="8"/>
          <line num="74" count="0" type="stmt"/>
          <line num="75" count="0" type="stmt"/>
          <line num="77" count="0" type="stmt"/>
          <line num="78" count="0" type="cond" truecount="0" falsecount="2"/>
          <line num="79" count="0" type="cond" truecount="0" falsecount="2"/>
          <line num="80" count="0" type="stmt"/>
          <line num="81" count="0" type="stmt"/>
          <line num="82" count="0" type="stmt"/>
          <line num="83" count="0" type="cond" truecount="0" falsecount="4"/>
          <line num="84" count="0" type="stmt"/>
          <line num="85" count="0" type="cond" truecount="0" falsecount="4"/>
          <line num="86" count="0" type="stmt"/>
          <line num="87" count="0" type="stmt"/>
          <line num="91" count="0" type="stmt"/>
          <line num="92" count="0" type="stmt"/>
          <line num="93" count="0" type="cond" truecount="0" falsecount="2"/>
          <line num="94" count="0" type="stmt"/>
          <line num="95" count="0" type="cond" truecount="0" falsecount="10"/>
          <line num="102" count="0" type="stmt"/>
          <line num="103" count="0" type="stmt"/>
          <line num="105" count="0" type="stmt"/>
          <line num="106" count="0" type="stmt"/>
          <line num="107" count="0" type="stmt"/>
          <line num="109" count="0" type="stmt"/>
          <line num="110" count="0" type="stmt"/>
          <line num="112" count="0" type="stmt"/>
          <line num="113" count="0" type="stmt"/>
          <line num="115" count="0" type="stmt"/>
          <line num="116" count="0" type="stmt"/>
          <line num="117" count="0" type="stmt"/>
          <line num="118" count="0" type="stmt"/>
          <line num="122" count="0" type="stmt"/>
          <line num="124" count="0" type="stmt"/>
          <line num="125" count="0" type="cond" truecount="0" falsecount="5"/>
          <line num="127" count="0" type="stmt"/>
          <line num="128" count="0" type="stmt"/>
          <line num="130" count="0" type="stmt"/>
          <line num="131" count="0" type="stmt"/>
          <line num="132" count="0" type="stmt"/>
          <line num="133" count="0" type="stmt"/>
          <line num="135" count="0" type="stmt"/>
          <line num="136" count="0" type="stmt"/>
          <line num="137" count="0" type="stmt"/>
[...]
          <line num="369" count="4" type="stmt"/>
          <line num="370" count="4" type="stmt"/>
          <line num="372" count="3" type="stmt"/>
          <line num="373" count="1" type="stmt"/>
          <line num="375" count="3" type="stmt"/>
          <line num="376" count="3" type="stmt"/>
          <line num="377" count="0" type="stmt"/>
          <line num="393" count="3" type="stmt"/>
          <line num="394" count="0" type="stmt"/>
          <line num="396" count="0" type="stmt"/>
          <line num="397" count="0" type="stmt"/>
          <line num="398" count="0" type="stmt"/>
          <line num="399" count="0" type="cond" truecount="0" falsecount="2"/>
          <line num="400" count="0" type="stmt"/>
          <line num="403" count="0" type="stmt"/>
          <line num="407" count="0" type="stmt"/>
          <line num="409" count="0" type="stmt"/>
          <line num="413" count="3" type="stmt"/>
          <line num="414" count="2" type="stmt"/>
          <line num="416" count="2" type="stmt"/>
          <line num="417" count="5" type="cond" truecount="3" falsecount="1"/>
          <line num="419" count="2" type="stmt"/>
          <line num="420" count="2" type="stmt"/>
          <line num="422" count="2" type="stmt"/>
          <line num="423" count="1" type="cond" truecount="1" falsecount="1"/>
          <line num="424" count="1" type="stmt"/>
          <line num="425" count="1" type="cond" truecount="1" falsecount="1"/>
          <line num="426" count="0" type="stmt"/>
          <line num="428" count="1" type="stmt"/>
          <line num="430" count="1" type="stmt"/>
          <line num="431" count="1" type="stmt"/>
          <line num="432" count="0" type="stmt"/>
          <line num="437" count="3" type="stmt"/>
          <line num="438" count="0" type="stmt"/>
          <line num="440" count="0" type="stmt"/>
          <line num="441" count="0" type="cond" truecount="0" falsecount="8"/>
          <line num="443" count="0" type="stmt"/>
          <line num="444" count="0" type="stmt"/>
          <line num="446" count="0" type="stmt"/>
          <line num="447" count="0" type="stmt"/>
          <line num="449" count="0" type="stmt"/>
          <line num="450" count="0" type="stmt"/>
          <line num="452" count="0" type="stmt"/>
          <line num="453" count="0" type="cond" truecount="0" falsecount="2"/>
          <line num="454" count="0" type="stmt"/>
          <line num="456" count="0" type="stmt"/>
          <line num="457" count="0" type="stmt"/>
          <line num="458" count="0" type="stmt"/>
          <line num="460" count="0" type="stmt"/>
          <line num="461" count="0" type="stmt"/>
          <line num="462" count="0" type="stmt"/>
          <line num="467" count="3" type="stmt"/>
          <line num="468" count="0" type="stmt"/>
          <line num="470" count="0" type="stmt"/>
          <line num="471" count="0" type="cond" truecount="0" falsecount="21"/>
          <line num="473" count="0" type="stmt"/>
          <line num="474" count="0" type="stmt"/>
          <line num="475" count="0" type="stmt"/>
          <line num="476" count="0" type="stmt"/>
          <line num="478" count="0" type="stmt"/>
          <line num="479" count="0" type="stmt"/>
          <line num="480" count="0" type="stmt"/>
          <line num="482" count="0" type="cond" truecount="0" falsecount="2"/>
          <line num="483" count="0" type="stmt"/>
          <line num="484" count="0" type="stmt"/>
          <line num="486" count="0" type="stmt"/>
          <line num="487" count="0" type="stmt"/>
          <line num="488" count="0" type="stmt"/>
          <line num="490" count="0" type="stmt"/>
          <line num="491" count="0" type="stmt"/>
          <line num="492" count="0" type="cond" truecount="0" falsecount="2"/>
          <line num="493" count="0" type="stmt"/>
          <line num="494" count="0" type="stmt"/>
          <line num="496" count="0" type="stmt"/>
          <line num="497" count="0" type="stmt"/>
          <line num="498" count="0" type="stmt"/>
          <line num="500" count="0" type="stmt"/>
          <line num="501" count="0" type="stmt"/>
          <line num="502" count="0" type="stmt"/>
          <line num="504" count="0" type="stmt"/>
          <line num="505" count="0" type="cond" truecount="0" falsecount="5"/>
          <line num="507" count="0" type="cond" truecount="0" falsecount="2"/>
          <line num="508" count="0" type="stmt"/>
          <line num="509" count="0" type="stmt"/>
          <line num="511" count="0" type="stmt"/>
          <line num="512" count="0" type="stmt"/>
          <line num="514" count="0" type="stmt"/>
          <line num="515" count="0" type="stmt"/>
          <line num="516" count="0" type="stmt"/>
          <line num="518" count="0" type="cond" truecount="0" falsecount="2"/>
          <line num="519" count="0" type="stmt"/>
          <line num="520" count="0" type="stmt"/>
          <line num="522" count="0" type="stmt"/>
          <line num="523" count="0" type="stmt"/>
          <line num="525" count="0" type="stmt"/>
          <line num="526" count="0" type="stmt"/>
          <line num="527" count="0" type="stmt"/>
          <line num="529" count="0" type="stmt"/>
          <line num="530" count="0" type="stmt"/>
          <line num="531" count="0" type="stmt"/>
          <line num="533" count="0" type="stmt"/>
          <line num="534" count="0" type="cond" truecount="0" falsecount="5"/>
          <line num="536" count="0" type="cond" truecount="0" falsecount="2"/>
          <line num="537" count="0" type="stmt"/>
          <line num="538" count="0" type="stmt"/>
          <line num="540" count="0" type="stmt"/>
          <line num="541" count="0" type="stmt"/>
          <line num="542" count="0" type="stmt"/>
          <line num="551" count="3" type="stmt"/>
          <line num="552" count="4" type="stmt"/>
          <line num="554" count="4" type="stmt"/>
          <line num="555" count="8" type="cond" truecount="3" falsecount="1"/>
          <line num="557" count="4" type="stmt"/>
          <line num="558" count="4" type="stmt"/>
          <line num="559" count="4" type="stmt"/>
          <line num="561" count="3" type="stmt"/>
          <line num="562" count="3" type="stmt"/>
          <line num="564" count="1" type="stmt"/>
          <line num="565" count="1" type="stmt"/>
          <line num="566" count="0" type="stmt"/>
          <line num="576" count="3" type="stmt"/>
          <line num="577" count="2" type="stmt"/>
          <line num="579" count="2" type="stmt"/>
          <line num="580" count="6" type="cond" truecount="4" falsecount="1"/>
          <line num="582" count="2" type="stmt"/>
          <line num="583" count="2" type="stmt"/>
          <line num="584" count="2" type="stmt"/>
          <line num="585" count="2" type="stmt"/>
          <line num="587" count="1" type="stmt"/>
          <line num="591" count="2" type="stmt"/>
          <line num="592" count="1" type="stmt"/>
          <line num="594" count="1" type="stmt"/>
          <line num="595" count="1" type="stmt"/>
          <line num="597" count="1" type="stmt"/>
          <line num="598" count="1" type="stmt"/>
          <line num="599" count="0" type="stmt"/>
          <line num="604" count="3" type="stmt"/>
          <line num="605" count="2" type="stmt"/>
          <line num="607" count="2" type="stmt"/>
          <line num="608" count="4" type="cond" truecount="3" falsecount="1"/>
          <line num="610" count="2" type="stmt"/>
          <line num="611" count="2" type="stmt"/>
          <line num="613" count="1" type="stmt"/>
          <line num="614" count="1" type="stmt"/>
          <line num="616" count="1" type="stmt"/>
          <line num="617" count="1" type="stmt"/>
          <line num="618" count="0" type="stmt"/>
          <line num="634" count="3" type="stmt"/>
          <line num="635" count="9" type="stmt"/>
          <line num="637" count="9" type="stmt"/>
          <line num="638" count="18" type="cond" truecount="3" falsecount="1"/>
          <line num="640" count="9" type="stmt"/>
          <line num="641" count="9" type="cond" truecount="2" falsecount="0"/>
          <line num="642" count="8" type="stmt"/>
          <line num="643" count="8" type="stmt"/>
          <line num="645" count="9" type="stmt"/>
          <line num="647" count="8" type="stmt"/>
          <line num="648" count="8" type="stmt"/>
          <line num="650" count="1" type="stmt"/>
          <line num="651" count="1" type="stmt"/>
          <line num="652" count="0" type="stmt"/>
          <line num="657" count="3" type="stmt"/>
          <line num="658" count="2" type="stmt"/>
          <line num="660" count="2" type="stmt"/>
          <line num="661" count="4" type="cond" truecount="3" falsecount="1"/>
          <line num="663" count="2" type="stmt"/>
          <line num="664" count="2" type="stmt"/>
          <line num="666" count="1" type="stmt"/>
          <line num="667" count="1" type="stmt"/>
          <line num="669" count="1" type="stmt"/>
          <line num="670" count="1" type="stmt"/>
          <line num="671" count="0" type="stmt"/>
          <line num="676" count="3" type="stmt"/>
          <line num="677" count="2" type="stmt"/>
          <line num="679" count="2" type="stmt"/>
          <line num="680" count="5" type="cond" truecount="3" falsecount="1"/>
          <line num="682" count="2" type="stmt"/>
          <line num="683" count="2" type="stmt"/>
          <line num="685" count="2" type="stmt"/>
          <line num="686" count="1" type="stmt"/>
          <line num="688" count="1" type="stmt"/>
          <line num="689" count="1" type="stmt"/>
          <line num="690" count="0" type="stmt"/>
          <line num="695" count="3" type="stmt"/>
          <line num="696" count="1" type="stmt"/>
          <line num="698" count="1" type="stmt"/>
          <line num="699" count="2" type="cond" truecount="2" falsecount="2"/>
          <line num="701" count="1" type="stmt"/>
          <line num="702" count="1" type="stmt"/>
          <line num="704" count="1" type="stmt"/>
          <line num="705" count="1" type="stmt"/>
          <line num="707" count="0" type="stmt"/>
          <line num="708" count="0" type="stmt"/>
          <line num="709" count="0" type="stmt"/>
          <line num="714" count="3" type="stmt"/>
          <line num="715" count="1" type="stmt"/>
          <line num="717" count="1" type="stmt"/>
          <line num="718" count="2" type="cond" truecount="2" falsecount="2"/>
          <line num="720" count="1" type="stmt"/>
          <line num="721" count="1" type="stmt"/>
          <line num="723" count="1" type="stmt"/>
          <line num="724" count="1" type="stmt"/>
          <line num="726" count="0" type="stmt"/>
          <line num="727" count="0" type="stmt"/>
          <line num="728" count="0" type="stmt"/>
          <line num="742" count="3" type="stmt"/>
          <line num="743" count="8" type="stmt"/>
          <line num="745" count="24" type="stmt"/>
          <line num="748" count="8" type="stmt"/>
          <line num="759" count="3" type="stmt"/>
          <line num="760" count="8" type="stmt"/>
          <line num="761" count="8" type="stmt"/>
          <line num="765" count="8" type="stmt"/>
          <line num="767" count="3" type="stmt"/>
          <line num="769" count="3" type="stmt"/>
        </file>
        <file name="interactors.js" path="/Users/anthonyvisalli/Desktop/Clark/learning-object-service/dist/interactors/interactors.js">
          <metrics statements="5" coveredstatements="5" conditionals="0" coveredconditionals="0" methods="0" coveredmethods="0"/>
          <line num="2" count="3" type="stmt"/>
          <line num="3" count="3" type="stmt"/>
          <line num="4" count="3" type="stmt"/>
          <line num="5" count="3" type="stmt"/>
          <line num="6" count="3" type="stmt"/>
        </file>
      </package>
      <package name="middleware">
        <metrics statements="16" coveredstatements="8" conditionals="9" coveredconditionals="0" methods="2" coveredmethods="0"/>
        <file name="admin-access.js" path="/Users/anthonyvisalli/Desktop/Clark/learning-object-service/dist/middleware/admin-access.js">
          <metrics statements="10" coveredstatements="3" conditionals="9" coveredconditionals="0" methods="1" coveredmethods="0"/>
          <line num="2" count="1" type="stmt"/>
          <line num="3" count="1" type="stmt"/>
          <line num="5" count="0" type="stmt"/>
          <line num="6" count="0" type="stmt"/>
          <line num="7" count="0" type="cond" truecount="0" falsecount="4"/>
          <line num="8" count="0" type="stmt"/>
          <line num="10" count="0" type="cond" truecount="0" falsecount="5"/>
          <line num="11" count="0" type="stmt"/>
          <line num="14" count="0" type="stmt"/>
          <line num="17" count="1" type="stmt"/>
        </file>
        <file name="jwt.config.js" path="/Users/anthonyvisalli/Desktop/Clark/learning-object-service/dist/middleware/jwt.config.js">
          <metrics statements="6" coveredstatements="5" conditionals="0" coveredconditionals="0" methods="1" coveredmethods="0"/>
          <line num="2" count="1" type="stmt"/>
          <line num="3" count="1" type="stmt"/>
          <line num="4" count="1" type="stmt"/>
          <line num="5" count="1" type="stmt"/>
          <line num="11" count="1" type="stmt"/>
          <line num="15" count="0" type="stmt"/>
        </file>
      </package>
      <package name="tests">
        <metrics statements="119" coveredstatements="60" conditionals="0" coveredconditionals="0" methods="58" coveredmethods="2"/>
        <file name="MockExpressResponse.js" path="/Users/anthonyvisalli/Desktop/Clark/learning-object-service/dist/tests/MockExpressResponse.js">
          <metrics statements="119" coveredstatements="60" conditionals="0" coveredconditionals="0" methods="58" coveredmethods="2"/>
          <line num="2" count="1" type="stmt"/>
          <line num="15" count="1" type="stmt"/>
          <line num="18" count="1" type="stmt"/>
          <line num="19" count="0" type="stmt"/>
          <line num="21" count="1" type="stmt"/>
          <line num="22" count="0" type="stmt"/>
          <line num="24" count="1" type="stmt"/>
          <line num="25" count="0" type="stmt"/>
          <line num="27" count="1" type="stmt"/>
          <line num="28" count="0" type="stmt"/>
          <line num="30" count="1" type="stmt"/>
          <line num="31" count="0" type="stmt"/>
          <line num="33" count="1" type="stmt"/>
          <line num="34" count="0" type="stmt"/>
          <line num="36" count="1" type="stmt"/>
          <line num="37" count="0" type="stmt"/>
          <line num="39" count="1" type="stmt"/>
          <line num="40" count="0" type="stmt"/>
          <line num="42" count="1" type="stmt"/>
          <line num="43" count="0" type="stmt"/>
          <line num="45" count="1" type="stmt"/>
          <line num="46" count="0" type="stmt"/>
          <line num="48" count="1" type="stmt"/>
          <line num="49" count="0" type="stmt"/>
          <line num="51" count="1" type="stmt"/>
          <line num="52" count="0" type="stmt"/>
          <line num="54" count="1" type="stmt"/>
          <line num="55" count="0" type="stmt"/>
          <line num="57" count="1" type="stmt"/>
          <line num="58" count="0" type="stmt"/>
          <line num="60" count="1" type="stmt"/>
          <line num="61" count="0" type="stmt"/>
          <line num="63" count="1" type="stmt"/>
          <line num="64" count="0" type="stmt"/>
          <line num="66" count="1" type="stmt"/>
          <line num="67" count="0" type="stmt"/>
          <line num="69" count="1" type="stmt"/>
          <line num="70" count="0" type="stmt"/>
          <line num="72" count="1" type="stmt"/>
          <line num="73" count="0" type="stmt"/>
          <line num="75" count="1" type="stmt"/>
          <line num="76" count="0" type="stmt"/>
          <line num="78" count="1" type="stmt"/>
          <line num="79" count="0" type="stmt"/>
          <line num="81" count="1" type="stmt"/>
          <line num="82" count="0" type="stmt"/>
          <line num="84" count="1" type="stmt"/>
          <line num="85" count="0" type="stmt"/>
          <line num="87" count="1" type="stmt"/>
          <line num="88" count="0" type="stmt"/>
          <line num="90" count="1" type="stmt"/>
          <line num="91" count="0" type="stmt"/>
          <line num="93" count="1" type="stmt"/>
          <line num="94" count="0" type="stmt"/>
          <line num="96" count="1" type="stmt"/>
          <line num="97" count="0" type="stmt"/>
          <line num="99" count="1" type="stmt"/>
          <line num="100" count="0" type="stmt"/>
          <line num="102" count="1" type="stmt"/>
          <line num="103" count="0" type="stmt"/>
          <line num="105" count="1" type="stmt"/>
          <line num="106" count="0" type="stmt"/>
          <line num="108" count="1" type="stmt"/>
          <line num="109" count="0" type="stmt"/>
          <line num="111" count="1" type="stmt"/>
          <line num="112" count="0" type="stmt"/>
          <line num="114" count="1" type="stmt"/>
          <line num="115" count="0" type="stmt"/>
          <line num="117" count="1" type="stmt"/>
          <line num="118" count="0" type="stmt"/>
          <line num="120" count="1" type="stmt"/>
          <line num="121" count="0" type="stmt"/>
          <line num="123" count="1" type="stmt"/>
          <line num="124" count="0" type="stmt"/>
          <line num="126" count="1" type="stmt"/>
          <line num="127" count="0" type="stmt"/>
          <line num="129" count="1" type="stmt"/>
          <line num="130" count="0" type="stmt"/>
          <line num="132" count="1" type="stmt"/>
          <line num="133" count="0" type="stmt"/>
          <line num="135" count="1" type="stmt"/>
          <line num="136" count="0" type="stmt"/>
          <line num="138" count="1" type="stmt"/>
          <line num="139" count="0" type="stmt"/>
          <line num="141" count="1" type="stmt"/>
          <line num="142" count="0" type="stmt"/>
          <line num="144" count="1" type="stmt"/>
          <line num="145" count="0" type="stmt"/>
          <line num="147" count="1" type="stmt"/>
          <line num="148" count="0" type="stmt"/>
          <line num="149" count="0" type="stmt"/>
          <line num="150" count="0" type="stmt"/>
          <line num="152" count="0" type="stmt"/>
          <line num="154" count="1" type="stmt"/>
          <line num="155" count="0" type="stmt"/>
          <line num="157" count="1" type="stmt"/>
          <line num="158" count="0" type="stmt"/>
          <line num="160" count="1" type="stmt"/>
          <line num="161" count="0" type="stmt"/>
          <line num="163" count="1" type="stmt"/>
          <line num="164" count="0" type="stmt"/>
          <line num="166" count="1" type="stmt"/>
          <line num="167" count="0" type="stmt"/>
          <line num="169" count="1" type="stmt"/>
          <line num="170" count="0" type="stmt"/>
          <line num="172" count="1" type="stmt"/>
          <line num="173" count="0" type="stmt"/>
          <line num="175" count="1" type="stmt"/>
          <line num="176" count="0" type="stmt"/>
          <line num="178" count="1" type="stmt"/>
          <line num="179" count="0" type="stmt"/>
          <line num="181" count="1" type="stmt"/>
          <line num="182" count="0" type="stmt"/>
          <line num="184" count="1" type="stmt"/>
          <line num="185" count="0" type="stmt"/>
          <line num="187" count="1" type="stmt"/>
          <line num="188" count="0" type="stmt"/>
          <line num="190" count="1" type="stmt"/>
          <line num="192" count="1" type="stmt"/>
        </file>
      </package>
    </metrics>
  </project>
</coverage>
