{"/Users/anthonyvisalli/Desktop/Clark/learning-object-service/dist/config/aws-sdk.config.js": {"path":"/Users/anthonyvisalli/Desktop/Clark/learning-object-service/dist/config/aws-sdk.config.js","statementMap":{"0":{"start":{"line":2,"column":0},"end":{"line":2,"column":62}},"1":{"start":{"line":3,"column":10},"end":{"line":3,"column":27}},"2":{"start":{"line":4,"column":0},"end":{"line":4,"column":13}},"3":{"start":{"line":5,"column":0},"end":{"line":11,"column":2}}},"fnMap":{},"branchMap":{},"s":{"0":2,"1":2,"2":2,"3":2},"f":{},"b":{},"_coverageSchema":"332fd63041d2c1bcb487cc26dd0d5f7d97098a6c","hash":"22eaa96dc59388860205dea3506635b7f31dc30e"}
,"/Users/anthonyvisalli/Desktop/Clark/learning-object-service/dist/drivers/MongoDriver.js": {"path":"/Users/anthonyvisalli/Desktop/Clark/learning-object-service/dist/drivers/MongoDriver.js","statementMap":{"0":{"start":{"line":2,"column":16},"end":{"line":9,"column":1}},"1":{"start":{"line":3,"column":4},"end":{"line":8,"column":7}},"2":{"start":{"line":4,"column":36},"end":{"line":4,"column":97}},"3":{"start":{"line":4,"column":42},"end":{"line":4,"column":70}},"4":{"start":{"line":4,"column":85},"end":{"line":4,"column":95}},"5":{"start":{"line":5,"column":35},"end":{"line":5,"column":100}},"6":{"start":{"line":5,"column":41},"end":{"line":5,"column":73}},"7":{"start":{"line":5,"column":88},"end":{"line":5,"column":98}},"8":{"start":{"line":6,"column":32},"end":{"line":6,"column":149}},"9":{"start":{"line":6,"column":97},"end":{"line":6,"column":119}},"10":{"start":{"line":7,"column":8},"end":{"line":7,"column":78}},"11":{"start":{"line":10,"column":18},"end":{"line":36,"column":1}},"12":{"start":{"line":11,"column":12},"end":{"line":11,"column":104}},"13":{"start":{"line":11,"column":43},"end":{"line":11,"column":68}},"14":{"start":{"line":11,"column":57},"end":{"line":11,"column":68}},"15":{"start":{"line":11,"column":69},"end":{"line":11,"column":81}},"16":{"start":{"line":12,"column":4},"end":{"line":12,"column":157}},"17":{"start":{"line":12,"column":138},"end":{"line":12,"column":150}},"18":{"start":{"line":13,"column":23},"end":{"line":13,"column":68}},"19":{"start":{"line":13,"column":45},"end":{"line":13,"column":65}},"20":{"start":{"line":15,"column":8},"end":{"line":15,"column":70}},"21":{"start":{"line":15,"column":15},"end":{"line":15,"column":70}},"22":{"start":{"line":16,"column":8},"end":{"line":33,"column":66}},"23":{"start":{"line":16,"column":18},"end":{"line":33,"column":66}},"24":{"start":{"line":17,"column":12},"end":{"line":17,"column":127}},"25":{"start":{"line":17,"column":118},"end":{"line":17,"column":127}},"26":{"start":{"line":18,"column":12},"end":{"line":18,"column":44}},"27":{"start":{"line":18,"column":26},"end":{"line":18,"column":44}},"28":{"start":{"line":19,"column":12},"end":{"line":31,"column":13}},"29":{"start":{"line":20,"column":32},"end":{"line":20,"column":39}},"30":{"start":{"line":20,"column":40},"end":{"line":20,"column":46}},"31":{"start":{"line":21,"column":24},"end":{"line":21,"column":34}},"32":{"start":{"line":21,"column":35},"end":{"line":21,"column":72}},"33":{"start":{"line":22,"column":24},"end":{"line":22,"column":34}},"34":{"start":{"line":22,"column":35},"end":{"line":22,"column":45}},"35":{"start":{"line":22,"column":46},"end":{"line":22,"column":55}},"36":{"start":{"line":22,"column":56},"end":{"line":22,"column":65}},"37":{"start":{"line":23,"column":24},"end":{"line":23,"column":41}},"38":{"start":{"line":23,"column":42},"end":{"line":23,"column":55}},"39":{"start":{"line":23,"column":56},"end":{"line":23,"column":65}},"40":{"start":{"line":25,"column":20},"end":{"line":25,"column":128}},"41":{"start":{"line":25,"column":110},"end":{"line":25,"column":116}},"42":{"start":{"line":25,"column":117},"end":{"line":25,"column":126}},"43":{"start":{"line":26,"column":20},"end":{"line":26,"column":106}},"44":{"start":{"line":26,"column":81},"end":{"line":26,"column":97}},"45":{"start":{"line":26,"column":98},"end":{"line":26,"column":104}},"46":{"start":{"line":27,"column":20},"end":{"line":27,"column":89}},"47":{"start":{"line":27,"column":57},"end":{"line":27,"column":72}},"48":{"start":{"line":27,"column":73},"end":{"line":27,"column":80}},"49":{"start":{"line":27,"column":81},"end":{"line":27,"column":87}},"50":{"start":{"line":28,"column":20},"end":{"line":28,"column":87}},"51":{"start":{"line":28,"column":47},"end":{"line":28,"column":62}},"52":{"start":{"line":28,"column":63},"end":{"line":28,"column":78}},"53":{"start":{"line":28,"column":79},"end":{"line":28,"column":85}},"54":{"start":{"line":29,"column":20},"end":{"line":29,"column":42}},"55":{"start":{"line":29,"column":30},"end":{"line":29,"column":42}},"56":{"start":{"line":30,"column":20},"end":{"line":30,"column":33}},"57":{"start":{"line":30,"column":34},"end":{"line":30,"column":43}},"58":{"start":{"line":32,"column":12},"end":{"line":32,"column":39}},"59":{"start":{"line":33,"column":22},"end":{"line":33,"column":34}},"60":{"start":{"line":33,"column":35},"end":{"line":33,"column":41}},"61":{"start":{"line":33,"column":54},"end":{"line":33,"column":64}},"62":{"start":{"line":34,"column":8},"end":{"line":34,"column":35}},"63":{"start":{"line":34,"column":23},"end":{"line":34,"column":35}},"64":{"start":{"line":34,"column":36},"end":{"line":34,"column":89}},"65":{"start":{"line":37,"column":15},"end":{"line":46,"column":1}},"66":{"start":{"line":38,"column":12},"end":{"line":38,"column":62}},"67":{"start":{"line":38,"column":68},"end":{"line":38,"column":69}},"68":{"start":{"line":39,"column":4},"end":{"line":39,"column":28}},"69":{"start":{"line":39,"column":11},"end":{"line":39,"column":28}},"70":{"start":{"line":40,"column":4},"end":{"line":45,"column":6}},"71":{"start":{"line":42,"column":12},"end":{"line":42,"column":47}},"72":{"start":{"line":42,"column":36},"end":{"line":42,"column":47}},"73":{"start":{"line":43,"column":12},"end":{"line":43,"column":52}},"74":{"start":{"line":47,"column":0},"end":{"line":47,"column":62}},"75":{"start":{"line":48,"column":16},"end":{"line":48,"column":34}},"76":{"start":{"line":49,"column":13},"end":{"line":49,"column":30}},"77":{"start":{"line":50,"column":21},"end":{"line":50,"column":55}},"78":{"start":{"line":51,"column":14},"end":{"line":51,"column":40}},"79":{"start":{"line":52,"column":0},"end":{"line":52,"column":16}},"80":{"start":{"line":53,"column":33},"end":{"line":106,"column":3}},"81":{"start":{"line":56,"column":4},"end":{"line":68,"column":6}},"82":{"start":{"line":69,"column":4},"end":{"line":89,"column":6}},"83":{"start":{"line":90,"column":4},"end":{"line":102,"column":6}},"84":{"start":{"line":103,"column":4},"end":{"line":103,"column":55}},"85":{"start":{"line":104,"column":4},"end":{"line":104,"column":67}},"86":{"start":{"line":105,"column":4},"end":{"line":105,"column":23}},"87":{"start":{"line":107,"column":0},"end":{"line":107,"column":34}},"88":{"start":{"line":108,"column":22},"end":{"line":108,"column":31}},"89":{"start":{"line":109,"column":0},"end":{"line":109,"column":46}},"90":{"start":{"line":110,"column":0},"end":{"line":110,"column":66}},"91":{"start":{"line":111,"column":0},"end":{"line":111,"column":68}},"92":{"start":{"line":112,"column":0},"end":{"line":112,"column":68}},"93":{"start":{"line":113,"column":0},"end":{"line":113,"column":86}},"94":{"start":{"line":114,"column":33},"end":{"line":2380,"column":3}},"95":{"start":{"line":116,"column":20},"end":{"line":122,"column":65}},"96":{"start":{"line":123,"column":8},"end":{"line":123,"column":28}},"97":{"start":{"line":139,"column":4},"end":{"line":164,"column":6}},"98":{"start":{"line":140,"column":8},"end":{"line":163,"column":11}},"99":{"start":{"line":142,"column":12},"end":{"line":162,"column":15}},"100":{"start":{"line":143,"column":16},"end":{"line":161,"column":17}},"101":{"start":{"line":145,"column":24},"end":{"line":145,"column":50}},"102":{"start":{"line":146,"column":24},"end":{"line":146,"column":34}},"103":{"start":{"line":147,"column":24},"end":{"line":147,"column":83}},"104":{"start":{"line":149,"column":24},"end":{"line":149,"column":42}},"105":{"start":{"line":150,"column":24},"end":{"line":150,"column":48}},"106":{"start":{"line":152,"column":24},"end":{"line":152,"column":40}},"107":{"start":{"line":153,"column":24},"end":{"line":158,"column":25}},"108":{"start":{"line":154,"column":28},"end":{"line":154,"column":51}},"109":{"start":{"line":157,"column":28},"end":{"line":157,"column":128}},"110":{"start":{"line":159,"column":24},"end":{"line":159,"column":48}},"111":{"start":{"line":160,"column":28},"end":{"line":160,"column":50}},"112":{"start":{"line":170,"column":4},"end":{"line":172,"column":6}},"113":{"start":{"line":171,"column":8},"end":{"line":171,"column":24}},"114":{"start":{"line":184,"column":4},"end":{"line":220,"column":6}},"115":{"start":{"line":185,"column":8},"end":{"line":219,"column":11}},"116":{"start":{"line":187,"column":12},"end":{"line":218,"column":15}},"117":{"start":{"line":188,"column":16},"end":{"line":217,"column":17}},"118":{"start":{"line":190,"column":24},"end":{"line":190,"column":50}},"119":{"start":{"line":191,"column":24},"end":{"line":191,"column":84}},"120":{"start":{"line":193,"column":24},"end":{"line":193,"column":45}},"121":{"start":{"line":194,"column":24},"end":{"line":194,"column":71}},"122":{"start":{"line":196,"column":24},"end":{"line":196,"column":43}},"123":{"start":{"line":197,"column":24},"end":{"line":198,"column":47}},"124":{"start":{"line":198,"column":28},"end":{"line":198,"column":47}},"125":{"start":{"line":199,"column":24},"end":{"line":199,"column":88}},"126":{"start":{"line":201,"column":24},"end":{"line":201,"column":40}},"127":{"start":{"line":202,"column":24},"end":{"line":202,"column":91}},"128":{"start":{"line":204,"column":24},"end":{"line":204,"column":39}},"129":{"start":{"line":205,"column":24},"end":{"line":209,"column":49}},"130":{"start":{"line":211,"column":24},"end":{"line":211,"column":34}},"131":{"start":{"line":212,"column":24},"end":{"line":212,"column":50}},"132":{"start":{"line":214,"column":24},"end":{"line":214,"column":40}},"133":{"start":{"line":215,"column":24},"end":{"line":215,"column":67}},"134":{"start":{"line":216,"column":28},"end":{"line":216,"column":50}},"135":{"start":{"line":230,"column":4},"end":{"line":268,"column":6}},"136":{"start":{"line":231,"column":8},"end":{"line":267,"column":11}},"137":{"start":{"line":233,"column":12},"end":{"line":266,"column":15}},"138":{"start":{"line":234,"column":16},"end":{"line":265,"column":17}},"139":{"start":{"line":236,"column":24},"end":{"line":236,"column":50}},"140":{"start":{"line":237,"column":24},"end":{"line":241,"column":42}},"141":{"start":{"line":243,"column":24},"end":{"line":243,"column":60}},"142":{"start":{"line":244,"column":24},"end":{"line":244,"column":72}},"143":{"start":{"line":244,"column":48},"end":{"line":244,"column":72}},"144":{"start":{"line":246,"column":24},"end":{"line":248,"column":98}},"145":{"start":{"line":251,"column":24},"end":{"line":251,"column":34}},"146":{"start":{"line":252,"column":24},"end":{"line":252,"column":48}},"147":{"start":{"line":253,"column":28},"end":{"line":256,"column":28}},"148":{"start":{"line":257,"column":28},"end":{"line":257,"column":52}},"149":{"start":{"line":259,"column":24},"end":{"line":259,"column":44}},"150":{"start":{"line":260,"column":24},"end":{"line":263,"column":32}},"151":{"start":{"line":264,"column":28},"end":{"line":264,"column":50}},"152":{"start":{"line":278,"column":4},"end":{"line":312,"column":6}},"153":{"start":{"line":279,"column":8},"end":{"line":311,"column":11}},"154":{"start":{"line":281,"column":12},"end":{"line":310,"column":15}},"155":{"start":{"line":282,"column":16},"end":{"line":309,"column":17}},"156":{"start":{"line":284,"column":24},"end":{"line":284,"column":50}},"157":{"start":{"line":285,"column":24},"end":{"line":295,"column":32}},"158":{"start":{"line":289,"column":32},"end":{"line":294,"column":39}},"159":{"start":{"line":297,"column":24},"end":{"line":297,"column":34}},"160":{"start":{"line":298,"column":24},"end":{"line":298,"column":48}},"161":{"start":{"line":300,"column":24},"end":{"line":300,"column":44}},"162":{"start":{"line":301,"column":24},"end":{"line":303,"column":25}},"163":{"start":{"line":302,"column":28},"end":{"line":302,"column":75}},"164":{"start":{"line":304,"column":24},"end":{"line":307,"column":32}},"165":{"start":{"line":308,"column":28},"end":{"line":308,"column":50}},"166":{"start":{"line":321,"column":4},"end":{"line":365,"column":6}},"167":{"start":{"line":322,"column":8},"end":{"line":364,"column":11}},"168":{"start":{"line":324,"column":12},"end":{"line":363,"column":15}},"169":{"start":{"line":325,"column":16},"end":{"line":362,"column":17}},"170":{"start":{"line":327,"column":24},"end":{"line":327,"column":52}},"171":{"start":{"line":328,"column":24},"end":{"line":328,"column":37}},"172":{"start":{"line":330,"column":24},"end":{"line":330,"column":51}},"173":{"start":{"line":331,"column":24},"end":{"line":331,"column":90}},"174":{"start":{"line":332,"column":24},"end":{"line":332,"column":37}},"175":{"start":{"line":334,"column":24},"end":{"line":334,"column":73}},"176":{"start":{"line":334,"column":49},"end":{"line":334,"column":73}},"177":{"start":{"line":335,"column":24},"end":{"line":335,"column":53}},"178":{"start":{"line":336,"column":24},"end":{"line":336,"column":98}},"179":{"start":{"line":338,"column":24},"end":{"line":338,"column":40}},"180":{"start":{"line":339,"column":24},"end":{"line":339,"column":92}},"181":{"start":{"line":341,"column":24},"end":{"line":341,"column":34}},"182":{"start":{"line":342,"column":24},"end":{"line":342,"column":37}},"183":{"start":{"line":344,"column":24},"end":{"line":344,"column":57}},"184":{"start":{"line":345,"column":24},"end":{"line":345,"column":48}},"185":{"start":{"line":346,"column":28},"end":{"line":346,"column":52}},"186":{"start":{"line":348,"column":24},"end":{"line":348,"column":42}},"187":{"start":{"line":349,"column":24},"end":{"line":349,"column":47}},"188":{"start":{"line":350,"column":24},"end":{"line":350,"column":48}},"189":{"start":{"line":352,"column":24},"end":{"line":355,"column":61}},"190":{"start":{"line":353,"column":28},"end":{"line":353,"column":116}},"191":{"start":{"line":353,"column":96},"end":{"line":353,"column":116}},"192":{"start":{"line":355,"column":34},"end":{"line":355,"column":59}},"193":{"start":{"line":355,"column":43},"end":{"line":355,"column":59}},"194":{"start":{"line":356,"column":24},"end":{"line":356,"column":50}},"195":{"start":{"line":357,"column":28},"end":{"line":357,"column":53}},"196":{"start":{"line":359,"column":24},"end":{"line":359,"column":40}},"197":{"start":{"line":360,"column":24},"end":{"line":360,"column":112}},"198":{"start":{"line":361,"column":29},"end":{"line":361,"column":51}},"199":{"start":{"line":376,"column":4},"end":{"line":392,"column":6}},"200":{"start":{"line":377,"column":8},"end":{"line":391,"column":11}},"201":{"start":{"line":379,"column":12},"end":{"line":390,"column":15}},"202":{"start":{"line":380,"column":16},"end":{"line":389,"column":17}},"203":{"start":{"line":381,"column":28},"end":{"line":383,"column":56}},"204":{"start":{"line":385,"column":24},"end":{"line":385,"column":43}},"205":{"start":{"line":386,"column":24},"end":{"line":387,"column":134}},"206":{"start":{"line":387,"column":28},"end":{"line":387,"column":134}},"207":{"start":{"line":388,"column":24},"end":{"line":388,"column":120}},"208":{"start":{"line":400,"column":4},"end":{"line":406,"column":6}},"209":{"start":{"line":401,"column":8},"end":{"line":405,"column":11}},"210":{"start":{"line":402,"column":12},"end":{"line":404,"column":15}},"211":{"start":{"line":403,"column":16},"end":{"line":403,"column":114}},"212":{"start":{"line":415,"column":4},"end":{"line":421,"column":6}},"213":{"start":{"line":416,"column":8},"end":{"line":420,"column":11}},"214":{"start":{"line":417,"column":12},"end":{"line":419,"column":15}},"215":{"start":{"line":418,"column":16},"end":{"line":418,"column":116}},"216":{"start":{"line":432,"column":4},"end":{"line":561,"column":6}},"217":{"start":{"line":433,"column":8},"end":{"line":560,"column":11}},"218":{"start":{"line":435,"column":12},"end":{"line":559,"column":15}},"219":{"start":{"line":436,"column":16},"end":{"line":558,"column":17}},"220":{"start":{"line":438,"column":24},"end":{"line":438,"column":52}},"221":{"start":{"line":439,"column":24},"end":{"line":439,"column":89}},"222":{"start":{"line":441,"column":24},"end":{"line":441,"column":40}},"223":{"start":{"line":442,"column":24},"end":{"line":442,"column":75}},"224":{"start":{"line":444,"column":24},"end":{"line":444,"column":43}},"225":{"start":{"line":445,"column":24},"end":{"line":446,"column":47}},"226":{"start":{"line":446,"column":28},"end":{"line":446,"column":47}},"227":{"start":{"line":447,"column":24},"end":{"line":447,"column":93}},"228":{"start":{"line":449,"column":24},"end":{"line":449,"column":40}},"229":{"start":{"line":451,"column":24},"end":{"line":451,"column":93}},"230":{"start":{"line":454,"column":24},"end":{"line":454,"column":34}},"231":{"start":{"line":455,"column":24},"end":{"line":455,"column":43}},"232":{"start":{"line":456,"column":24},"end":{"line":456,"column":60}},"233":{"start":{"line":457,"column":24},"end":{"line":457,"column":37}},"234":{"start":{"line":459,"column":24},"end":{"line":459,"column":54}},"235":{"start":{"line":460,"column":24},"end":{"line":460,"column":71}},"236":{"start":{"line":461,"column":24},"end":{"line":461,"column":37}},"237":{"start":{"line":463,"column":24},"end":{"line":463,"column":64}},"238":{"start":{"line":463,"column":39},"end":{"line":463,"column":64}},"239":{"start":{"line":464,"column":24},"end":{"line":464,"column":43}},"240":{"start":{"line":465,"column":24},"end":{"line":465,"column":37}},"241":{"start":{"line":467,"column":24},"end":{"line":467,"column":52}},"242":{"start":{"line":468,"column":24},"end":{"line":468,"column":88}},"243":{"start":{"line":470,"column":24},"end":{"line":470,"column":46}},"244":{"start":{"line":472,"column":24},"end":{"line":472,"column":54}},"245":{"start":{"line":474,"column":24},"end":{"line":478,"column":32}},"246":{"start":{"line":481,"column":24},"end":{"line":481,"column":34}},"247":{"start":{"line":482,"column":24},"end":{"line":482,"column":49}},"248":{"start":{"line":484,"column":24},"end":{"line":484,"column":40}},"249":{"start":{"line":486,"column":24},"end":{"line":486,"column":52}},"250":{"start":{"line":487,"column":24},"end":{"line":487,"column":49}},"251":{"start":{"line":489,"column":24},"end":{"line":489,"column":39}},"252":{"start":{"line":490,"column":24},"end":{"line":490,"column":48}},"253":{"start":{"line":491,"column":29},"end":{"line":491,"column":54}},"254":{"start":{"line":493,"column":24},"end":{"line":493,"column":42}},"255":{"start":{"line":494,"column":24},"end":{"line":494,"column":47}},"256":{"start":{"line":495,"column":24},"end":{"line":495,"column":49}},"257":{"start":{"line":497,"column":24},"end":{"line":500,"column":61}},"258":{"start":{"line":498,"column":28},"end":{"line":498,"column":80}},"259":{"start":{"line":498,"column":68},"end":{"line":498,"column":80}},"260":{"start":{"line":500,"column":34},"end":{"line":500,"column":59}},"261":{"start":{"line":500,"column":43},"end":{"line":500,"column":59}},"262":{"start":{"line":501,"column":24},"end":{"line":501,"column":50}},"263":{"start":{"line":503,"column":24},"end":{"line":503,"column":76}},"264":{"start":{"line":503,"column":51},"end":{"line":503,"column":76}},"265":{"start":{"line":504,"column":24},"end":{"line":508,"column":47}},"266":{"start":{"line":510,"column":24},"end":{"line":510,"column":34}},"267":{"start":{"line":511,"column":24},"end":{"line":511,"column":38}},"268":{"start":{"line":514,"column":24},"end":{"line":514,"column":62}},"269":{"start":{"line":515,"column":24},"end":{"line":515,"column":74}},"270":{"start":{"line":515,"column":49},"end":{"line":515,"column":74}},"271":{"start":{"line":516,"column":24},"end":{"line":516,"column":38}},"272":{"start":{"line":518,"column":24},"end":{"line":518,"column":55}},"273":{"start":{"line":519,"column":24},"end":{"line":519,"column":102}},"274":{"start":{"line":520,"column":24},"end":{"line":520,"column":38}},"275":{"start":{"line":522,"column":24},"end":{"line":522,"column":77}},"276":{"start":{"line":522,"column":52},"end":{"line":522,"column":77}},"277":{"start":{"line":523,"column":24},"end":{"line":523,"column":58}},"278":{"start":{"line":524,"column":24},"end":{"line":524,"column":98}},"279":{"start":{"line":526,"column":24},"end":{"line":526,"column":34}},"280":{"start":{"line":527,"column":24},"end":{"line":527,"column":38}},"281":{"start":{"line":529,"column":24},"end":{"line":529,"column":63}},"282":{"start":{"line":530,"column":24},"end":{"line":530,"column":49}},"283":{"start":{"line":531,"column":29},"end":{"line":531,"column":54}},"284":{"start":{"line":533,"column":24},"end":{"line":533,"column":42}},"285":{"start":{"line":534,"column":24},"end":{"line":534,"column":47}},"286":{"start":{"line":535,"column":24},"end":{"line":535,"column":49}},"287":{"start":{"line":537,"column":24},"end":{"line":540,"column":61}},"288":{"start":{"line":538,"column":28},"end":{"line":538,"column":128}},"289":{"start":{"line":538,"column":105},"end":{"line":538,"column":128}},"290":{"start":{"line":540,"column":34},"end":{"line":540,"column":59}},"291":{"start":{"line":540,"column":43},"end":{"line":540,"column":59}},"292":{"start":{"line":541,"column":24},"end":{"line":541,"column":50}},"293":{"start":{"line":544,"column":20},"end":{"line":549,"column":28}},"294":{"start":{"line":552,"column":24},"end":{"line":552,"column":34}},"295":{"start":{"line":553,"column":24},"end":{"line":553,"column":65}},"296":{"start":{"line":555,"column":24},"end":{"line":555,"column":40}},"297":{"start":{"line":556,"column":24},"end":{"line":556,"column":67}},"298":{"start":{"line":557,"column":29},"end":{"line":557,"column":51}},"299":{"start":{"line":562,"column":4},"end":{"line":584,"column":6}},"300":{"start":{"line":563,"column":8},"end":{"line":583,"column":11}},"301":{"start":{"line":565,"column":12},"end":{"line":582,"column":15}},"302":{"start":{"line":566,"column":16},"end":{"line":581,"column":17}},"303":{"start":{"line":568,"column":24},"end":{"line":568,"column":50}},"304":{"start":{"line":569,"column":24},"end":{"line":573,"column":63}},"305":{"start":{"line":575,"column":24},"end":{"line":575,"column":34}},"306":{"start":{"line":576,"column":24},"end":{"line":576,"column":65}},"307":{"start":{"line":578,"column":24},"end":{"line":578,"column":40}},"308":{"start":{"line":579,"column":24},"end":{"line":579,"column":67}},"309":{"start":{"line":580,"column":28},"end":{"line":580,"column":50}},"310":{"start":{"line":585,"column":4},"end":{"line":622,"column":6}},"311":{"start":{"line":586,"column":8},"end":{"line":621,"column":11}},"312":{"start":{"line":588,"column":12},"end":{"line":620,"column":15}},"313":{"start":{"line":589,"column":16},"end":{"line":619,"column":17}},"314":{"start":{"line":591,"column":24},"end":{"line":591,"column":50}},"315":{"start":{"line":592,"column":24},"end":{"line":592,"column":70}},"316":{"start":{"line":594,"column":24},"end":{"line":594,"column":43}},"317":{"start":{"line":595,"column":24},"end":{"line":595,"column":69}},"318":{"start":{"line":597,"column":24},"end":{"line":597,"column":41}},"319":{"start":{"line":599,"column":24},"end":{"line":600,"column":135}},"320":{"start":{"line":600,"column":28},"end":{"line":600,"column":135}},"321":{"start":{"line":601,"column":24},"end":{"line":603,"column":76}},"322":{"start":{"line":605,"column":24},"end":{"line":605,"column":43}},"323":{"start":{"line":606,"column":24},"end":{"line":608,"column":25}},"324":{"start":{"line":607,"column":28},"end":{"line":607,"column":124}},"325":{"start":{"line":609,"column":24},"end":{"line":611,"column":116}},"326":{"start":{"line":613,"column":24},"end":{"line":613,"column":34}},"327":{"start":{"line":614,"column":24},"end":{"line":614,"column":65}},"328":{"start":{"line":616,"column":24},"end":{"line":616,"column":41}},"329":{"start":{"line":617,"column":24},"end":{"line":617,"column":68}},"330":{"start":{"line":618,"column":28},"end":{"line":618,"column":50}},"331":{"start":{"line":630,"column":4},"end":{"line":642,"column":6}},"332":{"start":{"line":631,"column":8},"end":{"line":641,"column":11}},"333":{"start":{"line":633,"column":12},"end":{"line":640,"column":15}},"334":{"start":{"line":634,"column":16},"end":{"line":639,"column":17}},"335":{"start":{"line":635,"column":28},"end":{"line":635,"column":96}},"336":{"start":{"line":637,"column":24},"end":{"line":637,"column":40}},"337":{"start":{"line":638,"column":24},"end":{"line":638,"column":95}},"338":{"start":{"line":652,"column":4},"end":{"line":673,"column":6}},"339":{"start":{"line":653,"column":8},"end":{"line":672,"column":11}},"340":{"start":{"line":655,"column":12},"end":{"line":671,"column":15}},"341":{"start":{"line":656,"column":16},"end":{"line":670,"column":17}},"342":{"start":{"line":658,"column":24},"end":{"line":658,"column":50}},"343":{"start":{"line":659,"column":24},"end":{"line":659,"column":79}},"344":{"start":{"line":661,"column":24},"end":{"line":661,"column":34}},"345":{"start":{"line":662,"column":24},"end":{"line":662,"column":48}},"346":{"start":{"line":664,"column":24},"end":{"line":664,"column":44}},"347":{"start":{"line":665,"column":24},"end":{"line":665,"column":45}},"348":{"start":{"line":666,"column":24},"end":{"line":666,"column":48}},"349":{"start":{"line":669,"column":20},"end":{"line":669,"column":87}},"350":{"start":{"line":680,"column":4},"end":{"line":704,"column":6}},"351":{"start":{"line":681,"column":8},"end":{"line":703,"column":11}},"352":{"start":{"line":682,"column":24},"end":{"line":682,"column":28}},"353":{"start":{"line":684,"column":12},"end":{"line":702,"column":15}},"354":{"start":{"line":685,"column":16},"end":{"line":701,"column":17}},"355":{"start":{"line":687,"column":24},"end":{"line":687,"column":50}},"356":{"start":{"line":688,"column":24},"end":{"line":688,"column":78}},"357":{"start":{"line":690,"column":24},"end":{"line":690,"column":34}},"358":{"start":{"line":691,"column":24},"end":{"line":691,"column":48}},"359":{"start":{"line":693,"column":24},"end":{"line":693,"column":44}},"360":{"start":{"line":694,"column":24},"end":{"line":694,"column":45}},"361":{"start":{"line":695,"column":24},"end":{"line":695,"column":48}},"362":{"start":{"line":698,"column":20},"end":{"line":700,"column":29}},"363":{"start":{"line":699,"column":28},"end":{"line":699,"column":80}},"364":{"start":{"line":709,"column":4},"end":{"line":718,"column":6}},"365":{"start":{"line":710,"column":8},"end":{"line":717,"column":11}},"366":{"start":{"line":711,"column":12},"end":{"line":716,"column":15}},"367":{"start":{"line":712,"column":16},"end":{"line":715,"column":35}},"368":{"start":{"line":725,"column":4},"end":{"line":754,"column":6}},"369":{"start":{"line":726,"column":8},"end":{"line":753,"column":11}},"370":{"start":{"line":728,"column":12},"end":{"line":752,"column":15}},"371":{"start":{"line":729,"column":16},"end":{"line":751,"column":17}},"372":{"start":{"line":731,"column":24},"end":{"line":731,"column":50}},"373":{"start":{"line":736,"column":24},"end":{"line":738,"column":93}},"374":{"start":{"line":744,"column":24},"end":{"line":744,"column":34}},"375":{"start":{"line":746,"column":24},"end":{"line":746,"column":92}},"376":{"start":{"line":748,"column":24},"end":{"line":748,"column":41}},"377":{"start":{"line":749,"column":24},"end":{"line":749,"column":68}},"378":{"start":{"line":750,"column":28},"end":{"line":750,"column":50}},"379":{"start":{"line":765,"column":4},"end":{"line":788,"column":6}},"380":{"start":{"line":766,"column":8},"end":{"line":787,"column":11}},"381":{"start":{"line":768,"column":12},"end":{"line":786,"column":15}},"382":{"start":{"line":769,"column":16},"end":{"line":785,"column":17}},"383":{"start":{"line":771,"column":24},"end":{"line":771,"column":50}},"384":{"start":{"line":772,"column":24},"end":{"line":772,"column":70}},"385":{"start":{"line":774,"column":24},"end":{"line":774,"column":39}},"386":{"start":{"line":775,"column":24},"end":{"line":777,"column":55}},"387":{"start":{"line":779,"column":24},"end":{"line":779,"column":41}},"388":{"start":{"line":780,"column":24},"end":{"line":780,"column":60}},"389":{"start":{"line":782,"column":24},"end":{"line":782,"column":41}},"390":{"start":{"line":783,"column":24},"end":{"line":783,"column":110}},"391":{"start":{"line":784,"column":28},"end":{"line":784,"column":50}},"392":{"start":{"line":797,"column":4},"end":{"line":826,"column":6}},"393":{"start":{"line":798,"column":8},"end":{"line":825,"column":11}},"394":{"start":{"line":800,"column":12},"end":{"line":824,"column":15}},"395":{"start":{"line":801,"column":16},"end":{"line":823,"column":17}},"396":{"start":{"line":803,"column":24},"end":{"line":803,"column":50}},"397":{"start":{"line":804,"column":24},"end":{"line":804,"column":35}},"398":{"start":{"line":805,"column":24},"end":{"line":810,"column":25}},"399":{"start":{"line":806,"column":28},"end":{"line":806,"column":54}},"400":{"start":{"line":809,"column":28},"end":{"line":809,"column":57}},"401":{"start":{"line":811,"column":24},"end":{"line":813,"column":49}},"402":{"start":{"line":815,"column":24},"end":{"line":815,"column":47}},"403":{"start":{"line":816,"column":24},"end":{"line":817,"column":124}},"404":{"start":{"line":817,"column":28},"end":{"line":817,"column":124}},"405":{"start":{"line":818,"column":24},"end":{"line":818,"column":67}},"406":{"start":{"line":820,"column":24},"end":{"line":820,"column":41}},"407":{"start":{"line":821,"column":24},"end":{"line":821,"column":68}},"408":{"start":{"line":822,"column":28},"end":{"line":822,"column":50}},"409":{"start":{"line":836,"column":4},"end":{"line":864,"column":6}},"410":{"start":{"line":837,"column":8},"end":{"line":863,"column":11}},"411":{"start":{"line":839,"column":12},"end":{"line":862,"column":15}},"412":{"start":{"line":840,"column":16},"end":{"line":861,"column":17}},"413":{"start":{"line":842,"column":24},"end":{"line":842,"column":50}},"414":{"start":{"line":843,"column":24},"end":{"line":843,"column":70}},"415":{"start":{"line":845,"column":24},"end":{"line":845,"column":45}},"416":{"start":{"line":846,"column":24},"end":{"line":851,"column":32}},"417":{"start":{"line":853,"column":24},"end":{"line":853,"column":40}},"418":{"start":{"line":854,"column":24},"end":{"line":855,"column":120}},"419":{"start":{"line":855,"column":28},"end":{"line":855,"column":120}},"420":{"start":{"line":856,"column":24},"end":{"line":856,"column":72}},"421":{"start":{"line":858,"column":24},"end":{"line":858,"column":41}},"422":{"start":{"line":859,"column":24},"end":{"line":859,"column":68}},"423":{"start":{"line":860,"column":28},"end":{"line":860,"column":50}},"424":{"start":{"line":874,"column":4},"end":{"line":899,"column":6}},"425":{"start":{"line":875,"column":8},"end":{"line":898,"column":11}},"426":{"start":{"line":877,"column":12},"end":{"line":897,"column":15}},"427":{"start":{"line":878,"column":16},"end":{"line":896,"column":17}},"428":{"start":{"line":880,"column":24},"end":{"line":880,"column":50}},"429":{"start":{"line":881,"column":24},"end":{"line":886,"column":32}},"430":{"start":{"line":888,"column":24},"end":{"line":888,"column":40}},"431":{"start":{"line":889,"column":24},"end":{"line":890,"column":131}},"432":{"start":{"line":890,"column":28},"end":{"line":890,"column":131}},"433":{"start":{"line":891,"column":24},"end":{"line":891,"column":72}},"434":{"start":{"line":893,"column":24},"end":{"line":893,"column":41}},"435":{"start":{"line":894,"column":24},"end":{"line":894,"column":68}},"436":{"start":{"line":895,"column":28},"end":{"line":895,"column":50}},"437":{"start":{"line":908,"column":4},"end":{"line":933,"column":6}},"438":{"start":{"line":909,"column":8},"end":{"line":932,"column":11}},"439":{"start":{"line":911,"column":12},"end":{"line":931,"column":15}},"440":{"start":{"line":912,"column":16},"end":{"line":930,"column":17}},"441":{"start":{"line":914,"column":24},"end":{"line":914,"column":50}},"442":{"start":{"line":915,"column":24},"end":{"line":915,"column":64}},"443":{"start":{"line":916,"column":24},"end":{"line":920,"column":32}},"444":{"start":{"line":922,"column":24},"end":{"line":922,"column":40}},"445":{"start":{"line":923,"column":24},"end":{"line":924,"column":125}},"446":{"start":{"line":924,"column":28},"end":{"line":924,"column":125}},"447":{"start":{"line":925,"column":24},"end":{"line":925,"column":72}},"448":{"start":{"line":927,"column":24},"end":{"line":927,"column":41}},"449":{"start":{"line":928,"column":24},"end":{"line":928,"column":68}},"450":{"start":{"line":929,"column":28},"end":{"line":929,"column":50}},"451":{"start":{"line":942,"column":4},"end":{"line":955,"column":6}},"452":{"start":{"line":943,"column":8},"end":{"line":954,"column":11}},"453":{"start":{"line":945,"column":12},"end":{"line":953,"column":15}},"454":{"start":{"line":946,"column":16},"end":{"line":952,"column":17}},"455":{"start":{"line":947,"column":28},"end":{"line":947,"column":83}},"456":{"start":{"line":949,"column":24},"end":{"line":949,"column":40}},"457":{"start":{"line":950,"column":24},"end":{"line":950,"column":54}},"458":{"start":{"line":951,"column":24},"end":{"line":951,"column":52}},"459":{"start":{"line":964,"column":4},"end":{"line":984,"column":6}},"460":{"start":{"line":965,"column":8},"end":{"line":983,"column":11}},"461":{"start":{"line":967,"column":12},"end":{"line":982,"column":15}},"462":{"start":{"line":968,"column":16},"end":{"line":981,"column":17}},"463":{"start":{"line":969,"column":28},"end":{"line":969,"column":93}},"464":{"start":{"line":971,"column":24},"end":{"line":971,"column":43}},"465":{"start":{"line":972,"column":24},"end":{"line":972,"column":78}},"466":{"start":{"line":974,"column":24},"end":{"line":974,"column":43}},"467":{"start":{"line":975,"column":24},"end":{"line":975,"column":96}},"468":{"start":{"line":977,"column":24},"end":{"line":977,"column":51}},"469":{"start":{"line":978,"column":24},"end":{"line":979,"column":122}},"470":{"start":{"line":979,"column":28},"end":{"line":979,"column":122}},"471":{"start":{"line":980,"column":24},"end":{"line":980,"column":62}},"472":{"start":{"line":993,"column":4},"end":{"line":1014,"column":6}},"473":{"start":{"line":994,"column":8},"end":{"line":1013,"column":11}},"474":{"start":{"line":996,"column":12},"end":{"line":1012,"column":15}},"475":{"start":{"line":997,"column":16},"end":{"line":1011,"column":17}},"476":{"start":{"line":999,"column":24},"end":{"line":999,"column":50}},"477":{"start":{"line":1000,"column":24},"end":{"line":1000,"column":90}},"478":{"start":{"line":1002,"column":24},"end":{"line":1002,"column":43}},"479":{"start":{"line":1003,"column":24},"end":{"line":1003,"column":83}},"480":{"start":{"line":1005,"column":24},"end":{"line":1005,"column":44}},"481":{"start":{"line":1006,"column":24},"end":{"line":1006,"column":55}},"482":{"start":{"line":1008,"column":24},"end":{"line":1008,"column":41}},"483":{"start":{"line":1009,"column":24},"end":{"line":1009,"column":68}},"484":{"start":{"line":1010,"column":28},"end":{"line":1010,"column":50}},"485":{"start":{"line":1023,"column":4},"end":{"line":1044,"column":6}},"486":{"start":{"line":1024,"column":8},"end":{"line":1043,"column":11}},"487":{"start":{"line":1026,"column":12},"end":{"line":1042,"column":15}},"488":{"start":{"line":1027,"column":16},"end":{"line":1041,"column":17}},"489":{"start":{"line":1029,"column":24},"end":{"line":1029,"column":50}},"490":{"start":{"line":1030,"column":24},"end":{"line":1030,"column":90}},"491":{"start":{"line":1032,"column":24},"end":{"line":1032,"column":43}},"492":{"start":{"line":1033,"column":24},"end":{"line":1033,"column":83}},"493":{"start":{"line":1035,"column":24},"end":{"line":1035,"column":44}},"494":{"start":{"line":1036,"column":24},"end":{"line":1036,"column":55}},"495":{"start":{"line":1038,"column":24},"end":{"line":1038,"column":41}},"496":{"start":{"line":1039,"column":24},"end":{"line":1039,"column":68}},"497":{"start":{"line":1040,"column":28},"end":{"line":1040,"column":50}},"498":{"start":{"line":1049,"column":4},"end":{"line":1128,"column":6}},"499":{"start":{"line":1050,"column":8},"end":{"line":1127,"column":11}},"500":{"start":{"line":1052,"column":12},"end":{"line":1126,"column":15}},"501":{"start":{"line":1053,"column":16},"end":{"line":1125,"column":17}},"502":{"start":{"line":1055,"column":24},"end":{"line":1057,"column":25}},"503":{"start":{"line":1056,"column":28},"end":{"line":1056,"column":37}},"504":{"start":{"line":1058,"column":24},"end":{"line":1058,"column":78}},"505":{"start":{"line":1059,"column":24},"end":{"line":1059,"column":37}},"506":{"start":{"line":1061,"column":24},"end":{"line":1061,"column":52}},"507":{"start":{"line":1062,"column":24},"end":{"line":1062,"column":35}},"508":{"start":{"line":1063,"column":24},"end":{"line":1065,"column":25}},"509":{"start":{"line":1064,"column":28},"end":{"line":1064,"column":51}},"510":{"start":{"line":1066,"column":24},"end":{"line":1068,"column":46}},"511":{"start":{"line":1070,"column":24},"end":{"line":1070,"column":49}},"512":{"start":{"line":1071,"column":24},"end":{"line":1071,"column":67}},"513":{"start":{"line":1073,"column":24},"end":{"line":1073,"column":49}},"514":{"start":{"line":1074,"column":24},"end":{"line":1079,"column":51}},"515":{"start":{"line":1080,"column":24},"end":{"line":1080,"column":69}},"516":{"start":{"line":1082,"column":24},"end":{"line":1082,"column":44}},"517":{"start":{"line":1083,"column":24},"end":{"line":1083,"column":45}},"518":{"start":{"line":1084,"column":24},"end":{"line":1084,"column":37}},"519":{"start":{"line":1086,"column":24},"end":{"line":1086,"column":54}},"520":{"start":{"line":1087,"column":24},"end":{"line":1087,"column":86}},"521":{"start":{"line":1088,"column":24},"end":{"line":1088,"column":37}},"522":{"start":{"line":1090,"column":24},"end":{"line":1090,"column":73}},"523":{"start":{"line":1090,"column":48},"end":{"line":1090,"column":73}},"524":{"start":{"line":1091,"column":24},"end":{"line":1091,"column":51}},"525":{"start":{"line":1092,"column":24},"end":{"line":1092,"column":78}},"526":{"start":{"line":1094,"column":24},"end":{"line":1094,"column":43}},"527":{"start":{"line":1095,"column":24},"end":{"line":1095,"column":97}},"528":{"start":{"line":1097,"column":24},"end":{"line":1097,"column":51}},"529":{"start":{"line":1098,"column":24},"end":{"line":1100,"column":25}},"530":{"start":{"line":1099,"column":28},"end":{"line":1099,"column":59}},"531":{"start":{"line":1101,"column":24},"end":{"line":1101,"column":61}},"532":{"start":{"line":1102,"column":24},"end":{"line":1102,"column":37}},"533":{"start":{"line":1104,"column":24},"end":{"line":1104,"column":55}},"534":{"start":{"line":1105,"column":24},"end":{"line":1105,"column":48}},"535":{"start":{"line":1106,"column":29},"end":{"line":1106,"column":54}},"536":{"start":{"line":1108,"column":24},"end":{"line":1108,"column":43}},"537":{"start":{"line":1109,"column":24},"end":{"line":1109,"column":49}},"538":{"start":{"line":1110,"column":24},"end":{"line":1110,"column":49}},"539":{"start":{"line":1112,"column":24},"end":{"line":1115,"column":63}},"540":{"start":{"line":1113,"column":28},"end":{"line":1113,"column":112}},"541":{"start":{"line":1113,"column":93},"end":{"line":1113,"column":112}},"542":{"start":{"line":1115,"column":34},"end":{"line":1115,"column":61}},"543":{"start":{"line":1115,"column":44},"end":{"line":1115,"column":61}},"544":{"start":{"line":1116,"column":24},"end":{"line":1116,"column":50}},"545":{"start":{"line":1117,"column":29},"end":{"line":1120,"column":28}},"546":{"start":{"line":1122,"column":24},"end":{"line":1122,"column":41}},"547":{"start":{"line":1123,"column":24},"end":{"line":1123,"column":117}},"548":{"start":{"line":1124,"column":29},"end":{"line":1124,"column":51}},"549":{"start":{"line":1136,"column":4},"end":{"line":1196,"column":6}},"550":{"start":{"line":1137,"column":8},"end":{"line":1195,"column":11}},"551":{"start":{"line":1139,"column":12},"end":{"line":1194,"column":15}},"552":{"start":{"line":1140,"column":16},"end":{"line":1193,"column":17}},"553":{"start":{"line":1142,"column":24},"end":{"line":1142,"column":52}},"554":{"start":{"line":1143,"column":24},"end":{"line":1143,"column":54}},"555":{"start":{"line":1144,"column":24},"end":{"line":1145,"column":51}},"556":{"start":{"line":1145,"column":28},"end":{"line":1145,"column":51}},"557":{"start":{"line":1146,"column":24},"end":{"line":1148,"column":46}},"558":{"start":{"line":1150,"column":24},"end":{"line":1150,"column":49}},"559":{"start":{"line":1151,"column":24},"end":{"line":1151,"column":110}},"560":{"start":{"line":1152,"column":24},"end":{"line":1152,"column":69}},"561":{"start":{"line":1154,"column":24},"end":{"line":1154,"column":44}},"562":{"start":{"line":1155,"column":24},"end":{"line":1155,"column":45}},"563":{"start":{"line":1156,"column":24},"end":{"line":1156,"column":37}},"564":{"start":{"line":1158,"column":24},"end":{"line":1158,"column":53}},"565":{"start":{"line":1159,"column":24},"end":{"line":1159,"column":86}},"566":{"start":{"line":1160,"column":24},"end":{"line":1160,"column":37}},"567":{"start":{"line":1162,"column":24},"end":{"line":1162,"column":72}},"568":{"start":{"line":1162,"column":48},"end":{"line":1162,"column":72}},"569":{"start":{"line":1163,"column":24},"end":{"line":1163,"column":51}},"570":{"start":{"line":1164,"column":24},"end":{"line":1164,"column":78}},"571":{"start":{"line":1166,"column":24},"end":{"line":1166,"column":43}},"572":{"start":{"line":1167,"column":24},"end":{"line":1167,"column":96}},"573":{"start":{"line":1169,"column":24},"end":{"line":1169,"column":51}},"574":{"start":{"line":1170,"column":24},"end":{"line":1171,"column":59}},"575":{"start":{"line":1171,"column":28},"end":{"line":1171,"column":59}},"576":{"start":{"line":1172,"column":24},"end":{"line":1172,"column":61}},"577":{"start":{"line":1173,"column":24},"end":{"line":1173,"column":37}},"578":{"start":{"line":1175,"column":24},"end":{"line":1175,"column":55}},"579":{"start":{"line":1176,"column":24},"end":{"line":1176,"column":48}},"580":{"start":{"line":1177,"column":28},"end":{"line":1177,"column":53}},"581":{"start":{"line":1179,"column":24},"end":{"line":1179,"column":43}},"582":{"start":{"line":1180,"column":24},"end":{"line":1180,"column":49}},"583":{"start":{"line":1181,"column":24},"end":{"line":1181,"column":49}},"584":{"start":{"line":1183,"column":24},"end":{"line":1186,"column":63}},"585":{"start":{"line":1184,"column":28},"end":{"line":1184,"column":112}},"586":{"start":{"line":1184,"column":93},"end":{"line":1184,"column":112}},"587":{"start":{"line":1186,"column":34},"end":{"line":1186,"column":61}},"588":{"start":{"line":1186,"column":44},"end":{"line":1186,"column":61}},"589":{"start":{"line":1187,"column":24},"end":{"line":1187,"column":50}},"590":{"start":{"line":1188,"column":29},"end":{"line":1188,"column":68}},"591":{"start":{"line":1190,"column":24},"end":{"line":1190,"column":41}},"592":{"start":{"line":1191,"column":24},"end":{"line":1191,"column":127}},"593":{"start":{"line":1192,"column":29},"end":{"line":1192,"column":51}},"594":{"start":{"line":1206,"column":4},"end":{"line":1300,"column":6}},"595":{"start":{"line":1207,"column":8},"end":{"line":1299,"column":11}},"596":{"start":{"line":1209,"column":12},"end":{"line":1298,"column":15}},"597":{"start":{"line":1210,"column":16},"end":{"line":1297,"column":17}},"598":{"start":{"line":1212,"column":24},"end":{"line":1213,"column":37}},"599":{"start":{"line":1213,"column":28},"end":{"line":1213,"column":37}},"600":{"start":{"line":1214,"column":24},"end":{"line":1214,"column":78}},"601":{"start":{"line":1215,"column":24},"end":{"line":1215,"column":37}},"602":{"start":{"line":1217,"column":24},"end":{"line":1217,"column":52}},"603":{"start":{"line":1218,"column":24},"end":{"line":1218,"column":76}},"604":{"start":{"line":1220,"column":24},"end":{"line":1220,"column":50}},"605":{"start":{"line":1221,"column":24},"end":{"line":1223,"column":35}},"606":{"start":{"line":1222,"column":65},"end":{"line":1222,"column":80}},"607":{"start":{"line":1224,"column":24},"end":{"line":1224,"column":93}},"608":{"start":{"line":1225,"column":24},"end":{"line":1225,"column":85}},"609":{"start":{"line":1227,"column":24},"end":{"line":1227,"column":51}},"610":{"start":{"line":1228,"column":24},"end":{"line":1230,"column":35}},"611":{"start":{"line":1229,"column":66},"end":{"line":1229,"column":81}},"612":{"start":{"line":1231,"column":24},"end":{"line":1231,"column":136}},"613":{"start":{"line":1232,"column":24},"end":{"line":1235,"column":74}},"614":{"start":{"line":1237,"column":24},"end":{"line":1237,"column":49}},"615":{"start":{"line":1238,"column":24},"end":{"line":1238,"column":67}},"616":{"start":{"line":1240,"column":24},"end":{"line":1240,"column":49}},"617":{"start":{"line":1242,"column":24},"end":{"line":1247,"column":51}},"618":{"start":{"line":1249,"column":24},"end":{"line":1251,"column":43}},"619":{"start":{"line":1252,"column":24},"end":{"line":1252,"column":69}},"620":{"start":{"line":1254,"column":24},"end":{"line":1254,"column":44}},"621":{"start":{"line":1255,"column":24},"end":{"line":1255,"column":45}},"622":{"start":{"line":1256,"column":24},"end":{"line":1256,"column":37}},"623":{"start":{"line":1258,"column":24},"end":{"line":1258,"column":54}},"624":{"start":{"line":1259,"column":24},"end":{"line":1259,"column":86}},"625":{"start":{"line":1260,"column":24},"end":{"line":1260,"column":37}},"626":{"start":{"line":1262,"column":24},"end":{"line":1262,"column":73}},"627":{"start":{"line":1262,"column":48},"end":{"line":1262,"column":73}},"628":{"start":{"line":1263,"column":24},"end":{"line":1263,"column":51}},"629":{"start":{"line":1264,"column":24},"end":{"line":1264,"column":78}},"630":{"start":{"line":1266,"column":24},"end":{"line":1266,"column":45}},"631":{"start":{"line":1267,"column":24},"end":{"line":1267,"column":99}},"632":{"start":{"line":1269,"column":24},"end":{"line":1269,"column":51}},"633":{"start":{"line":1270,"column":24},"end":{"line":1272,"column":25}},"634":{"start":{"line":1271,"column":28},"end":{"line":1271,"column":59}},"635":{"start":{"line":1273,"column":24},"end":{"line":1273,"column":61}},"636":{"start":{"line":1274,"column":24},"end":{"line":1274,"column":38}},"637":{"start":{"line":1276,"column":24},"end":{"line":1276,"column":55}},"638":{"start":{"line":1277,"column":24},"end":{"line":1277,"column":48}},"639":{"start":{"line":1278,"column":29},"end":{"line":1278,"column":54}},"640":{"start":{"line":1280,"column":24},"end":{"line":1280,"column":43}},"641":{"start":{"line":1281,"column":24},"end":{"line":1281,"column":49}},"642":{"start":{"line":1282,"column":24},"end":{"line":1282,"column":49}},"643":{"start":{"line":1284,"column":24},"end":{"line":1287,"column":63}},"644":{"start":{"line":1285,"column":28},"end":{"line":1285,"column":112}},"645":{"start":{"line":1285,"column":93},"end":{"line":1285,"column":112}},"646":{"start":{"line":1287,"column":34},"end":{"line":1287,"column":61}},"647":{"start":{"line":1287,"column":44},"end":{"line":1287,"column":61}},"648":{"start":{"line":1288,"column":24},"end":{"line":1288,"column":50}},"649":{"start":{"line":1289,"column":29},"end":{"line":1292,"column":28}},"650":{"start":{"line":1294,"column":24},"end":{"line":1294,"column":41}},"651":{"start":{"line":1295,"column":24},"end":{"line":1295,"column":97}},"652":{"start":{"line":1296,"column":29},"end":{"line":1296,"column":51}},"653":{"start":{"line":1315,"column":4},"end":{"line":1367,"column":6}},"654":{"start":{"line":1316,"column":20},"end":{"line":1316,"column":22}},"655":{"start":{"line":1317,"column":8},"end":{"line":1319,"column":9}},"656":{"start":{"line":1318,"column":12},"end":{"line":1318,"column":35}},"657":{"start":{"line":1321,"column":8},"end":{"line":1365,"column":9}},"658":{"start":{"line":1322,"column":12},"end":{"line":1325,"column":14}},"659":{"start":{"line":1326,"column":12},"end":{"line":1335,"column":13}},"660":{"start":{"line":1327,"column":16},"end":{"line":1334,"column":17}},"661":{"start":{"line":1328,"column":20},"end":{"line":1328,"column":50}},"662":{"start":{"line":1331,"column":20},"end":{"line":1333,"column":23}},"663":{"start":{"line":1336,"column":12},"end":{"line":1338,"column":13}},"664":{"start":{"line":1337,"column":16},"end":{"line":1337,"column":47}},"665":{"start":{"line":1339,"column":12},"end":{"line":1341,"column":13}},"666":{"start":{"line":1340,"column":16},"end":{"line":1340,"column":46}},"667":{"start":{"line":1342,"column":12},"end":{"line":1346,"column":13}},"668":{"start":{"line":1343,"column":16},"end":{"line":1345,"column":40}},"669":{"start":{"line":1350,"column":12},"end":{"line":1352,"column":13}},"670":{"start":{"line":1351,"column":16},"end":{"line":1351,"column":48}},"671":{"start":{"line":1353,"column":12},"end":{"line":1355,"column":13}},"672":{"start":{"line":1354,"column":16},"end":{"line":1354,"column":52}},"673":{"start":{"line":1356,"column":12},"end":{"line":1358,"column":13}},"674":{"start":{"line":1357,"column":16},"end":{"line":1357,"column":47}},"675":{"start":{"line":1359,"column":12},"end":{"line":1361,"column":13}},"676":{"start":{"line":1360,"column":16},"end":{"line":1360,"column":46}},"677":{"start":{"line":1362,"column":12},"end":{"line":1364,"column":13}},"678":{"start":{"line":1363,"column":16},"end":{"line":1363,"column":53}},"679":{"start":{"line":1366,"column":8},"end":{"line":1366,"column":21}},"680":{"start":{"line":1376,"column":4},"end":{"line":1399,"column":6}},"681":{"start":{"line":1377,"column":8},"end":{"line":1398,"column":11}},"682":{"start":{"line":1379,"column":12},"end":{"line":1397,"column":15}},"683":{"start":{"line":1380,"column":16},"end":{"line":1396,"column":17}},"684":{"start":{"line":1382,"column":24},"end":{"line":1382,"column":73}},"685":{"start":{"line":1382,"column":49},"end":{"line":1382,"column":73}},"686":{"start":{"line":1383,"column":24},"end":{"line":1388,"column":44}},"687":{"start":{"line":1390,"column":24},"end":{"line":1390,"column":39}},"688":{"start":{"line":1391,"column":24},"end":{"line":1391,"column":48}},"689":{"start":{"line":1393,"column":24},"end":{"line":1393,"column":34}},"690":{"start":{"line":1394,"column":24},"end":{"line":1394,"column":37}},"691":{"start":{"line":1395,"column":28},"end":{"line":1395,"column":54}},"692":{"start":{"line":1409,"column":4},"end":{"line":1437,"column":6}},"693":{"start":{"line":1410,"column":8},"end":{"line":1436,"column":11}},"694":{"start":{"line":1412,"column":12},"end":{"line":1435,"column":15}},"695":{"start":{"line":1413,"column":16},"end":{"line":1434,"column":17}},"696":{"start":{"line":1415,"column":24},"end":{"line":1417,"column":26}},"697":{"start":{"line":1418,"column":24},"end":{"line":1420,"column":25}},"698":{"start":{"line":1419,"column":28},"end":{"line":1419,"column":186}},"699":{"start":{"line":1421,"column":24},"end":{"line":1421,"column":71}},"700":{"start":{"line":1421,"column":47},"end":{"line":1421,"column":71}},"701":{"start":{"line":1422,"column":24},"end":{"line":1426,"column":44}},"702":{"start":{"line":1428,"column":24},"end":{"line":1428,"column":39}},"703":{"start":{"line":1429,"column":24},"end":{"line":1429,"column":48}},"704":{"start":{"line":1431,"column":24},"end":{"line":1431,"column":34}},"705":{"start":{"line":1432,"column":24},"end":{"line":1432,"column":37}},"706":{"start":{"line":1433,"column":28},"end":{"line":1433,"column":54}},"707":{"start":{"line":1444,"column":4},"end":{"line":1464,"column":6}},"708":{"start":{"line":1445,"column":8},"end":{"line":1463,"column":11}},"709":{"start":{"line":1447,"column":12},"end":{"line":1462,"column":15}},"710":{"start":{"line":1448,"column":16},"end":{"line":1461,"column":17}},"711":{"start":{"line":1450,"column":24},"end":{"line":1450,"column":50}},"712":{"start":{"line":1451,"column":24},"end":{"line":1453,"column":41}},"713":{"start":{"line":1455,"column":24},"end":{"line":1455,"column":54}},"714":{"start":{"line":1456,"column":24},"end":{"line":1456,"column":75}},"715":{"start":{"line":1458,"column":24},"end":{"line":1458,"column":41}},"716":{"start":{"line":1459,"column":24},"end":{"line":1459,"column":68}},"717":{"start":{"line":1460,"column":28},"end":{"line":1460,"column":50}},"718":{"start":{"line":1472,"column":4},"end":{"line":1528,"column":6}},"719":{"start":{"line":1473,"column":8},"end":{"line":1527,"column":11}},"720":{"start":{"line":1475,"column":12},"end":{"line":1526,"column":15}},"721":{"start":{"line":1476,"column":16},"end":{"line":1525,"column":17}},"722":{"start":{"line":1478,"column":24},"end":{"line":1478,"column":52}},"723":{"start":{"line":1479,"column":24},"end":{"line":1481,"column":58}},"724":{"start":{"line":1483,"column":24},"end":{"line":1483,"column":47}},"725":{"start":{"line":1484,"column":24},"end":{"line":1484,"column":37}},"726":{"start":{"line":1485,"column":24},"end":{"line":1485,"column":37}},"727":{"start":{"line":1487,"column":24},"end":{"line":1487,"column":53}},"728":{"start":{"line":1488,"column":24},"end":{"line":1488,"column":82}},"729":{"start":{"line":1489,"column":24},"end":{"line":1489,"column":37}},"730":{"start":{"line":1491,"column":24},"end":{"line":1491,"column":63}},"731":{"start":{"line":1491,"column":39},"end":{"line":1491,"column":63}},"732":{"start":{"line":1492,"column":24},"end":{"line":1492,"column":38}},"733":{"start":{"line":1493,"column":24},"end":{"line":1493,"column":37}},"734":{"start":{"line":1495,"column":24},"end":{"line":1495,"column":50}},"735":{"start":{"line":1496,"column":24},"end":{"line":1496,"column":89}},"736":{"start":{"line":1498,"column":24},"end":{"line":1498,"column":43}},"737":{"start":{"line":1499,"column":24},"end":{"line":1499,"column":45}},"738":{"start":{"line":1500,"column":24},"end":{"line":1500,"column":48}},"739":{"start":{"line":1502,"column":24},"end":{"line":1502,"column":41}},"740":{"start":{"line":1503,"column":24},"end":{"line":1503,"column":48}},"741":{"start":{"line":1505,"column":24},"end":{"line":1505,"column":39}},"742":{"start":{"line":1506,"column":24},"end":{"line":1506,"column":48}},"743":{"start":{"line":1507,"column":28},"end":{"line":1507,"column":53}},"744":{"start":{"line":1509,"column":24},"end":{"line":1509,"column":43}},"745":{"start":{"line":1510,"column":24},"end":{"line":1510,"column":49}},"746":{"start":{"line":1511,"column":24},"end":{"line":1511,"column":49}},"747":{"start":{"line":1513,"column":24},"end":{"line":1516,"column":63}},"748":{"start":{"line":1514,"column":28},"end":{"line":1514,"column":80}},"749":{"start":{"line":1514,"column":68},"end":{"line":1514,"column":80}},"750":{"start":{"line":1516,"column":34},"end":{"line":1516,"column":61}},"751":{"start":{"line":1516,"column":44},"end":{"line":1516,"column":61}},"752":{"start":{"line":1517,"column":24},"end":{"line":1517,"column":50}},"753":{"start":{"line":1519,"column":24},"end":{"line":1519,"column":61}},"754":{"start":{"line":1520,"column":24},"end":{"line":1520,"column":58}},"755":{"start":{"line":1522,"column":24},"end":{"line":1522,"column":41}},"756":{"start":{"line":1523,"column":24},"end":{"line":1523,"column":68}},"757":{"start":{"line":1524,"column":29},"end":{"line":1524,"column":51}},"758":{"start":{"line":1542,"column":4},"end":{"line":1585,"column":6}},"759":{"start":{"line":1543,"column":8},"end":{"line":1584,"column":11}},"760":{"start":{"line":1545,"column":12},"end":{"line":1583,"column":15}},"761":{"start":{"line":1546,"column":16},"end":{"line":1582,"column":17}},"762":{"start":{"line":1548,"column":24},"end":{"line":1548,"column":50}},"763":{"start":{"line":1549,"column":24},"end":{"line":1549,"column":84}},"764":{"start":{"line":1551,"column":24},"end":{"line":1551,"column":45}},"765":{"start":{"line":1552,"column":24},"end":{"line":1552,"column":71}},"766":{"start":{"line":1554,"column":24},"end":{"line":1554,"column":43}},"767":{"start":{"line":1555,"column":24},"end":{"line":1569,"column":26}},"768":{"start":{"line":1562,"column":32},"end":{"line":1564,"column":34}},"769":{"start":{"line":1570,"column":24},"end":{"line":1576,"column":25}},"770":{"start":{"line":1571,"column":28},"end":{"line":1571,"column":77}},"771":{"start":{"line":1574,"column":28},"end":{"line":1574,"column":41}},"772":{"start":{"line":1575,"column":28},"end":{"line":1575,"column":48}},"773":{"start":{"line":1577,"column":24},"end":{"line":1577,"column":51}},"774":{"start":{"line":1579,"column":24},"end":{"line":1579,"column":41}},"775":{"start":{"line":1580,"column":24},"end":{"line":1580,"column":126}},"776":{"start":{"line":1581,"column":28},"end":{"line":1581,"column":50}},"777":{"start":{"line":1600,"column":4},"end":{"line":1637,"column":6}},"778":{"start":{"line":1601,"column":8},"end":{"line":1636,"column":11}},"779":{"start":{"line":1603,"column":12},"end":{"line":1635,"column":15}},"780":{"start":{"line":1604,"column":16},"end":{"line":1633,"column":17}},"781":{"start":{"line":1605,"column":20},"end":{"line":1625,"column":22}},"782":{"start":{"line":1616,"column":28},"end":{"line":1619,"column":30}},"783":{"start":{"line":1622,"column":28},"end":{"line":1622,"column":80}},"784":{"start":{"line":1624,"column":76},"end":{"line":1624,"column":94}},"785":{"start":{"line":1626,"column":20},"end":{"line":1628,"column":21}},"786":{"start":{"line":1627,"column":24},"end":{"line":1627,"column":73}},"787":{"start":{"line":1629,"column":20},"end":{"line":1629,"column":47}},"788":{"start":{"line":1632,"column":20},"end":{"line":1632,"column":120}},"789":{"start":{"line":1634,"column":16},"end":{"line":1634,"column":38}},"790":{"start":{"line":1646,"column":4},"end":{"line":1652,"column":6}},"791":{"start":{"line":1647,"column":19},"end":{"line":1647,"column":129}},"792":{"start":{"line":1648,"column":8},"end":{"line":1650,"column":20}},"793":{"start":{"line":1651,"column":8},"end":{"line":1651,"column":20}},"794":{"start":{"line":1663,"column":4},"end":{"line":1771,"column":6}},"795":{"start":{"line":1664,"column":8},"end":{"line":1770,"column":11}},"796":{"start":{"line":1666,"column":12},"end":{"line":1769,"column":15}},"797":{"start":{"line":1667,"column":16},"end":{"line":1768,"column":17}},"798":{"start":{"line":1669,"column":24},"end":{"line":1669,"column":96}},"799":{"start":{"line":1670,"column":24},"end":{"line":1670,"column":58}},"800":{"start":{"line":1671,"column":24},"end":{"line":1671,"column":62}},"801":{"start":{"line":1672,"column":24},"end":{"line":1672,"column":62}},"802":{"start":{"line":1673,"column":24},"end":{"line":1673,"column":68}},"803":{"start":{"line":1674,"column":24},"end":{"line":1674,"column":97}},"804":{"start":{"line":1675,"column":24},"end":{"line":1675,"column":66}},"805":{"start":{"line":1676,"column":24},"end":{"line":1676,"column":58}},"806":{"start":{"line":1677,"column":24},"end":{"line":1689,"column":25}},"807":{"start":{"line":1678,"column":28},"end":{"line":1681,"column":29}},"808":{"start":{"line":1679,"column":32},"end":{"line":1679,"column":48}},"809":{"start":{"line":1680,"column":32},"end":{"line":1680,"column":66}},"810":{"start":{"line":1683,"column":41},"end":{"line":1683,"column":66}},"811":{"start":{"line":1685,"column":28},"end":{"line":1688,"column":67}},"812":{"start":{"line":1686,"column":32},"end":{"line":1686,"column":84}},"813":{"start":{"line":1686,"column":72},"end":{"line":1686,"column":84}},"814":{"start":{"line":1688,"column":38},"end":{"line":1688,"column":65}},"815":{"start":{"line":1688,"column":48},"end":{"line":1688,"column":65}},"816":{"start":{"line":1690,"column":24},"end":{"line":1692,"column":25}},"817":{"start":{"line":1691,"column":28},"end":{"line":1691,"column":66}},"818":{"start":{"line":1693,"column":24},"end":{"line":1693,"column":37}},"819":{"start":{"line":1695,"column":24},"end":{"line":1695,"column":51}},"820":{"start":{"line":1696,"column":24},"end":{"line":1696,"column":71}},"821":{"start":{"line":1697,"column":24},"end":{"line":1697,"column":37}},"822":{"start":{"line":1699,"column":24},"end":{"line":1699,"column":63}},"823":{"start":{"line":1699,"column":39},"end":{"line":1699,"column":63}},"824":{"start":{"line":1700,"column":24},"end":{"line":1700,"column":45}},"825":{"start":{"line":1701,"column":24},"end":{"line":1701,"column":83}},"826":{"start":{"line":1703,"column":24},"end":{"line":1703,"column":45}},"827":{"start":{"line":1704,"column":24},"end":{"line":1704,"column":62}},"828":{"start":{"line":1705,"column":24},"end":{"line":1705,"column":55}},"829":{"start":{"line":1706,"column":24},"end":{"line":1706,"column":53}},"830":{"start":{"line":1707,"column":24},"end":{"line":1707,"column":53}},"831":{"start":{"line":1708,"column":24},"end":{"line":1722,"column":25}},"832":{"start":{"line":1709,"column":28},"end":{"line":1714,"column":29}},"833":{"start":{"line":1710,"column":32},"end":{"line":1710,"column":55}},"834":{"start":{"line":1711,"column":32},"end":{"line":1711,"column":69}},"835":{"start":{"line":1712,"column":32},"end":{"line":1712,"column":67}},"836":{"start":{"line":1713,"column":32},"end":{"line":1713,"column":67}},"837":{"start":{"line":1716,"column":41},"end":{"line":1716,"column":66}},"838":{"start":{"line":1718,"column":28},"end":{"line":1721,"column":67}},"839":{"start":{"line":1719,"column":32},"end":{"line":1719,"column":84}},"840":{"start":{"line":1719,"column":72},"end":{"line":1719,"column":84}},"841":{"start":{"line":1721,"column":38},"end":{"line":1721,"column":65}},"842":{"start":{"line":1721,"column":48},"end":{"line":1721,"column":65}},"843":{"start":{"line":1723,"column":24},"end":{"line":1737,"column":25}},"844":{"start":{"line":1724,"column":28},"end":{"line":1729,"column":29}},"845":{"start":{"line":1725,"column":32},"end":{"line":1725,"column":53}},"846":{"start":{"line":1726,"column":32},"end":{"line":1726,"column":65}},"847":{"start":{"line":1727,"column":32},"end":{"line":1727,"column":63}},"848":{"start":{"line":1728,"column":32},"end":{"line":1728,"column":63}},"849":{"start":{"line":1731,"column":41},"end":{"line":1731,"column":66}},"850":{"start":{"line":1733,"column":28},"end":{"line":1736,"column":67}},"851":{"start":{"line":1734,"column":32},"end":{"line":1734,"column":84}},"852":{"start":{"line":1734,"column":72},"end":{"line":1734,"column":84}},"853":{"start":{"line":1736,"column":38},"end":{"line":1736,"column":65}},"854":{"start":{"line":1736,"column":48},"end":{"line":1736,"column":65}},"855":{"start":{"line":1738,"column":24},"end":{"line":1751,"column":25}},"856":{"start":{"line":1740,"column":28},"end":{"line":1743,"column":29}},"857":{"start":{"line":1741,"column":32},"end":{"line":1741,"column":51}},"858":{"start":{"line":1742,"column":32},"end":{"line":1742,"column":55}},"859":{"start":{"line":1745,"column":41},"end":{"line":1745,"column":66}},"860":{"start":{"line":1747,"column":28},"end":{"line":1750,"column":67}},"861":{"start":{"line":1748,"column":32},"end":{"line":1748,"column":84}},"862":{"start":{"line":1748,"column":72},"end":{"line":1748,"column":84}},"863":{"start":{"line":1750,"column":38},"end":{"line":1750,"column":65}},"864":{"start":{"line":1750,"column":48},"end":{"line":1750,"column":65}},"865":{"start":{"line":1752,"column":24},"end":{"line":1752,"column":37}},"866":{"start":{"line":1754,"column":24},"end":{"line":1754,"column":39}},"867":{"start":{"line":1755,"column":24},"end":{"line":1755,"column":48}},"868":{"start":{"line":1756,"column":28},"end":{"line":1756,"column":52}},"869":{"start":{"line":1758,"column":24},"end":{"line":1758,"column":43}},"870":{"start":{"line":1759,"column":24},"end":{"line":1759,"column":49}},"871":{"start":{"line":1760,"column":24},"end":{"line":1760,"column":48}},"872":{"start":{"line":1762,"column":24},"end":{"line":1765,"column":63}},"873":{"start":{"line":1763,"column":28},"end":{"line":1763,"column":80}},"874":{"start":{"line":1763,"column":68},"end":{"line":1763,"column":80}},"875":{"start":{"line":1765,"column":34},"end":{"line":1765,"column":61}},"876":{"start":{"line":1765,"column":44},"end":{"line":1765,"column":61}},"877":{"start":{"line":1766,"column":24},"end":{"line":1766,"column":50}},"878":{"start":{"line":1767,"column":28},"end":{"line":1767,"column":66}},"879":{"start":{"line":1780,"column":4},"end":{"line":1858,"column":6}},"880":{"start":{"line":1781,"column":8},"end":{"line":1857,"column":11}},"881":{"start":{"line":1783,"column":12},"end":{"line":1856,"column":15}},"882":{"start":{"line":1784,"column":16},"end":{"line":1855,"column":17}},"883":{"start":{"line":1786,"column":24},"end":{"line":1786,"column":51}},"884":{"start":{"line":1787,"column":24},"end":{"line":1787,"column":106}},"885":{"start":{"line":1788,"column":24},"end":{"line":1788,"column":53}},"886":{"start":{"line":1789,"column":24},"end":{"line":1789,"column":51}},"887":{"start":{"line":1790,"column":24},"end":{"line":1790,"column":51}},"888":{"start":{"line":1791,"column":24},"end":{"line":1806,"column":25}},"889":{"start":{"line":1793,"column":28},"end":{"line":1798,"column":29}},"890":{"start":{"line":1794,"column":32},"end":{"line":1794,"column":55}},"891":{"start":{"line":1795,"column":32},"end":{"line":1795,"column":69}},"892":{"start":{"line":1796,"column":32},"end":{"line":1796,"column":67}},"893":{"start":{"line":1797,"column":32},"end":{"line":1797,"column":67}},"894":{"start":{"line":1800,"column":41},"end":{"line":1800,"column":66}},"895":{"start":{"line":1802,"column":28},"end":{"line":1805,"column":67}},"896":{"start":{"line":1803,"column":32},"end":{"line":1803,"column":84}},"897":{"start":{"line":1803,"column":72},"end":{"line":1803,"column":84}},"898":{"start":{"line":1805,"column":38},"end":{"line":1805,"column":65}},"899":{"start":{"line":1805,"column":48},"end":{"line":1805,"column":65}},"900":{"start":{"line":1807,"column":24},"end":{"line":1822,"column":25}},"901":{"start":{"line":1809,"column":28},"end":{"line":1814,"column":29}},"902":{"start":{"line":1810,"column":32},"end":{"line":1810,"column":53}},"903":{"start":{"line":1811,"column":32},"end":{"line":1811,"column":65}},"904":{"start":{"line":1812,"column":32},"end":{"line":1812,"column":63}},"905":{"start":{"line":1813,"column":32},"end":{"line":1813,"column":63}},"906":{"start":{"line":1816,"column":41},"end":{"line":1816,"column":66}},"907":{"start":{"line":1818,"column":28},"end":{"line":1821,"column":67}},"908":{"start":{"line":1819,"column":32},"end":{"line":1819,"column":84}},"909":{"start":{"line":1819,"column":72},"end":{"line":1819,"column":84}},"910":{"start":{"line":1821,"column":38},"end":{"line":1821,"column":65}},"911":{"start":{"line":1821,"column":48},"end":{"line":1821,"column":65}},"912":{"start":{"line":1823,"column":24},"end":{"line":1823,"column":37}},"913":{"start":{"line":1825,"column":24},"end":{"line":1825,"column":51}},"914":{"start":{"line":1826,"column":24},"end":{"line":1826,"column":71}},"915":{"start":{"line":1827,"column":24},"end":{"line":1827,"column":37}},"916":{"start":{"line":1829,"column":24},"end":{"line":1829,"column":63}},"917":{"start":{"line":1829,"column":39},"end":{"line":1829,"column":63}},"918":{"start":{"line":1830,"column":24},"end":{"line":1830,"column":45}},"919":{"start":{"line":1831,"column":24},"end":{"line":1831,"column":75}},"920":{"start":{"line":1833,"column":24},"end":{"line":1833,"column":44}},"921":{"start":{"line":1834,"column":24},"end":{"line":1834,"column":47}},"922":{"start":{"line":1835,"column":24},"end":{"line":1835,"column":37}},"923":{"start":{"line":1837,"column":24},"end":{"line":1837,"column":39}},"924":{"start":{"line":1838,"column":24},"end":{"line":1838,"column":48}},"925":{"start":{"line":1839,"column":28},"end":{"line":1839,"column":52}},"926":{"start":{"line":1841,"column":24},"end":{"line":1841,"column":43}},"927":{"start":{"line":1842,"column":24},"end":{"line":1842,"column":49}},"928":{"start":{"line":1843,"column":24},"end":{"line":1843,"column":48}},"929":{"start":{"line":1845,"column":24},"end":{"line":1848,"column":63}},"930":{"start":{"line":1846,"column":28},"end":{"line":1846,"column":80}},"931":{"start":{"line":1846,"column":68},"end":{"line":1846,"column":80}},"932":{"start":{"line":1848,"column":34},"end":{"line":1848,"column":61}},"933":{"start":{"line":1848,"column":44},"end":{"line":1848,"column":61}},"934":{"start":{"line":1849,"column":24},"end":{"line":1849,"column":50}},"935":{"start":{"line":1850,"column":28},"end":{"line":1850,"column":59}},"936":{"start":{"line":1852,"column":24},"end":{"line":1852,"column":41}},"937":{"start":{"line":1853,"column":24},"end":{"line":1853,"column":116}},"938":{"start":{"line":1854,"column":29},"end":{"line":1854,"column":51}},"939":{"start":{"line":1867,"column":4},"end":{"line":1876,"column":6}},"940":{"start":{"line":1868,"column":22},"end":{"line":1874,"column":9}},"941":{"start":{"line":1875,"column":8},"end":{"line":1875,"column":23}},"942":{"start":{"line":1887,"column":4},"end":{"line":1967,"column":6}},"943":{"start":{"line":1888,"column":8},"end":{"line":1966,"column":11}},"944":{"start":{"line":1890,"column":12},"end":{"line":1965,"column":15}},"945":{"start":{"line":1891,"column":16},"end":{"line":1964,"column":17}},"946":{"start":{"line":1893,"column":24},"end":{"line":1893,"column":52}},"947":{"start":{"line":1894,"column":24},"end":{"line":1894,"column":64}},"948":{"start":{"line":1894,"column":39},"end":{"line":1894,"column":64}},"949":{"start":{"line":1895,"column":24},"end":{"line":1895,"column":37}},"950":{"start":{"line":1897,"column":24},"end":{"line":1897,"column":54}},"951":{"start":{"line":1898,"column":24},"end":{"line":1898,"column":90}},"952":{"start":{"line":1899,"column":24},"end":{"line":1899,"column":37}},"953":{"start":{"line":1901,"column":24},"end":{"line":1901,"column":74}},"954":{"start":{"line":1901,"column":49},"end":{"line":1901,"column":74}},"955":{"start":{"line":1902,"column":24},"end":{"line":1902,"column":53}},"956":{"start":{"line":1903,"column":24},"end":{"line":1903,"column":44}},"957":{"start":{"line":1904,"column":24},"end":{"line":1904,"column":52}},"958":{"start":{"line":1905,"column":24},"end":{"line":1906,"column":42}},"959":{"start":{"line":1906,"column":28},"end":{"line":1906,"column":42}},"960":{"start":{"line":1907,"column":24},"end":{"line":1907,"column":37}},"961":{"start":{"line":1909,"column":24},"end":{"line":1909,"column":52}},"962":{"start":{"line":1910,"column":24},"end":{"line":1910,"column":74}},"963":{"start":{"line":1911,"column":24},"end":{"line":1911,"column":37}},"964":{"start":{"line":1913,"column":24},"end":{"line":1913,"column":69}},"965":{"start":{"line":1913,"column":45},"end":{"line":1913,"column":69}},"966":{"start":{"line":1914,"column":24},"end":{"line":1914,"column":45}},"967":{"start":{"line":1915,"column":24},"end":{"line":1915,"column":70}},"968":{"start":{"line":1916,"column":24},"end":{"line":1918,"column":54}},"969":{"start":{"line":1920,"column":24},"end":{"line":1920,"column":42}},"970":{"start":{"line":1921,"column":24},"end":{"line":1929,"column":25}},"971":{"start":{"line":1922,"column":28},"end":{"line":1928,"column":52}},"972":{"start":{"line":1930,"column":24},"end":{"line":1930,"column":37}},"973":{"start":{"line":1932,"column":24},"end":{"line":1932,"column":49}},"974":{"start":{"line":1933,"column":24},"end":{"line":1933,"column":48}},"975":{"start":{"line":1934,"column":28},"end":{"line":1934,"column":53}},"976":{"start":{"line":1936,"column":24},"end":{"line":1936,"column":43}},"977":{"start":{"line":1937,"column":24},"end":{"line":1937,"column":49}},"978":{"start":{"line":1938,"column":24},"end":{"line":1938,"column":49}},"979":{"start":{"line":1940,"column":24},"end":{"line":1943,"column":63}},"980":{"start":{"line":1941,"column":28},"end":{"line":1941,"column":100}},"981":{"start":{"line":1941,"column":84},"end":{"line":1941,"column":100}},"982":{"start":{"line":1943,"column":34},"end":{"line":1943,"column":61}},"983":{"start":{"line":1943,"column":44},"end":{"line":1943,"column":61}},"984":{"start":{"line":1944,"column":24},"end":{"line":1944,"column":50}},"985":{"start":{"line":1946,"column":24},"end":{"line":1946,"column":57}},"986":{"start":{"line":1947,"column":24},"end":{"line":1947,"column":48}},"987":{"start":{"line":1948,"column":29},"end":{"line":1948,"column":54}},"988":{"start":{"line":1950,"column":24},"end":{"line":1950,"column":43}},"989":{"start":{"line":1951,"column":24},"end":{"line":1951,"column":49}},"990":{"start":{"line":1952,"column":24},"end":{"line":1952,"column":49}},"991":{"start":{"line":1954,"column":24},"end":{"line":1957,"column":63}},"992":{"start":{"line":1955,"column":28},"end":{"line":1955,"column":116}},"993":{"start":{"line":1955,"column":96},"end":{"line":1955,"column":116}},"994":{"start":{"line":1957,"column":34},"end":{"line":1957,"column":61}},"995":{"start":{"line":1957,"column":44},"end":{"line":1957,"column":61}},"996":{"start":{"line":1958,"column":24},"end":{"line":1958,"column":50}},"997":{"start":{"line":1959,"column":29},"end":{"line":1959,"column":70}},"998":{"start":{"line":1961,"column":24},"end":{"line":1961,"column":41}},"999":{"start":{"line":1962,"column":24},"end":{"line":1962,"column":112}},"1000":{"start":{"line":1963,"column":29},"end":{"line":1963,"column":51}},"1001":{"start":{"line":1977,"column":4},"end":{"line":2014,"column":6}},"1002":{"start":{"line":1978,"column":8},"end":{"line":2013,"column":11}},"1003":{"start":{"line":1980,"column":12},"end":{"line":2012,"column":15}},"1004":{"start":{"line":1981,"column":16},"end":{"line":2011,"column":17}},"1005":{"start":{"line":1983,"column":24},"end":{"line":1983,"column":50}},"1006":{"start":{"line":1984,"column":24},"end":{"line":1986,"column":58}},"1007":{"start":{"line":1988,"column":24},"end":{"line":1988,"column":43}},"1008":{"start":{"line":1989,"column":24},"end":{"line":1993,"column":54}},"1009":{"start":{"line":1990,"column":28},"end":{"line":1993,"column":54}},"1010":{"start":{"line":1994,"column":24},"end":{"line":1994,"column":37}},"1011":{"start":{"line":1995,"column":24},"end":{"line":1995,"column":49}},"1012":{"start":{"line":1996,"column":24},"end":{"line":1998,"column":80}},"1013":{"start":{"line":2000,"column":24},"end":{"line":2000,"column":34}},"1014":{"start":{"line":2001,"column":24},"end":{"line":2001,"column":65}},"1015":{"start":{"line":2003,"column":24},"end":{"line":2003,"column":41}},"1016":{"start":{"line":2004,"column":24},"end":{"line":2009,"column":39}},"1017":{"start":{"line":2010,"column":28},"end":{"line":2010,"column":50}},"1018":{"start":{"line":2024,"column":4},"end":{"line":2069,"column":6}},"1019":{"start":{"line":2025,"column":8},"end":{"line":2068,"column":11}},"1020":{"start":{"line":2027,"column":12},"end":{"line":2067,"column":15}},"1021":{"start":{"line":2028,"column":16},"end":{"line":2066,"column":17}},"1022":{"start":{"line":2030,"column":24},"end":{"line":2030,"column":50}},"1023":{"start":{"line":2031,"column":24},"end":{"line":2033,"column":58}},"1024":{"start":{"line":2035,"column":24},"end":{"line":2035,"column":43}},"1025":{"start":{"line":2036,"column":24},"end":{"line":2040,"column":49}},"1026":{"start":{"line":2037,"column":28},"end":{"line":2040,"column":49}},"1027":{"start":{"line":2041,"column":24},"end":{"line":2048,"column":25}},"1028":{"start":{"line":2042,"column":28},"end":{"line":2047,"column":43}},"1029":{"start":{"line":2049,"column":24},"end":{"line":2049,"column":37}},"1030":{"start":{"line":2050,"column":24},"end":{"line":2050,"column":49}},"1031":{"start":{"line":2051,"column":24},"end":{"line":2053,"column":80}},"1032":{"start":{"line":2055,"column":24},"end":{"line":2055,"column":34}},"1033":{"start":{"line":2056,"column":24},"end":{"line":2056,"column":65}},"1034":{"start":{"line":2058,"column":24},"end":{"line":2058,"column":41}},"1035":{"start":{"line":2059,"column":24},"end":{"line":2064,"column":39}},"1036":{"start":{"line":2065,"column":28},"end":{"line":2065,"column":50}},"1037":{"start":{"line":2080,"column":4},"end":{"line":2127,"column":6}},"1038":{"start":{"line":2081,"column":8},"end":{"line":2126,"column":11}},"1039":{"start":{"line":2083,"column":12},"end":{"line":2125,"column":15}},"1040":{"start":{"line":2084,"column":16},"end":{"line":2124,"column":17}},"1041":{"start":{"line":2086,"column":24},"end":{"line":2086,"column":50}},"1042":{"start":{"line":2087,"column":24},"end":{"line":2089,"column":58}},"1043":{"start":{"line":2091,"column":24},"end":{"line":2091,"column":43}},"1044":{"start":{"line":2092,"column":24},"end":{"line":2093,"column":136}},"1045":{"start":{"line":2093,"column":28},"end":{"line":2093,"column":136}},"1046":{"start":{"line":2094,"column":24},"end":{"line":2101,"column":25}},"1047":{"start":{"line":2095,"column":28},"end":{"line":2100,"column":43}},"1048":{"start":{"line":2102,"column":24},"end":{"line":2103,"column":110}},"1049":{"start":{"line":2103,"column":28},"end":{"line":2103,"column":110}},"1050":{"start":{"line":2104,"column":24},"end":{"line":2106,"column":25}},"1051":{"start":{"line":2105,"column":28},"end":{"line":2105,"column":132}},"1052":{"start":{"line":2108,"column":24},"end":{"line":2108,"column":97}},"1053":{"start":{"line":2111,"column":24},"end":{"line":2111,"column":34}},"1054":{"start":{"line":2112,"column":24},"end":{"line":2112,"column":37}},"1055":{"start":{"line":2113,"column":24},"end":{"line":2113,"column":80}},"1056":{"start":{"line":2114,"column":24},"end":{"line":2116,"column":80}},"1057":{"start":{"line":2118,"column":24},"end":{"line":2118,"column":34}},"1058":{"start":{"line":2119,"column":24},"end":{"line":2119,"column":65}},"1059":{"start":{"line":2121,"column":24},"end":{"line":2121,"column":41}},"1060":{"start":{"line":2122,"column":24},"end":{"line":2122,"column":68}},"1061":{"start":{"line":2123,"column":28},"end":{"line":2123,"column":50}},"1062":{"start":{"line":2137,"column":4},"end":{"line":2196,"column":6}},"1063":{"start":{"line":2138,"column":8},"end":{"line":2195,"column":11}},"1064":{"start":{"line":2140,"column":12},"end":{"line":2194,"column":15}},"1065":{"start":{"line":2141,"column":16},"end":{"line":2193,"column":17}},"1066":{"start":{"line":2143,"column":24},"end":{"line":2143,"column":52}},"1067":{"start":{"line":2144,"column":24},"end":{"line":2144,"column":55}},"1068":{"start":{"line":2145,"column":24},"end":{"line":2145,"column":63}},"1069":{"start":{"line":2145,"column":39},"end":{"line":2145,"column":63}},"1070":{"start":{"line":2147,"column":24},"end":{"line":2147,"column":89}},"1071":{"start":{"line":2150,"column":24},"end":{"line":2150,"column":34}},"1072":{"start":{"line":2151,"column":24},"end":{"line":2151,"column":37}},"1073":{"start":{"line":2152,"column":28},"end":{"line":2154,"column":48}},"1074":{"start":{"line":2156,"column":24},"end":{"line":2156,"column":44}},"1075":{"start":{"line":2157,"column":24},"end":{"line":2157,"column":48}},"1076":{"start":{"line":2158,"column":24},"end":{"line":2158,"column":64}},"1077":{"start":{"line":2158,"column":39},"end":{"line":2158,"column":64}},"1078":{"start":{"line":2159,"column":24},"end":{"line":2159,"column":37}},"1079":{"start":{"line":2161,"column":24},"end":{"line":2161,"column":53}},"1080":{"start":{"line":2162,"column":24},"end":{"line":2162,"column":90}},"1081":{"start":{"line":2163,"column":24},"end":{"line":2163,"column":37}},"1082":{"start":{"line":2165,"column":24},"end":{"line":2165,"column":73}},"1083":{"start":{"line":2165,"column":49},"end":{"line":2165,"column":73}},"1084":{"start":{"line":2166,"column":24},"end":{"line":2166,"column":53}},"1085":{"start":{"line":2167,"column":24},"end":{"line":2167,"column":44}},"1086":{"start":{"line":2168,"column":24
[...]
":6}},"3":{"start":{"line":19,"column":8},"end":{"line":19,"column":51}},"4":{"start":{"line":21,"column":4},"end":{"line":23,"column":6}},"5":{"start":{"line":22,"column":8},"end":{"line":22,"column":51}},"6":{"start":{"line":24,"column":4},"end":{"line":26,"column":6}},"7":{"start":{"line":25,"column":8},"end":{"line":25,"column":51}},"8":{"start":{"line":27,"column":4},"end":{"line":29,"column":6}},"9":{"start":{"line":28,"column":8},"end":{"line":28,"column":51}},"10":{"start":{"line":30,"column":4},"end":{"line":32,"column":6}},"11":{"start":{"line":31,"column":8},"end":{"line":31,"column":51}},"12":{"start":{"line":33,"column":4},"end":{"line":35,"column":6}},"13":{"start":{"line":34,"column":8},"end":{"line":34,"column":51}},"14":{"start":{"line":36,"column":4},"end":{"line":38,"column":6}},"15":{"start":{"line":37,"column":8},"end":{"line":37,"column":51}},"16":{"start":{"line":39,"column":4},"end":{"line":41,"column":6}},"17":{"start":{"line":40,"column":8},"end":{"line":40,"column":51}},"18":{"start":{"line":42,"column":4},"end":{"line":44,"column":6}},"19":{"start":{"line":43,"column":8},"end":{"line":43,"column":51}},"20":{"start":{"line":45,"column":4},"end":{"line":47,"column":6}},"21":{"start":{"line":46,"column":8},"end":{"line":46,"column":51}},"22":{"start":{"line":48,"column":4},"end":{"line":50,"column":6}},"23":{"start":{"line":49,"column":8},"end":{"line":49,"column":51}},"24":{"start":{"line":51,"column":4},"end":{"line":53,"column":6}},"25":{"start":{"line":52,"column":8},"end":{"line":52,"column":51}},"26":{"start":{"line":54,"column":4},"end":{"line":56,"column":6}},"27":{"start":{"line":55,"column":8},"end":{"line":55,"column":51}},"28":{"start":{"line":57,"column":4},"end":{"line":59,"column":6}},"29":{"start":{"line":58,"column":8},"end":{"line":58,"column":51}},"30":{"start":{"line":60,"column":4},"end":{"line":62,"column":6}},"31":{"start":{"line":61,"column":8},"end":{"line":61,"column":51}},"32":{"start":{"line":63,"column":4},"end":{"line":65,"column":6}},"33":{"start":{"line":64,"column":8},"end":{"line":64,"column":51}},"34":{"start":{"line":66,"column":4},"end":{"line":68,"column":6}},"35":{"start":{"line":67,"column":8},"end":{"line":67,"column":51}},"36":{"start":{"line":69,"column":4},"end":{"line":71,"column":6}},"37":{"start":{"line":70,"column":8},"end":{"line":70,"column":51}},"38":{"start":{"line":72,"column":4},"end":{"line":74,"column":6}},"39":{"start":{"line":73,"column":8},"end":{"line":73,"column":51}},"40":{"start":{"line":75,"column":4},"end":{"line":77,"column":6}},"41":{"start":{"line":76,"column":8},"end":{"line":76,"column":51}},"42":{"start":{"line":78,"column":4},"end":{"line":80,"column":6}},"43":{"start":{"line":79,"column":8},"end":{"line":79,"column":51}},"44":{"start":{"line":81,"column":4},"end":{"line":83,"column":6}},"45":{"start":{"line":82,"column":8},"end":{"line":82,"column":51}},"46":{"start":{"line":84,"column":4},"end":{"line":86,"column":6}},"47":{"start":{"line":85,"column":8},"end":{"line":85,"column":51}},"48":{"start":{"line":87,"column":4},"end":{"line":89,"column":6}},"49":{"start":{"line":88,"column":8},"end":{"line":88,"column":51}},"50":{"start":{"line":90,"column":4},"end":{"line":92,"column":6}},"51":{"start":{"line":91,"column":8},"end":{"line":91,"column":51}},"52":{"start":{"line":93,"column":4},"end":{"line":95,"column":6}},"53":{"start":{"line":94,"column":8},"end":{"line":94,"column":51}},"54":{"start":{"line":96,"column":4},"end":{"line":98,"column":6}},"55":{"start":{"line":97,"column":8},"end":{"line":97,"column":51}},"56":{"start":{"line":99,"column":4},"end":{"line":101,"column":6}},"57":{"start":{"line":100,"column":8},"end":{"line":100,"column":51}},"58":{"start":{"line":102,"column":4},"end":{"line":104,"column":6}},"59":{"start":{"line":103,"column":8},"end":{"line":103,"column":51}},"60":{"start":{"line":105,"column":4},"end":{"line":107,"column":6}},"61":{"start":{"line":106,"column":8},"end":{"line":106,"column":51}},"62":{"start":{"line":108,"column":4},"end":{"line":110,"column":6}},"63":{"start":{"line":109,"column":8},"end":{"line":109,"column":51}},"64":{"start":{"line":111,"column":4},"end":{"line":113,"column":6}},"65":{"start":{"line":112,"column":8},"end":{"line":112,"column":51}},"66":{"start":{"line":114,"column":4},"end":{"line":116,"column":6}},"67":{"start":{"line":115,"column":8},"end":{"line":115,"column":51}},"68":{"start":{"line":117,"column":4},"end":{"line":119,"column":6}},"69":{"start":{"line":118,"column":8},"end":{"line":118,"column":51}},"70":{"start":{"line":120,"column":4},"end":{"line":122,"column":6}},"71":{"start":{"line":121,"column":8},"end":{"line":121,"column":51}},"72":{"start":{"line":123,"column":4},"end":{"line":125,"column":6}},"73":{"start":{"line":124,"column":8},"end":{"line":124,"column":51}},"74":{"start":{"line":126,"column":4},"end":{"line":128,"column":6}},"75":{"start":{"line":127,"column":8},"end":{"line":127,"column":51}},"76":{"start":{"line":129,"column":4},"end":{"line":131,"column":6}},"77":{"start":{"line":130,"column":8},"end":{"line":130,"column":51}},"78":{"start":{"line":132,"column":4},"end":{"line":134,"column":6}},"79":{"start":{"line":133,"column":8},"end":{"line":133,"column":51}},"80":{"start":{"line":135,"column":4},"end":{"line":137,"column":6}},"81":{"start":{"line":136,"column":8},"end":{"line":136,"column":51}},"82":{"start":{"line":138,"column":4},"end":{"line":140,"column":6}},"83":{"start":{"line":139,"column":8},"end":{"line":139,"column":51}},"84":{"start":{"line":141,"column":4},"end":{"line":143,"column":6}},"85":{"start":{"line":142,"column":8},"end":{"line":142,"column":51}},"86":{"start":{"line":144,"column":4},"end":{"line":146,"column":6}},"87":{"start":{"line":145,"column":8},"end":{"line":145,"column":51}},"88":{"start":{"line":147,"column":4},"end":{"line":153,"column":6}},"89":{"start":{"line":148,"column":19},"end":{"line":148,"column":21}},"90":{"start":{"line":149,"column":8},"end":{"line":151,"column":9}},"91":{"start":{"line":150,"column":12},"end":{"line":150,"column":41}},"92":{"start":{"line":152,"column":8},"end":{"line":152,"column":51}},"93":{"start":{"line":154,"column":4},"end":{"line":156,"column":6}},"94":{"start":{"line":155,"column":8},"end":{"line":155,"column":51}},"95":{"start":{"line":157,"column":4},"end":{"line":159,"column":6}},"96":{"start":{"line":158,"column":8},"end":{"line":158,"column":51}},"97":{"start":{"line":160,"column":4},"end":{"line":162,"column":6}},"98":{"start":{"line":161,"column":8},"end":{"line":161,"column":51}},"99":{"start":{"line":163,"column":4},"end":{"line":165,"column":6}},"100":{"start":{"line":164,"column":8},"end":{"line":164,"column":51}},"101":{"start":{"line":166,"column":4},"end":{"line":168,"column":6}},"102":{"start":{"line":167,"column":8},"end":{"line":167,"column":51}},"103":{"start":{"line":169,"column":4},"end":{"line":171,"column":6}},"104":{"start":{"line":170,"column":8},"end":{"line":170,"column":51}},"105":{"start":{"line":172,"column":4},"end":{"line":174,"column":6}},"106":{"start":{"line":173,"column":8},"end":{"line":173,"column":51}},"107":{"start":{"line":175,"column":4},"end":{"line":177,"column":6}},"108":{"start":{"line":176,"column":8},"end":{"line":176,"column":51}},"109":{"start":{"line":178,"column":4},"end":{"line":180,"column":6}},"110":{"start":{"line":179,"column":8},"end":{"line":179,"column":51}},"111":{"start":{"line":181,"column":4},"end":{"line":183,"column":6}},"112":{"start":{"line":182,"column":8},"end":{"line":182,"column":51}},"113":{"start":{"line":184,"column":4},"end":{"line":186,"column":6}},"114":{"start":{"line":185,"column":8},"end":{"line":185,"column":51}},"115":{"start":{"line":187,"column":4},"end":{"line":189,"column":6}},"116":{"start":{"line":188,"column":8},"end":{"line":188,"column":51}},"117":{"start":{"line":190,"column":4},"end":{"line":190,"column":31}},"118":{"start":{"line":192,"column":0},"end":{"line":192,"column":50}}},"fnMap":{"0":{"name":"(anonymous_0)","decl":{"start":{"line":15,"column":41},"end":{"line":15,"column":42}},"loc":{"start":{"line":15,"column":53},"end":{"line":191,"column":1}},"line":15},"1":{"name":"MockExpressResponse","decl":{"start":{"line":16,"column":13},"end":{"line":16,"column":32}},"loc":{"start":{"line":16,"column":35},"end":{"line":17,"column":5}},"line":16},"2":{"name":"(anonymous_2)","decl":{"start":{"line":18,"column":43},"end":{"line":18,"column":44}},"loc":{"start":{"line":18,"column":59},"end":{"line":20,"column":5}},"line":18},"3":{"name":"(anonymous_3)","decl":{"start":{"line":21,"column":47},"end":{"line":21,"column":48}},"loc":{"start":{"line":21,"column":63},"end":{"line":23,"column":5}},"line":21},"4":{"name":"(anonymous_4)","decl":{"start":{"line":24,"column":42},"end":{"line":24,"column":43}},"loc":{"start":{"line":24,"column":59},"end":{"line":26,"column":5}},"line":24},"5":{"name":"(anonymous_5)","decl":{"start":{"line":27,"column":45},"end":{"line":27,"column":46}},"loc":{"start":{"line":27,"column":74},"end":{"line":29,"column":5}},"line":27},"6":{"name":"(anonymous_6)","decl":{"start":{"line":30,"column":45},"end":{"line":30,"column":46}},"loc":{"start":{"line":30,"column":74},"end":{"line":32,"column":5}},"line":30},"7":{"name":"(anonymous_7)","decl":{"start":{"line":33,"column":45},"end":{"line":33,"column":46}},"loc":{"start":{"line":33,"column":75},"end":{"line":35,"column":5}},"line":33},"8":{"name":"(anonymous_8)","decl":{"start":{"line":36,"column":48},"end":{"line":36,"column":49}},"loc":{"start":{"line":36,"column":64},"end":{"line":38,"column":5}},"line":36},"9":{"name":"(anonymous_9)","decl":{"start":{"line":39,"column":41},"end":{"line":39,"column":42}},"loc":{"start":{"line":39,"column":57},"end":{"line":41,"column":5}},"line":39},"10":{"name":"(anonymous_10)","decl":{"start":{"line":42,"column":43},"end":{"line":42,"column":44}},"loc":{"start":{"line":42,"column":58},"end":{"line":44,"column":5}},"line":42},"11":{"name":"(anonymous_11)","decl":{"start":{"line":45,"column":47},"end":{"line":45,"column":48}},"loc":{"start":{"line":45,"column":67},"end":{"line":47,"column":5}},"line":45},"12":{"name":"(anonymous_12)","decl":{"start":{"line":48,"column":40},"end":{"line":48,"column":41}},"loc":{"start":{"line":48,"column":64},"end":{"line":50,"column":5}},"line":48},"13":{"name":"(anonymous_13)","decl":{"start":{"line":51,"column":43},"end":{"line":51,"column":44}},"loc":{"start":{"line":51,"column":67},"end":{"line":53,"column":5}},"line":51},"14":{"name":"(anonymous_14)","decl":{"start":{"line":54,"column":40},"end":{"line":54,"column":41}},"loc":{"start":{"line":54,"column":57},"end":{"line":56,"column":5}},"line":54},"15":{"name":"(anonymous_15)","decl":{"start":{"line":57,"column":48},"end":{"line":57,"column":49}},"loc":{"start":{"line":57,"column":73},"end":{"line":59,"column":5}},"line":57},"16":{"name":"(anonymous_16)","decl":{"start":{"line":60,"column":43},"end":{"line":60,"column":44}},"loc":{"start":{"line":60,"column":73},"end":{"line":62,"column":5}},"line":60},"17":{"name":"(anonymous_17)","decl":{"start":{"line":63,"column":45},"end":{"line":63,"column":46}},"loc":{"start":{"line":63,"column":60},"end":{"line":65,"column":5}},"line":63},"18":{"name":"(anonymous_18)","decl":{"start":{"line":66,"column":45},"end":{"line":66,"column":46}},"loc":{"start":{"line":66,"column":68},"end":{"line":68,"column":5}},"line":66},"19":{"name":"(anonymous_19)","decl":{"start":{"line":69,"column":43},"end":{"line":69,"column":44}},"loc":{"start":{"line":69,"column":78},"end":{"line":71,"column":5}},"line":69},"20":{"name":"(anonymous_20)","decl":{"start":{"line":72,"column":41},"end":{"line":72,"column":42}},"loc":{"start":{"line":72,"column":58},"end":{"line":74,"column":5}},"line":72},"21":{"name":"(anonymous_21)","decl":{"start":{"line":75,"column":49},"end":{"line":75,"column":50}},"loc":{"start":{"line":75,"column":67},"end":{"line":77,"column":5}},"line":75},"22":{"name":"(anonymous_22)","decl":{"start":{"line":78,"column":49},"end":{"line":78,"column":50}},"loc":{"start":{"line":78,"column":67},"end":{"line":80,"column":5}},"line":78},"23":{"name":"(anonymous_23)","decl":{"start":{"line":81,"column":50},"end":{"line":81,"column":51}},"loc":{"start":{"line":81,"column":70},"end":{"line":83,"column":5}},"line":81},"24":{"name":"(anonymous_24)","decl":{"start":{"line":84,"column":46},"end":{"line":84,"column":47}},"loc":{"start":{"line":84,"column":91},"end":{"line":86,"column":5}},"line":84},"25":{"name":"(anonymous_25)","decl":{"start":{"line":87,"column":47},"end":{"line":87,"column":48}},"loc":{"start":{"line":87,"column":74},"end":{"line":89,"column":5}},"line":87},"26":{"name":"(anonymous_26)","decl":{"start":{"line":90,"column":44},"end":{"line":90,"column":45}},"loc":{"start":{"line":90,"column":61},"end":{"line":92,"column":5}},"line":90},"27":{"name":"(anonymous_27)","decl":{"start":{"line":93,"column":46},"end":{"line":93,"column":47}},"loc":{"start":{"line":93,"column":69},"end":{"line":95,"column":5}},"line":93},"28":{"name":"(anonymous_28)","decl":{"start":{"line":96,"column":46},"end":{"line":96,"column":47}},"loc":{"start":{"line":96,"column":62},"end":{"line":98,"column":5}},"line":96},"29":{"name":"(anonymous_29)","decl":{"start":{"line":99,"column":47},"end":{"line":99,"column":48}},"loc":{"start":{"line":99,"column":59},"end":{"line":101,"column":5}},"line":99},"30":{"name":"(anonymous_30)","decl":{"start":{"line":102,"column":51},"end":{"line":102,"column":52}},"loc":{"start":{"line":102,"column":63},"end":{"line":104,"column":5}},"line":102},"31":{"name":"(anonymous_31)","decl":{"start":{"line":105,"column":46},"end":{"line":105,"column":47}},"loc":{"start":{"line":105,"column":62},"end":{"line":107,"column":5}},"line":105},"32":{"name":"(anonymous_32)","decl":{"start":{"line":108,"column":49},"end":{"line":108,"column":50}},"loc":{"start":{"line":108,"column":65},"end":{"line":110,"column":5}},"line":108},"33":{"name":"(anonymous_33)","decl":{"start":{"line":111,"column":48},"end":{"line":111,"column":49}},"loc":{"start":{"line":111,"column":67},"end":{"line":113,"column":5}},"line":111},"34":{"name":"(anonymous_34)","decl":{"start":{"line":114,"column":49},"end":{"line":114,"column":50}},"loc":{"start":{"line":114,"column":61},"end":{"line":116,"column":5}},"line":114},"35":{"name":"(anonymous_35)","decl":{"start":{"line":117,"column":43},"end":{"line":117,"column":44}},"loc":{"start":{"line":117,"column":80},"end":{"line":119,"column":5}},"line":117},"36":{"name":"(anonymous_36)","decl":{"start":{"line":120,"column":44},"end":{"line":120,"column":45}},"loc":{"start":{"line":120,"column":72},"end":{"line":122,"column":5}},"line":120},"37":{"name":"(anonymous_37)","decl":{"start":{"line":123,"column":45},"end":{"line":123,"column":46}},"loc":{"start":{"line":123,"column":70},"end":{"line":125,"column":5}},"line":123},"38":{"name":"(anonymous_38)","decl":{"start":{"line":126,"column":43},"end":{"line":126,"column":44}},"loc":{"start":{"line":126,"column":63},"end":{"line":128,"column":5}},"line":126},"39":{"name":"(anonymous_39)","decl":{"start":{"line":129,"column":42},"end":{"line":129,"column":43}},"loc":{"start":{"line":129,"column":73},"end":{"line":131,"column":5}},"line":129},"40":{"name":"(anonymous_40)","decl":{"start":{"line":132,"column":55},"end":{"line":132,"column":56}},"loc":{"start":{"line":132,"column":75},"end":{"line":134,"column":5}},"line":132},"41":{"name":"(anonymous_41)","decl":{"start":{"line":135,"column":40},"end":{"line":135,"column":41}},"loc":{"start":{"line":135,"column":71},"end":{"line":137,"column":5}},"line":135},"42":{"name":"(anonymous_42)","decl":{"start":{"line":138,"column":41},"end":{"line":138,"column":42}},"loc":{"start":{"line":138,"column":53},"end":{"line":140,"column":5}},"line":138},"43":{"name":"(anonymous_43)","decl":{"start":{"line":141,"column":43},"end":{"line":141,"column":44}},"loc":{"start":{"line":141,"column":55},"end":{"line":143,"column":5}},"line":141},"44":{"name":"(anonymous_44)","decl":{"start":{"line":144,"column":48},"end":{"line":144,"column":49}},"loc":{"start":{"line":144,"column":75},"end":{"line":146,"column":5}},"line":144},"45":{"name":"(anonymous_45)","decl":{"start":{"line":147,"column":41},"end":{"line":147,"column":42}},"loc":{"start":{"line":147,"column":63},"end":{"line":153,"column":5}},"line":147},"46":{"name":"(anonymous_46)","decl":{"start":{"line":154,"column":39},"end":{"line":154,"column":40}},"loc":{"start":{"line":154,"column":66},"end":{"line":156,"column":5}},"line":154},"47":{"name":"(anonymous_47)","decl":{"start":{"line":157,"column":41},"end":{"line":157,"column":42}},"loc":{"start":{"line":157,"column":68},"end":{"line":159,"column":5}},"line":157},"48":{"name":"(anonymous_48)","decl":{"start":{"line":160,"column":52},"end":{"line":160,"column":53}},"loc":{"start":{"line":160,"column":79},"end":{"line":162,"column":5}},"line":160},"49":{"name":"(anonymous_49)","decl":{"start":{"line":163,"column":56},"end":{"line":163,"column":57}},"loc":{"start":{"line":163,"column":83},"end":{"line":165,"column":5}},"line":163},"50":{"name":"(anonymous_50)","decl":{"start":{"line":166,"column":51},"end":{"line":166,"column":52}},"loc":{"start":{"line":166,"column":78},"end":{"line":168,"column":5}},"line":166},"51":{"name":"(anonymous_51)","decl":{"start":{"line":169,"column":41},"end":{"line":169,"column":42}},"loc":{"start":{"line":169,"column":73},"end":{"line":171,"column":5}},"line":169},"52":{"name":"(anonymous_52)","decl":{"start":{"line":172,"column":55},"end":{"line":172,"column":56}},"loc":{"start":{"line":172,"column":72},"end":{"line":174,"column":5}},"line":172},"53":{"name":"(anonymous_53)","decl":{"start":{"line":175,"column":52},"end":{"line":175,"column":53}},"loc":{"start":{"line":175,"column":65},"end":{"line":177,"column":5}},"line":175},"54":{"name":"(anonymous_54)","decl":{"start":{"line":178,"column":52},"end":{"line":178,"column":53}},"loc":{"start":{"line":178,"column":64},"end":{"line":180,"column":5}},"line":178},"55":{"name":"(anonymous_55)","decl":{"start":{"line":181,"column":46},"end":{"line":181,"column":47}},"loc":{"start":{"line":181,"column":63},"end":{"line":183,"column":5}},"line":181},"56":{"name":"(anonymous_56)","decl":{"start":{"line":184,"column":47},"end":{"line":184,"column":48}},"loc":{"start":{"line":184,"column":59},"end":{"line":186,"column":5}},"line":184},"57":{"name":"(anonymous_57)","decl":{"start":{"line":187,"column":50},"end":{"line":187,"column":51}},"loc":{"start":{"line":187,"column":66},"end":{"line":189,"column":5}},"line":187}},"branchMap":{},"s":{"0":1,"1":1,"2":1,"3":0,"4":1,"5":0,"6":1,"7":0,"8":1,"9":0,"10":1,"11":0,"12":1,"13":0,"14":1,"15":0,"16":1,"17":0,"18":1,"19":0,"20":1,"21":0,"22":1,"23":0,"24":1,"25":0,"26":1,"27":0,"28":1,"29":0,"30":1,"31":0,"32":1,"33":0,"34":1,"35":0,"36":1,"37":0,"38":1,"39":0,"40":1,"41":0,"42":1,"43":0,"44":1,"45":0,"46":1,"47":0,"48":1,"49":0,"50":1,"51":0,"52":1,"53":0,"54":1,"55":0,"56":1,"57":0,"58":1,"59":0,"60":1,"61":0,"62":1,"63":0,"64":1,"65":0,"66":1,"67":0,"68":1,"69":0,"70":1,"71":0,"72":1,"73":0,"74":1,"75":0,"76":1,"77":0,"78":1,"79":0,"80":1,"81":0,"82":1,"83":0,"84":1,"85":0,"86":1,"87":0,"88":1,"89":0,"90":0,"91":0,"92":0,"93":1,"94":0,"95":1,"96":0,"97":1,"98":0,"99":1,"100":0,"101":1,"102":0,"103":1,"104":0,"105":1,"106":0,"107":1,"108":0,"109":1,"110":0,"111":1,"112":0,"113":1,"114":0,"115":1,"116":0,"117":1,"118":1},"f":{"0":1,"1":2,"2":0,"3":0,"4":0,"5":0,"6":0,"7":0,"8":0,"9":0,"10":0,"11":0,"12":0,"13":0,"14":0,"15":0,"16":0,"17":0,"18":0,"19":0,"20":0,"21":0,"22":0,"23":0,"24":0,"25":0,"26":0,"27":0,"28":0,"29":0,"30":0,"31":0,"32":0,"33":0,"34":0,"35":0,"36":0,"37":0,"38":0,"39":0,"40":0,"41":0,"42":0,"43":0,"44":0,"45":0,"46":0,"47":0,"48":0,"49":0,"50":0,"51":0,"52":0,"53":0,"54":0,"55":0,"56":0,"57":0},"b":{},"_coverageSchema":"332fd63041d2c1bcb487cc26dd0d5f7d97098a6c","hash":"6d1058b92e96b87eb1d89a6a80701d0d75ac056f"}
}
