TN:
SF:/Users/anthonyvisalli/Desktop/Clark/learning-object-service/dist/routes.js
FN:6,(anonymous_0)
FNF:1
FNH:1
FNDA:315,(anonymous_0)
DA:2,3
DA:3,3
DA:4,3
DA:5,3
DA:7,315
LF:5
LH:5
BRF:0
BRH:0
end_of_record
TN:
SF:/Users/anthonyvisalli/Desktop/Clark/learning-object-service/dist/config/aws-sdk.config.js
FNF:0
FNH:0
DA:2,2
DA:3,2
DA:4,2
DA:5,2
LF:4
LH:4
BRF:0
BRH:0
end_of_record
TN:
SF:/Users/anthonyvisalli/Desktop/Clark/learning-object-service/dist/drivers/MongoDriver.js
FN:2,(anonymous_0)
FN:3,(anonymous_1)
FN:4,fulfilled
FN:5,rejected
FN:6,step
FN:6,(anonymous_5)
FN:10,(anonymous_6)
FN:11,(anonymous_7)
FN:12,(anonymous_8)
FN:13,verb
FN:13,(anonymous_10)
FN:14,step
FN:37,(anonymous_12)
FN:41,(anonymous_13)
FN:53,(anonymous_14)
FN:54,COLLECTIONS
FN:114,(anonymous_16)
FN:115,MongoDriver
FN:139,(anonymous_18)
FN:140,(anonymous_19)
FN:142,(anonymous_20)
FN:170,(anonymous_21)
FN:184,(anonymous_22)
FN:185,(anonymous_23)
FN:187,(anonymous_24)
FN:230,(anonymous_25)
FN:231,(anonymous_26)
FN:233,(anonymous_27)
FN:278,(anonymous_28)
FN:279,(anonymous_29)
FN:281,(anonymous_30)
FN:288,(anonymous_31)
FN:321,(anonymous_32)
FN:322,(anonymous_33)
FN:324,(anonymous_34)
FN:376,(anonymous_35)
FN:377,(anonymous_36)
FN:379,(anonymous_37)
FN:400,(anonymous_38)
FN:401,(anonymous_39)
FN:402,(anonymous_40)
FN:415,(anonymous_41)
FN:416,(anonymous_42)
FN:417,(anonymous_43)
FN:432,(anonymous_44)
FN:433,(anonymous_45)
FN:435,(anonymous_46)
FN:562,(anonymous_47)
FN:563,(anonymous_48)
FN:565,(anonymous_49)
FN:585,(anonymous_50)
FN:586,(anonymous_51)
FN:588,(anonymous_52)
FN:630,(anonymous_53)
FN:631,(anonymous_54)
FN:633,(anonymous_55)
FN:652,(anonymous_56)
FN:653,(anonymous_57)
FN:655,(anonymous_58)
FN:680,(anonymous_59)
FN:681,(anonymous_60)
FN:684,(anonymous_61)
FN:698,(anonymous_62)
FN:709,(anonymous_63)
FN:710,(anonymous_64)
FN:711,(anonymous_65)
FN:725,(anonymous_66)
FN:726,(anonymous_67)
FN:728,(anonymous_68)
FN:765,(anonymous_69)
FN:766,(anonymous_70)
FN:768,(anonymous_71)
FN:797,(anonymous_72)
FN:798,(anonymous_73)
FN:800,(anonymous_74)
FN:836,(anonymous_75)
FN:837,(anonymous_76)
FN:839,(anonymous_77)
FN:874,(anonymous_78)
FN:875,(anonymous_79)
FN:877,(anonymous_80)
FN:908,(anonymous_81)
FN:909,(anonymous_82)
FN:911,(anonymous_83)
FN:942,(anonymous_84)
FN:943,(anonymous_85)
FN:945,(anonymous_86)
FN:964,(anonymous_87)
FN:965,(anonymous_88)
FN:967,(anonymous_89)
FN:993,(anonymous_90)
FN:994,(anonymous_91)
FN:996,(anonymous_92)
FN:1023,(anonymous_93)
FN:1024,(anonymous_94)
FN:1026,(anonymous_95)
FN:1049,(anonymous_96)
FN:1050,(anonymous_97)
FN:1052,(anonymous_98)
FN:1136,(anonymous_99)
FN:1137,(anonymous_100)
FN:1139,(anonymous_101)
FN:1206,(anonymous_102)
FN:1207,(anonymous_103)
FN:1209,(anonymous_104)
FN:1226,(anonymous_105)
FN:1312,(anonymous_106)
FN:1330,(anonymous_107)
FN:1332,(anonymous_108)
FN:1354,(anonymous_109)
FN:1355,(anonymous_110)
FN:1377,(anonymous_111)
FN:1378,(anonymous_112)
FN:1380,(anonymous_113)
FN:1410,(anonymous_114)
FN:1411,(anonymous_115)
FN:1413,(anonymous_116)
FN:1449,(anonymous_117)
FN:1450,(anonymous_118)
FN:1452,(anonymous_119)
FN:1477,(anonymous_120)
FN:1478,(anonymous_121)
FN:1480,(anonymous_122)
FN:1534,(anonymous_123)
FN:1535,(anonymous_124)
FN:1537,(anonymous_125)
FN:1555,(anonymous_126)
FN:1556,(anonymous_127)
FN:1558,(anonymous_128)
FN:1626,(anonymous_129)
FN:1627,(anonymous_130)
FN:1629,(anonymous_131)
FN:1645,(anonymous_132)
FN:1685,(anonymous_133)
FN:1686,(anonymous_134)
FN:1688,(anonymous_135)
FN:1700,(anonymous_136)
FN:1706,(anonymous_137)
FN:1709,(anonymous_138)
FN:1731,(anonymous_139)
FN:1748,(anonymous_140)
FN:1749,(anonymous_141)
FN:1751,(anonymous_142)
FN:1866,(anonymous_143)
FN:1867,(anonymous_144)
FN:1869,(anonymous_145)
FN:1953,(anonymous_146)
FN:1973,(anonymous_147)
FN:1974,(anonymous_148)
FN:1976,(anonymous_149)
FN:2063,(anonymous_150)
FN:2064,(anonymous_151)
FN:2066,(anonymous_152)
FN:2110,(anonymous_153)
FN:2111,(anonymous_154)
FN:2113,(anonymous_155)
FN:2166,(anonymous_156)
FN:2167,(anonymous_157)
FN:2169,(anonymous_158)
FN:2223,(anonymous_159)
FN:2224,(anonymous_160)
FN:2226,(anonymous_161)
FN:2291,(anonymous_162)
FN:2292,(anonymous_163)
FN:2294,(anonymous_164)
FN:2325,(anonymous_165)
FN:2326,(anonymous_166)
FN:2328,(anonymous_167)
FN:2445,(anonymous_168)
FN:2446,(anonymous_169)
FN:2448,(anonymous_170)
FN:2468,isEmail
FNF:172
FNH:57
FNDA:3477,(anonymous_0)
FNDA:3477,(anonymous_1)
FNDA:4707,fulfilled
FNDA:34,rejected
FNDA:8213,step
FNDA:4741,(anonymous_5)
FNDA:3477,(anonymous_6)
FNDA:4772,(anonymous_7)
FNDA:0,(anonymous_8)
FNDA:10431,verb
FNDA:8218,(anonymous_10)
FNDA:8218,step
FNDA:958,(anonymous_12)
FNDA:0,(anonymous_13)
FNDA:3,(anonymous_14)
FNDA:0,COLLECTIONS
FNDA:3,(anonymous_16)
FNDA:2,MongoDriver
FNDA:4,(anonymous_18)
FNDA:4,(anonymous_19)
FNDA:12,(anonymous_20)
FNDA:2,(anonymous_21)
FNDA:0,(anonymous_22)
FNDA:0,(anonymous_23)
FNDA:0,(anonymous_24)
FNDA:0,(anonymous_25)
FNDA:0,(anonymous_26)
FNDA:0,(anonymous_27)
FNDA:0,(anonymous_28)
FNDA:0,(anonymous_29)
FNDA:0,(anonymous_30)
FNDA:0,(anonymous_31)
FNDA:0,(anonymous_32)
FNDA:0,(anonymous_33)
FNDA:0,(anonymous_34)
FNDA:0,(anonymous_35)
FNDA:0,(anonymous_36)
FNDA:0,(anonymous_37)
FNDA:0,(anonymous_38)
FNDA:0,(anonymous_39)
FNDA:0,(anonymous_40)
FNDA:0,(anonymous_41)
FNDA:0,(anonymous_42)
FNDA:0,(anonymous_43)
FNDA:0,(anonymous_44)
FNDA:0,(anonymous_45)
FNDA:0,(anonymous_46)
FNDA:1,(anonymous_47)
FNDA:1,(anonymous_48)
FNDA:2,(anonymous_49)
FNDA:0,(anonymous_50)
FNDA:0,(anonymous_51)
FNDA:0,(anonymous_52)
FNDA:0,(anonymous_53)
FNDA:0,(anonymous_54)
FNDA:0,(anonymous_55)
FNDA:0,(anonymous_56)
FNDA:0,(anonymous_57)
FNDA:0,(anonymous_58)
FNDA:0,(anonymous_59)
FNDA:0,(anonymous_60)
FNDA:0,(anonymous_61)
FNDA:0,(anonymous_62)
FNDA:0,(anonymous_63)
FNDA:0,(anonymous_64)
FNDA:0,(anonymous_65)
FNDA:0,(anonymous_66)
FNDA:0,(anonymous_67)
FNDA:0,(anonymous_68)
FNDA:2,(anonymous_69)
FNDA:2,(anonymous_70)
FNDA:6,(anonymous_71)
FNDA:11,(anonymous_72)
FNDA:11,(anonymous_73)
FNDA:22,(anonymous_74)
FNDA:9,(anonymous_75)
FNDA:9,(anonymous_76)
FNDA:27,(anonymous_77)
FNDA:0,(anonymous_78)
FNDA:0,(anonymous_79)
FNDA:0,(anonymous_80)
FNDA:0,(anonymous_81)
FNDA:0,(anonymous_82)
FNDA:0,(anonymous_83)
FNDA:949,(anonymous_84)
FNDA:949,(anonymous_85)
FNDA:1898,(anonymous_86)
FNDA:296,(anonymous_87)
FNDA:296,(anonymous_88)
FNDA:1174,(anonymous_89)
FNDA:0,(anonymous_90)
FNDA:0,(anonymous_91)
FNDA:0,(anonymous_92)
FNDA:0,(anonymous_93)
FNDA:0,(anonymous_94)
FNDA:0,(anonymous_95)
FNDA:4,(anonymous_96)
FNDA:4,(anonymous_97)
FNDA:2002,(anonymous_98)
FNDA:4,(anonymous_99)
FNDA:4,(anonymous_100)
FNDA:24,(anonymous_101)
FNDA:0,(anonymous_102)
FNDA:0,(anonymous_103)
FNDA:0,(anonymous_104)
FNDA:0,(anonymous_105)
FNDA:0,(anonymous_106)
FNDA:0,(anonymous_107)
FNDA:0,(anonymous_108)
FNDA:0,(anonymous_109)
FNDA:0,(anonymous_110)
FNDA:0,(anonymous_111)
FNDA:0,(anonymous_112)
FNDA:0,(anonymous_113)
FNDA:0,(anonymous_114)
FNDA:0,(anonymous_115)
FNDA:0,(anonymous_116)
FNDA:1,(anonymous_117)
FNDA:1,(anonymous_118)
FNDA:2,(anonymous_119)
FNDA:2,(anonymous_120)
FNDA:2,(anonymous_121)
FNDA:921,(anonymous_122)
FNDA:0,(anonymous_123)
FNDA:0,(anonymous_124)
FNDA:0,(anonymous_125)
FNDA:0,(anonymous_126)
FNDA:0,(anonymous_127)
FNDA:0,(anonymous_128)
FNDA:0,(anonymous_129)
FNDA:0,(anonymous_130)
FNDA:0,(anonymous_131)
FNDA:0,(anonymous_132)
FNDA:0,(anonymous_133)
FNDA:0,(anonymous_134)
FNDA:0,(anonymous_135)
FNDA:0,(anonymous_136)
FNDA:0,(anonymous_137)
FNDA:0,(anonymous_138)
FNDA:949,(anonymous_139)
FNDA:949,(anonymous_140)
FNDA:949,(anonymous_141)
FNDA:949,(anonymous_142)
FNDA:0,(anonymous_143)
FNDA:0,(anonymous_144)
FNDA:0,(anonymous_145)
FNDA:0,(anonymous_146)
FNDA:0,(anonymous_147)
FNDA:0,(anonymous_148)
FNDA:0,(anonymous_149)
FNDA:0,(anonymous_150)
FNDA:0,(anonymous_151)
FNDA:0,(anonymous_152)
FNDA:0,(anonymous_153)
FNDA:0,(anonymous_154)
FNDA:0,(anonymous_155)
FNDA:0,(anonymous_156)
FNDA:0,(anonymous_157)
FNDA:0,(anonymous_158)
FNDA:0,(anonymous_159)
FNDA:0,(anonymous_160)
FNDA:0,(anonymous_161)
FNDA:0,(anonymous_162)
FNDA:0,(anonymous_163)
FNDA:0,(anonymous_164)
FNDA:0,(anonymous_165)
FNDA:0,(anonymous_166)
FNDA:0,(anonymous_167)
FNDA:1245,(anonymous_168)
FNDA:1245,(anonymous_169)
FNDA:2490,(anonymous_170)
FNDA:11,isEmail
DA:2,3
DA:3,3477
DA:4,4707
DA:5,34
DA:6,8213
DA:7,3477
DA:10,3
DA:11,4772
DA:12,3477
DA:13,10431
DA:15,8218
DA:16,18090
DA:17,18090
DA:18,18090
DA:19,18090
DA:20,8218
DA:21,4741
DA:22,0
DA:23,9
DA:25,5122
DA:26,1645
DA:27,375
DA:28,344
DA:29,334
DA:30,334
DA:32,9529
DA:33,18090
DA:34,3477
DA:37,3
DA:38,958
DA:39,958
DA:40,0
DA:42,0
DA:43,0
DA:47,3
DA:48,3
DA:49,3
DA:50,3
DA:51,3
DA:52,3
DA:53,3
DA:56,3
DA:69,3
DA:90,3
DA:103,3
DA:104,3
DA:105,3
DA:107,3
DA:108,3
DA:109,3
DA:110,3
DA:111,3
DA:112,3
DA:113,3
DA:114,3
DA:116,2
DA:123,2
DA:139,3
DA:140,4
DA:142,4
DA:143,12
DA:145,4
DA:146,4
DA:147,4
DA:149,4
DA:150,4
DA:152,0
DA:153,0
DA:154,0
DA:157,0
DA:159,0
DA:160,4
DA:170,3
DA:171,2
DA:184,3
DA:185,0
DA:187,0
DA:188,0
DA:190,0
DA:191,0
DA:193,0
DA:194,0
DA:196,0
DA:197,0
DA:198,0
DA:199,0
DA:201,0
DA:202,0
DA:204,0
DA:205,0
DA:211,0
DA:212,0
DA:214,0
DA:215,0
DA:216,0
DA:230,3
DA:231,0
DA:233,0
DA:234,0
DA:236,0
DA:237,0
DA:243,0
DA:244,0
DA:246,0
DA:251,0
DA:252,0
DA:253,0
DA:257,0
DA:259,0
DA:260,0
DA:264,0
DA:278,3
DA:279,0
DA:281,0
DA:282,0
DA:284,0
DA:285,0
DA:289,0
DA:297,0
DA:298,0
DA:300,0
DA:301,0
DA:302,0
DA:304,0
DA:308,0
DA:321,3
DA:322,0
DA:324,0
DA:325,0
DA:327,0
DA:328,0
DA:330,0
DA:331,0
DA:332,0
DA:334,0
DA:335,0
DA:336,0
DA:338,0
DA:339,0
DA:341,0
DA:342,0
DA:344,0
DA:345,0
DA:346,0
DA:348,0
DA:349,0
DA:350,0
DA:352,0
DA:353,0
DA:355,0
DA:356,0
DA:357,0
DA:359,0
DA:360,0
DA:361,0
DA:376,3
DA:377,0
DA:379,0
DA:380,0
DA:381,0
DA:385,0
DA:386,0
DA:387,0
DA:388,0
DA:400,3
DA:401,0
DA:402,0
DA:403,0
DA:415,3
DA:416,0
DA:417,0
DA:418,0
DA:432,3
DA:433,0
DA:435,0
DA:436,0
DA:438,0
DA:439,0
DA:441,0
DA:442,0
DA:444,0
DA:445,0
DA:446,0
DA:447,0
DA:449,0
DA:451,0
DA:454,0
DA:455,0
DA:456,0
DA:457,0
DA:459,0
DA:460,0
DA:461,0
DA:463,0
DA:464,0
DA:465,0
DA:467,0
DA:468,0
DA:470,0
DA:472,0
DA:474,0
DA:481,0
DA:482,0
DA:484,0
DA:486,0
DA:487,0
DA:489,0
DA:490,0
DA:491,0
DA:493,0
DA:494,0
DA:495,0
DA:497,0
DA:498,0
DA:500,0
DA:501,0
DA:503,0
DA:504,0
DA:510,0
DA:511,0
DA:514,0
DA:515,0
DA:516,0
DA:518,0
DA:519,0
DA:520,0
DA:522,0
DA:523,0
DA:524,0
DA:526,0
DA:527,0
DA:529,0
DA:530,0
DA:531,0
DA:533,0
DA:534,0
DA:535,0
DA:537,0
DA:538,0
DA:540,0
DA:541,0
DA:544,0
DA:552,0
DA:553,0
DA:555,0
DA:556,0
DA:557,0
DA:562,3
DA:563,1
DA:565,1
DA:566,2
DA:568,1
DA:569,1
DA:575,1
DA:576,1
DA:578,0
DA:579,0
DA:580,0
DA:585,3
DA:586,0
DA:588,0
DA:589,0
DA:591,0
DA:592,0
DA:594,0
DA:595,0
DA:597,0
DA:599,0
DA:600,0
DA:601,0
DA:605,0
DA:606,0
DA:607,0
DA:609,0
DA:613,0
DA:614,0
DA:616,0
DA:617,0
DA:618,0
DA:630,3
DA:631,0
DA:633,0
DA:634,0
DA:635,0
DA:637,0
DA:638,0
DA:652,3
DA:653,0
DA:655,0
DA:656,0
DA:658,0
DA:659,0
DA:661,0
DA:662,0
DA:664,0
DA:665,0
DA:666,0
DA:669,0
DA:680,3
DA:681,0
DA:682,0
DA:684,0
DA:685,0
DA:687,0
DA:688,0
DA:690,0
DA:691,0
DA:693,0
DA:694,0
DA:695,0
DA:698,0
DA:699,0
DA:709,3
DA:710,0
DA:711,0
DA:712,0
DA:725,3
DA:726,0
DA:728,0
DA:729,0
DA:731,0
DA:736,0
DA:744,0
DA:746,0
DA:748,0
DA:749,0
DA:750,0
DA:765,3
DA:766,2
DA:768,2
DA:769,6
DA:771,2
DA:772,2
DA:774,2
DA:775,1
DA:779,1
DA:780,1
DA:782,1
DA:783,1
DA:784,0
DA:797,3
DA:798,11
DA:800,11
DA:801,22
DA:803,11
DA:804,11
DA:805,11
DA:806,0
DA:809,11
DA:811,11
DA:815,11
DA:816,11
DA:817,3
DA:818,8
DA:820,0
DA:821,0
DA:822,0
DA:836,3
DA:837,9
DA:839,9
DA:840,27
DA:842,9
DA:843,9
DA:845,9
DA:846,7
DA:853,7
DA:854,7
DA:855,7
DA:856,0
DA:858,2
DA:859,2
DA:860,0
DA:874,3
DA:875,0
DA:877,0
DA:878,0
DA:880,0
DA:881,0
DA:888,0
DA:889,0
DA:890,0
DA:891,0
DA:893,0
DA:894,0
DA:895,0
DA:908,3
DA:909,0
DA:911,0
DA:912,0
DA:914,0
DA:915,0
DA:916,0
DA:922,0
DA:923,0
DA:924,0
DA:925,0
DA:927,0
DA:928,0
DA:929,0
DA:942,3
DA:943,949
DA:945,949
DA:946,1898
DA:947,949
DA:949,949
DA:950,949
DA:951,949
DA:964,3
DA:965,296
DA:967,296
DA:968,1174
DA:969,296
DA:971,296
DA:972,291
DA:974,291
DA:975,291
DA:977,291
DA:978,291
DA:979,22
DA:980,269
DA:993,3
DA:994,0
DA:996,0
DA:997,0
DA:999,0
DA:1000,0
DA:1002,0
DA:1003,0
DA:1005,0
DA:1006,0
DA:1008,0
DA:1009,0
DA:1010,0
DA:1023,3
DA:1024,0
DA:1026,0
DA:1027,0
DA:1029,0
DA:1030,0
DA:1032,0
DA:1033,0
DA:1035,0
DA:1036,0
DA:1038,0
DA:1039,0
DA:1040,0
DA:1049,3
DA:1050,4
DA:1052,4
DA:1053,2002
DA:1055,4
DA:1056,0
DA:1058,4
DA:1059,4
DA:1061,4
DA:1062,4
DA:1063,4
DA:1064,3
DA:1066,4
DA:1070,4
DA:1071,4
DA:1073,4
DA:1074,4
DA:1080,4
DA:1082,4
DA:1083,4
DA:1084,4
DA:1086,4
DA:1087,4
DA:1088,4
DA:1090,662
DA:1091,658
DA:1092,658
DA:1094,658
DA:1095,658
DA:1097,658
DA:1098,658
DA:1099,343
DA:1101,658
DA:1102,658
DA:1104,658
DA:1105,658
DA:1106,4
DA:1108,0
DA:1109,0
DA:1110,0
DA:1112,4
DA:1113,4
DA:1115,4
DA:1116,4
DA:1117,4
DA:1122,0
DA:1123,0
DA:1124,0
DA:1136,3
DA:1137,4
DA:1139,4
DA:1140,24
DA:1142,4
DA:1143,4
DA:1144,4
DA:1145,3
DA:1146,4
DA:1150,4
DA:1151,4
DA:1152,4
DA:1154,4
DA:1155,4
DA:1156,4
DA:1158,4
DA:1159,4
DA:1160,4
DA:1162,4
DA:1163,0
DA:1164,0
DA:1166,0
DA:1167,0
DA:1169,0
DA:1170,0
DA:1171,0
DA:1172,0
DA:1173,0
DA:1175,0
DA:1176,0
DA:1177,4
DA:1179,0
DA:1180,0
DA:1181,0
DA:1183,4
DA:1184,4
DA:1186,4
DA:1187,4
DA:1188,4
DA:1190,0
DA:1191,0
DA:1192,0
DA:1206,3
DA:1207,0
DA:1209,0
DA:1210,0
DA:1212,0
DA:1213,0
DA:1214,0
DA:1215,0
DA:1217,0
DA:1218,0
DA:1220,0
DA:1221,0
DA:1222,0
DA:1224,0
DA:1225,0
DA:1226,0
DA:1228,0
DA:1229,0
DA:1234,0
DA:1235,0
DA:1237,0
DA:1239,0
DA:1246,0
DA:1249,0
DA:1251,0
DA:1252,0
DA:1253,0
DA:1255,0
DA:1256,0
DA:1257,0
DA:1259,0
DA:1260,0
DA:1261,0
DA:1263,0
DA:1264,0
DA:1266,0
DA:1267,0
DA:1268,0
DA:1270,0
DA:1271,0
DA:1273,0
DA:1274,0
DA:1275,0
DA:1277,0
DA:1278,0
DA:1279,0
DA:1281,0
DA:1282,0
DA:1284,0
DA:1285,0
DA:1286,0
DA:1291,0
DA:1292,0
DA:1293,0
DA:1312,3
DA:1313,0
DA:1314,0
DA:1315,0
DA:1318,0
DA:1319,0
DA:1324,0
DA:1325,0
DA:1326,0
DA:1329,0
DA:1330,0
DA:1332,0
DA:1336,0
DA:1337,0
DA:1339,0
DA:1340,0
DA:1342,0
DA:1343,0
DA:1350,0
DA:1351,0
DA:1353,0
DA:1354,0
DA:1355,0
DA:1357,0
DA:1358,0
DA:1360,0
DA:1361,0
DA:1363,0
DA:1364,0
DA:1367,0
DA:1377,3
DA:1378,0
DA:1380,0
DA:1381,0
DA:1383,0
DA:1384,0
DA:1391,0
DA:1392,0
DA:1394,0
DA:1395,0
DA:1396,0
DA:1410,3
DA:1411,0
DA:1413,0
DA:1414,0
DA:1416,0
DA:1419,0
DA:1420,0
DA:1422,0
DA:1423,0
DA:1433,0
DA:1434,0
DA:1436,0
DA:1437,0
DA:1438,0
DA:1449,3
DA:1450,1
DA:1452,1
DA:1453,2
DA:1455,1
DA:1456,1
DA:1460,1
DA:1461,1
DA:1463,0
DA:1464,0
DA:1465,0
DA:1477,3
DA:1478,2
DA:1480,2
DA:1481,921
DA:1483,2
DA:1484,2
DA:1488,2
DA:1489,2
DA:1490,2
DA:1492,2
DA:1493,2
DA:1494,1
DA:1496,296
DA:1497,295
DA:1498,295
DA:1500,295
DA:1501,295
DA:1503,295
DA:1504,269
DA:1505,269
DA:1507,26
DA:1508,26
DA:1510,295
DA:1511,295
DA:1512,1
DA:1514,1
DA:1515,1
DA:1516,1
DA:1518,2
DA:1519,2
DA:1521,2
DA:1522,1
DA:1524,1
DA:1525,1
DA:1527,1
DA:1528,1
DA:1529,0
DA:1534,3
DA:1535,0
DA:1537,0
DA:1538,0
DA:1540,0
DA:1541,0
DA:1545,0
DA:1546,0
DA:1548,0
DA:1549,0
DA:1550,0
DA:1555,3
DA:1556,0
DA:1558,0
DA:1559,0
DA:1561,0
DA:1562,0
DA:1566,0
DA:1567,0
DA:1568,0
DA:1570,0
DA:1571,0
DA:1572,0
DA:1574,0
DA:1575,0
DA:1576,0
DA:1578,0
DA:1579,0
DA:1581,0
DA:1582,0
DA:1583,0
DA:1585,0
DA:1586,0
DA:1587,0
DA:1589,0
DA:1590,0
DA:1591,0
DA:1593,0
DA:1594,0
DA:1595,0
DA:1597,0
DA:1598,0
DA:1600,0
DA:1601,0
DA:1603,0
DA:1604,0
DA:1606,0
DA:1607,0
DA:1608,0
DA:1626,3
DA:1627,0
DA:1629,0
DA:1630,0
DA:1632,0
DA:1633,0
DA:1635,0
DA:1636,0
DA:1638,0
DA:1639,0
DA:1646,0
DA:1655,0
DA:1656,0
DA:1659,0
DA:1660,0
DA:1662,0
DA:1664,0
DA:1665,0
DA:1666,0
DA:1685,3
DA:1686,0
DA:1688,0
DA:1689,0
DA:1690,0
DA:1701,0
DA:1707,0
DA:1709,0
DA:1711,0
DA:1712,0
DA:1714,0
DA:1717,0
DA:1719,0
DA:1731,3
DA:1732,949
DA:1733,949
DA:1736,949
DA:1748,3
DA:1749,949
DA:1751,949
DA:1752,949
DA:1754,949
DA:1755,949
DA:1756,949
DA:1757,949
DA:1758,949
DA:1759,949
DA:1760,949
DA:1761,949
DA:1762,949
DA:1763,949
DA:1764,949
DA:1765,1001
DA:1766,1001
DA:1769,0
DA:1771,949
DA:1772,949
DA:1774,949
DA:1776,949
DA:1777,949
DA:1779,0
DA:1781,0
DA:1782,0
DA:1783,0
DA:1785,0
DA:1786,0
DA:1787,0
DA:1789,0
DA:1790,0
DA:1791,0
DA:1792,0
DA:1793,0
DA:1794,0
DA:1795,0
DA:1796,0
DA:1797,0
DA:1798,0
DA:1799,0
DA:1802,0
DA:1804,0
DA:1805,0
DA:1807,0
DA:1809,0
DA:1810,0
DA:1811,0
DA:1812,0
DA:1813,0
DA:1814,0
DA:1817,0
DA:1819,0
DA:1820,0
DA:1822,0
DA:1824,0
DA:1826,0
DA:1827,0
DA:1828,0
DA:1831,0
DA:1833,0
DA:1834,0
DA:1836,0
DA:1838,0
DA:1840,0
DA:1841,0
DA:1842,0
DA:1844,0
DA:1845,0
DA:1846,0
DA:1848,0
DA:1849,0
DA:1851,0
DA:1852,0
DA:1853,0
DA:1866,3
DA:1867,0
DA:1869,0
DA:1870,0
DA:1872,0
DA:1873,0
DA:1874,0
DA:1875,0
DA:1876,0
DA:1877,0
DA:1879,0
DA:1880,0
DA:1881,0
DA:1882,0
DA:1883,0
DA:1886,0
DA:1888,0
DA:1889,0
DA:1891,0
DA:1893,0
DA:1895,0
DA:1896,0
DA:1897,0
DA:1898,0
DA:1899,0
DA:1902,0
DA:1904,0
DA:1905,0
DA:1907,0
DA:1909,0
DA:1911,0
DA:1912,0
DA:1913,0
DA:1915,0
DA:1916,0
DA:1917,0
DA:1919,0
DA:1920,0
DA:1921,0
DA:1923,0
DA:1924,0
DA:1925,0
DA:1927,0
DA:1928,0
DA:1929,0
DA:1931,0
DA:1932,0
DA:1934,0
DA:1935,0
DA:1936,0
DA:1938,0
DA:1939,0
DA:1940,0
DA:1953,3
DA:1954,0
DA:1961,0
DA:1973,3
DA:1974,0
DA:1976,0
DA:1977,0
DA:1979,0
DA:1980,0
DA:1981,0
DA:1983,0
DA:1984,0
DA:1985,0
DA:1987,0
DA:1988,0
DA:1989,0
DA:1990,0
DA:1991,0
DA:1992,0
DA:1993,0
DA:1995,0
DA:1996,0
DA:1997,0
DA:1999,0
DA:2000,0
DA:2001,0
DA:2002,0
DA:2006,0
DA:2007,0
DA:2008,0
DA:2016,0
DA:2018,0
DA:2019,0
DA:2020,0
DA:2022,0
DA:2023,0
DA:2024,0
DA:2026,0
DA:2027,0
DA:2029,0
DA:2030,0
DA:2032,0
DA:2033,0
DA:2034,0
DA:2036,0
DA:2037,0
DA:2038,0
DA:2040,0
DA:2041,0
DA:2043,0
DA:2044,0
DA:2045,0
DA:2047,0
DA:2048,0
DA:2049,0
DA:2063,3
DA:2064,0
DA:2066,0
DA:2067,0
DA:2069,0
DA:2070,0
DA:2074,0
DA:2075,0
DA:2076,0
DA:2080,0
DA:2081,0
DA:2082,0
DA:2086,0
DA:2087,0
DA:2089,0
DA:2090,0
DA:2096,0
DA:2110,3
DA:2111,0
DA:2113,0
DA:2114,0
DA:2116,0
DA:2117,0
DA:2121,0
DA:2122,0
DA:2123,0
DA:2127,0
DA:2128,0
DA:2135,0
DA:2136,0
DA:2137,0
DA:2141,0
DA:2142,0
DA:2144,0
DA:2145,0
DA:2151,0
DA:2166,3
DA:2167,0
DA:2169,0
DA:2170,0
DA:2172,0
DA:2173,0
DA:2177,0
DA:2178,0
DA:2179,0
DA:2180,0
DA:2181,0
DA:2188,0
DA:2189,0
DA:2190,0
DA:2191,0
DA:2194,0
DA:2197,0
DA:2198,0
DA:2199,0
DA:2200,0
DA:2204,0
DA:2205,0
DA:2207,0
DA:2208,0
DA:2209,0
DA:2223,3
DA:2224,0
DA:2226,0
DA:2227,0
DA:2229,0
DA:2230,0
DA:2231,0
DA:2233,0
DA:2236,0
DA:2237,0
DA:2238,0
DA:2242,0
DA:2243,0
DA:2244,0
DA:2245,0
DA:2247,0
DA:2248,0
DA:2249,0
DA:2251,0
DA:2252,0
DA:2253,0
DA:2254,0
DA:2255,0
DA:2256,0
DA:2258,0
DA:2259,0
DA:2261,0
DA:2262,0
DA:2263,0
DA:2265,0
DA:2266,0
DA:2267,0
DA:2269,0
DA:2270,0
DA:2272,0
DA:2273,0
DA:2274,0
DA:2276,0
DA:2277,0
DA:2278,0
DA:2291,3
DA:2292,0
DA:2294,0
DA:2295,0
DA:2297,0
DA:2300,0
DA:2306,0
DA:2308,0
DA:2310,0
DA:2311,0
DA:2312,0
DA:2313,0
DA:2325,3
DA:2326,0
DA:2328,0
DA:2329,0
DA:2331,0
DA:2332,0
DA:2336,0
DA:2337,0
DA:2338,0
DA:2339,0
DA:2341,0
DA:2342,0
DA:2343,0
DA:2345,0
DA:2346,0
DA:2347,0
DA:2348,0
DA:2349,0
DA:2350,0
DA:2351,0
DA:2352,0
DA:2354,0
DA:2355,0
DA:2356,0
DA:2358,0
DA:2359,0
DA:2360,0
DA:2361,0
DA:2363,0
DA:2364,0
DA:2366,0
DA:2367,0
DA:2368,0
DA:2370,0
DA:2371,0
DA:2372,0
DA:2374,0
DA:2375,0
DA:2377,0
DA:2378,0
DA:2380,0
DA:2381,0
DA:2382,0
DA:2383,0
DA:2384,0
DA:2386,0
DA:2387,0
DA:2388,0
DA:2390,0
DA:2391,0
DA:2392,0
DA:2393,0
DA:2395,0
DA:2396,0
DA:2398,0
DA:2399,0
DA:2400,0
DA:2402,0
DA:2403,0
DA:2404,0
DA:2406,0
DA:2407,0
DA:2409,0
DA:2410,0
DA:2412,0
DA:2413,0
DA:2414,0
DA:2416,0
DA:2417,0
DA:2418,0
DA:2420,0
DA:2421,0
DA:2423,0
DA:2424,0
DA:2427,0
DA:2430,0
DA:2431,0
DA:2433,0
DA:2434,0
DA:2435,0
DA:2445,3
DA:2446,1245
DA:2448,1245
DA:2449,2490
DA:2450,1245
DA:2454,1245
DA:2455,1245
DA:2456,5
DA:2460,1240
DA:2465,3
DA:2467,3
DA:2469,11
DA:2470,11
DA:2471,0
DA:2473,11
DA:2475,3
LF:1170
LH:318
BRDA:2,0,0,3
BRDA:2,0,1,3
BRDA:2,0,2,3
BRDA:3,1,0,3477
BRDA:3,1,1,3477
BRDA:6,2,0,3472
BRDA:6,2,1,4741
BRDA:7,3,0,3477
BRDA:7,3,1,3477
BRDA:10,4,0,3
BRDA:10,4,1,3
BRDA:10,4,2,3
BRDA:11,5,0,34
BRDA:11,5,1,4738
BRDA:12,6,0,3477
BRDA:12,6,1,3477
BRDA:15,7,0,0
BRDA:15,7,1,8218
BRDA:17,8,0,0
BRDA:17,8,1,18090
BRDA:17,9,0,18090
BRDA:17,9,1,0
BRDA:17,9,2,0
BRDA:17,10,0,0
BRDA:17,10,1,0
BRDA:17,11,0,0
BRDA:17,11,1,0
BRDA:18,12,0,0
BRDA:18,12,1,18090
BRDA:19,13,0,8184
BRDA:19,13,1,8218
BRDA:19,13,2,4741
BRDA:19,13,3,0
BRDA:19,13,4,9
BRDA:19,13,5,5122
BRDA:25,14,0,3477
BRDA:25,14,1,1645
BRDA:25,15,0,5122
BRDA:25,15,1,3481
BRDA:25,15,2,3476
BRDA:25,16,0,5122
BRDA:25,16,1,1641
BRDA:26,17,0,1270
BRDA:26,17,1,375
BRDA:26,18,0,1645
BRDA:26,18,1,1579
BRDA:26,18,2,1575
BRDA:26,18,3,1575
BRDA:27,19,0,31
BRDA:27,19,1,344
BRDA:27,20,0,375
BRDA:27,20,1,32
BRDA:28,21,0,10
BRDA:28,21,1,334
BRDA:28,22,0,344
BRDA:28,22,1,344
BRDA:29,23,0,1
BRDA:29,23,1,333
BRDA:34,24,0,5
BRDA:34,24,1,3472
BRDA:34,25,0,3472
BRDA:34,25,1,0
BRDA:37,26,0,3
BRDA:37,26,1,3
BRDA:37,26,2,3
BRDA:38,27,0,958
BRDA:38,27,1,958
BRDA:39,28,0,958
BRDA:39,28,1,0
BRDA:42,29,0,0
BRDA:42,29,1,0
BRDA:42,30,0,0
BRDA:42,30,1,0
BRDA:43,31,0,0
BRDA:43,31,1,0
BRDA:116,32,0,0
BRDA:116,32,1,2
BRDA:143,33,0,4
BRDA:143,33,1,4
BRDA:143,33,2,0
BRDA:143,33,3,4
BRDA:153,34,0,0
BRDA:153,34,1,0
BRDA:188,35,0,0
BRDA:188,35,1,0
BRDA:188,35,2,0
BRDA:188,35,3,0
BRDA:188,35,4,0
BRDA:188,35,5,0
BRDA:188,35,6,0
BRDA:188,35,7,0
BRDA:197,36,0,0
BRDA:197,36,1,0
BRDA:234,37,0,0
BRDA:234,37,1,0
BRDA:234,37,2,0
BRDA:234,37,3,0
BRDA:234,37,4,0
BRDA:234,37,5,0
BRDA:234,37,6,0
BRDA:244,38,0,0
BRDA:244,38,1,0
BRDA:282,39,0,0
BRDA:282,39,1,0
BRDA:282,39,2,0
BRDA:282,39,3,0
BRDA:289,40,0,0
BRDA:289,40,1,0
BRDA:301,41,0,0
BRDA:301,41,1,0
BRDA:301,42,0,0
BRDA:301,42,1,0
BRDA:325,43,0,0
BRDA:325,43,1,0
BRDA:325,43,2,0
BRDA:325,43,3,0
BRDA:325,43,4,0
BRDA:325,43,5,0
BRDA:325,43,6,0
BRDA:325,43,7,0
BRDA:325,43,8,0
BRDA:325,43,9,0
BRDA:325,43,10,0
BRDA:325,43,11,0
BRDA:334,44,0,0
BRDA:334,44,1,0
BRDA:353,45,0,0
BRDA:353,45,1,0
BRDA:353,46,0,0
BRDA:353,46,1,0
BRDA:353,46,2,0
BRDA:355,47,0,0
BRDA:355,47,1,0
BRDA:380,48,0,0
BRDA:380,48,1,0
BRDA:386,49,0,0
BRDA:386,49,1,0
BRDA:436,50,0,0
BRDA:436,50,1,0
BRDA:436,50,2,0
BRDA:436,50,3,0
BRDA:436,50,4,0
BRDA:436,50,5,0
BRDA:436,50,6,0
BRDA:436,50,7,0
BRDA:436,50,8,0
BRDA:436,50,9,0
BRDA:436,50,10,0
BRDA:436,50,11,0
BRDA:436,50,12,0
BRDA:436,50,13,0
BRDA:436,50,14,0
BRDA:436,50,15,0
BRDA:436,50,16,0
BRDA:436,50,17,0
BRDA:436,50,18,0
BRDA:436,50,19,0
BRDA:436,50,20,0
BRDA:436,50,21,0
BRDA:436,50,22,0
BRDA:436,50,23,0
BRDA:436,50,24,0
BRDA:436,50,25,0
BRDA:436,50,26,0
BRDA:436,50,27,0
BRDA:436,50,28,0
BRDA:445,51,0,0
BRDA:445,51,1,0
BRDA:463,52,0,0
BRDA:463,52,1,0
BRDA:498,53,0,0
BRDA:498,53,1,0
BRDA:498,54,0,0
BRDA:498,54,1,0
BRDA:498,54,2,0
BRDA:500,55,0,0
BRDA:500,55,1,0
BRDA:503,56,0,0
BRDA:503,56,1,0
BRDA:515,57,0,0
BRDA:515,57,1,0
BRDA:522,58,0,0
BRDA:522,58,1,0
BRDA:538,59,0,0
BRDA:538,59,1,0
BRDA:538,60,0,0
BRDA:538,60,1,0
BRDA:538,60,2,0
BRDA:540,61,0,0
BRDA:540,61,1,0
BRDA:566,62,0,1
BRDA:566,62,1,1
BRDA:566,62,2,0
BRDA:566,62,3,0
BRDA:571,63,0,0
BRDA:571,63,1,1
BRDA:589,64,0,0
BRDA:589,64,1,0
BRDA:589,64,2,0
BRDA:589,64,3,0
BRDA:589,64,4,0
BRDA:589,64,5,0
BRDA:589,64,6,0
BRDA:599,65,0,0
BRDA:599,65,1,0
BRDA:599,66,0,0
BRDA:599,66,1,0
BRDA:606,67,0,0
BRDA:606,67,1,0
BRDA:634,68,0,0
BRDA:634,68,1,0
BRDA:656,69,0,0
BRDA:656,69,1,0
BRDA:656,69,2,0
BRDA:656,69,3,0
BRDA:685,70,0,0
BRDA:685,70,1,0
BRDA:685,70,2,0
BRDA:685,70,3,0
BRDA:729,71,0,0
BRDA:729,71,1,0
BRDA:729,71,2,0
BRDA:729,71,3,0
BRDA:769,72,0,2
BRDA:769,72,1,2
BRDA:769,72,2,1
BRDA:769,72,3,1
BRDA:769,72,4,0
BRDA:801,73,0,11
BRDA:801,73,1,11
BRDA:801,73,2,0
BRDA:801,73,3,0
BRDA:805,74,0,0
BRDA:805,74,1,11
BRDA:816,75,0,3
BRDA:816,75,1,8
BRDA:840,76,0,9
BRDA:840,76,1,9
BRDA:840,76,2,7
BRDA:840,76,3,2
BRDA:840,76,4,0
BRDA:854,77,0,7
BRDA:854,77,1,0
BRDA:878,78,0,0
BRDA:878,78,1,0
BRDA:878,78,2,0
BRDA:878,78,3,0
BRDA:889,79,0,0
BRDA:889,79,1,0
BRDA:912,80,0,0
BRDA:912,80,1,0
BRDA:912,80,2,0
BRDA:912,80,3,0
BRDA:923,81,0,0
BRDA:923,81,1,0
BRDA:946,82,0,949
BRDA:946,82,1,949
BRDA:968,83,0,296
BRDA:968,83,1,296
BRDA:968,83,2,291
BRDA:968,83,3,291
BRDA:978,84,0,22
BRDA:978,84,1,269
BRDA:978,85,0,291
BRDA:978,85,1,291
BRDA:997,86,0,0
BRDA:997,86,1,0
BRDA:997,86,2,0
BRDA:997,86,3,0
BRDA:997,86,4,0
BRDA:1027,87,0,0
BRDA:1027,87,1,0
BRDA:1027,87,2,0
BRDA:1027,87,3,0
BRDA:1027,87,4,0
BRDA:1053,88,0,4
BRDA:1053,88,1,4
BRDA:1053,88,2,4
BRDA:1053,88,3,4
BRDA:1053,88,4,4
BRDA:1053,88,5,4
BRDA:1053,88,6,662
BRDA:1053,88,7,658
BRDA:1053,88,8,658
BRDA:1053,88,9,658
BRDA:1053,88,10,4
BRDA:1053,88,11,0
BRDA:1053,88,12,4
BRDA:1053,88,13,4
BRDA:1053,88,14,0
BRDA:1053,88,15,0
BRDA:1055,89,0,0
BRDA:1055,89,1,4
BRDA:1055,90,0,4
BRDA:1055,90,1,2
BRDA:1058,91,0,1
BRDA:1058,91,1,3
BRDA:1058,92,0,4
BRDA:1058,92,1,2
BRDA:1063,93,0,3
BRDA:1063,93,1,1
BRDA:1075,94,0,1
BRDA:1075,94,1,3
BRDA:1077,95,0,1
BRDA:1077,95,1,2
BRDA:1090,96,0,4
BRDA:1090,96,1,658
BRDA:1098,97,0,343
BRDA:1098,97,1,315
BRDA:1113,98,0,0
BRDA:1113,98,1,4
BRDA:1113,99,0,4
BRDA:1113,99,1,4
BRDA:1113,99,2,0
BRDA:1115,100,0,0
BRDA:1115,100,1,4
BRDA:1140,101,0,4
BRDA:1140,101,1,4
BRDA:1140,101,2,4
BRDA:1140,101,3,4
BRDA:1140,101,4,4
BRDA:1140,101,5,0
BRDA:1140,101,6,0
BRDA:1140,101,7,0
BRDA:1140,101,8,4
BRDA:1140,101,9,0
BRDA:1140,101,10,4
BRDA:1140,101,11,4
BRDA:1140,101,12,0
BRDA:1140,101,13,0
BRDA:1144,102,0,3
BRDA:1144,102,1,1
BRDA:1151,103,0,0
BRDA:1151,103,1,4
BRDA:1151,104,0,0
BRDA:1151,104,1,4
BRDA:1162,105,0,4
BRDA:1162,105,1,0
BRDA:1170,106,0,0
BRDA:1170,106,1,0
BRDA:1184,107,0,0
BRDA:1184,107,1,4
BRDA:1184,108,0,4
BRDA:1184,108,1,4
BRDA:1184,108,2,0
BRDA:1186,109,0,0
BRDA:1186,109,1,4
BRDA:1210,110,0,0
BRDA:1210,110,1,0
BRDA:1210,110,2,0
BRDA:1210,110,3,0
BRDA:1210,110,4,0
BRDA:1210,110,5,0
BRDA:1210,110,6,0
BRDA:1210,110,7,0
BRDA:1210,110,8,0
BRDA:1210,110,9,0
BRDA:1210,110,10,0
BRDA:1210,110,11,0
BRDA:1210,110,12,0
BRDA:1210,110,13,0
BRDA:1210,110,14,0
BRDA:1210,110,15,0
BRDA:1210,110,16,0
BRDA:1210,110,17,0
BRDA:1212,111,0,0
BRDA:1212,111,1,0
BRDA:1212,112,0,0
BRDA:1212,112,1,0
BRDA:1214,113,0,0
BRDA:1214,113,1,0
BRDA:1214,114,0,0
BRDA:1214,114,1,0
BRDA:1221,115,0,0
BRDA:1221,115,1,0
BRDA:1221,116,0,0
BRDA:1221,116,1,0
BRDA:1221,116,2,0
BRDA:1225,117,0,0
BRDA:1225,117,1,0
BRDA:1240,118,0,0
BRDA:1240,118,1,0
BRDA:1242,119,0,0
BRDA:1242,119,1,0
BRDA:1246,120,0,0
BRDA:1246,120,1,0
BRDA:1247,121,0,0
BRDA:1247,121,1,0
BRDA:1259,122,0,0
BRDA:1259,122,1,0
BRDA:1267,123,0,0
BRDA:1267,123,1,0
BRDA:1282,124,0,0
BRDA:1282,124,1,0
BRDA:1282,125,0,0
BRDA:1282,125,1,0
BRDA:1282,125,2,0
BRDA:1284,126,0,0
BRDA:1284,126,1,0
BRDA:1314,127,0,0
BRDA:1314,127,1,0
BRDA:1318,128,0,0
BRDA:1318,128,1,0
BRDA:1318,129,0,0
BRDA:1318,129,1,0
BRDA:1324,130,0,0
BRDA:1324,130,1,0
BRDA:1324,131,0,0
BRDA:1324,131,1,0
BRDA:1325,132,0,0
BRDA:1325,132,1,0
BRDA:1336,133,0,0
BRDA:1336,133,1,0
BRDA:1339,134,0,0
BRDA:1339,134,1,0
BRDA:1342,135,0,0
BRDA:1342,135,1,0
BRDA:1343,136,0,0
BRDA:1343,136,1,0
BRDA:1350,137,0,0
BRDA:1350,137,1,0
BRDA:1353,138,0,0
BRDA:1353,138,1,0
BRDA:1357,139,0,0
BRDA:1357,139,1,0
BRDA:1360,140,0,0
BRDA:1360,140,1,0
BRDA:1363,141,0,0
BRDA:1363,141,1,0
BRDA:1381,142,0,0
BRDA:1381,142,1,0
BRDA:1381,142,2,0
BRDA:1381,142,3,0
BRDA:1383,143,0,0
BRDA:1383,143,1,0
BRDA:1414,144,0,0
BRDA:1414,144,1,0
BRDA:1414,144,2,0
BRDA:1414,144,3,0
BRDA:1417,145,0,0
BRDA:1417,145,1,0
BRDA:1419,146,0,0
BRDA:1419,146,1,0
BRDA:1422,147,0,0
BRDA:1422,147,1,0
BRDA:1422,148,0,0
BRDA:1422,148,1,0
BRDA:1453,149,0,1
BRDA:1453,149,1,1
BRDA:1453,149,2,0
BRDA:1453,149,3,0
BRDA:1481,150,0,2
BRDA:1481,150,1,2
BRDA:1481,150,2,2
BRDA:1481,150,3,296
BRDA:1481,150,4,295
BRDA:1481,150,5,295
BRDA:1481,150,6,26
BRDA:1481,150,7,295
BRDA:1481,150,8,1
BRDA:1481,150,9,1
BRDA:1481,150,10,2
BRDA:1481,150,11,1
BRDA:1481,150,12,1
BRDA:1481,150,13,0
BRDA:1496,151,0,1
BRDA:1496,151,1,295
BRDA:1519,152,0,0
BRDA:1519,152,1,2
BRDA:1519,153,0,2
BRDA:1519,153,1,1
BRDA:1519,153,2,0
BRDA:1521,154,0,1
BRDA:1521,154,1,1
BRDA:1538,155,0,0
BRDA:1538,155,1,0
BRDA:1538,155,2,0
BRDA:1538,155,3,0
BRDA:1559,156,0,0
BRDA:1559,156,1,0
BRDA:1559,156,2,0
BRDA:1559,156,3,0
BRDA:1559,156,4,0
BRDA:1559,156,5,0
BRDA:1559,156,6,0
BRDA:1559,156,7,0
BRDA:1559,156,8,0
BRDA:1559,156,9,0
BRDA:1559,156,10,0
BRDA:1559,156,11,0
BRDA:1559,156,12,0
BRDA:1559,156,13,0
BRDA:1574,157,0,0
BRDA:1574,157,1,0
BRDA:1598,158,0,0
BRDA:1598,158,1,0
BRDA:1598,159,0,0
BRDA:1598,159,1,0
BRDA:1598,159,2,0
BRDA:1600,160,0,0
BRDA:1600,160,1,0
BRDA:1630,161,0,0
BRDA:1630,161,1,0
BRDA:1630,161,2,0
BRDA:1630,161,3,0
BRDA:1630,161,4,0
BRDA:1655,162,0,0
BRDA:1655,162,1,0
BRDA:1711,163,0,0
BRDA:1711,163,1,0
BRDA:1733,164,0,945
BRDA:1733,164,1,4
BRDA:1752,165,0,949
BRDA:1752,165,1,0
BRDA:1752,165,2,0
BRDA:1752,165,3,0
BRDA:1752,165,4,0
BRDA:1752,165,5,0
BRDA:1752,165,6,0
BRDA:1752,165,7,0
BRDA:1752,165,8,0
BRDA:1759,166,0,897
BRDA:1759,166,1,52
BRDA:1772,167,0,0
BRDA:1772,167,1,949
BRDA:1772,168,0,949
BRDA:1772,168,1,949
BRDA:1772,168,2,0
BRDA:1774,169,0,0
BRDA:1774,169,1,949
BRDA:1776,170,0,949
BRDA:1776,170,1,0
BRDA:1785,171,0,0
BRDA:1785,171,1,0
BRDA:1805,172,0,0
BRDA:1805,172,1,0
BRDA:1805,173,0,0
BRDA:1805,173,1,0
BRDA:1805,173,2,0
BRDA:1807,174,0,0
BRDA:1807,174,1,0
BRDA:1820,175,0,0
BRDA:1820,175,1,0
BRDA:1820,176,0,0
BRDA:1820,176,1,0
BRDA:1820,176,2,0
BRDA:1822,177,0,0
BRDA:1822,177,1,0
BRDA:1834,178,0,0
BRDA:1834,178,1,0
BRDA:1834,179,0,0
BRDA:1834,179,1,0
BRDA:1834,179,2,0
BRDA:1836,180,0,0
BRDA:1836,180,1,0
BRDA:1849,181,0,0
BRDA:1849,181,1,0
BRDA:1849,182,0,0
BRDA:1849,182,1,0
BRDA:1849,182,2,0
BRDA:1851,183,0,0
BRDA:1851,183,1,0
BRDA:1870,184,0,0
BRDA:1870,184,1,0
BRDA:1870,184,2,0
BRDA:1870,184,3,0
BRDA:1870,184,4,0
BRDA:1870,184,5,0
BRDA:1870,184,6,0
BRDA:1870,184,7,0
BRDA:1870,184,8,0
BRDA:1870,184,9,0
BRDA:1870,184,10,0
BRDA:1889,185,0,0
BRDA:1889,185,1,0
BRDA:1889,186,0,0
BRDA:1889,186,1,0
BRDA:1889,186,2,0
BRDA:1891,187,0,0
BRDA:1891,187,1,0
BRDA:1905,188,0,0
BRDA:1905,188,1,0
BRDA:1905,189,0,0
BRDA:1905,189,1,0
BRDA:1905,189,2,0
BRDA:1907,190,0,0
BRDA:1907,190,1,0
BRDA:1915,191,0,0
BRDA:1915,191,1,0
BRDA:1932,192,0,0
BRDA:1932,192,1,0
BRDA:1932,193,0,0
BRDA:1932,193,1,0
BRDA:1932,193,2,0
BRDA:1934,194,0,0
BRDA:1934,194,1,0
BRDA:1977,195,0,0
BRDA:1977,195,1,0
BRDA:1977,195,2,0
BRDA:1977,195,3,0
BRDA:1977,195,4,0
BRDA:1977,195,5,0
BRDA:1977,195,6,0
BRDA:1977,195,7,0
BRDA:1977,195,8,0
BRDA:1977,195,9,0
BRDA:1977,195,10,0
BRDA:1977,195,11,0
BRDA:1977,195,12,0
BRDA:1977,195,13,0
BRDA:1977,195,14,0
BRDA:1977,195,15,0
BRDA:1977,195,16,0
BRDA:1980,196,0,0
BRDA:1980,196,1,0
BRDA:1987,197,0,0
BRDA:1987,197,1,0
BRDA:1991,198,0,0
BRDA:1991,198,1,0
BRDA:1999,199,0,0
BRDA:1999,199,1,0
BRDA:2007,200,0,0
BRDA:2007,200,1,0
BRDA:2027,201,0,0
BRDA:2027,201,1,0
BRDA:2027,202,0,0
BRDA:2027,202,1,0
BRDA:2027,202,2,0
BRDA:2029,203,0,0
BRDA:2029,203,1,0
BRDA:2041,204,0,0
BRDA:2041,204,1,0
BRDA:2041,205,0,0
BRDA:2041,205,1,0
BRDA:2041,205,2,0
BRDA:2043,206,0,0
BRDA:2043,206,1,0
BRDA:2067,207,0,0
BRDA:2067,207,1,0
BRDA:2067,207,2,0
BRDA:2067,207,3,0
BRDA:2067,207,4,0
BRDA:2075,208,0,0
BRDA:2075,208,1,0
BRDA:2114,209,0,0
BRDA:2114,209,1,0
BRDA:2114,209,2,0
BRDA:2114,209,3,0
BRDA:2114,209,4,0
BRDA:2122,210,0,0
BRDA:2122,210,1,0
BRDA:2127,211,0,0
BRDA:2127,211,1,0
BRDA:2170,212,0,0
BRDA:2170,212,1,0
BRDA:2170,212,2,0
BRDA:2170,212,3,0
BRDA:2170,212,4,0
BRDA:2170,212,5,0
BRDA:2178,213,0,0
BRDA:2178,213,1,0
BRDA:2180,214,0,0
BRDA:2180,214,1,0
BRDA:2188,215,0,0
BRDA:2188,215,1,0
BRDA:2190,216,0,0
BRDA:2190,216,1,0
BRDA:2227,217,0,0
BRDA:2227,217,1,0
BRDA:2227,217,2,0
BRDA:2227,217,3,0
BRDA:2227,217,4,0
BRDA:2227,217,5,0
BRDA:2227,217,6,0
BRDA:2227,217,7,0
BRDA:2227,217,8,0
BRDA:2227,217,9,0
BRDA:2227,217,10,0
BRDA:2227,217,11,0
BRDA:2227,217,12,0
BRDA:2227,217,13,0
BRDA:2231,218,0,0
BRDA:2231,218,1,0
BRDA:2244,219,0,0
BRDA:2244,219,1,0
BRDA:2251,220,0,0
BRDA:2251,220,1,0
BRDA:2254,221,0,0
BRDA:2254,221,1,0
BRDA:2254,222,0,0
BRDA:2254,222,1,0
BRDA:2270,223,0,0
BRDA:2270,223,1,0
BRDA:2270,224,0,0
BRDA:2270,224,1,0
BRDA:2270,224,2,0
BRDA:2272,225,0,0
BRDA:2272,225,1,0
BRDA:2295,226,0,0
BRDA:2295,226,1,0
BRDA:2295,226,2,0
BRDA:2295,226,3,0
BRDA:2329,227,0,0
BRDA:2329,227,1,0
BRDA:2329,227,2,0
BRDA:2329,227,3,0
BRDA:2329,227,4,0
BRDA:2329,227,5,0
BRDA:2329,227,6,0
BRDA:2329,227,7,0
BRDA:2329,227,8,0
BRDA:2329,227,9,0
BRDA:2329,227,10,0
BRDA:2329,227,11,0
BRDA:2329,227,12,0
BRDA:2329,227,13,0
BRDA:2329,227,14,0
BRDA:2329,227,15,0
BRDA:2329,227,16,0
BRDA:2329,227,17,0
BRDA:2329,227,18,0
BRDA:2329,227,19,0
BRDA:2329,227,20,0
BRDA:2329,227,21,0
BRDA:2329,227,22,0
BRDA:2329,227,23,0
BRDA:2329,227,24,0
BRDA:2329,227,25,0
BRDA:2329,227,26,0
BRDA:2338,228,0,0
BRDA:2338,228,1,0
BRDA:2345,229,0,0
BRDA:2345,229,1,0
BRDA:2348,230,0,0
BRDA:2348,230,1,0
BRDA:2350,231,0,0
BRDA:2350,231,1,0
BRDA:2358,232,0,0
BRDA:2358,232,1,0
BRDA:2375,233,0,0
BRDA:2375,233,1,0
BRDA:2375,234,0,0
BRDA:2375,234,1,0
BRDA:2375,234,2,0
BRDA:2377,235,0,0
BRDA:2377,235,1,0
BRDA:2380,236,0,0
BRDA:2380,236,1,0
BRDA:2380,237,0,0
BRDA:2380,237,1,0
BRDA:2382,238,0,0
BRDA:2382,238,1,0
BRDA:2390,239,0,0
BRDA:2390,239,1,0
BRDA:2407,240,0,0
BRDA:2407,240,1,0
BRDA:2407,241,0,0
BRDA:2407,241,1,0
BRDA:2407,241,2,0
BRDA:2409,242,0,0
BRDA:2409,242,1,0
BRDA:2421,243,0,0
BRDA:2421,243,1,0
BRDA:2421,244,0,0
BRDA:2421,244,1,0
BRDA:2421,244,2,0
BRDA:2423,245,0,0
BRDA:2423,245,1,0
BRDA:2449,246,0,1245
BRDA:2449,246,1,1245
BRDA:2455,247,0,5
BRDA:2455,247,1,1240
BRDA:2470,248,0,0
BRDA:2470,248,1,11
BRF:774
BRH:176
end_of_record
TN:
SF:/Users/anthonyvisalli/Desktop/Clark/learning-object-service/dist/drivers/S3Driver.js
FN:2,(anonymous_0)
FN:3,(anonymous_1)
FN:4,fulfilled
FN:5,rejected
FN:6,step
FN:6,(anonymous_5)
FN:10,(anonymous_6)
FN:11,(anonymous_7)
FN:12,(anonymous_8)
FN:13,verb
FN:13,(anonymous_10)
FN:14,step
FN:37,(anonymous_12)
FN:41,(anonymous_13)
FN:53,(anonymous_14)
FN:54,S3Driver
FN:66,(anonymous_16)
FN:67,(anonymous_17)
FN:69,(anonymous_18)
FN:133,(anonymous_19)
FN:134,(anonymous_20)
FN:136,(anonymous_21)
FN:164,(anonymous_22)
FN:165,(anonymous_23)
FN:167,(anonymous_24)
FN:181,(anonymous_25)
FN:212,(anonymous_26)
FN:213,(anonymous_27)
FN:215,(anonymous_28)
FN:239,(anonymous_29)
FN:266,(anonymous_30)
FNF:31
FNH:2
FNDA:0,(anonymous_0)
FNDA:0,(anonymous_1)
FNDA:0,fulfilled
FNDA:0,rejected
FNDA:0,step
FNDA:0,(anonymous_5)
FNDA:0,(anonymous_6)
FNDA:0,(anonymous_7)
FNDA:0,(anonymous_8)
FNDA:0,verb
FNDA:0,(anonymous_10)
FNDA:0,step
FNDA:0,(anonymous_12)
FNDA:0,(anonymous_13)
FNDA:2,(anonymous_14)
FNDA:1,S3Driver
FNDA:0,(anonymous_16)
FNDA:0,(anonymous_17)
FNDA:0,(anonymous_18)
FNDA:0,(anonymous_19)
FNDA:0,(anonymous_20)
FNDA:0,(anonymous_21)
FNDA:0,(anonymous_22)
FNDA:0,(anonymous_23)
FNDA:0,(anonymous_24)
FNDA:0,(anonymous_25)
FNDA:0,(anonymous_26)
FNDA:0,(anonymous_27)
FNDA:0,(anonymous_28)
FNDA:0,(anonymous_29)
FNDA:0,(anonymous_30)
DA:2,2
DA:3,0
DA:4,0
DA:5,0
DA:6,0
DA:7,0
DA:10,2
DA:11,0
DA:12,0
DA:13,0
DA:15,0
DA:16,0
DA:17,0
DA:18,0
DA:19,0
DA:20,0
DA:21,0
DA:22,0
DA:23,0
DA:25,0
DA:26,0
DA:27,0
DA:28,0
DA:29,0
DA:30,0
DA:32,0
DA:33,0
DA:34,0
DA:37,2
DA:38,0
DA:39,0
DA:40,0
DA:42,0
DA:43,0
DA:47,2
DA:48,2
DA:49,2
DA:50,2
DA:51,2
DA:52,2
DA:53,2
DA:55,1
DA:66,2
DA:67,0
DA:69,0
DA:70,0
DA:72,0
DA:73,0
DA:74,0
DA:76,0
DA:77,0
DA:78,0
DA:80,0
DA:81,0
DA:82,0
DA:83,0
DA:84,0
DA:85,0
DA:91,0
DA:93,0
DA:94,0
DA:95,0
DA:96,0
DA:98,0
DA:99,0
DA:101,0
DA:102,0
DA:103,0
DA:105,0
DA:106,0
DA:107,0
DA:109,0
DA:110,0
DA:112,0
DA:113,0
DA:114,0
DA:116,0
DA:117,0
DA:118,0
DA:119,0
DA:133,2
DA:134,0
DA:136,0
DA:137,0
DA:139,0
DA:140,0
DA:144,0
DA:146,0
DA:147,0
DA:149,0
DA:150,0
DA:151,0
DA:164,2
DA:165,0
DA:167,0
DA:168,0
DA:170,0
DA:171,0
DA:175,0
DA:177,0
DA:178,0
DA:182,0
DA:183,0
DA:187,0
DA:189,0
DA:190,0
DA:191,0
DA:193,0
DA:194,0
DA:195,0
DA:197,0
DA:198,0
DA:199,0
DA:212,2
DA:213,0
DA:215,0
DA:216,0
DA:218,0
DA:219,0
DA:221,0
DA:222,0
DA:224,0
DA:225,0
DA:226,0
DA:239,2
DA:240,0
DA:241,0
DA:242,0
DA:243,0
DA:244,0
DA:245,0
DA:246,0
DA:247,0
DA:255,0
DA:266,2
DA:267,0
DA:268,0
DA:269,0
DA:270,0
DA:271,0
DA:273,2
DA:275,2
LF:142
LH:19
BRDA:2,0,0,2
BRDA:2,0,1,2
BRDA:2,0,2,2
BRDA:3,1,0,0
BRDA:3,1,1,0
BRDA:6,2,0,0
BRDA:6,2,1,0
BRDA:7,3,0,0
BRDA:7,3,1,0
BRDA:10,4,0,2
BRDA:10,4,1,2
BRDA:10,4,2,2
BRDA:11,5,0,0
BRDA:11,5,1,0
BRDA:12,6,0,0
BRDA:12,6,1,0
BRDA:15,7,0,0
BRDA:15,7,1,0
BRDA:17,8,0,0
BRDA:17,8,1,0
BRDA:17,9,0,0
BRDA:17,9,1,0
BRDA:17,9,2,0
BRDA:17,10,0,0
BRDA:17,10,1,0
BRDA:17,11,0,0
BRDA:17,11,1,0
BRDA:18,12,0,0
BRDA:18,12,1,0
BRDA:19,13,0,0
BRDA:19,13,1,0
BRDA:19,13,2,0
BRDA:19,13,3,0
BRDA:19,13,4,0
BRDA:19,13,5,0
BRDA:25,14,0,0
BRDA:25,14,1,0
BRDA:25,15,0,0
BRDA:25,15,1,0
BRDA:25,15,2,0
BRDA:25,16,0,0
BRDA:25,16,1,0
BRDA:26,17,0,0
BRDA:26,17,1,0
BRDA:26,18,0,0
BRDA:26,18,1,0
BRDA:26,18,2,0
BRDA:26,18,3,0
BRDA:27,19,0,0
BRDA:27,19,1,0
BRDA:27,20,0,0
BRDA:27,20,1,0
BRDA:28,21,0,0
BRDA:28,21,1,0
BRDA:28,22,0,0
BRDA:28,22,1,0
BRDA:29,23,0,0
BRDA:29,23,1,0
BRDA:34,24,0,0
BRDA:34,24,1,0
BRDA:34,25,0,0
BRDA:34,25,1,0
BRDA:37,26,0,2
BRDA:37,26,1,2
BRDA:37,26,2,2
BRDA:38,27,0,0
BRDA:38,27,1,0
BRDA:39,28,0,0
BRDA:39,28,1,0
BRDA:42,29,0,0
BRDA:42,29,1,0
BRDA:42,30,0,0
BRDA:42,30,1,0
BRDA:43,31,0,0
BRDA:43,31,1,0
BRDA:70,32,0,0
BRDA:70,32,1,0
BRDA:70,32,2,0
BRDA:70,32,3,0
BRDA:70,32,4,0
BRDA:70,32,5,0
BRDA:70,32,6,0
BRDA:70,32,7,0
BRDA:70,32,8,0
BRDA:70,32,9,0
BRDA:70,32,10,0
BRDA:80,33,0,0
BRDA:80,33,1,0
BRDA:89,34,0,0
BRDA:89,34,1,0
BRDA:95,35,0,0
BRDA:95,35,1,0
BRDA:110,36,0,0
BRDA:110,36,1,0
BRDA:110,37,0,0
BRDA:110,37,1,0
BRDA:110,37,2,0
BRDA:112,38,0,0
BRDA:112,38,1,0
BRDA:137,39,0,0
BRDA:137,39,1,0
BRDA:137,39,2,0
BRDA:137,39,3,0
BRDA:168,40,0,0
BRDA:168,40,1,0
BRDA:168,40,2,0
BRDA:168,40,3,0
BRDA:168,40,4,0
BRDA:168,40,5,0
BRDA:168,40,6,0
BRDA:190,41,0,0
BRDA:190,41,1,0
BRDA:216,42,0,0
BRDA:216,42,1,0
BRDA:216,42,2,0
BRDA:216,42,3,0
BRDA:245,43,0,0
BRDA:245,43,1,0
BRDA:268,44,0,0
BRDA:268,44,1,0
BRF:120
BRH:9
end_of_record
TN:
SF:/Users/anthonyvisalli/Desktop/Clark/learning-object-service/dist/drivers/TokenManager.js
FN:10,verifyJWT
FN:23,generateServiceToken
FN:35,decode
FN:36,(anonymous_3)
FN:39,(anonymous_4)
FNF:5
FNH:1
FNDA:0,verifyJWT
FNDA:315,generateServiceToken
FNDA:0,decode
FNDA:0,(anonymous_3)
FNDA:0,(anonymous_4)
DA:2,3
DA:3,3
DA:11,0
DA:12,0
DA:13,0
DA:14,0
DA:16,0
DA:19,0
DA:22,3
DA:24,315
DA:27,315
DA:32,315
DA:34,3
DA:36,0
DA:37,0
DA:40,0
DA:44,3
LF:17
LH:8
BRDA:13,0,0,0
BRDA:13,0,1,0
BRDA:40,1,0,0
BRDA:40,1,1,0
BRF:4
BRH:0
end_of_record
TN:
SF:/Users/anthonyvisalli/Desktop/Clark/learning-object-service/dist/drivers/drivers.js
FNF:0
FNH:0
DA:2,1
DA:3,1
DA:4,1
DA:5,1
DA:6,1
DA:7,1
DA:8,1
DA:9,1
DA:10,1
DA:11,1
DA:12,1
DA:13,1
DA:14,1
LF:13
LH:13
BRF:0
BRH:0
end_of_record
TN:
SF:/Users/anthonyvisalli/Desktop/Clark/learning-object-service/dist/drivers/express/ExpressAdminRouteDriver.js
FN:2,(anonymous_0)
FN:3,(anonymous_1)
FN:4,fulfilled
FN:5,rejected
FN:6,step
FN:6,(anonymous_5)
FN:10,(anonymous_6)
FN:11,(anonymous_7)
FN:12,(anonymous_8)
FN:13,verb
FN:13,(anonymous_10)
FN:14,step
FN:44,(anonymous_12)
FN:45,ExpressAdminRouteDriver
FN:49,(anonymous_14)
FN:55,(anonymous_15)
FN:58,(anonymous_16)
FN:60,(anonymous_17)
FN:60,(anonymous_18)
FN:61,(anonymous_19)
FN:69,(anonymous_20)
FN:69,(anonymous_21)
FN:71,(anonymous_22)
FN:122,(anonymous_23)
FN:122,(anonymous_24)
FN:124,(anonymous_25)
FN:146,(anonymous_26)
FN:146,(anonymous_27)
FN:148,(anonymous_28)
FN:170,(anonymous_29)
FN:170,(anonymous_30)
FN:172,(anonymous_31)
FN:194,(anonymous_32)
FN:194,(anonymous_33)
FN:196,(anonymous_34)
FN:217,(anonymous_35)
FN:217,(anonymous_36)
FN:219,(anonymous_37)
FN:240,(anonymous_38)
FN:240,(anonymous_39)
FN:242,(anonymous_40)
FNF:41
FNH:1
FNDA:0,(anonymous_0)
FNDA:0,(anonymous_1)
FNDA:0,fulfilled
FNDA:0,rejected
FNDA:0,step
FNDA:0,(anonymous_5)
FNDA:0,(anonymous_6)
FNDA:0,(anonymous_7)
FNDA:0,(anonymous_8)
FNDA:0,verb
FNDA:0,(anonymous_10)
FNDA:0,step
FNDA:1,(anonymous_12)
FNDA:0,ExpressAdminRouteDriver
FNDA:0,(anonymous_14)
FNDA:0,(anonymous_15)
FNDA:0,(anonymous_16)
FNDA:0,(anonymous_17)
FNDA:0,(anonymous_18)
FNDA:0,(anonymous_19)
FNDA:0,(anonymous_20)
FNDA:0,(anonymous_21)
FNDA:0,(anonymous_22)
FNDA:0,(anonymous_23)
FNDA:0,(anonymous_24)
FNDA:0,(anonymous_25)
FNDA:0,(anonymous_26)
FNDA:0,(anonymous_27)
FNDA:0,(anonymous_28)
FNDA:0,(anonymous_29)
FNDA:0,(anonymous_30)
FNDA:0,(anonymous_31)
FNDA:0,(anonymous_32)
FNDA:0,(anonymous_33)
FNDA:0,(anonymous_34)
FNDA:0,(anonymous_35)
FNDA:0,(anonymous_36)
FNDA:0,(anonymous_37)
FNDA:0,(anonymous_38)
FNDA:0,(anonymous_39)
FNDA:0,(anonymous_40)
DA:2,1
DA:3,0
DA:4,0
DA:5,0
DA:6,0
DA:7,0
DA:10,1
DA:11,0
DA:12,0
DA:13,0
DA:15,0
DA:16,0
DA:17,0
DA:18,0
DA:19,0
DA:20,0
DA:21,0
DA:22,0
DA:23,0
DA:25,0
DA:26,0
DA:27,0
DA:28,0
DA:29,0
DA:30,0
DA:32,0
DA:33,0
DA:34,0
DA:37,1
DA:38,1
DA:39,1
DA:40,1
DA:43,1
DA:44,1
DA:46,0
DA:47,0
DA:49,1
DA:50,0
DA:51,0
DA:52,0
DA:53,0
DA:55,1
DA:56,0
DA:58,1
DA:59,0
DA:60,0
DA:61,0
DA:62,0
DA:66,0
DA:69,0
DA:71,0
DA:72,0
DA:74,0
DA:75,0
DA:77,0
DA:78,0
DA:79,0
DA:80,0
DA:81,0
DA:82,0
DA:83,0
DA:84,0
DA:85,0
DA:86,0
DA:87,0
DA:91,0
DA:92,0
DA:93,0
DA:94,0
DA:95,0
DA:102,0
DA:103,0
DA:105,0
DA:106,0
DA:107,0
DA:109,0
DA:110,0
DA:112,0
DA:113,0
DA:115,0
DA:116,0
DA:117,0
DA:118,0
DA:122,0
DA:124,0
DA:125,0
DA:127,0
DA:128,0
DA:130,0
DA:131,0
DA:132,0
DA:133,0
DA:135,0
DA:136,0
DA:137,0
DA:139,0
DA:140,0
DA:141,0
DA:142,0
DA:146,0
DA:148,0
DA:149,0
DA:151,0
DA:152,0
DA:154,0
DA:155,0
DA:156,0
DA:157,0
DA:159,0
DA:160,0
DA:161,0
DA:163,0
DA:164,0
DA:165,0
DA:166,0
DA:170,0
DA:172,0
DA:173,0
DA:175,0
DA:176,0
DA:178,0
DA:179,0
DA:180,0
DA:181,0
DA:183,0
DA:184,0
DA:185,0
DA:187,0
DA:188,0
DA:189,0
DA:190,0
DA:194,0
DA:196,0
DA:197,0
DA:199,0
DA:200,0
DA:202,0
DA:203,0
DA:204,0
DA:206,0
DA:207,0
DA:208,0
DA:210,0
DA:211,0
DA:212,0
DA:213,0
DA:217,0
DA:219,0
DA:220,0
DA:222,0
DA:223,0
DA:225,0
DA:226,0
DA:227,0
DA:229,0
DA:230,0
DA:231,0
DA:233,0
DA:234,0
DA:235,0
DA:236,0
DA:240,0
DA:242,0
DA:243,0
DA:245,0
DA:246,0
DA:248,0
DA:249,0
DA:250,0
DA:252,0
DA:253,0
DA:254,0
DA:256,0
DA:257,0
DA:258,0
DA:259,0
DA:264,1
DA:266,1
LF:178
LH:13
BRDA:2,0,0,1
BRDA:2,0,1,1
BRDA:2,0,2,1
BRDA:3,1,0,0
BRDA:3,1,1,0
BRDA:6,2,0,0
BRDA:6,2,1,0
BRDA:7,3,0,0
BRDA:7,3,1,0
BRDA:10,4,0,1
BRDA:10,4,1,1
BRDA:10,4,2,1
BRDA:11,5,0,0
BRDA:11,5,1,0
BRDA:12,6,0,0
BRDA:12,6,1,0
BRDA:15,7,0,0
BRDA:15,7,1,0
BRDA:17,8,0,0
BRDA:17,8,1,0
BRDA:17,9,0,0
BRDA:17,9,1,0
BRDA:17,9,2,0
BRDA:17,10,0,0
BRDA:17,10,1,0
BRDA:17,11,0,0
BRDA:17,11,1,0
BRDA:18,12,0,0
BRDA:18,12,1,0
BRDA:19,13,0,0
BRDA:19,13,1,0
BRDA:19,13,2,0
BRDA:19,13,3,0
BRDA:19,13,4,0
BRDA:19,13,5,0
BRDA:25,14,0,0
BRDA:25,14,1,0
BRDA:25,15,0,0
BRDA:25,15,1,0
BRDA:25,15,2,0
BRDA:25,16,0,0
BRDA:25,16,1,0
BRDA:26,17,0,0
BRDA:26,17,1,0
BRDA:26,18,0,0
BRDA:26,18,1,0
BRDA:26,18,2,0
BRDA:26,18,3,0
BRDA:27,19,0,0
BRDA:27,19,1,0
BRDA:27,20,0,0
BRDA:27,20,1,0
BRDA:28,21,0,0
BRDA:28,21,1,0
BRDA:28,22,0,0
BRDA:28,22,1,0
BRDA:29,23,0,0
BRDA:29,23,1,0
BRDA:34,24,0,0
BRDA:34,24,1,0
BRDA:34,25,0,0
BRDA:34,25,1,0
BRDA:72,26,0,0
BRDA:72,26,1,0
BRDA:72,26,2,0
BRDA:72,26,3,0
BRDA:72,26,4,0
BRDA:72,26,5,0
BRDA:72,26,6,0
BRDA:72,26,7,0
BRDA:78,27,0,0
BRDA:78,27,1,0
BRDA:79,28,0,0
BRDA:79,28,1,0
BRDA:83,29,0,0
BRDA:83,29,1,0
BRDA:83,30,0,0
BRDA:83,30,1,0
BRDA:85,31,0,0
BRDA:85,31,1,0
BRDA:85,32,0,0
BRDA:85,32,1,0
BRDA:88,33,0,0
BRDA:88,33,1,0
BRDA:88,34,0,0
BRDA:88,34,1,0
BRDA:93,35,0,0
BRDA:93,35,1,0
BRDA:95,36,0,0
BRDA:95,36,1,0
BRDA:95,37,0,0
BRDA:95,37,1,0
BRDA:95,37,2,0
BRDA:95,37,3,0
BRDA:95,37,4,0
BRDA:95,37,5,0
BRDA:95,37,6,0
BRDA:95,37,7,0
BRDA:125,38,0,0
BRDA:125,38,1,0
BRDA:125,38,2,0
BRDA:125,38,3,0
BRDA:125,38,4,0
BRDA:149,39,0,0
BRDA:149,39,1,0
BRDA:149,39,2,0
BRDA:149,39,3,0
BRDA:149,39,4,0
BRDA:173,40,0,0
BRDA:173,40,1,0
BRDA:173,40,2,0
BRDA:173,40,3,0
BRDA:173,40,4,0
BRDA:197,41,0,0
BRDA:197,41,1,0
BRDA:197,41,2,0
BRDA:197,41,3,0
BRDA:197,41,4,0
BRDA:220,42,0,0
BRDA:220,42,1,0
BRDA:220,42,2,0
BRDA:220,42,3,0
BRDA:220,42,4,0
BRDA:243,43,0,0
BRDA:243,43,1,0
BRDA:243,43,2,0
BRDA:243,43,3,0
BRDA:243,43,4,0
BRF:128
BRH:6
end_of_record
TN:
SF:/Users/anthonyvisalli/Desktop/Clark/learning-object-service/dist/drivers/express/ExpressDriver.js
FN:12,(anonymous_0)
FN:13,ExpressDriver
FN:15,(anonymous_2)
FN:50,(anonymous_3)
FNF:4
FNH:1
FNDA:1,(anonymous_0)
FNDA:0,ExpressDriver
FNDA:0,(anonymous_2)
FNDA:0,(anonymous_3)
DA:2,1
DA:3,1
DA:4,1
DA:5,1
DA:6,1
DA:7,1
DA:8,1
DA:9,1
DA:10,1
DA:11,1
DA:12,1
DA:15,1
DA:17,0
DA:20,0
DA:22,0
DA:23,0
DA:28,0
DA:30,0
DA:32,0
DA:34,0
DA:35,0
DA:39,0
DA:40,0
DA:42,0
DA:46,0
DA:50,0
DA:51,0
DA:53,0
DA:55,1
DA:56,1
DA:58,1
LF:31
LH:15
BRDA:39,0,0,0
BRDA:39,0,1,0
BRF:2
BRH:0
end_of_record
TN:
SF:/Users/anthonyvisalli/Desktop/Clark/learning-object-service/dist/drivers/express/ExpressResponder.js
FN:4,(anonymous_0)
FN:5,ExpressResponder
FN:9,(anonymous_2)
FN:12,(anonymous_3)
FN:22,(anonymous_4)
FNF:5
FNH:4
FNDA:1,(anonymous_0)
FNDA:2,ExpressResponder
FNDA:0,(anonymous_2)
FNDA:1,(anonymous_3)
FNDA:1,(anonymous_4)
DA:2,1
DA:3,1
DA:4,1
DA:6,2
DA:7,2
DA:9,1
DA:10,0
DA:12,1
DA:13,1
DA:14,1
DA:15,1
DA:16,1
DA:19,0
DA:22,1
DA:23,1
DA:24,1
DA:27,0
DA:30,1
DA:32,1
LF:19
LH:16
BRDA:13,0,0,1
BRDA:13,0,1,0
BRDA:14,1,0,1
BRDA:14,1,1,0
BRDA:15,2,0,1
BRDA:15,2,1,0
BRDA:23,3,0,1
BRDA:23,3,1,0
BRF:8
BRH:4
end_of_record
TN:
SF:/Users/anthonyvisalli/Desktop/Clark/learning-object-service/dist/drivers/express/ExpressRouteDriver.js
FN:2,(anonymous_0)
FN:3,(anonymous_1)
FN:4,fulfilled
FN:5,rejected
FN:6,step
FN:6,(anonymous_5)
FN:10,(anonymous_6)
FN:11,(anonymous_7)
FN:12,(anonymous_8)
FN:13,verb
FN:13,(anonymous_10)
FN:14,step
FN:47,(anonymous_12)
FN:48,ExpressRouteDriver
FN:53,(anonymous_14)
FN:59,(anonymous_15)
FN:62,(anonymous_16)
FN:64,(anonymous_17)
FN:64,(anonymous_18)
FN:65,(anonymous_19)
FN:75,(anonymous_20)
FN:75,(anonymous_21)
FN:77,(anonymous_22)
FN:129,(anonymous_23)
FN:129,(anonymous_24)
FN:131,(anonymous_25)
FN:154,(anonymous_26)
FN:154,(anonymous_27)
FN:156,(anonymous_28)
FN:181,(anonymous_29)
FN:181,(anonymous_30)
FN:183,(anonymous_31)
FN:205,(anonymous_32)
FN:205,(anonymous_33)
FN:207,(anonymous_34)
FN:229,(anonymous_35)
FN:229,(anonymous_36)
FN:231,(anonymous_37)
FN:267,(anonymous_38)
FN:267,(anonymous_39)
FN:269,(anonymous_40)
FN:292,(anonymous_41)
FN:292,(anonymous_42)
FN:294,(anonymous_43)
FN:318,(anonymous_44)
FN:318,(anonymous_45)
FN:320,(anonymous_46)
FN:345,(anonymous_47)
FN:345,(anonymous_48)
FN:347,(anonymous_49)
FN:372,(anonymous_50)
FN:372,(anonymous_51)
FN:374,(anonymous_52)
FN:397,(anonymous_53)
FN:397,(anonymous_54)
FN:399,(anonymous_55)
FN:429,(anonymous_56)
FN:429,(anonymous_57)
FN:431,(anonymous_58)
FN:452,(anonymous_59)
FN:452,(anonymous_60)
FN:454,(anonymous_61)
FN:491,(anonymous_62)
FN:491,(anonymous_63)
FN:493,(anonymous_64)
FN:516,(anonymous_65)
FN:516,(anonymous_66)
FN:518,(anonymous_67)
FN:541,(anonymous_68)
FN:541,(anonymous_69)
FN:543,(anonymous_70)
FN:564,(anonymous_71)
FN:564,(anonymous_72)
FN:566,(anonymous_73)
FN:586,(anonymous_74)
FN:586,(anonymous_75)
FN:588,(anonymous_76)
FN:611,(anonymous_77)
FN:611,(anonymous_78)
FN:613,(anonymous_79)
FN:637,(anonymous_80)
FN:637,(anonymous_81)
FN:639,(anonymous_82)
FN:662,(anonymous_83)
FN:662,(anonymous_84)
FN:664,(anonymous_85)
FN:684,(anonymous_86)
FN:684,(anonymous_87)
FN:686,(anonymous_88)
FNF:89
FNH:1
FNDA:0,(anonymous_0)
FNDA:0,(anonymous_1)
FNDA:0,fulfilled
FNDA:0,rejected
FNDA:0,step
FNDA:0,(anonymous_5)
FNDA:0,(anonymous_6)
FNDA:0,(anonymous_7)
FNDA:0,(anonymous_8)
FNDA:0,verb
FNDA:0,(anonymous_10)
FNDA:0,step
FNDA:1,(anonymous_12)
FNDA:0,ExpressRouteDriver
FNDA:0,(anonymous_14)
FNDA:0,(anonymous_15)
FNDA:0,(anonymous_16)
FNDA:0,(anonymous_17)
FNDA:0,(anonymous_18)
FNDA:0,(anonymous_19)
FNDA:0,(anonymous_20)
FNDA:0,(anonymous_21)
FNDA:0,(anonymous_22)
FNDA:0,(anonymous_23)
FNDA:0,(anonymous_24)
FNDA:0,(anonymous_25)
FNDA:0,(anonymous_26)
FNDA:0,(anonymous_27)
FNDA:0,(anonymous_28)
FNDA:0,(anonymous_29)
FNDA:0,(anonymous_30)
FNDA:0,(anonymous_31)
FNDA:0,(anonymous_32)
FNDA:0,(anonymous_33)
FNDA:0,(anonymous_34)
FNDA:0,(anonymous_35)
FNDA:0,(anonymous_36)
FNDA:0,(anonymous_37)
FNDA:0,(anonymous_38)
FNDA:0,(anonymous_39)
FNDA:0,(anonymous_40)
FNDA:0,(anonymous_41)
FNDA:0,(anonymous_42)
FNDA:0,(anonymous_43)
FNDA:0,(anonymous_44)
FNDA:0,(anonymous_45)
FNDA:0,(anonymous_46)
FNDA:0,(anonymous_47)
FNDA:0,(anonymous_48)
FNDA:0,(anonymous_49)
FNDA:0,(anonymous_50)
FNDA:0,(anonymous_51)
FNDA:0,(anonymous_52)
FNDA:0,(anonymous_53)
FNDA:0,(anonymous_54)
FNDA:0,(anonymous_55)
FNDA:0,(anonymous_56)
FNDA:0,(anonymous_57)
FNDA:0,(anonymous_58)
FNDA:0,(anonymous_59)
FNDA:0,(anonymous_60)
FNDA:0,(anonymous_61)
FNDA:0,(anonymous_62)
FNDA:0,(anonymous_63)
FNDA:0,(anonymous_64)
FNDA:0,(anonymous_65)
FNDA:0,(anonymous_66)
FNDA:0,(anonymous_67)
FNDA:0,(anonymous_68)
FNDA:0,(anonymous_69)
FNDA:0,(anonymous_70)
FNDA:0,(anonymous_71)
FNDA:0,(anonymous_72)
FNDA:0,(anonymous_73)
FNDA:0,(anonymous_74)
FNDA:0,(anonymous_75)
FNDA:0,(anonymous_76)
FNDA:0,(anonymous_77)
FNDA:0,(anonymous_78)
FNDA:0,(anonymous_79)
FNDA:0,(anonymous_80)
FNDA:0,(anonymous_81)
FNDA:0,(anonymous_82)
FNDA:0,(anonymous_83)
FNDA:0,(anonymous_84)
FNDA:0,(anonymous_85)
FNDA:0,(anonymous_86)
FNDA:0,(anonymous_87)
FNDA:0,(anonymous_88)
DA:2,1
DA:3,0
DA:4,0
DA:5,0
DA:6,0
DA:7,0
DA:10,1
DA:11,0
DA:12,0
DA:13,0
DA:15,0
DA:16,0
DA:17,0
DA:18,0
DA:19,0
DA:20,0
DA:21,0
DA:22,0
DA:23,0
DA:25,0
DA:26,0
DA:27,0
DA:28,0
DA:29,0
DA:30,0
DA:32,0
DA:33,0
DA:34,0
DA:37,1
DA:38,1
DA:39,1
DA:40,1
DA:41,1
DA:42,1
DA:43,1
DA:46,1
DA:47,1
DA:49,0
DA:50,0
DA:51,0
DA:53,1
DA:54,0
DA:55,0
DA:56,0
DA:57,0
DA:59,1
DA:60,0
DA:62,1
DA:63,0
DA:64,0
DA:65,0
DA:66,0
DA:70,0
DA:73,0
DA:75,0
DA:77,0
DA:78,0
DA:80,0
DA:81,0
DA:83,0
DA:84,0
DA:85,0
DA:86,0
DA:87,0
DA:88,0
DA:89,0
DA:90,0
DA:91,0
DA:92,0
DA:93,0
DA:97,0
DA:98,0
DA:99,0
DA:100,0
DA:101,0
DA:102,0
DA:109,0
DA:110,0
DA:112,0
DA:113,0
DA:114,0
DA:116,0
DA:117,0
DA:119,0
DA:120,0
DA:122,0
DA:123,0
DA:124,0
DA:125,0
DA:129,0
DA:131,0
DA:132,0
DA:134,0
DA:135,0
DA:137,0
DA:138,0
DA:139,0
DA:140,0
DA:141,0
DA:143,0
DA:144,0
DA:145,0
DA:147,0
DA:148,0
DA:149,0
DA:150,0
DA:154,0
DA:156,0
DA:157,0
DA:159,0
DA:160,0
DA:162,0
DA:163,0
DA:164,0
DA:165,0
DA:166,0
DA:168,0
DA:170,0
DA:171,0
DA:172,0
DA:174,0
DA:175,0
DA:176,0
DA:177,0
DA:181,0
DA:183,0
DA:184,0
DA:186,0
DA:187,0
DA:189,0
DA:190,0
DA:191,0
DA:192,0
DA:194,0
DA:195,0
DA:196,0
DA:198,0
DA:199,0
DA:200,0
DA:201,0
DA:205,0
DA:207,0
DA:208,0
DA:210,0
DA:211,0
DA:213,0
DA:214,0
DA:215,0
DA:216,0
DA:218,0
DA:219,0
DA:220,0
DA:222,0
DA:223,0
DA:224,0
DA:225,0
DA:229,0
DA:231,0
DA:232,0
DA:234,0
DA:235,0
DA:237,0
DA:238,0
DA:239,0
DA:242,0
DA:243,0
DA:245,0
DA:247,0
DA:248,0
DA:249,0
DA:250,0
DA:252,0
DA:253,0
DA:254,0
DA:256,0
DA:257,0
DA:258,0
DA:260,0
DA:261,0
DA:262,0
DA:263,0
DA:267,0
DA:269,0
DA:270,0
DA:272,0
DA:273,0
DA:275,0
DA:276,0
DA:277,0
DA:278,0
DA:279,0
DA:281,0
DA:282,0
DA:283,0
DA:285,0
DA:286,0
DA:287,0
DA:288,0
DA:292,0
DA:294,0
DA:295,0
DA:297,0
DA:298,0
DA:300,0
DA:301,0
DA:302,0
DA:303,0
DA:305,0
DA:306,0
DA:307,0
DA:309,0
DA:310,0
DA:311,0
DA:312,0
DA:316,0
DA:318,0
DA:320,0
DA:321,0
DA:323,0
DA:324,0
DA:326,0
DA:327,0
DA:334,0
DA:335,0
DA:336,0
DA:338,0
DA:339,0
DA:340,0
DA:341,0
DA:345,0
DA:347,0
DA:348,0
DA:350,0
DA:351,0
DA:353,0
DA:354,0
DA:361,0
DA:362,0
DA:363,0
DA:365,0
DA:366,0
DA:367,0
DA:368,0
DA:372,0
DA:374,0
DA:375,0
DA:377,0
DA:378,0
DA:380,0
DA:381,0
DA:382,0
DA:384,0
DA:385,0
DA:386,0
DA:388,0
DA:389,0
DA:390,0
DA:391,0
DA:395,0
DA:397,0
DA:399,0
DA:400,0
DA:402,0
DA:403,0
DA:405,0
DA:406,0
DA:407,0
DA:408,0
DA:409,0
DA:410,0
DA:412,0
DA:413,0
DA:414,0
DA:415,0
DA:416,0
DA:418,0
DA:419,0
DA:420,0
DA:422,0
DA:423,0
DA:424,0
DA:425,0
DA:429,0
DA:431,0
DA:432,0
DA:434,0
DA:435,0
DA:437,0
DA:438,0
DA:439,0
DA:441,0
DA:442,0
DA:443,0
DA:445,0
DA:446,0
DA:447,0
DA:448,0
DA:452,0
DA:454,0
DA:455,0
DA:457,0
DA:458,0
DA:460,0
DA:461,0
DA:462,0
DA:464,0
DA:465,0
DA:466,0
DA:468,0
DA:469,0
DA:470,0
DA:471,0
DA:491,0
DA:493,0
DA:494,0
DA:496,0
DA:497,0
DA:499,0
DA:500,0
DA:501,0
DA:503,0
DA:504,0
DA:505,0
DA:507,0
DA:508,0
DA:509,0
DA:510,0
DA:516,0
DA:518,0
DA:519,0
DA:521,0
DA:522,0
DA:524,0
DA:525,0
DA:526,0
DA:528,0
DA:529,0
DA:530,0
DA:532,0
DA:533,0
DA:534,0
DA:535,0
DA:541,0
DA:543,0
DA:544,0
DA:546,0
DA:547,0
DA:549,0
DA:550,0
DA:551,0
DA:553,0
DA:554,0
DA:555,0
DA:557,0
DA:558,0
DA:559,0
DA:560,0
DA:564,0
DA:566,0
DA:567,0
DA:569,0
DA:570,0
DA:572,0
DA:573,0
DA:575,0
DA:576,0
DA:577,0
DA:579,0
DA:580,0
DA:581,0
DA:582,0
DA:586,0
DA:588,0
DA:589,0
DA:591,0
DA:592,0
DA:594,0
DA:595,0
DA:597,0
DA:598,0
DA:599,0
DA:601,0
DA:602,0
DA:603,0
DA:604,0
DA:611,0
DA:613,0
DA:614,0
DA:616,0
DA:617,0
DA:619,0
DA:620,0
DA:621,0
DA:623,0
DA:624,0
DA:625,0
DA:627,0
DA:628,0
DA:629,0
DA:630,0
DA:637,0
DA:639,0
DA:640,0
DA:642,0
DA:643,0
DA:645,0
DA:646,0
DA:648,0
DA:649,0
DA:650,0
DA:652,0
DA:653,0
DA:654,0
DA:655,0
DA:662,0
DA:664,0
DA:665,0
DA:667,0
DA:668,0
DA:670,0
DA:671,0
DA:673,0
DA:674,0
DA:675,0
DA:677,0
DA:678,0
DA:679,0
DA:680,0
DA:684,0
DA:686,0
DA:687,0
DA:689,0
DA:690,0
DA:692,0
DA:693,0
DA:695,0
DA:696,0
DA:697,0
DA:699,0
DA:700,0
DA:701,0
DA:702,0
DA:707,1
DA:709,1
LF:444
LH:16
BRDA:2,0,0,1
BRDA:2,0,1,1
BRDA:2,0,2,1
BRDA:3,1,0,0
BRDA:3,1,1,0
BRDA:6,2,0,0
BRDA:6,2,1,0
BRDA:7,3,0,0
BRDA:7,3,1,0
BRDA:10,4,0,1
BRDA:10,4,1,1
BRDA:10,4,2,1
BRDA:11,5,0,0
BRDA:11,5,1,0
BRDA:12,6,0,0
BRDA:12,6,1,0
BRDA:15,7,0,0
BRDA:15,7,1,0
BRDA:17,8,0,0
BRDA:17,8,1,0
BRDA:17,9,0,0
BRDA:17,9,1,0
BRDA:17,9,2,0
BRDA:17,10,0,0
BRDA:17,10,1,0
BRDA:17,11,0,0
BRDA:17,11,1,0
BRDA:18,12,0,0
BRDA:18,12,1,0
BRDA:19,13,0,0
BRDA:19,13,1,0
BRDA:19,13,2,0
BRDA:19,13,3,0
BRDA:19,13,4,0
BRDA:19,13,5,0
BRDA:25,14,0,0
BRDA:25,14,1,0
BRDA:25,15,0,0
BRDA:25,15,1,0
BRDA:25,15,2,0
BRDA:25,16,0,0
BRDA:25,16,1,0
BRDA:26,17,0,0
BRDA:26,17,1,0
BRDA:26,18,0,0
BRDA:26,18,1,0
BRDA:26,18,2,0
BRDA:26,18,3,0
BRDA:27,19,0,0
BRDA:27,19,1,0
BRDA:27,20,0,0
BRDA:27,20,1,0
BRDA:28,21,0,0
BRDA:28,21,1,0
BRDA:28,22,0,0
BRDA:28,22,1,0
BRDA:29,23,0,0
BRDA:29,23,1,0
BRDA:34,24,0,0
BRDA:34,24,1,0
BRDA:34,25,0,0
BRDA:34,25,1,0
BRDA:78,26,0,0
BRDA:78,26,1,0
BRDA:78,26,2,0
BRDA:78,26,3,0
BRDA:78,26,4,0
BRDA:78,26,5,0
BRDA:78,26,6,0
BRDA:78,26,7,0
BRDA:84,27,0,0
BRDA:84,27,1,0
BRDA:85,28,0,0
BRDA:85,28,1,0
BRDA:89,29,0,0
BRDA:89,29,1,0
BRDA:89,30,0,0
BRDA:89,30,1,0
BRDA:91,31,0,0
BRDA:91,31,1,0
BRDA:91,32,0,0
BRDA:91,32,1,0
BRDA:94,33,0,0
BRDA:94,33,1,0
BRDA:94,34,0,0
BRDA:94,34,1,0
BRDA:99,35,0,0
BRDA:99,35,1,0
BRDA:102,36,0,0
BRDA:102,36,1,0
BRDA:102,37,0,0
BRDA:102,37,1,0
BRDA:102,37,2,0
BRDA:102,37,3,0
BRDA:102,37,4,0
BRDA:102,37,5,0
BRDA:102,37,6,0
BRDA:102,37,7,0
BRDA:132,38,0,0
BRDA:132,38,1,0
BRDA:132,38,2,0
BRDA:132,38,3,0
BRDA:132,38,4,0
BRDA:157,39,0,0
BRDA:157,39,1,0
BRDA:157,39,2,0
BRDA:157,39,3,0
BRDA:157,39,4,0
BRDA:164,40,0,0
BRDA:164,40,1,0
BRDA:184,41,0,0
BRDA:184,41,1,0
BRDA:184,41,2,0
BRDA:184,41,3,0
BRDA:184,41,4,0
BRDA:208,42,0,0
BRDA:208,42,1,0
BRDA:208,42,2,0
BRDA:208,42,3,0
BRDA:208,42,4,0
BRDA:232,43,0,0
BRDA:232,43,1,0
BRDA:232,43,2,0
BRDA:232,43,3,0
BRDA:232,43,4,0
BRDA:232,43,5,0
BRDA:232,43,6,0
BRDA:232,43,7,0
BRDA:239,44,0,0
BRDA:239,44,1,0
BRDA:242,45,0,0
BRDA:242,45,1,0
BRDA:248,46,0,0
BRDA:248,46,1,0
BRDA:270,47,0,0
BRDA:270,47,1,0
BRDA:270,47,2,0
BRDA:270,47,3,0
BRDA:270,47,4,0
BRDA:295,48,0,0
BRDA:295,48,1,0
BRDA:295,48,2,0
BRDA:295,48,3,0
BRDA:295,48,4,0
BRDA:321,49,0,0
BRDA:321,49,1,0
BRDA:321,49,2,0
BRDA:321,49,3,0
BRDA:321,49,4,0
BRDA:348,50,0,0
BRDA:348,50,1,0
BRDA:348,50,2,0
BRDA:348,50,3,0
BRDA:348,50,4,0
BRDA:375,51,0,0
BRDA:375,51,1,0
BRDA:375,51,2,0
BRDA:375,51,3,0
BRDA:375,51,4,0
BRDA:400,52,0,0
BRDA:400,52,1,0
BRDA:400,52,2,0
BRDA:400,52,3,0
BRDA:400,52,4,0
BRDA:400,52,5,0
BRDA:400,52,6,0
BRDA:409,53,0,0
BRDA:409,53,1,0
BRDA:409,54,0,0
BRDA:409,54,1,0
BRDA:432,55,0,0
BRDA:432,55,1,0
BRDA:432,55,2,0
BRDA:432,55,3,0
BRDA:432,55,4,0
BRDA:455,56,0,0
BRDA:455,56,1,0
BRDA:455,56,2,0
BRDA:455,56,3,0
BRDA:455,56,4,0
BRDA:494,57,0,0
BRDA:494,57,1,0
BRDA:494,57,2,0
BRDA:494,57,3,0
BRDA:494,57,4,0
BRDA:519,58,0,0
BRDA:519,58,1,0
BRDA:519,58,2,0
BRDA:519,58,3,0
BRDA:519,58,4,0
BRDA:544,59,0,0
BRDA:544,59,1,0
BRDA:544,59,2,0
BRDA:544,59,3,0
BRDA:544,59,4,0
BRDA:567,60,0,0
BRDA:567,60,1,0
BRDA:567,60,2,0
BRDA:567,60,3,0
BRDA:567,60,4,0
BRDA:589,61,0,0
BRDA:589,61,1,0
BRDA:589,61,2,0
BRDA:589,61,3,0
BRDA:589,61,4,0
BRDA:614,62,0,0
BRDA:614,62,1,0
BRDA:614,62,2,0
BRDA:614,62,3,0
BRDA:614,62,4,0
BRDA:640,63,0,0
BRDA:640,63,1,0
BRDA:640,63,2,0
BRDA:640,63,3,0
BRDA:640,63,4,0
BRDA:665,64,0,0
BRDA:665,64,1,0
BRDA:665,64,2,0
BRDA:665,64,3,0
BRDA:665,64,4,0
BRDA:687,65,0,0
BRDA:687,65,1,0
BRDA:687,65,2,0
BRDA:687,65,3,0
BRDA:687,65,4,0
BRF:225
BRH:6
end_of_record
TN:
SF:/Users/anthonyvisalli/Desktop/Clark/learning-object-service/dist/interactors/AdminLearningObjectInteractor.js
FN:2,(anonymous_0)
FN:3,(anonymous_1)
FN:4,fulfilled
FN:5,rejected
FN:6,step
FN:6,(anonymous_5)
FN:10,(anonymous_6)
FN:11,(anonymous_7)
FN:12,(anonymous_8)
FN:13,verb
FN:13,(anonymous_10)
FN:14,step
FN:39,(anonymous_12)
FN:40,AdminLearningObjectInteractor
FN:46,(anonymous_14)
FN:47,(anonymous_15)
FN:49,(anonymous_16)
FN:77,(anonymous_17)
FN:78,(anonymous_18)
FN:80,(anonymous_19)
FN:93,(anonymous_20)
FN:94,(anonymous_21)
FN:95,(anonymous_22)
FN:106,(anonymous_23)
FN:107,(anonymous_24)
FN:108,(anonymous_25)
FN:119,(anonymous_26)
FN:120,(anonymous_27)
FN:121,(anonymous_28)
FN:132,(anonymous_29)
FN:133,(anonymous_30)
FN:134,(anonymous_31)
FNF:32
FNH:17
FNDA:3,(anonymous_0)
FNDA:3,(anonymous_1)
FNDA:1,fulfilled
FNDA:0,rejected
FNDA:4,step
FNDA:1,(anonymous_5)
FNDA:3,(anonymous_6)
FNDA:2,(anonymous_7)
FNDA:0,(anonymous_8)
FNDA:9,verb
FNDA:4,(anonymous_10)
FNDA:4,step
FNDA:3,(anonymous_12)
FNDA:0,AdminLearningObjectInteractor
FNDA:2,(anonymous_14)
FNDA:2,(anonymous_15)
FNDA:4,(anonymous_16)
FNDA:0,(anonymous_17)
FNDA:0,(anonymous_18)
FNDA:0,(anonymous_19)
FNDA:0,(anonymous_20)
FNDA:0,(anonymous_21)
FNDA:0,(anonymous_22)
FNDA:1,(anonymous_23)
FNDA:1,(anonymous_24)
FNDA:1,(anonymous_25)
FNDA:0,(anonymous_26)
FNDA:0,(anonymous_27)
FNDA:0,(anonymous_28)
FNDA:0,(anonymous_29)
FNDA:0,(anonymous_30)
FNDA:0,(anonymous_31)
DA:2,3
DA:3,3
DA:4,1
DA:5,0
DA:6,4
DA:7,3
DA:10,3
DA:11,3
DA:12,3
DA:13,9
DA:15,4
DA:16,11
DA:17,11
DA:18,11
DA:19,11
DA:20,4
DA:21,1
DA:22,0
DA:23,0
DA:25,6
DA:26,3
DA:27,3
DA:28,2
DA:29,2
DA:30,2
DA:32,5
DA:33,11
DA:34,3
DA:37,3
DA:38,3
DA:39,3
DA:46,3
DA:47,2
DA:49,2
DA:50,4
DA:52,2
DA:53,2
DA:54,2
DA:56,1
DA:57,1
DA:59,1
DA:60,1
DA:61,0
DA:77,3
DA:78,0
DA:80,0
DA:81,0
DA:82,0
DA:83,0
DA:86,0
DA:87,0
DA:89,0
DA:93,3
DA:94,0
DA:95,0
DA:96,0
DA:97,0
DA:100,0
DA:102,0
DA:106,3
DA:107,1
DA:108,1
DA:109,1
DA:110,1
DA:113,0
DA:115,0
DA:119,3
DA:120,0
DA:121,0
DA:122,0
DA:123,0
DA:126,0
DA:128,0
DA:132,3
DA:133,0
DA:134,0
DA:135,0
DA:136,0
DA:139,0
DA:141,0
DA:145,3
DA:146,3
DA:148,3
LF:83
LH:51
BRDA:2,0,0,3
BRDA:2,0,1,3
BRDA:2,0,2,3
BRDA:3,1,0,3
BRDA:3,1,1,3
BRDA:6,2,0,3
BRDA:6,2,1,1
BRDA:7,3,0,3
BRDA:7,3,1,3
BRDA:10,4,0,3
BRDA:10,4,1,3
BRDA:10,4,2,3
BRDA:11,5,0,0
BRDA:11,5,1,2
BRDA:12,6,0,3
BRDA:12,6,1,3
BRDA:15,7,0,0
BRDA:15,7,1,4
BRDA:17,8,0,0
BRDA:17,8,1,11
BRDA:17,9,0,11
BRDA:17,9,1,0
BRDA:17,9,2,0
BRDA:17,10,0,0
BRDA:17,10,1,0
BRDA:17,11,0,0
BRDA:17,11,1,0
BRDA:18,12,0,0
BRDA:18,12,1,11
BRDA:19,13,0,4
BRDA:19,13,1,4
BRDA:19,13,2,1
BRDA:19,13,3,0
BRDA:19,13,4,0
BRDA:19,13,5,6
BRDA:25,14,0,3
BRDA:25,14,1,3
BRDA:25,15,0,6
BRDA:25,15,1,3
BRDA:25,15,2,3
BRDA:25,16,0,6
BRDA:25,16,1,3
BRDA:26,17,0,0
BRDA:26,17,1,3
BRDA:26,18,0,3
BRDA:26,18,1,0
BRDA:26,18,2,0
BRDA:26,18,3,0
BRDA:27,19,0,1
BRDA:27,19,1,2
BRDA:27,20,0,3
BRDA:27,20,1,1
BRDA:28,21,0,0
BRDA:28,21,1,2
BRDA:28,22,0,2
BRDA:28,22,1,2
BRDA:29,23,0,0
BRDA:29,23,1,2
BRDA:34,24,0,0
BRDA:34,24,1,3
BRDA:34,25,0,3
BRDA:34,25,1,0
BRDA:50,26,0,2
BRDA:50,26,1,1
BRDA:50,26,2,1
BRDA:50,26,3,0
BRF:66
BRH:45
end_of_record
TN:
SF:/Users/anthonyvisalli/Desktop/Clark/learning-object-service/dist/interactors/CartInteractor.js
FN:2,(anonymous_0)
FN:3,(anonymous_1)
FN:4,fulfilled
FN:5,rejected
FN:6,step
FN:6,(anonymous_5)
FN:10,(anonymous_6)
FN:11,(anonymous_7)
FN:12,(anonymous_8)
FN:13,verb
FN:13,(anonymous_10)
FN:14,step
FN:41,(anonymous_12)
FN:42,CartInteractor
FN:44,(anonymous_14)
FN:45,(anonymous_15)
FN:46,(anonymous_16)
FNF:17
FNH:11
FNDA:315,(anonymous_0)
FNDA:315,(anonymous_1)
FNDA:0,fulfilled
FNDA:0,rejected
FNDA:315,step
FNDA:0,(anonymous_5)
FNDA:315,(anonymous_6)
FNDA:0,(anonymous_7)
FNDA:0,(anonymous_8)
FNDA:945,verb
FNDA:315,(anonymous_10)
FNDA:315,step
FNDA:3,(anonymous_12)
FNDA:0,CartInteractor
FNDA:315,(anonymous_14)
FNDA:315,(anonymous_15)
FNDA:315,(anonymous_16)
DA:2,3
DA:3,315
DA:4,0
DA:5,0
DA:6,315
DA:7,315
DA:10,3
DA:11,315
DA:12,315
DA:13,945
DA:15,315
DA:16,630
DA:17,630
DA:18,630
DA:19,630
DA:20,315
DA:21,0
DA:22,0
DA:23,0
DA:25,315
DA:26,0
DA:27,0
DA:28,0
DA:29,0
DA:30,0
DA:32,315
DA:33,630
DA:34,315
DA:37,3
DA:38,3
DA:39,3
DA:40,3
DA:41,3
DA:44,3
DA:45,315
DA:46,315
DA:47,315
DA:48,315
DA:49,315
DA:50,315
DA:53,0
DA:55,0
DA:59,3
DA:66,3
DA:68,3
LF:45
LH:33
BRDA:2,0,0,3
BRDA:2,0,1,3
BRDA:2,0,2,3
BRDA:3,1,0,315
BRDA:3,1,1,315
BRDA:6,2,0,315
BRDA:6,2,1,0
BRDA:7,3,0,315
BRDA:7,3,1,315
BRDA:10,4,0,3
BRDA:10,4,1,3
BRDA:10,4,2,3
BRDA:11,5,0,0
BRDA:11,5,1,0
BRDA:12,6,0,315
BRDA:12,6,1,315
BRDA:15,7,0,0
BRDA:15,7,1,315
BRDA:17,8,0,0
BRDA:17,8,1,630
BRDA:17,9,0,630
BRDA:17,9,1,0
BRDA:17,9,2,0
BRDA:17,10,0,0
BRDA:17,10,1,0
BRDA:17,11,0,0
BRDA:17,11,1,0
BRDA:18,12,0,0
BRDA:18,12,1,630
BRDA:19,13,0,315
BRDA:19,13,1,315
BRDA:19,13,2,0
BRDA:19,13,3,0
BRDA:19,13,4,0
BRDA:19,13,5,315
BRDA:25,14,0,315
BRDA:25,14,1,0
BRDA:25,15,0,315
BRDA:25,15,1,315
BRDA:25,15,2,315
BRDA:25,16,0,315
BRDA:25,16,1,0
BRDA:26,17,0,0
BRDA:26,17,1,0
BRDA:26,18,0,0
BRDA:26,18,1,0
BRDA:26,18,2,0
BRDA:26,18,3,0
BRDA:27,19,0,0
BRDA:27,19,1,0
BRDA:27,20,0,0
BRDA:27,20,1,0
BRDA:28,21,0,0
BRDA:28,21,1,0
BRDA:28,22,0,0
BRDA:28,22,1,0
BRDA:29,23,0,0
BRDA:29,23,1,0
BRDA:34,24,0,0
BRDA:34,24,1,315
BRDA:34,25,0,315
BRDA:34,25,1,0
BRF:62
BRH:27
end_of_record
TN:
SF:/Users/anthonyvisalli/Desktop/Clark/learning-object-service/dist/interactors/LearningObjectInteractor.js
FN:2,(anonymous_0)
FN:3,(anonymous_1)
FN:4,fulfilled
FN:5,rejected
FN:6,step
FN:6,(anonymous_5)
FN:10,(anonymous_6)
FN:11,(anonymous_7)
FN:12,(anonymous_8)
FN:13,verb
FN:13,(anonymous_10)
FN:14,step
FN:37,(anonymous_12)
FN:41,(anonymous_13)
FN:47,(anonymous_14)
FN:63,(anonymous_15)
FN:71,(anonymous_16)
FN:72,LearningObjectInteractor
FN:82,(anonymous_18)
FN:83,(anonymous_19)
FN:86,(anonymous_20)
FN:114,(anonymous_21)
FN:114,(anonymous_22)
FN:116,(anonymous_23)
FN:132,(anonymous_24)
FN:132,(anonymous_25)
FN:134,(anonymous_26)
FN:171,(anonymous_27)
FN:172,(anonymous_28)
FN:174,(anonymous_29)
FN:213,(anonymous_30)
FN:214,(anonymous_31)
FN:217,(anonymous_32)
FN:224,(anonymous_33)
FN:224,(anonymous_34)
FN:226,(anonymous_35)
FN:278,(anonymous_36)
FN:279,(anonymous_37)
FN:282,(anonymous_38)
FN:289,(anonymous_39)
FN:289,(anonymous_40)
FN:291,(anonymous_41)
FN:334,(anonymous_42)
FN:335,(anonymous_43)
FN:337,(anonymous_44)
FN:361,(anonymous_45)
FN:386,(anonymous_46)
FN:387,(anonymous_47)
FN:389,(anonymous_48)
FN:417,(anonymous_49)
FN:418,(anonymous_50)
FN:419,(anonymous_51)
FN:439,(anonymous_52)
FN:440,(anonymous_53)
FN:442,(anonymous_54)
FN:469,(anonymous_55)
FN:470,(anonymous_56)
FN:472,(anonymous_57)
FN:489,(anonymous_58)
FN:490,(anonymous_59)
FN:492,(anonymous_60)
FN:513,(anonymous_61)
FN:514,(anonymous_62)
FN:516,(anonymous_63)
FN:543,(anonymous_64)
FN:544,(anonymous_65)
FN:546,(anonymous_66)
FN:627,(anonymous_67)
FN:628,(anonymous_68)
FN:631,(anonymous_69)
FN:640,(anonymous_70)
FN:640,(anonymous_71)
FN:642,(anonymous_72)
FN:675,(anonymous_73)
FN:676,(anonymous_74)
FN:679,(anonymous_75)
FN:683,(anonymous_76)
FN:684,(anonymous_77)
FN:687,(anonymous_78)
FN:687,(anonymous_79)
FN:695,(anonymous_80)
FN:695,(anonymous_81)
FN:697,(anonymous_82)
FN:725,(anonymous_83)
FN:726,(anonymous_84)
FN:729,(anonymous_85)
FN:736,(anonymous_86)
FN:736,(anonymous_87)
FN:738,(anonymous_88)
FN:777,(anonymous_89)
FN:778,(anonymous_90)
FN:781,(anonymous_91)
FN:793,(anonymous_92)
FN:793,(anonymous_93)
FN:795,(anonymous_94)
FN:824,(anonymous_95)
FN:825,(anonymous_96)
FN:827,(anonymous_97)
FN:843,(anonymous_98)
FN:844,(anonymous_99)
FN:846,(anonymous_100)
FN:862,(anonymous_101)
FN:863,(anonymous_102)
FN:865,(anonymous_103)
FN:881,(anonymous_104)
FN:882,(anonymous_105)
FN:884,(anonymous_106)
FN:900,(anonymous_107)
FN:901,(anonymous_108)
FN:903,(anonymous_109)
FN:919,(anonymous_110)
FN:920,(anonymous_111)
FN:922,(anonymous_112)
FN:947,(anonymous_113)
FN:948,(anonymous_114)
FN:949,(anonymous_115)
FN:969,(anonymous_116)
FN:972,(anonymous_117)
FN:986,(anonymous_118)
FNF:119
FNH:51
FNDA:656,(anonymous_0)
FNDA:656,(anonymous_1)
FNDA:17,fulfilled
FNDA:328,rejected
FNDA:1001,step
FNDA:345,(anonymous_5)
FNDA:656,(anonymous_6)
FNDA:677,(anonymous_7)
FNDA:0,(anonymous_8)
FNDA:1968,verb
FNDA:1001,(anonymous_10)
FNDA:1001,step
FNDA:0,(anonymous_12)
FNDA:0,(anonymous_13)
FNDA:0,(anonymous_14)
FNDA:0,(anonymous_15)
FNDA:3,(anonymous_16)
FNDA:0,LearningObjectInteractor
FNDA:2,(anonymous_18)
FNDA:2,(anonymous_19)
FNDA:10,(anonymous_20)
FNDA:0,(anonymous_21)
FNDA:0,(anonymous_22)
FNDA:0,(anonymous_23)
FNDA:0,(anonymous_24)
FNDA:0,(anonymous_25)
FNDA:0,(anonymous_26)
FNDA:5,(anonymous_27)
FNDA:5,(anonymous_28)
FNDA:15,(anonymous_29)
FNDA:0,(anonymous_30)
FNDA:0,(anonymous_31)
FNDA:0,(anonymous_32)
FNDA:0,(anonymous_33)
FNDA:0,(anonymous_34)
FNDA:0,(anonymous_35)
FNDA:2,(anonymous_36)
FNDA:2,(anonymous_37)
FNDA:6,(anonymous_38)
FNDA:0,(anonymous_39)
FNDA:0,(anonymous_40)
FNDA:0,(anonymous_41)
FNDA:0,(anonymous_42)
FNDA:0,(anonymous_43)
FNDA:0,(anonymous_44)
FNDA:0,(anonymous_45)
FNDA:0,(anonymous_46)
FNDA:0,(anonymous_47)
FNDA:0,(anonymous_48)
FNDA:0,(anonymous_49)
FNDA:0,(anonymous_50)
FNDA:0,(anonymous_51)
FNDA:4,(anonymous_52)
FNDA:4,(anonymous_53)
FNDA:11,(anonymous_54)
FNDA:0,(anonymous_55)
FNDA:0,(anonymous_56)
FNDA:0,(anonymous_57)
FNDA:1,(anonymous_58)
FNDA:1,(anonymous_59)
FNDA:3,(anonymous_60)
FNDA:0,(anonymous_61)
FNDA:0,(anonymous_62)
FNDA:0,(anonymous_63)
FNDA:0,(anonymous_64)
FNDA:0,(anonymous_65)
FNDA:0,(anonymous_66)
FNDA:4,(anonymous_67)
FNDA:4,(anonymous_68)
FNDA:11,(anonymous_69)
FNDA:315,(anonymous_70)
FNDA:315,(anonymous_71)
FNDA:945,(anonymous_72)
FNDA:2,(anonymous_73)
FNDA:2,(anonymous_74)
FNDA:6,(anonymous_75)
FNDA:2,(anonymous_76)
FNDA:2,(anonymous_77)
FNDA:0,(anonymous_78)
FNDA:1,(anonymous_79)
FNDA:0,(anonymous_80)
FNDA:0,(anonymous_81)
FNDA:0,(anonymous_82)
FNDA:2,(anonymous_83)
FNDA:2,(anonymous_84)
FNDA:5,(anonymous_85)
FNDA:0,(anonymous_86)
FNDA:0,(anonymous_87)
FNDA:0,(anonymous_88)
FNDA:0,(anonymous_89)
FNDA:0,(anonymous_90)
FNDA:0,(anonymous_91)
FNDA:0,(anonymous_92)
FNDA:0,(anonymous_93)
FNDA:0,(anonymous_94)
FNDA:2,(anonymous_95)
FNDA:2,(anonymous_96)
FNDA:4,(anonymous_97)
FNDA:2,(anonymous_98)
FNDA:2,(anonymous_99)
FNDA:5,(anonymous_100)
FNDA:0,(anonymous_101)
FNDA:0,(anonymous_102)
FNDA:0,(anonymous_103)
FNDA:0,(anonymous_104)
FNDA:0,(anonymous_105)
FNDA:0,(anonymous_106)
FNDA:0,(anonymous_107)
FNDA:0,(anonymous_108)
FNDA:0,(anonymous_109)
FNDA:0,(anonymous_110)
FNDA:0,(anonymous_111)
FNDA:0,(anonymous_112)
FNDA:315,(anonymous_113)
FNDA:315,(anonymous_114)
FNDA:315,(anonymous_115)
FNDA:0,(anonymous_116)
FNDA:0,(anonymous_117)
FNDA:0,(anonymous_118)
DA:2,3
DA:3,656
DA:4,17
DA:5,328
DA:6,1001
DA:7,656
DA:10,3
DA:11,677
DA:12,656
DA:13,1968
DA:15,1001
DA:16,2678
DA:17,2678
DA:18,2678
DA:19,2678
DA:20,1001
DA:21,345
DA:22,0
DA:23,0
DA:25,1332
DA:26,676
DA:27,673
DA:28,341
DA:29,341
DA:30,341
DA:32,1336
DA:33,2678
DA:34,656
DA:37,3
DA:38,0
DA:39,0
DA:40,0
DA:42,0
DA:43,0
DA:47,3
DA:48,0
DA:49,0
DA:50,0
DA:51,0
DA:52,0
DA:54,0
DA:56,0
DA:57,0
DA:59,0
DA:61,0
DA:63,3
DA:64,0
DA:65,0
DA:67,3
DA:68,3
DA:69,3
DA:70,3
DA:71,3
DA:82,3
DA:83,2
DA:84,2
DA:86,2
DA:87,10
DA:89,2
DA:90,2
DA:91,2
DA:92,2
DA:97,2
DA:98,0
DA:100,0
DA:101,0
DA:102,0
DA:103,0
DA:104,2
DA:106,2
DA:107,1
DA:109,1
DA:110,1
DA:111,1
DA:113,1
DA:114,0
DA:116,0
DA:117,0
DA:119,0
DA:120,0
DA:121,0
DA:123,0
DA:124,0
DA:125,0
DA:130,0
DA:131,0
DA:132,1
DA:134,0
DA:135,0
DA:137,0
DA:138,0
DA:139,0
DA:141,0
DA:142,0
DA:144,0
DA:146,0
DA:147,0
DA:152,1
DA:153,1
DA:155,1
DA:156,1
DA:157,0
DA:171,3
DA:172,5
DA:174,5
DA:175,15
DA:177,5
DA:178,5
DA:179,5
DA:181,5
DA:182,0
DA:184,0
DA:185,0
DA:186,0
DA:188,0
DA:189,0
DA:190,0
DA:192,0
DA:193,0
DA:195,0
DA:196,0
DA:197,0
DA:199,0
DA:200,0
DA:202,0
DA:203,0
DA:204,0
DA:206,5
DA:207,5
DA:208,0
DA:213,3
DA:214,0
DA:215,0
DA:217,0
DA:218,0
DA:220,0
DA:221,0
DA:223,0
DA:224,0
DA:226,0
DA:227,0
DA:229,0
DA:230,0
DA:231,0
DA:233,0
DA:234,0
DA:236,0
DA:238,0
DA:239,0
DA:244,0
DA:245,0
DA:247,0
DA:248,0
DA:249,0
DA:251,0
DA:252,0
DA:253,0
DA:254,0
DA:256,0
DA:257,0
DA:259,0
DA:260,0
DA:261,0
DA:263,0
DA:264,0
DA:265,0
DA:267,0
DA:268,0
DA:270,0
DA:271,0
DA:272,0
DA:273,0
DA:278,3
DA:279,2
DA:280,2
DA:282,2
DA:283,6
DA:285,2
DA:286,2
DA:288,2
DA:289,2
DA:291,0
DA:292,0
DA:294,0
DA:295,0
DA:296,0
DA:298,0
DA:299,0
DA:301,0
DA:303,0
DA:304,0
DA:309,2
DA:310,2
DA:312,0
DA:313,0
DA:314,0
DA:334,3
DA:335,0
DA:337,0
DA:338,0
DA:340,0
DA:341,0
DA:342,0
DA:343,0
DA:344,0
DA:346,0
DA:347,0
DA:348,0
DA:349,0
DA:351,0
DA:352,0
DA:353,0
DA:355,0
DA:356,0
DA:361,3
DA:362,0
DA:363,0
DA:364,0
DA:366,0
DA:367,0
DA:369,0
DA:370,0
DA:372,0
DA:386,3
DA:387,0
DA:389,0
DA:390,0
DA:392,0
DA:393,0
DA:395,0
DA:396,0
DA:398,0
DA:399,0
DA:400,0
DA:417,3
DA:418,0
DA:419,0
DA:420,0
DA:421,0
DA:424,0
DA:426,0
DA:439,3
DA:440,4
DA:442,4
DA:443,11
DA:445,4
DA:446,4
DA:448,3
DA:449,0
DA:451,4
DA:452,4
DA:453,0
DA:469,3
DA:470,0
DA:472,0
DA:473,0
DA:474,0
DA:475,0
DA:476,0
DA:479,0
DA:483,0
DA:485,0
DA:489,3
DA:490,1
DA:492,1
DA:493,3
DA:495,1
DA:496,1
DA:498,1
DA:499,0
DA:500,0
DA:501,0
DA:502,0
DA:504,0
DA:506,1
DA:507,1
DA:508,0
DA:513,3
DA:514,0
DA:516,0
DA:517,0
DA:519,0
DA:520,0
DA:522,0
DA:523,0
DA:525,0
DA:526,0
DA:528,0
DA:529,0
DA:530,0
DA:532,0
DA:533,0
DA:534,0
DA:536,0
DA:537,0
DA:538,0
DA:543,3
DA:544,0
DA:546,0
DA:547,0
DA:549,0
DA:550,0
DA:551,0
DA:552,0
DA:554,0
DA:555,0
DA:556,0
DA:558,0
DA:559,0
DA:560,0
DA:562,0
DA:563,0
DA:564,0
DA:566,0
DA:567,0
DA:568,0
DA:569,0
DA:570,0
DA:572,0
DA:573,0
DA:574,0
DA:576,0
DA:577,0
DA:578,0
DA:580,0
DA:581,0
DA:583,0
DA:584,0
DA:585,0
DA:587,0
DA:588,0
DA:590,0
DA:591,0
DA:592,0
DA:594,0
DA:595,0
DA:596,0
DA:598,0
DA:599,0
DA:601,0
DA:602,0
DA:603,0
DA:605,0
DA:606,0
DA:607,0
DA:609,0
DA:610,0
DA:612,0
DA:613,0
DA:614,0
DA:616,0
DA:617,0
DA:618,0
DA:627,3
DA:628,4
DA:629,4
DA:631,4
DA:632,11
DA:634,4
DA:635,4
DA:636,4
DA:638,3
DA:639,3
DA:640,315
DA:642,315
DA:643,945
DA:645,315
DA:646,315
DA:647,315
DA:649,315
DA:650,0
DA:652,315
DA:654,315
DA:655,0
DA:660,3
DA:661,3
DA:663,1
DA:664,1
DA:665,0
DA:675,3
DA:676,2
DA:677,2
DA:679,2
DA:680,6
DA:682,2
DA:683,2
DA:684,2
DA:685,2
DA:687,1
DA:691,2
DA:692,0
DA:694,0
DA:695,0
DA:697,0
DA:698,0
DA:700,0
DA:701,0
DA:702,0
DA:704,0
DA:705,0
DA:707,0
DA:709,0
DA:710,0
DA:715,0
DA:716,0
DA:718,2
DA:719,2
DA:720,0
DA:725,3
DA:726,2
DA:727,2
DA:729,2
DA:730,5
DA:732,2
DA:733,2
DA:735,1
DA:736,1
DA:738,0
DA:739,0
DA:741,0
DA:742,0
DA:743,0
DA:745,0
DA:746,0
DA:748,0
DA:750,0
DA:751,0
DA:756,1
DA:757,1
DA:759,1
DA:760,1
DA:761,0
DA:777,3
DA:778,0
DA:779,0
DA:781,0
DA:782,0
DA:784,0
DA:785,0
DA:786,0
DA:787,0
DA:789,0
DA:791,0
DA:792,0
DA:793,0
DA:795,0
DA:796,0
DA:798,0
DA:799,0
DA:800,0
DA:802,0
DA:803,0
DA:805,0
DA:807,0
DA:808,0
DA:813,0
DA:814,0
DA:816,0
DA:818,0
DA:819,0
DA:824,3
DA:825,2
DA:827,2
DA:828,4
DA:830,2
DA:831,2
DA:833,1
DA:834,1
DA:836,1
DA:837,1
DA:838,0
DA:843,3
DA:844,2
DA:846,2
DA:847,5
DA:849,2
DA:850,2
DA:852,2
DA:853,1
DA:855,1
DA:856,1
DA:857,0
DA:862,3
DA:863,0
DA:865,0
DA:866,0
DA:868,0
DA:869,0
DA:871,0
DA:872,0
DA:874,0
DA:875,0
DA:876,0
DA:881,3
DA:882,0
DA:884,0
DA:885,0
DA:887,0
DA:888,0
DA:890,0
DA:891,0
DA:893,0
DA:894,0
DA:895,0
DA:900,3
DA:901,0
DA:903,0
DA:904,0
DA:906,0
DA:907,0
DA:909,0
DA:910,0
DA:912,0
DA:913,0
DA:914,0
DA:919,3
DA:920,0
DA:922,0
DA:923,0
DA:925,0
DA:926,0
DA:928,0
DA:929,0
DA:931,0
DA:932,0
DA:933,0
DA:947,3
DA:948,315
DA:949,315
DA:950,315
DA:951,315
DA:954,0
DA:956,0
DA:969,3
DA:970,0
DA:972,0
DA:975,0
DA:986,3
DA:987,0
DA:988,0
DA:992,0
DA:994,3
DA:996,3
LF:543
LH:186
BRDA:2,0,0,3
BRDA:2,0,1,3
BRDA:2,0,2,3
BRDA:3,1,0,656
BRDA:3,1,1,656
BRDA:6,2,0,656
BRDA:6,2,1,345
BRDA:7,3,0,656
BRDA:7,3,1,656
BRDA:10,4,0,3
BRDA:10,4,1,3
BRDA:10,4,2,3
BRDA:11,5,0,328
BRDA:11,5,1,349
BRDA:12,6,0,656
BRDA:12,6,1,656
BRDA:15,7,0,0
BRDA:15,7,1,1001
BRDA:17,8,0,0
BRDA:17,8,1,2678
BRDA:17,9,0,2678
BRDA:17,9,1,0
BRDA:17,9,2,0
BRDA:17,10,0,0
BRDA:17,10,1,0
BRDA:17,11,0,0
BRDA:17,11,1,0
BRDA:18,12,0,0
BRDA:18,12,1,2678
BRDA:19,13,0,673
BRDA:19,13,1,1001
BRDA:19,13,2,345
BRDA:19,13,3,0
BRDA:19,13,4,0
BRDA:19,13,5,1332
BRDA:25,14,0,656
BRDA:25,14,1,676
BRDA:25,15,0,1332
BRDA:25,15,1,656
BRDA:25,15,2,656
BRDA:25,16,0,1332
BRDA:25,16,1,676
BRDA:26,17,0,3
BRDA:26,17,1,673
BRDA:26,18,0,676
BRDA:26,18,1,3
BRDA:26,18,2,3
BRDA:26,18,3,3
BRDA:27,19,0,332
BRDA:27,19,1,341
BRDA:27,20,0,673
BRDA:27,20,1,332
BRDA:28,21,0,0
BRDA:28,21,1,341
BRDA:28,22,0,341
BRDA:28,22,1,341
BRDA:29,23,0,0
BRDA:29,23,1,341
BRDA:34,24,0,0
BRDA:34,24,1,656
BRDA:34,25,0,656
BRDA:34,25,1,0
BRDA:37,26,0,3
BRDA:37,26,1,3
BRDA:37,26,2,3
BRDA:38,27,0,0
BRDA:38,27,1,0
BRDA:39,28,0,0
BRDA:39,28,1,0
BRDA:42,29,0,0
BRDA:42,29,1,0
BRDA:42,30,0,0
BRDA:42,30,1,0
BRDA:43,31,0,0
BRDA:43,31,1,0
BRDA:47,32,0,3
BRDA:47,32,1,3
BRDA:47,32,2,3
BRDA:48,33,0,0
BRDA:48,33,1,0
BRDA:49,34,0,0
BRDA:49,34,1,0
BRDA:52,35,0,0
BRDA:52,35,1,0
BRDA:52,35,2,0
BRDA:57,36,0,0
BRDA:57,36,1,0
BRDA:57,37,0,0
BRDA:57,37,1,0
BRDA:57,37,2,0
BRDA:59,38,0,0
BRDA:59,38,1,0
BRDA:63,39,0,3
BRDA:63,39,1,3
BRDA:63,39,2,3
BRDA:87,40,0,2
BRDA:87,40,1,0
BRDA:87,40,2,2
BRDA:87,40,3,2
BRDA:87,40,4,1
BRDA:87,40,5,1
BRDA:87,40,6,0
BRDA:87,40,7,1
BRDA:87,40,8,1
BRDA:87,40,9,1
BRDA:87,40,10,0
BRDA:92,41,0,2
BRDA:92,41,1,0
BRDA:92,42,0,2
BRDA:92,42,1,0
BRDA:92,42,2,0
BRDA:92,42,3,0
BRDA:92,42,4,0
BRDA:92,42,5,0
BRDA:107,43,0,0
BRDA:107,43,1,1
BRDA:107,44,0,0
BRDA:107,44,1,1
BRDA:113,45,0,1
BRDA:113,45,1,0
BRDA:117,46,0,0
BRDA:117,46,1,0
BRDA:117,46,2,0
BRDA:119,47,0,0
BRDA:119,47,1,0
BRDA:119,48,0,0
BRDA:119,48,1,0
BRDA:135,49,0,0
BRDA:135,49,1,0
BRDA:135,49,2,0
BRDA:135,49,3,0
BRDA:175,50,0,5
BRDA:175,50,1,5
BRDA:175,50,2,0
BRDA:175,50,3,0
BRDA:175,50,4,0
BRDA:175,50,5,0
BRDA:175,50,6,0
BRDA:175,50,7,0
BRDA:175,50,8,5
BRDA:175,50,9,0
BRDA:185,51,0,0
BRDA:185,51,1,0
BRDA:188,52,0,0
BRDA:188,52,1,0
BRDA:218,53,0,0
BRDA:218,53,1,0
BRDA:218,53,2,0
BRDA:218,53,3,0
BRDA:218,53,4,0
BRDA:218,53,5,0
BRDA:218,53,6,0
BRDA:218,53,7,0
BRDA:218,53,8,0
BRDA:218,53,9,0
BRDA:218,53,10,0
BRDA:218,53,11,0
BRDA:220,54,0,0
BRDA:220,54,1,0
BRDA:227,55,0,0
BRDA:227,55,1,0
BRDA:227,55,2,0
BRDA:227,55,3,0
BRDA:251,56,0,0
BRDA:251,56,1,0
BRDA:268,57,0,0
BRDA:268,57,1,0
BRDA:268,58,0,0
BRDA:268,58,1,0
BRDA:268,58,2,0
BRDA:270,59,0,0
BRDA:270,59,1,0
BRDA:283,60,0,2
BRDA:283,60,1,2
BRDA:283,60,2,2
BRDA:283,60,3,0
BRDA:283,60,4,0
BRDA:292,61,0,0
BRDA:292,61,1,0
BRDA:292,61,2,0
BRDA:292,61,3,0
BRDA:338,62,0,0
BRDA:338,62,1,0
BRDA:338,62,2,0
BRDA:338,62,3,0
BRDA:338,62,4,0
BRDA:338,62,5,0
BRDA:342,63,0,0
BRDA:342,63,1,0
BRDA:352,64,0,0
BRDA:352,64,1,0
BRDA:363,65,0,0
BRDA:363,65,1,0
BRDA:366,66,0,0
BRDA:366,66,1,0
BRDA:366,67,0,0
BRDA:366,67,1,0
BRDA:369,68,0,0
BRDA:369,68,1,0
BRDA:369,69,0,0
BRDA:369,69,1,0
BRDA:390,70,0,0
BRDA:390,70,1,0
BRDA:390,70,2,0
BRDA:390,70,3,0
BRDA:443,71,0,4
BRDA:443,71,1,3
BRDA:443,71,2,4
BRDA:443,71,3,0
BRDA:475,72,0,0
BRDA:475,72,1,0
BRDA:493,73,0,1
BRDA:493,73,1,1
BRDA:493,73,2,1
BRDA:493,73,3,0
BRDA:499,74,0,0
BRDA:499,74,1,0
BRDA:501,75,0,0
BRDA:501,75,1,0
BRDA:517,76,0,0
BRDA:517,76,1,0
BRDA:517,76,2,0
BRDA:517,76,3,0
BRDA:517,76,4,0
BRDA:517,76,5,0
BRDA:517,76,6,0
BRDA:517,76,7,0
BRDA:529,77,0,0
BRDA:529,77,1,0
BRDA:547,78,0,0
BRDA:547,78,1,0
BRDA:547,78,2,0
BRDA:547,78,3,0
BRDA:547,78,4,0
BRDA:547,78,5,0
BRDA:547,78,6,0
BRDA:547,78,7,0
BRDA:547,78,8,0
BRDA:547,78,9,0
BRDA:547,78,10,0
BRDA:547,78,11,0
BRDA:547,78,12,0
BRDA:547,78,13,0
BRDA:547,78,14,0
BRDA:547,78,15,0
BRDA:547,78,16,0
BRDA:547,78,17,0
BRDA:547,78,18,0
BRDA:547,78,19,0
BRDA:547,78,20,0
BRDA:558,79,0,0
BRDA:558,79,1,0
BRDA:568,80,0,0
BRDA:568,80,1,0
BRDA:581,81,0,0
BRDA:581,81,1,0
BRDA:581,82,0,0
BRDA:581,82,1,0
BRDA:581,82,2,0
BRDA:583,83,0,0
BRDA:583,83,1,0
BRDA:594,84,0,0
BRDA:594,84,1,0
BRDA:610,85,0,0
BRDA:610,85,1,0
BRDA:610,86,0,0
BRDA:610,86,1,0
BRDA:610,86,2,0
BRDA:612,87,0,0
BRDA:612,87,1,0
BRDA:632,88,0,4
BRDA:632,88,1,3
BRDA:632,88,2,3
BRDA:632,88,3,1
BRDA:632,88,4,0
BRDA:643,89,0,315
BRDA:643,89,1,315
BRDA:643,89,2,315
BRDA:643,89,3,0
BRDA:680,90,0,2
BRDA:680,90,1,2
BRDA:680,90,2,0
BRDA:680,90,3,0
BRDA:680,90,4,2
BRDA:680,90,5,0
BRDA:698,91,0,0
BRDA:698,91,1,0
BRDA:698,91,2,0
BRDA:698,91,3,0
BRDA:730,92,0,2
BRDA:730,92,1,1
BRDA:730,92,2,1
BRDA:730,92,3,1
BRDA:730,92,4,0
BRDA:739,93,0,0
BRDA:739,93,1,0
BRDA:739,93,2,0
BRDA:739,93,3,0
BRDA:782,94,0,0
BRDA:782,94,1,0
BRDA:782,94,2,0
BRDA:782,94,3,0
BRDA:782,94,4,0
BRDA:785,95,0,0
BRDA:785,95,1,0
BRDA:796,96,0,0
BRDA:796,96,1,0
BRDA:796,96,2,0
BRDA:796,96,3,0
BRDA:828,97,0,2
BRDA:828,97,1,1
BRDA:828,97,2,1
BRDA:828,97,3,0
BRDA:847,98,0,2
BRDA:847,98,1,2
BRDA:847,98,2,1
BRDA:847,98,3,0
BRDA:866,99,0,0
BRDA:866,99,1,0
BRDA:866,99,2,0
BRDA:866,99,3,0
BRDA:885,100,0,0
BRDA:885,100,1,0
BRDA:885,100,2,0
BRDA:885,100,3,0
BRDA:904,101,0,0
BRDA:904,101,1,0
BRDA:904,101,2,0
BRDA:904,101,3,0
BRDA:923,102,0,0
BRDA:923,102,1,0
BRDA:923,102,2,0
BRDA:923,102,3,0
BRF:333
BRH:101
end_of_record
TN:
SF:/Users/anthonyvisalli/Desktop/Clark/learning-object-service/dist/interactors/interactors.js
FNF:0
FNH:0
DA:2,3
DA:3,3
DA:4,3
DA:5,3
DA:6,3
LF:5
LH:5
BRF:0
BRH:0
end_of_record
TN:
SF:/Users/anthonyvisalli/Desktop/Clark/learning-object-service/dist/middleware/admin-access.js
FN:4,enforceAdminAccess
FNF:1
FNH:0
FNDA:0,enforceAdminAccess
DA:2,1
DA:3,1
DA:5,0
DA:6,0
DA:7,0
DA:8,0
DA:10,0
DA:11,0
DA:14,0
DA:17,1
LF:10
LH:3
BRDA:7,0,0,0
BRDA:7,0,1,0
BRDA:7,1,0,0
BRDA:7,1,1,0
BRDA:10,2,0,0
BRDA:10,2,1,0
BRDA:10,3,0,0
BRDA:10,3,1,0
BRDA:10,3,2,0
BRF:9
BRH:0
end_of_record
TN:
SF:/Users/anthonyvisalli/Desktop/Clark/learning-object-service/dist/middleware/jwt.config.js
FN:14,(anonymous_0)
FNF:1
FNH:0
FNDA:0,(anonymous_0)
DA:2,1
DA:3,1
DA:4,1
DA:5,1
DA:11,1
DA:15,0
LF:6
LH:5
BRF:0
BRH:0
end_of_record
TN:
SF:/Users/anthonyvisalli/Desktop/Clark/learning-object-service/dist/tests/MockExpressResponse.js
FN:15,(anonymous_0)
FN:16,MockExpressResponse
FN:18,(anonymous_2)
FN:21,(anonymous_3)
FN:24,(anonymous_4)
FN:27,(anonymous_5)
FN:30,(anonymous_6)
FN:33,(anonymous_7)
FN:36,(anonymous_8)
FN:39,(anonymous_9)
FN:42,(anonymous_10)
FN:45,(anonymous_11)
FN:48,(anonymous_12)
FN:51,(anonymous_13)
FN:54,(anonymous_14)
FN:57,(anonymous_15)
FN:60,(anonymous_16)
FN:63,(anonymous_17)
FN:66,(anonymous_18)
FN:69,(anonymous_19)
FN:72,(anonymous_20)
FN:75,(anonymous_21)
FN:78,(anonymous_22)
FN:81,(anonymous_23)
FN:84,(anonymous_24)
FN:87,(anonymous_25)
FN:90,(anonymous_26)
FN:93,(anonymous_27)
FN:96,(anonymous_28)
FN:99,(anonymous_29)
FN:102,(anonymous_30)
FN:105,(anonymous_31)
FN:108,(anonymous_32)
FN:111,(anonymous_33)
FN:114,(anonymous_34)
FN:117,(anonymous_35)
FN:120,(anonymous_36)
FN:123,(anonymous_37)
FN:126,(anonymous_38)
FN:129,(anonymous_39)
FN:132,(anonymous_40)
FN:135,(anonymous_41)
FN:138,(anonymous_42)
FN:141,(anonymous_43)
FN:144,(anonymous_44)
FN:147,(anonymous_45)
FN:154,(anonymous_46)
FN:157,(anonymous_47)
FN:160,(anonymous_48)
FN:163,(anonymous_49)
FN:166,(anonymous_50)
FN:169,(anonymous_51)
FN:172,(anonymous_52)
FN:175,(anonymous_53)
FN:178,(anonymous_54)
FN:181,(anonymous_55)
FN:184,(anonymous_56)
FN:187,(anonymous_57)
FNF:58
FNH:2
FNDA:1,(anonymous_0)
FNDA:2,MockExpressResponse
FNDA:0,(anonymous_2)
FNDA:0,(anonymous_3)
FNDA:0,(anonymous_4)
FNDA:0,(anonymous_5)
FNDA:0,(anonymous_6)
FNDA:0,(anonymous_7)
FNDA:0,(anonymous_8)
FNDA:0,(anonymous_9)
FNDA:0,(anonymous_10)
FNDA:0,(anonymous_11)
FNDA:0,(anonymous_12)
FNDA:0,(anonymous_13)
FNDA:0,(anonymous_14)
FNDA:0,(anonymous_15)
FNDA:0,(anonymous_16)
FNDA:0,(anonymous_17)
FNDA:0,(anonymous_18)
FNDA:0,(anonymous_19)
FNDA:0,(anonymous_20)
FNDA:0,(anonymous_21)
FNDA:0,(anonymous_22)
FNDA:0,(anonymous_23)
FNDA:0,(anonymous_24)
FNDA:0,(anonymous_25)
FNDA:0,(anonymous_26)
FNDA:0,(anonymous_27)
FNDA:0,(anonymous_28)
FNDA:0,(anonymous_29)
FNDA:0,(anonymous_30)
FNDA:0,(anonymous_31)
FNDA:0,(anonymous_32)
FNDA:0,(anonymous_33)
FNDA:0,(anonymous_34)
FNDA:0,(anonymous_35)
FNDA:0,(anonymous_36)
FNDA:0,(anonymous_37)
FNDA:0,(anonymous_38)
FNDA:0,(anonymous_39)
FNDA:0,(anonymous_40)
FNDA:0,(anonymous_41)
FNDA:0,(anonymous_42)
FNDA:0,(anonymous_43)
FNDA:0,(anonymous_44)
FNDA:0,(anonymous_45)
FNDA:0,(anonymous_46)
FNDA:0,(anonymous_47)
FNDA:0,(anonymous_48)
FNDA:0,(anonymous_49)
FNDA:0,(anonymous_50)
FNDA:0,(anonymous_51)
FNDA:0,(anonymous_52)
FNDA:0,(anonymous_53)
FNDA:0,(anonymous_54)
FNDA:0,(anonymous_55)
FNDA:0,(anonymous_56)
FNDA:0,(anonymous_57)
DA:2,1
DA:15,1
DA:18,1
DA:19,0
DA:21,1
DA:22,0
DA:24,1
DA:25,0
DA:27,1
DA:28,0
DA:30,1
DA:31,0
DA:33,1
DA:34,0
DA:36,1
DA:37,0
DA:39,1
DA:40,0
DA:42,1
DA:43,0
DA:45,1
DA:46,0
DA:48,1
DA:49,0
DA:51,1
DA:52,0
DA:54,1
DA:55,0
DA:57,1
DA:58,0
DA:60,1
DA:61,0
DA:63,1
DA:64,0
DA:66,1
DA:67,0
DA:69,1
DA:70,0
DA:72,1
DA:73,0
DA:75,1
DA:76,0
DA:78,1
DA:79,0
DA:81,1
DA:82,0
DA:84,1
DA:85,0
DA:87,1
DA:88,0
DA:90,1
DA:91,0
DA:93,1
DA:94,0
DA:96,1
DA:97,0
DA:99,1
DA:100,0
DA:102,1
DA:103,0
DA:105,1
DA:106,0
DA:108,1
DA:109,0
DA:111,1
DA:112,0
DA:114,1
DA:115,0
DA:117,1
DA:118,0
DA:120,1
DA:121,0
DA:123,1
DA:124,0
DA:126,1
DA:127,0
DA:129,1
DA:130,0
DA:132,1
DA:133,0
DA:135,1
DA:136,0
DA:138,1
DA:139,0
DA:141,1
DA:142,0
DA:144,1
DA:145,0
DA:147,1
DA:148,0
DA:149,0
DA:150,0
DA:152,0
DA:154,1
DA:155,0
DA:157,1
DA:158,0
DA:160,1
DA:161,0
DA:163,1
DA:164,0
DA:166,1
DA:167,0
DA:169,1
DA:170,0
DA:172,1
DA:173,0
DA:175,1
DA:176,0
DA:178,1
DA:179,0
DA:181,1
DA:182,0
DA:184,1
DA:185,0
DA:187,1
DA:188,0
DA:190,1
DA:192,1
LF:119
LH:60
BRF:0
BRH:0
end_of_record
