TN:
SF:/Users/anthonyvisalli/Desktop/Clark/learning-object-service/dist/config/aws-sdk.config.js
FNF:0
FNH:0
DA:2,2
DA:3,2
DA:4,2
DA:5,2
LF:4
LH:4
BRF:0
BRH:0
end_of_record
TN:
SF:/Users/anthonyvisalli/Desktop/Clark/learning-object-service/dist/drivers/MongoDriver.js
FN:2,(anonymous_0)
FN:3,(anonymous_1)
FN:4,fulfilled
FN:5,rejected
FN:6,step
FN:6,(anonymous_5)
FN:10,(anonymous_6)
FN:11,(anonymous_7)
FN:12,(anonymous_8)
FN:13,verb
FN:13,(anonymous_10)
FN:14,step
FN:37,(anonymous_12)
FN:41,(anonymous_13)
FN:53,(anonymous_14)
FN:54,COLLECTIONS
FN:114,(anonymous_16)
FN:115,MongoDriver
FN:139,(anonymous_18)
FN:140,(anonymous_19)
FN:142,(anonymous_20)
FN:170,(anonymous_21)
FN:184,(anonymous_22)
FN:185,(anonymous_23)
FN:187,(anonymous_24)
FN:230,(anonymous_25)
FN:231,(anonymous_26)
FN:233,(anonymous_27)
FN:278,(anonymous_28)
FN:279,(anonymous_29)
FN:281,(anonymous_30)
FN:288,(anonymous_31)
FN:321,(anonymous_32)
FN:322,(anonymous_33)
FN:324,(anonymous_34)
FN:376,(anonymous_35)
FN:377,(anonymous_36)
FN:379,(anonymous_37)
FN:400,(anonymous_38)
FN:401,(anonymous_39)
FN:402,(anonymous_40)
FN:415,(anonymous_41)
FN:416,(anonymous_42)
FN:417,(anonymous_43)
FN:432,(anonymous_44)
FN:433,(anonymous_45)
FN:435,(anonymous_46)
FN:562,(anonymous_47)
FN:563,(anonymous_48)
FN:565,(anonymous_49)
FN:585,(anonymous_50)
FN:586,(anonymous_51)
FN:588,(anonymous_52)
FN:630,(anonymous_53)
FN:631,(anonymous_54)
FN:633,(anonymous_55)
FN:652,(anonymous_56)
FN:653,(anonymous_57)
FN:655,(anonymous_58)
FN:680,(anonymous_59)
FN:681,(anonymous_60)
FN:684,(anonymous_61)
FN:698,(anonymous_62)
FN:709,(anonymous_63)
FN:710,(anonymous_64)
FN:711,(anonymous_65)
FN:725,(anonymous_66)
FN:726,(anonymous_67)
FN:728,(anonymous_68)
FN:765,(anonymous_69)
FN:766,(anonymous_70)
FN:768,(anonymous_71)
FN:797,(anonymous_72)
FN:798,(anonymous_73)
FN:800,(anonymous_74)
FN:836,(anonymous_75)
FN:837,(anonymous_76)
FN:839,(anonymous_77)
FN:874,(anonymous_78)
FN:875,(anonymous_79)
FN:877,(anonymous_80)
FN:908,(anonymous_81)
FN:909,(anonymous_82)
FN:911,(anonymous_83)
FN:942,(anonymous_84)
FN:943,(anonymous_85)
FN:945,(anonymous_86)
FN:964,(anonymous_87)
FN:965,(anonymous_88)
FN:967,(anonymous_89)
FN:993,(anonymous_90)
FN:994,(anonymous_91)
FN:996,(anonymous_92)
FN:1023,(anonymous_93)
FN:1024,(anonymous_94)
FN:1026,(anonymous_95)
FN:1049,(anonymous_96)
FN:1050,(anonymous_97)
FN:1052,(anonymous_98)
FN:1136,(anonymous_99)
FN:1137,(anonymous_100)
FN:1139,(anonymous_101)
FN:1206,(anonymous_102)
FN:1207,(anonymous_103)
FN:1209,(anonymous_104)
FN:1222,(anonymous_105)
FN:1229,(anonymous_106)
FN:1315,(anonymous_107)
FN:1376,(anonymous_108)
FN:1377,(anonymous_109)
FN:1379,(anonymous_110)
FN:1409,(anonymous_111)
FN:1410,(anonymous_112)
FN:1412,(anonymous_113)
FN:1444,(anonymous_114)
FN:1445,(anonymous_115)
FN:1447,(anonymous_116)
FN:1472,(anonymous_117)
FN:1473,(anonymous_118)
FN:1475,(anonymous_119)
FN:1542,(anonymous_120)
FN:1543,(anonymous_121)
FN:1545,(anonymous_122)
FN:1561,(anonymous_123)
FN:1600,(anonymous_124)
FN:1601,(anonymous_125)
FN:1603,(anonymous_126)
FN:1615,(anonymous_127)
FN:1621,(anonymous_128)
FN:1624,(anonymous_129)
FN:1646,(anonymous_130)
FN:1663,(anonymous_131)
FN:1664,(anonymous_132)
FN:1666,(anonymous_133)
FN:1780,(anonymous_134)
FN:1781,(anonymous_135)
FN:1783,(anonymous_136)
FN:1867,(anonymous_137)
FN:1887,(anonymous_138)
FN:1888,(anonymous_139)
FN:1890,(anonymous_140)
FN:1977,(anonymous_141)
FN:1978,(anonymous_142)
FN:1980,(anonymous_143)
FN:2024,(anonymous_144)
FN:2025,(anonymous_145)
FN:2027,(anonymous_146)
FN:2080,(anonymous_147)
FN:2081,(anonymous_148)
FN:2083,(anonymous_149)
FN:2137,(anonymous_150)
FN:2138,(anonymous_151)
FN:2140,(anonymous_152)
FN:2205,(anonymous_153)
FN:2206,(anonymous_154)
FN:2208,(anonymous_155)
FN:2239,(anonymous_156)
FN:2240,(anonymous_157)
FN:2242,(anonymous_158)
FN:2359,(anonymous_159)
FN:2360,(anonymous_160)
FN:2362,(anonymous_161)
FN:2382,isEmail
FNF:163
FNH:112
FNDA:3489,(anonymous_0)
FNDA:3489,(anonymous_1)
FNDA:4720,fulfilled
FNDA:36,rejected
FNDA:8242,step
FNDA:4756,(anonymous_5)
FNDA:3489,(anonymous_6)
FNDA:4791,(anonymous_7)
FNDA:0,(anonymous_8)
FNDA:10467,verb
FNDA:8245,(anonymous_10)
FNDA:8245,step
FNDA:996,(anonymous_12)
FNDA:0,(anonymous_13)
FNDA:3,(anonymous_14)
FNDA:0,COLLECTIONS
FNDA:3,(anonymous_16)
FNDA:2,MongoDriver
FNDA:4,(anonymous_18)
FNDA:4,(anonymous_19)
FNDA:12,(anonymous_20)
FNDA:2,(anonymous_21)
FNDA:2,(anonymous_22)
FNDA:2,(anonymous_23)
FNDA:12,(anonymous_24)
FNDA:1,(anonymous_25)
FNDA:1,(anonymous_26)
FNDA:5,(anonymous_27)
FNDA:1,(anonymous_28)
FNDA:1,(anonymous_29)
FNDA:3,(anonymous_30)
FNDA:1,(anonymous_31)
FNDA:0,(anonymous_32)
FNDA:0,(anonymous_33)
FNDA:0,(anonymous_34)
FNDA:0,(anonymous_35)
FNDA:0,(anonymous_36)
FNDA:0,(anonymous_37)
FNDA:0,(anonymous_38)
FNDA:0,(anonymous_39)
FNDA:0,(anonymous_40)
FNDA:0,(anonymous_41)
FNDA:0,(anonymous_42)
FNDA:0,(anonymous_43)
FNDA:1,(anonymous_44)
FNDA:1,(anonymous_45)
FNDA:15,(anonymous_46)
FNDA:1,(anonymous_47)
FNDA:1,(anonymous_48)
FNDA:2,(anonymous_49)
FNDA:1,(anonymous_50)
FNDA:1,(anonymous_51)
FNDA:5,(anonymous_52)
FNDA:1,(anonymous_53)
FNDA:1,(anonymous_54)
FNDA:2,(anonymous_55)
FNDA:0,(anonymous_56)
FNDA:0,(anonymous_57)
FNDA:0,(anonymous_58)
FNDA:0,(anonymous_59)
FNDA:0,(anonymous_60)
FNDA:0,(anonymous_61)
FNDA:0,(anonymous_62)
FNDA:0,(anonymous_63)
FNDA:0,(anonymous_64)
FNDA:0,(anonymous_65)
FNDA:0,(anonymous_66)
FNDA:0,(anonymous_67)
FNDA:0,(anonymous_68)
FNDA:2,(anonymous_69)
FNDA:2,(anonymous_70)
FNDA:6,(anonymous_71)
FNDA:20,(anonymous_72)
FNDA:20,(anonymous_73)
FNDA:40,(anonymous_74)
FNDA:12,(anonymous_75)
FNDA:12,(anonymous_76)
FNDA:36,(anonymous_77)
FNDA:1,(anonymous_78)
FNDA:1,(anonymous_79)
FNDA:2,(anonymous_80)
FNDA:0,(anonymous_81)
FNDA:0,(anonymous_82)
FNDA:0,(anonymous_83)
FNDA:950,(anonymous_84)
FNDA:950,(anonymous_85)
FNDA:1900,(anonymous_86)
FNDA:279,(anonymous_87)
FNDA:279,(anonymous_88)
FNDA:1110,(anonymous_89)
FNDA:5,(anonymous_90)
FNDA:5,(anonymous_91)
FNDA:15,(anonymous_92)
FNDA:0,(anonymous_93)
FNDA:0,(anonymous_94)
FNDA:0,(anonymous_95)
FNDA:4,(anonymous_96)
FNDA:4,(anonymous_97)
FNDA:2014,(anonymous_98)
FNDA:5,(anonymous_99)
FNDA:5,(anonymous_100)
FNDA:45,(anonymous_101)
FNDA:1,(anonymous_102)
FNDA:1,(anonymous_103)
FNDA:6,(anonymous_104)
FNDA:1,(anonymous_105)
FNDA:0,(anonymous_106)
FNDA:1,(anonymous_107)
FNDA:1,(anonymous_108)
FNDA:1,(anonymous_109)
FNDA:3,(anonymous_110)
FNDA:1,(anonymous_111)
FNDA:1,(anonymous_112)
FNDA:3,(anonymous_113)
FNDA:1,(anonymous_114)
FNDA:1,(anonymous_115)
FNDA:2,(anonymous_116)
FNDA:2,(anonymous_117)
FNDA:2,(anonymous_118)
FNDA:851,(anonymous_119)
FNDA:3,(anonymous_120)
FNDA:3,(anonymous_121)
FNDA:9,(anonymous_122)
FNDA:3,(anonymous_123)
FNDA:1,(anonymous_124)
FNDA:1,(anonymous_125)
FNDA:1,(anonymous_126)
FNDA:0,(anonymous_127)
FNDA:0,(anonymous_128)
FNDA:0,(anonymous_129)
FNDA:950,(anonymous_130)
FNDA:943,(anonymous_131)
FNDA:943,(anonymous_132)
FNDA:971,(anonymous_133)
FNDA:5,(anonymous_134)
FNDA:5,(anonymous_135)
FNDA:20,(anonymous_136)
FNDA:0,(anonymous_137)
FNDA:2,(anonymous_138)
FNDA:2,(anonymous_139)
FNDA:28,(anonymous_140)
FNDA:0,(anonymous_141)
FNDA:0,(anonymous_142)
FNDA:0,(anonymous_143)
FNDA:0,(anonymous_144)
FNDA:0,(anonymous_145)
FNDA:0,(anonymous_146)
FNDA:0,(anonymous_147)
FNDA:0,(anonymous_148)
FNDA:0,(anonymous_149)
FNDA:2,(anonymous_150)
FNDA:2,(anonymous_151)
FNDA:8,(anonymous_152)
FNDA:2,(anonymous_153)
FNDA:2,(anonymous_154)
FNDA:4,(anonymous_155)
FNDA:0,(anonymous_156)
FNDA:0,(anonymous_157)
FNDA:0,(anonymous_158)
FNDA:1235,(anonymous_159)
FNDA:1235,(anonymous_160)
FNDA:2470,(anonymous_161)
FNDA:20,isEmail
DA:2,3
DA:3,3489
DA:4,4720
DA:5,36
DA:6,8242
DA:7,3489
DA:10,3
DA:11,4791
DA:12,3489
DA:13,10467
DA:15,8245
DA:16,18225
DA:17,18225
DA:18,18225
DA:19,18225
DA:20,8245
DA:21,4756
DA:22,0
DA:23,28
DA:25,5196
DA:26,1707
DA:27,416
DA:28,381
DA:29,352
DA:30,352
DA:32,9600
DA:33,18225
DA:34,3489
DA:37,3
DA:38,996
DA:39,996
DA:40,0
DA:42,0
DA:43,0
DA:47,3
DA:48,3
DA:49,3
DA:50,3
DA:51,3
DA:52,3
DA:53,3
DA:56,3
DA:69,3
DA:90,3
DA:103,3
DA:104,3
DA:105,3
DA:107,3
DA:108,3
DA:109,3
DA:110,3
DA:111,3
DA:112,3
DA:113,3
DA:114,3
DA:116,2
DA:123,2
DA:139,3
DA:140,4
DA:142,4
DA:143,12
DA:145,4
DA:146,4
DA:147,4
DA:149,4
DA:150,4
DA:152,0
DA:153,0
DA:154,0
DA:157,0
DA:159,0
DA:160,4
DA:170,3
DA:171,2
DA:184,3
DA:185,2
DA:187,2
DA:188,12
DA:190,2
DA:191,2
DA:193,2
DA:194,2
DA:196,2
DA:197,2
DA:198,0
DA:199,2
DA:201,2
DA:202,2
DA:204,2
DA:205,0
DA:211,0
DA:212,0
DA:214,2
DA:215,2
DA:216,0
DA:230,3
DA:231,1
DA:233,1
DA:234,5
DA:236,1
DA:237,1
DA:243,1
DA:244,1
DA:246,1
DA:251,1
DA:252,1
DA:253,0
DA:257,1
DA:259,0
DA:260,0
DA:264,1
DA:278,3
DA:279,1
DA:281,1
DA:282,3
DA:284,1
DA:285,1
DA:289,1
DA:297,1
DA:298,1
DA:300,0
DA:301,0
DA:302,0
DA:304,0
DA:308,1
DA:321,3
DA:322,0
DA:324,0
DA:325,0
DA:327,0
DA:328,0
DA:330,0
DA:331,0
DA:332,0
DA:334,0
DA:335,0
DA:336,0
DA:338,0
DA:339,0
DA:341,0
DA:342,0
DA:344,0
DA:345,0
DA:346,0
DA:348,0
DA:349,0
DA:350,0
DA:352,0
DA:353,0
DA:355,0
DA:356,0
DA:357,0
DA:359,0
DA:360,0
DA:361,0
DA:376,3
DA:377,0
DA:379,0
DA:380,0
DA:381,0
DA:385,0
DA:386,0
DA:387,0
DA:388,0
DA:400,3
DA:401,0
DA:402,0
DA:403,0
DA:415,3
DA:416,0
DA:417,0
DA:418,0
DA:432,3
DA:433,1
DA:435,1
DA:436,15
DA:438,1
DA:439,1
DA:441,1
DA:442,1
DA:444,1
DA:445,1
DA:446,0
DA:447,1
DA:449,1
DA:451,1
DA:454,1
DA:455,1
DA:456,1
DA:457,1
DA:459,1
DA:460,1
DA:461,1
DA:463,2
DA:464,1
DA:465,1
DA:467,1
DA:468,1
DA:470,1
DA:472,1
DA:474,1
DA:481,1
DA:482,1
DA:484,0
DA:486,0
DA:487,0
DA:489,1
DA:490,1
DA:491,1
DA:493,0
DA:494,0
DA:495,0
DA:497,1
DA:498,1
DA:500,1
DA:501,1
DA:503,1
DA:504,0
DA:510,0
DA:511,0
DA:514,1
DA:515,1
DA:516,0
DA:518,0
DA:519,0
DA:520,0
DA:522,0
DA:523,0
DA:524,0
DA:526,0
DA:527,0
DA:529,0
DA:530,0
DA:531,0
DA:533,0
DA:534,0
DA:535,0
DA:537,0
DA:538,0
DA:540,0
DA:541,0
DA:544,1
DA:552,1
DA:553,1
DA:555,0
DA:556,0
DA:557,0
DA:562,3
DA:563,1
DA:565,1
DA:566,2
DA:568,1
DA:569,1
DA:575,1
DA:576,1
DA:578,0
DA:579,0
DA:580,0
DA:585,3
DA:586,1
DA:588,1
DA:589,5
DA:591,1
DA:592,1
DA:594,1
DA:595,1
DA:597,1
DA:599,1
DA:600,0
DA:601,1
DA:605,1
DA:606,1
DA:607,0
DA:609,1
DA:613,1
DA:614,1
DA:616,0
DA:617,0
DA:618,0
DA:630,3
DA:631,1
DA:633,1
DA:634,2
DA:635,1
DA:637,1
DA:638,1
DA:652,3
DA:653,0
DA:655,0
DA:656,0
DA:658,0
DA:659,0
DA:661,0
DA:662,0
DA:664,0
DA:665,0
DA:666,0
DA:669,0
DA:680,3
DA:681,0
DA:682,0
DA:684,0
DA:685,0
DA:687,0
DA:688,0
DA:690,0
DA:691,0
DA:693,0
DA:694,0
DA:695,0
DA:698,0
DA:699,0
DA:709,3
DA:710,0
DA:711,0
DA:712,0
DA:725,3
DA:726,0
DA:728,0
DA:729,0
DA:731,0
DA:736,0
DA:744,0
DA:746,0
DA:748,0
DA:749,0
DA:750,0
DA:765,3
DA:766,2
DA:768,2
DA:769,6
DA:771,2
DA:772,2
DA:774,2
DA:775,1
DA:779,1
DA:780,1
DA:782,1
DA:783,1
DA:784,0
DA:797,3
DA:798,20
DA:800,20
DA:801,40
DA:803,20
DA:804,20
DA:805,20
DA:806,0
DA:809,20
DA:811,20
DA:815,20
DA:816,20
DA:817,3
DA:818,17
DA:820,0
DA:821,0
DA:822,0
DA:836,3
DA:837,12
DA:839,12
DA:840,36
DA:842,12
DA:843,12
DA:845,12
DA:846,10
DA:853,10
DA:854,10
DA:855,1
DA:856,9
DA:858,2
DA:859,2
DA:860,0
DA:874,3
DA:875,1
DA:877,1
DA:878,2
DA:880,1
DA:881,1
DA:888,1
DA:889,1
DA:890,0
DA:891,1
DA:893,0
DA:894,0
DA:895,0
DA:908,3
DA:909,0
DA:911,0
DA:912,0
DA:914,0
DA:915,0
DA:916,0
DA:922,0
DA:923,0
DA:924,0
DA:925,0
DA:927,0
DA:928,0
DA:929,0
DA:942,3
DA:943,950
DA:945,950
DA:946,1900
DA:947,950
DA:949,950
DA:950,950
DA:951,950
DA:964,3
DA:965,279
DA:967,279
DA:968,1110
DA:969,279
DA:971,279
DA:972,276
DA:974,276
DA:975,276
DA:977,276
DA:978,276
DA:979,24
DA:980,252
DA:993,3
DA:994,5
DA:996,5
DA:997,15
DA:999,5
DA:1000,5
DA:1002,5
DA:1003,5
DA:1005,5
DA:1006,5
DA:1008,0
DA:1009,0
DA:1010,0
DA:1023,3
DA:1024,0
DA:1026,0
DA:1027,0
DA:1029,0
DA:1030,0
DA:1032,0
DA:1033,0
DA:1035,0
DA:1036,0
DA:1038,0
DA:1039,0
DA:1040,0
DA:1049,3
DA:1050,4
DA:1052,4
DA:1053,2014
DA:1055,4
DA:1056,0
DA:1058,4
DA:1059,4
DA:1061,4
DA:1062,4
DA:1063,4
DA:1064,3
DA:1066,4
DA:1070,4
DA:1071,4
DA:1073,4
DA:1074,4
DA:1080,4
DA:1082,4
DA:1083,4
DA:1084,4
DA:1086,4
DA:1087,4
DA:1088,4
DA:1090,666
DA:1091,662
DA:1092,662
DA:1094,662
DA:1095,662
DA:1097,662
DA:1098,662
DA:1099,343
DA:1101,662
DA:1102,662
DA:1104,662
DA:1105,662
DA:1106,4
DA:1108,0
DA:1109,0
DA:1110,0
DA:1112,4
DA:1113,4
DA:1115,4
DA:1116,4
DA:1117,4
DA:1122,0
DA:1123,0
DA:1124,0
DA:1136,3
DA:1137,5
DA:1139,5
DA:1140,45
DA:1142,5
DA:1143,5
DA:1144,5
DA:1145,3
DA:1146,5
DA:1150,5
DA:1151,5
DA:1152,5
DA:1154,5
DA:1155,5
DA:1156,5
DA:1158,5
DA:1159,5
DA:1160,5
DA:1162,10
DA:1163,5
DA:1164,5
DA:1166,5
DA:1167,5
DA:1169,5
DA:1170,5
DA:1171,1
DA:1172,5
DA:1173,5
DA:1175,5
DA:1176,5
DA:1177,5
DA:1179,0
DA:1180,0
DA:1181,0
DA:1183,5
DA:1184,5
DA:1186,5
DA:1187,5
DA:1188,5
DA:1190,0
DA:1191,0
DA:1192,0
DA:1206,3
DA:1207,1
DA:1209,1
DA:1210,6
DA:1212,1
DA:1213,0
DA:1214,1
DA:1215,1
DA:1217,1
DA:1218,1
DA:1220,1
DA:1221,1
DA:1222,1
DA:1224,1
DA:1225,1
DA:1227,1
DA:1228,1
DA:1229,0
DA:1231,1
DA:1232,1
DA:1237,1
DA:1238,1
DA:1240,1
DA:1242,0
DA:1249,0
DA:1252,0
DA:1254,0
DA:1255,0
DA:1256,0
DA:1258,0
DA:1259,0
DA:1260,0
DA:1262,0
DA:1263,0
DA:1264,0
DA:1266,0
DA:1267,0
DA:1269,0
DA:1270,0
DA:1271,0
DA:1273,0
DA:1274,0
DA:1276,0
DA:1277,0
DA:1278,0
DA:1280,0
DA:1281,0
DA:1282,0
DA:1284,0
DA:1285,0
DA:1287,0
DA:1288,0
DA:1289,0
DA:1294,1
DA:1295,1
DA:1296,0
DA:1315,3
DA:1316,1
DA:1317,1
DA:1318,0
DA:1321,1
DA:1322,1
DA:1326,1
DA:1327,1
DA:1328,1
DA:1331,0
DA:1336,1
DA:1337,1
DA:1339,1
DA:1340,1
DA:1342,1
DA:1343,1
DA:1350,0
DA:1351,0
DA:1353,0
DA:1354,0
DA:1356,0
DA:1357,0
DA:1359,0
DA:1360,0
DA:1362,0
DA:1363,0
DA:1366,1
DA:1376,3
DA:1377,1
DA:1379,1
DA:1380,3
DA:1382,1
DA:1383,1
DA:1390,1
DA:1391,1
DA:1393,0
DA:1394,0
DA:1395,1
DA:1409,3
DA:1410,1
DA:1412,1
DA:1413,3
DA:1415,1
DA:1418,1
DA:1419,1
DA:1421,1
DA:1422,1
DA:1428,1
DA:1429,1
DA:1431,0
DA:1432,0
DA:1433,1
DA:1444,3
DA:1445,1
DA:1447,1
DA:1448,2
DA:1450,1
DA:1451,1
DA:1455,1
DA:1456,1
DA:1458,0
DA:1459,0
DA:1460,0
DA:1472,3
DA:1473,2
DA:1475,2
DA:1476,851
DA:1478,2
DA:1479,2
DA:1483,2
DA:1484,2
DA:1485,2
DA:1487,2
DA:1488,2
DA:1489,1
DA:1491,273
DA:1492,272
DA:1493,272
DA:1495,272
DA:1496,272
DA:1498,272
DA:1499,247
DA:1500,247
DA:1502,25
DA:1503,25
DA:1505,272
DA:1506,272
DA:1507,1
DA:1509,1
DA:1510,1
DA:1511,1
DA:1513,2
DA:1514,2
DA:1516,2
DA:1517,1
DA:1519,1
DA:1520,1
DA:1522,1
DA:1523,1
DA:1524,0
DA:1542,3
DA:1543,3
DA:1545,3
DA:1546,9
DA:1548,3
DA:1549,3
DA:1551,3
DA:1552,3
DA:1554,3
DA:1555,3
DA:1562,3
DA:1570,3
DA:1571,2
DA:1574,1
DA:1575,1
DA:1577,3
DA:1579,0
DA:1580,0
DA:1581,0
DA:1600,3
DA:1601,1
DA:1603,1
DA:1604,1
DA:1605,1
DA:1616,0
DA:1622,0
DA:1624,0
DA:1626,1
DA:1627,0
DA:1629,1
DA:1632,0
DA:1634,0
DA:1646,3
DA:1647,950
DA:1648,950
DA:1651,950
DA:1663,3
DA:1664,943
DA:1666,943
DA:1667,971
DA:1669,943
DA:1670,943
DA:1671,943
DA:1672,943
DA:1673,943
DA:1674,943
DA:1675,943
DA:1676,943
DA:1677,943
DA:1678,943
DA:1679,999
DA:1680,999
DA:1683,0
DA:1685,943
DA:1686,943
DA:1688,943
DA:1690,943
DA:1691,937
DA:1693,6
DA:1695,6
DA:1696,6
DA:1697,6
DA:1699,11
DA:1700,5
DA:1701,5
DA:1703,5
DA:1704,5
DA:1705,5
DA:1706,5
DA:1707,5
DA:1708,5
DA:1709,5
DA:1710,0
DA:1711,0
DA:1712,0
DA:1713,0
DA:1716,0
DA:1718,5
DA:1719,5
DA:1721,5
DA:1723,5
DA:1724,5
DA:1725,0
DA:1726,0
DA:1727,0
DA:1728,0
DA:1731,0
DA:1733,5
DA:1734,5
DA:1736,5
DA:1738,5
DA:1740,5
DA:1741,0
DA:1742,0
DA:1745,0
DA:1747,5
DA:1748,5
DA:1750,5
DA:1752,5
DA:1754,5
DA:1755,5
DA:1756,6
DA:1758,0
DA:1759,0
DA:1760,0
DA:1762,6
DA:1763,6
DA:1765,6
DA:1766,6
DA:1767,6
DA:1780,3
DA:1781,5
DA:1783,5
DA:1784,20
DA:1786,5
DA:1787,5
DA:1788,5
DA:1789,5
DA:1790,5
DA:1791,5
DA:1793,5
DA:1794,0
DA:1795,0
DA:1796,0
DA:1797,0
DA:1800,0
DA:1802,5
DA:1803,5
DA:1805,5
DA:1807,5
DA:1809,5
DA:1810,0
DA:1811,0
DA:1812,0
DA:1813,0
DA:1816,0
DA:1818,5
DA:1819,5
DA:1821,5
DA:1823,5
DA:1825,5
DA:1826,5
DA:1827,5
DA:1829,5
DA:1830,0
DA:1831,0
DA:1833,0
DA:1834,0
DA:1835,0
DA:1837,0
DA:1838,0
DA:1839,5
DA:1841,0
DA:1842,0
DA:1843,0
DA:1845,5
DA:1846,5
DA:1848,5
DA:1849,5
DA:1850,5
DA:1852,0
DA:1853,0
DA:1854,0
DA:1867,3
DA:1868,0
DA:1875,0
DA:1887,3
DA:1888,2
DA:1890,2
DA:1891,28
DA:1893,2
DA:1894,2
DA:1895,2
DA:1897,2
DA:1898,2
DA:1899,2
DA:1901,6
DA:1902,4
DA:1903,4
DA:1904,4
DA:1905,4
DA:1906,2
DA:1907,4
DA:1909,4
DA:1910,4
DA:1911,4
DA:1913,6
DA:1914,2
DA:1915,2
DA:1916,2
DA:1920,2
DA:1921,2
DA:1922,0
DA:1930,2
DA:1932,2
DA:1933,2
DA:1934,4
DA:1936,0
DA:1937,0
DA:1938,0
DA:1940,4
DA:1941,4
DA:1943,4
DA:1944,4
DA:1946,4
DA:1947,4
DA:1948,2
DA:1950,0
DA:1951,0
DA:1952,0
DA:1954,2
DA:1955,2
DA:1957,2
DA:1958,2
DA:1959,2
DA:1961,0
DA:1962,0
DA:1963,0
DA:1977,3
DA:1978,0
DA:1980,0
DA:1981,0
DA:1983,0
DA:1984,0
DA:1988,0
DA:1989,0
DA:1990,0
DA:1994,0
DA:1995,0
DA:1996,0
DA:2000,0
DA:2001,0
DA:2003,0
DA:2004,0
DA:2010,0
DA:2024,3
DA:2025,0
DA:2027,0
DA:2028,0
DA:2030,0
DA:2031,0
DA:2035,0
DA:2036,0
DA:2037,0
DA:2041,0
DA:2042,0
DA:2049,0
DA:2050,0
DA:2051,0
DA:2055,0
DA:2056,0
DA:2058,0
DA:2059,0
DA:2065,0
DA:2080,3
DA:2081,0
DA:2083,0
DA:2084,0
DA:2086,0
DA:2087,0
DA:2091,0
DA:2092,0
DA:2093,0
DA:2094,0
DA:2095,0
DA:2102,0
DA:2103,0
DA:2104,0
DA:2105,0
DA:2108,0
DA:2111,0
DA:2112,0
DA:2113,0
DA:2114,0
DA:2118,0
DA:2119,0
DA:2121,0
DA:2122,0
DA:2123,0
DA:2137,3
DA:2138,2
DA:2140,2
DA:2141,8
DA:2143,2
DA:2144,2
DA:2145,2
DA:2147,2
DA:2150,2
DA:2151,2
DA:2152,2
DA:2156,2
DA:2157,0
DA:2158,0
DA:2159,0
DA:2161,0
DA:2162,0
DA:2163,0
DA:2165,0
DA:2166,0
DA:2167,0
DA:2168,0
DA:2169,0
DA:2170,0
DA:2172,0
DA:2173,0
DA:2175,0
DA:2176,0
DA:2177,0
DA:2179,0
DA:2180,0
DA:2181,0
DA:2183,0
DA:2184,0
DA:2186,0
DA:2187,0
DA:2188,0
DA:2190,2
DA:2191,2
DA:2192,0
DA:2205,3
DA:2206,2
DA:2208,2
DA:2209,4
DA:2211,2
DA:2214,2
DA:2220,2
DA:2222,2
DA:2224,0
DA:2225,0
DA:2226,0
DA:2227,0
DA:2239,3
DA:2240,0
DA:2242,0
DA:2243,0
DA:2245,0
DA:2246,0
DA:2250,0
DA:2251,0
DA:2252,0
DA:2253,0
DA:2255,0
DA:2256,0
DA:2257,0
DA:2259,0
DA:2260,0
DA:2261,0
DA:2262,0
DA:2263,0
DA:2264,0
DA:2265,0
DA:2266,0
DA:2268,0
DA:2269,0
DA:2270,0
DA:2272,0
DA:2273,0
DA:2274,0
DA:2275,0
DA:2277,0
DA:2278,0
DA:2280,0
DA:2281,0
DA:2282,0
DA:2284,0
DA:2285,0
DA:2286,0
DA:2288,0
DA:2289,0
DA:2291,0
DA:2292,0
DA:2294,0
DA:2295,0
DA:2296,0
DA:2297,0
DA:2298,0
DA:2300,0
DA:2301,0
DA:2302,0
DA:2304,0
DA:2305,0
DA:2306,0
DA:2307,0
DA:2309,0
DA:2310,0
DA:2312,0
DA:2313,0
DA:2314,0
DA:2316,0
DA:2317,0
DA:2318,0
DA:2320,0
DA:2321,0
DA:2323,0
DA:2324,0
DA:2326,0
DA:2327,0
DA:2328,0
DA:2330,0
DA:2331,0
DA:2332,0
DA:2334,0
DA:2335,0
DA:2337,0
DA:2338,0
DA:2341,0
DA:2344,0
DA:2345,0
DA:2347,0
DA:2348,0
DA:2349,0
DA:2359,3
DA:2360,1235
DA:2362,1235
DA:2363,2470
DA:2364,1235
DA:2368,1235
DA:2369,1235
DA:2370,3
DA:2374,1232
DA:2379,3
DA:2381,3
DA:2383,20
DA:2384,20
DA:2385,0
DA:2387,20
DA:2389,3
LF:1119
LH:645
BRDA:2,0,0,3
BRDA:2,0,1,3
BRDA:2,0,2,3
BRDA:3,1,0,3489
BRDA:3,1,1,3489
BRDA:6,2,0,3486
BRDA:6,2,1,4756
BRDA:7,3,0,3489
BRDA:7,3,1,3489
BRDA:10,4,0,3
BRDA:10,4,1,3
BRDA:10,4,2,3
BRDA:11,5,0,36
BRDA:11,5,1,4755
BRDA:12,6,0,3489
BRDA:12,6,1,3489
BRDA:15,7,0,0
BRDA:15,7,1,8245
BRDA:17,8,0,0
BRDA:17,8,1,18225
BRDA:17,9,0,18225
BRDA:17,9,1,0
BRDA:17,9,2,0
BRDA:17,10,0,0
BRDA:17,10,1,0
BRDA:17,11,0,0
BRDA:17,11,1,0
BRDA:18,12,0,0
BRDA:18,12,1,18225
BRDA:19,13,0,8209
BRDA:19,13,1,8245
BRDA:19,13,2,4756
BRDA:19,13,3,0
BRDA:19,13,4,28
BRDA:19,13,5,5196
BRDA:25,14,0,3489
BRDA:25,14,1,1707
BRDA:25,15,0,5196
BRDA:25,15,1,3503
BRDA:25,15,2,3500
BRDA:25,16,0,5196
BRDA:25,16,1,1693
BRDA:26,17,0,1291
BRDA:26,17,1,416
BRDA:26,18,0,1707
BRDA:26,18,1,1599
BRDA:26,18,2,1585
BRDA:26,18,3,1585
BRDA:27,19,0,35
BRDA:27,19,1,381
BRDA:27,20,0,416
BRDA:27,20,1,36
BRDA:28,21,0,29
BRDA:28,21,1,352
BRDA:28,22,0,381
BRDA:28,22,1,381
BRDA:29,23,0,1
BRDA:29,23,1,351
BRDA:34,24,0,3
BRDA:34,24,1,3486
BRDA:34,25,0,3486
BRDA:34,25,1,0
BRDA:37,26,0,3
BRDA:37,26,1,3
BRDA:37,26,2,3
BRDA:38,27,0,996
BRDA:38,27,1,996
BRDA:39,28,0,996
BRDA:39,28,1,0
BRDA:42,29,0,0
BRDA:42,29,1,0
BRDA:42,30,0,0
BRDA:42,30,1,0
BRDA:43,31,0,0
BRDA:43,31,1,0
BRDA:116,32,0,0
BRDA:116,32,1,2
BRDA:143,33,0,4
BRDA:143,33,1,4
BRDA:143,33,2,0
BRDA:143,33,3,4
BRDA:153,34,0,0
BRDA:153,34,1,0
BRDA:188,35,0,2
BRDA:188,35,1,2
BRDA:188,35,2,2
BRDA:188,35,3,2
BRDA:188,35,4,2
BRDA:188,35,5,0
BRDA:188,35,6,2
BRDA:188,35,7,0
BRDA:197,36,0,0
BRDA:197,36,1,2
BRDA:234,37,0,1
BRDA:234,37,1,1
BRDA:234,37,2,1
BRDA:234,37,3,0
BRDA:234,37,4,1
BRDA:234,37,5,0
BRDA:234,37,6,1
BRDA:244,38,0,0
BRDA:244,38,1,1
BRDA:282,39,0,1
BRDA:282,39,1,1
BRDA:282,39,2,0
BRDA:282,39,3,1
BRDA:289,40,0,1
BRDA:289,40,1,0
BRDA:301,41,0,0
BRDA:301,41,1,0
BRDA:301,42,0,0
BRDA:301,42,1,0
BRDA:325,43,0,0
BRDA:325,43,1,0
BRDA:325,43,2,0
BRDA:325,43,3,0
BRDA:325,43,4,0
BRDA:325,43,5,0
BRDA:325,43,6,0
BRDA:325,43,7,0
BRDA:325,43,8,0
BRDA:325,43,9,0
BRDA:325,43,10,0
BRDA:325,43,11,0
BRDA:334,44,0,0
BRDA:334,44,1,0
BRDA:353,45,0,0
BRDA:353,45,1,0
BRDA:353,46,0,0
BRDA:353,46,1,0
BRDA:353,46,2,0
BRDA:355,47,0,0
BRDA:355,47,1,0
BRDA:380,48,0,0
BRDA:380,48,1,0
BRDA:386,49,0,0
BRDA:386,49,1,0
BRDA:436,50,0,1
BRDA:436,50,1,1
BRDA:436,50,2,1
BRDA:436,50,3,1
BRDA:436,50,4,1
BRDA:436,50,5,1
BRDA:436,50,6,2
BRDA:436,50,7,1
BRDA:436,50,8,1
BRDA:436,50,9,1
BRDA:436,50,10,0
BRDA:436,50,11,1
BRDA:436,50,12,1
BRDA:436,50,13,0
BRDA:436,50,14,1
BRDA:436,50,15,1
BRDA:436,50,16,0
BRDA:436,50,17,1
BRDA:436,50,18,0
BRDA:436,50,19,0
BRDA:436,50,20,0
BRDA:436,50,21,0
BRDA:436,50,22,0
BRDA:436,50,23,0
BRDA:436,50,24,0
BRDA:436,50,25,1
BRDA:436,50,26,1
BRDA:436,50,27,0
BRDA:436,50,28,0
BRDA:445,51,0,0
BRDA:445,51,1,1
BRDA:463,52,0,1
BRDA:463,52,1,1
BRDA:498,53,0,0
BRDA:498,53,1,1
BRDA:498,54,0,1
BRDA:498,54,1,1
BRDA:498,54,2,0
BRDA:500,55,0,0
BRDA:500,55,1,1
BRDA:503,56,0,1
BRDA:503,56,1,0
BRDA:515,57,0,1
BRDA:515,57,1,0
BRDA:522,58,0,0
BRDA:522,58,1,0
BRDA:538,59,0,0
BRDA:538,59,1,0
BRDA:538,60,0,0
BRDA:538,60,1,0
BRDA:538,60,2,0
BRDA:540,61,0,0
BRDA:540,61,1,0
BRDA:566,62,0,1
BRDA:566,62,1,1
BRDA:566,62,2,0
BRDA:566,62,3,0
BRDA:571,63,0,0
BRDA:571,63,1,1
BRDA:589,64,0,1
BRDA:589,64,1,1
BRDA:589,64,2,1
BRDA:589,64,3,1
BRDA:589,64,4,1
BRDA:589,64,5,0
BRDA:589,64,6,0
BRDA:599,65,0,0
BRDA:599,65,1,1
BRDA:599,66,0,1
BRDA:599,66,1,0
BRDA:606,67,0,0
BRDA:606,67,1,1
BRDA:634,68,0,1
BRDA:634,68,1,1
BRDA:656,69,0,0
BRDA:656,69,1,0
BRDA:656,69,2,0
BRDA:656,69,3,0
BRDA:685,70,0,0
BRDA:685,70,1,0
BRDA:685,70,2,0
BRDA:685,70,3,0
BRDA:729,71,0,0
BRDA:729,71,1,0
BRDA:729,71,2,0
BRDA:729,71,3,0
BRDA:769,72,0,2
BRDA:769,72,1,2
BRDA:769,72,2,1
BRDA:769,72,3,1
BRDA:769,72,4,0
BRDA:801,73,0,20
BRDA:801,73,1,20
BRDA:801,73,2,0
BRDA:801,73,3,0
BRDA:805,74,0,0
BRDA:805,74,1,20
BRDA:816,75,0,3
BRDA:816,75,1,17
BRDA:840,76,0,12
BRDA:840,76,1,12
BRDA:840,76,2,10
BRDA:840,76,3,2
BRDA:840,76,4,0
BRDA:854,77,0,1
BRDA:854,77,1,9
BRDA:878,78,0,1
BRDA:878,78,1,1
BRDA:878,78,2,0
BRDA:878,78,3,0
BRDA:889,79,0,0
BRDA:889,79,1,1
BRDA:912,80,0,0
BRDA:912,80,1,0
BRDA:912,80,2,0
BRDA:912,80,3,0
BRDA:923,81,0,0
BRDA:923,81,1,0
BRDA:946,82,0,950
BRDA:946,82,1,950
BRDA:968,83,0,279
BRDA:968,83,1,279
BRDA:968,83,2,276
BRDA:968,83,3,276
BRDA:978,84,0,24
BRDA:978,84,1,252
BRDA:978,85,0,276
BRDA:978,85,1,275
BRDA:997,86,0,5
BRDA:997,86,1,5
BRDA:997,86,2,5
BRDA:997,86,3,0
BRDA:997,86,4,0
BRDA:1027,87,0,0
BRDA:1027,87,1,0
BRDA:1027,87,2,0
BRDA:1027,87,3,0
BRDA:1027,87,4,0
BRDA:1053,88,0,4
BRDA:1053,88,1,4
BRDA:1053,88,2,4
BRDA:1053,88,3,4
BRDA:1053,88,4,4
BRDA:1053,88,5,4
BRDA:1053,88,6,666
BRDA:1053,88,7,662
BRDA:1053,88,8,662
BRDA:1053,88,9,662
BRDA:1053,88,10,4
BRDA:1053,88,11,0
BRDA:1053,88,12,4
BRDA:1053,88,13,4
BRDA:1053,88,14,0
BRDA:1053,88,15,0
BRDA:1055,89,0,0
BRDA:1055,89,1,4
BRDA:1055,90,0,4
BRDA:1055,90,1,2
BRDA:1058,91,0,1
BRDA:1058,91,1,3
BRDA:1058,92,0,4
BRDA:1058,92,1,2
BRDA:1063,93,0,3
BRDA:1063,93,1,1
BRDA:1075,94,0,1
BRDA:1075,94,1,3
BRDA:1077,95,0,1
BRDA:1077,95,1,2
BRDA:1090,96,0,4
BRDA:1090,96,1,662
BRDA:1098,97,0,343
BRDA:1098,97,1,319
BRDA:1113,98,0,0
BRDA:1113,98,1,4
BRDA:1113,99,0,4
BRDA:1113,99,1,4
BRDA:1113,99,2,0
BRDA:1115,100,0,0
BRDA:1115,100,1,4
BRDA:1140,101,0,5
BRDA:1140,101,1,5
BRDA:1140,101,2,5
BRDA:1140,101,3,5
BRDA:1140,101,4,10
BRDA:1140,101,5,5
BRDA:1140,101,6,5
BRDA:1140,101,7,5
BRDA:1140,101,8,5
BRDA:1140,101,9,0
BRDA:1140,101,10,5
BRDA:1140,101,11,5
BRDA:1140,101,12,0
BRDA:1140,101,13,0
BRDA:1144,102,0,3
BRDA:1144,102,1,2
BRDA:1151,103,0,0
BRDA:1151,103,1,5
BRDA:1151,104,0,0
BRDA:1151,104,1,5
BRDA:1162,105,0,5
BRDA:1162,105,1,5
BRDA:1170,106,0,1
BRDA:1170,106,1,4
BRDA:1184,107,0,0
BRDA:1184,107,1,5
BRDA:1184,108,0,5
BRDA:1184,108,1,5
BRDA:1184,108,2,0
BRDA:1186,109,0,0
BRDA:1186,109,1,5
BRDA:1210,110,0,1
BRDA:1210,110,1,1
BRDA:1210,110,2,1
BRDA:1210,110,3,1
BRDA:1210,110,4,1
BRDA:1210,110,5,1
BRDA:1210,110,6,0
BRDA:1210,110,7,0
BRDA:1210,110,8,0
BRDA:1210,110,9,0
BRDA:1210,110,10,0
BRDA:1210,110,11,0
BRDA:1210,110,12,0
BRDA:1210,110,13,0
BRDA:1210,110,14,0
BRDA:1210,110,15,0
BRDA:1210,110,16,1
BRDA:1210,110,17,0
BRDA:1212,111,0,0
BRDA:1212,111,1,1
BRDA:1212,112,0,1
BRDA:1212,112,1,0
BRDA:1214,113,0,0
BRDA:1214,113,1,1
BRDA:1214,114,0,1
BRDA:1214,114,1,0
BRDA:1221,115,0,1
BRDA:1221,115,1,0
BRDA:1224,116,0,1
BRDA:1224,116,1,0
BRDA:1224,117,0,1
BRDA:1224,117,1,1
BRDA:1224,117,2,1
BRDA:1228,118,0,1
BRDA:1228,118,1,0
BRDA:1243,119,0,0
BRDA:1243,119,1,0
BRDA:1245,120,0,0
BRDA:1245,120,1,0
BRDA:1249,121,0,0
BRDA:1249,121,1,0
BRDA:1250,122,0,0
BRDA:1250,122,1,0
BRDA:1262,123,0,0
BRDA:1262,123,1,0
BRDA:1270,124,0,0
BRDA:1270,124,1,0
BRDA:1285,125,0,0
BRDA:1285,125,1,0
BRDA:1285,126,0,0
BRDA:1285,126,1,0
BRDA:1285,126,2,0
BRDA:1287,127,0,0
BRDA:1287,127,1,0
BRDA:1317,128,0,0
BRDA:1317,128,1,1
BRDA:1321,129,0,1
BRDA:1321,129,1,0
BRDA:1321,130,0,1
BRDA:1321,130,1,0
BRDA:1326,131,0,1
BRDA:1326,131,1,0
BRDA:1326,132,0,1
BRDA:1326,132,1,1
BRDA:1327,133,0,1
BRDA:1327,133,1,0
BRDA:1336,134,0,1
BRDA:1336,134,1,0
BRDA:1339,135,0,1
BRDA:1339,135,1,0
BRDA:1342,136,0,1
BRDA:1342,136,1,0
BRDA:1343,137,0,0
BRDA:1343,137,1,1
BRDA:1350,138,0,0
BRDA:1350,138,1,0
BRDA:1353,139,0,0
BRDA:1353,139,1,0
BRDA:1356,140,0,0
BRDA:1356,140,1,0
BRDA:1359,141,0,0
BRDA:1359,141,1,0
BRDA:1362,142,0,0
BRDA:1362,142,1,0
BRDA:1380,143,0,1
BRDA:1380,143,1,1
BRDA:1380,143,2,0
BRDA:1380,143,3,1
BRDA:1382,144,0,0
BRDA:1382,144,1,1
BRDA:1413,145,0,1
BRDA:1413,145,1,1
BRDA:1413,145,2,0
BRDA:1413,145,3,1
BRDA:1416,146,0,1
BRDA:1416,146,1,0
BRDA:1418,147,0,1
BRDA:1418,147,1,0
BRDA:1421,148,0,0
BRDA:1421,148,1,1
BRDA:1421,149,0,1
BRDA:1421,149,1,0
BRDA:1448,150,0,1
BRDA:1448,150,1,1
BRDA:1448,150,2,0
BRDA:1448,150,3,0
BRDA:1476,151,0,2
BRDA:1476,151,1,2
BRDA:1476,151,2,2
BRDA:1476,151,3,273
BRDA:1476,151,4,272
BRDA:1476,151,5,272
BRDA:1476,151,6,25
BRDA:1476,151,7,272
BRDA:1476,151,8,1
BRDA:1476,151,9,1
BRDA:1476,151,10,2
BRDA:1476,151,11,1
BRDA:1476,151,12,1
BRDA:1476,151,13,0
BRDA:1491,152,0,1
BRDA:1491,152,1,272
BRDA:1514,153,0,0
BRDA:1514,153,1,2
BRDA:1514,154,0,2
BRDA:1514,154,1,1
BRDA:1514,154,2,0
BRDA:1516,155,0,1
BRDA:1516,155,1,1
BRDA:1546,156,0,3
BRDA:1546,156,1,3
BRDA:1546,156,2,3
BRDA:1546,156,3,0
BRDA:1546,156,4,0
BRDA:1570,157,0,2
BRDA:1570,157,1,1
BRDA:1626,158,0,0
BRDA:1626,158,1,1
BRDA:1648,159,0,946
BRDA:1648,159,1,4
BRDA:1667,160,0,943
BRDA:1667,160,1,6
BRDA:1667,160,2,11
BRDA:1667,160,3,5
BRDA:1667,160,4,5
BRDA:1667,160,5,6
BRDA:1667,160,6,0
BRDA:1667,160,7,6
BRDA:1667,160,8,6
BRDA:1674,161,0,887
BRDA:1674,161,1,56
BRDA:1686,162,0,0
BRDA:1686,162,1,943
BRDA:1686,163,0,943
BRDA:1686,163,1,943
BRDA:1686,163,2,0
BRDA:1688,164,0,0
BRDA:1688,164,1,943
BRDA:1690,165,0,937
BRDA:1690,165,1,6
BRDA:1699,166,0,6
BRDA:1699,166,1,5
BRDA:1719,167,0,0
BRDA:1719,167,1,5
BRDA:1719,168,0,5
BRDA:1719,168,1,5
BRDA:1719,168,2,0
BRDA:1721,169,0,0
BRDA:1721,169,1,5
BRDA:1734,170,0,0
BRDA:1734,170,1,5
BRDA:1734,171,0,5
BRDA:1734,171,1,5
BRDA:1734,171,2,0
BRDA:1736,172,0,0
BRDA:1736,172,1,5
BRDA:1748,173,0,0
BRDA:1748,173,1,5
BRDA:1748,174,0,5
BRDA:1748,174,1,5
BRDA:1748,174,2,0
BRDA:1750,175,0,0
BRDA:1750,175,1,5
BRDA:1763,176,0,0
BRDA:1763,176,1,6
BRDA:1763,177,0,6
BRDA:1763,177,1,6
BRDA:1763,177,2,0
BRDA:1765,178,0,0
BRDA:1765,178,1,6
BRDA:1784,179,0,5
BRDA:1784,179,1,5
BRDA:1784,179,2,5
BRDA:1784,179,3,0
BRDA:1784,179,4,0
BRDA:1784,179,5,5
BRDA:1784,179,6,0
BRDA:1784,179,7,5
BRDA:1784,179,8,5
BRDA:1784,179,9,0
BRDA:1784,179,10,0
BRDA:1803,180,0,0
BRDA:1803,180,1,5
BRDA:1803,181,0,5
BRDA:1803,181,1,5
BRDA:1803,181,2,0
BRDA:1805,182,0,0
BRDA:1805,182,1,5
BRDA:1819,183,0,0
BRDA:1819,183,1,5
BRDA:1819,184,0,5
BRDA:1819,184,1,5
BRDA:1819,184,2,0
BRDA:1821,185,0,0
BRDA:1821,185,1,5
BRDA:1829,186,0,5
BRDA:1829,186,1,0
BRDA:1846,187,0,0
BRDA:1846,187,1,5
BRDA:1846,188,0,5
BRDA:1846,188,1,5
BRDA:1846,188,2,0
BRDA:1848,189,0,0
BRDA:1848,189,1,5
BRDA:1891,190,0,2
BRDA:1891,190,1,2
BRDA:1891,190,2,6
BRDA:1891,190,3,4
BRDA:1891,190,4,6
BRDA:1891,190,5,2
BRDA:1891,190,6,2
BRDA:1891,190,7,4
BRDA:1891,190,8,0
BRDA:1891,190,9,4
BRDA:1891,190,10,4
BRDA:1891,190,11,2
BRDA:1891,190,12,0
BRDA:1891,190,13,2
BRDA:1891,190,14,2
BRDA:1891,190,15,0
BRDA:1891,190,16,0
BRDA:1894,191,0,0
BRDA:1894,191,1,2
BRDA:1901,192,0,2
BRDA:1901,192,1,4
BRDA:1905,193,0,2
BRDA:1905,193,1,2
BRDA:1913,194,0,4
BRDA:1913,194,1,2
BRDA:1921,195,0,0
BRDA:1921,195,1,2
BRDA:1941,196,0,0
BRDA:1941,196,1,4
BRDA:1941,197,0,4
BRDA:1941,197,1,4
BRDA:1941,197,2,0
BRDA:1943,198,0,0
BRDA:1943,198,1,4
BRDA:1955,199,0,0
BRDA:1955,199,1,2
BRDA:1955,200,0,2
BRDA:1955,200,1,2
BRDA:1955,200,2,0
BRDA:1957,201,0,0
BRDA:1957,201,1,2
BRDA:1981,202,0,0
BRDA:1981,202,1,0
BRDA:1981,202,2,0
BRDA:1981,202,3,0
BRDA:1981,202,4,0
BRDA:1989,203,0,0
BRDA:1989,203,1,0
BRDA:2028,204,0,0
BRDA:2028,204,1,0
BRDA:2028,204,2,0
BRDA:2028,204,3,0
BRDA:2028,204,4,0
BRDA:2036,205,0,0
BRDA:2036,205,1,0
BRDA:2041,206,0,0
BRDA:2041,206,1,0
BRDA:2084,207,0,0
BRDA:2084,207,1,0
BRDA:2084,207,2,0
BRDA:2084,207,3,0
BRDA:2084,207,4,0
BRDA:2084,207,5,0
BRDA:2092,208,0,0
BRDA:2092,208,1,0
BRDA:2094,209,0,0
BRDA:2094,209,1,0
BRDA:2102,210,0,0
BRDA:2102,210,1,0
BRDA:2104,211,0,0
BRDA:2104,211,1,0
BRDA:2141,212,0,2
BRDA:2141,212,1,2
BRDA:2141,212,2,2
BRDA:2141,212,3,2
BRDA:2141,212,4,0
BRDA:2141,212,5,0
BRDA:2141,212,6,0
BRDA:2141,212,7,0
BRDA:2141,212,8,0
BRDA:2141,212,9,0
BRDA:2141,212,10,0
BRDA:2141,212,11,0
BRDA:2141,212,12,2
BRDA:2141,212,13,0
BRDA:2145,213,0,0
BRDA:2145,213,1,2
BRDA:2158,214,0,0
BRDA:2158,214,1,0
BRDA:2165,215,0,0
BRDA:2165,215,1,0
BRDA:2168,216,0,0
BRDA:2168,216,1,0
BRDA:2168,217,0,0
BRDA:2168,217,1,0
BRDA:2184,218,0,0
BRDA:2184,218,1,0
BRDA:2184,219,0,0
BRDA:2184,219,1,0
BRDA:2184,219,2,0
BRDA:2186,220,0,0
BRDA:2186,220,1,0
BRDA:2209,221,0,2
BRDA:2209,221,1,2
BRDA:2209,221,2,0
BRDA:2209,221,3,0
BRDA:2243,222,0,0
BRDA:2243,222,1,0
BRDA:2243,222,2,0
BRDA:2243,222,3,0
BRDA:2243,222,4,0
BRDA:2243,222,5,0
BRDA:2243,222,6,0
BRDA:2243,222,7,0
BRDA:2243,222,8,0
BRDA:2243,222,9,0
BRDA:2243,222,10,0
BRDA:2243,222,11,0
BRDA:2243,222,12,0
BRDA:2243,222,13,0
BRDA:2243,222,14,0
BRDA:2243,222,15,0
BRDA:2243,222,16,0
BRDA:2243,222,17,0
BRDA:2243,222,18,0
BRDA:2243,222,19,0
BRDA:2243,222,20,0
BRDA:2243,222,21,0
BRDA:2243,222,22,0
BRDA:2243,222,23,0
BRDA:2243,222,24,0
BRDA:2243,222,25,0
BRDA:2243,222,26,0
BRDA:2252,223,0,0
BRDA:2252,223,1,0
BRDA:2259,224,0,0
BRDA:2259,224,1,0
BRDA:2262,225,0,0
BRDA:2262,225,1,0
BRDA:2264,226,0,0
BRDA:2264,226,1,0
BRDA:2272,227,0,0
BRDA:2272,227,1,0
BRDA:2289,228,0,0
BRDA:2289,228,1,0
BRDA:2289,229,0,0
BRDA:2289,229,1,0
BRDA:2289,229,2,0
BRDA:2291,230,0,0
BRDA:2291,230,1,0
BRDA:2294,231,0,0
BRDA:2294,231,1,0
BRDA:2294,232,0,0
BRDA:2294,232,1,0
BRDA:2296,233,0,0
BRDA:2296,233,1,0
BRDA:2304,234,0,0
BRDA:2304,234,1,0
BRDA:2321,235,0,0
BRDA:2321,235,1,0
BRDA:2321,236,0,0
BRDA:2321,236,1,0
BRDA:2321,236,2,0
BRDA:2323,237,0,0
BRDA:2323,237,1,0
BRDA:2335,238,0,0
BRDA:2335,238,1,0
BRDA:2335,239,0,0
BRDA:2335,239,1,0
BRDA:2335,239,2,0
BRDA:2337,240,0,0
BRDA:2337,240,1,0
BRDA:2363,241,0,1235
BRDA:2363,241,1,1235
BRDA:2369,242,0,3
BRDA:2369,242,1,1232
BRDA:2384,243,0,0
BRDA:2384,243,1,20
BRF:749
BRH:369
end_of_record
TN:
SF:/Users/anthonyvisalli/Desktop/Clark/learning-object-service/dist/drivers/S3Driver.js
FN:2,(anonymous_0)
FN:3,(anonymous_1)
FN:4,fulfilled
FN:5,rejected
FN:6,step
FN:6,(anonymous_5)
FN:10,(anonymous_6)
FN:11,(anonymous_7)
FN:12,(anonymous_8)
FN:13,verb
FN:13,(anonymous_10)
FN:14,step
FN:37,(anonymous_12)
FN:41,(anonymous_13)
FN:53,(anonymous_14)
FN:54,S3Driver
FN:66,(anonymous_16)
FN:67,(anonymous_17)
FN:69,(anonymous_18)
FN:133,(anonymous_19)
FN:134,(anonymous_20)
FN:136,(anonymous_21)
FN:164,(anonymous_22)
FN:165,(anonymous_23)
FN:167,(anonymous_24)
FN:181,(anonymous_25)
FN:212,(anonymous_26)
FN:213,(anonymous_27)
FN:215,(anonymous_28)
FN:239,(anonymous_29)
FN:266,(anonymous_30)
FNF:31
FNH:2
FNDA:0,(anonymous_0)
FNDA:0,(anonymous_1)
FNDA:0,fulfilled
FNDA:0,rejected
FNDA:0,step
FNDA:0,(anonymous_5)
FNDA:0,(anonymous_6)
FNDA:0,(anonymous_7)
FNDA:0,(anonymous_8)
FNDA:0,verb
FNDA:0,(anonymous_10)
FNDA:0,step
FNDA:0,(anonymous_12)
FNDA:0,(anonymous_13)
FNDA:2,(anonymous_14)
FNDA:1,S3Driver
FNDA:0,(anonymous_16)
FNDA:0,(anonymous_17)
FNDA:0,(anonymous_18)
FNDA:0,(anonymous_19)
FNDA:0,(anonymous_20)
FNDA:0,(anonymous_21)
FNDA:0,(anonymous_22)
FNDA:0,(anonymous_23)
FNDA:0,(anonymous_24)
FNDA:0,(anonymous_25)
FNDA:0,(anonymous_26)
FNDA:0,(anonymous_27)
FNDA:0,(anonymous_28)
FNDA:0,(anonymous_29)
FNDA:0,(anonymous_30)
DA:2,2
DA:3,0
DA:4,0
DA:5,0
DA:6,0
DA:7,0
DA:10,2
DA:11,0
DA:12,0
DA:13,0
DA:15,0
DA:16,0
DA:17,0
DA:18,0
DA:19,0
DA:20,0
DA:21,0
DA:22,0
DA:23,0
DA:25,0
DA:26,0
DA:27,0
DA:28,0
DA:29,0
DA:30,0
DA:32,0
DA:33,0
DA:34,0
DA:37,2
DA:38,0
DA:39,0
DA:40,0
DA:42,0
DA:43,0
DA:47,2
DA:48,2
DA:49,2
DA:50,2
DA:51,2
DA:52,2
DA:53,2
DA:55,1
DA:66,2
DA:67,0
DA:69,0
DA:70,0
DA:72,0
DA:73,0
DA:74,0
DA:76,0
DA:77,0
DA:78,0
DA:80,0
DA:81,0
DA:82,0
DA:83,0
DA:84,0
DA:85,0
DA:91,0
DA:93,0
DA:94,0
DA:95,0
DA:96,0
DA:98,0
DA:99,0
DA:101,0
DA:102,0
DA:103,0
DA:105,0
DA:106,0
DA:107,0
DA:109,0
DA:110,0
DA:112,0
DA:113,0
DA:114,0
DA:116,0
DA:117,0
DA:118,0
DA:119,0
DA:133,2
DA:134,0
DA:136,0
DA:137,0
DA:139,0
DA:140,0
DA:144,0
DA:146,0
DA:147,0
DA:149,0
DA:150,0
DA:151,0
DA:164,2
DA:165,0
DA:167,0
DA:168,0
DA:170,0
DA:171,0
DA:175,0
DA:177,0
DA:178,0
DA:182,0
DA:183,0
DA:187,0
DA:189,0
DA:190,0
DA:191,0
DA:193,0
DA:194,0
DA:195,0
DA:197,0
DA:198,0
DA:199,0
DA:212,2
DA:213,0
DA:215,0
DA:216,0
DA:218,0
DA:219,0
DA:221,0
DA:222,0
DA:224,0
DA:225,0
DA:226,0
DA:239,2
DA:240,0
DA:241,0
DA:242,0
DA:243,0
DA:244,0
DA:245,0
DA:246,0
DA:247,0
DA:255,0
DA:266,2
DA:267,0
DA:268,0
DA:269,0
DA:270,0
DA:271,0
DA:273,2
DA:275,2
LF:142
LH:19
BRDA:2,0,0,2
BRDA:2,0,1,2
BRDA:2,0,2,2
BRDA:3,1,0,0
BRDA:3,1,1,0
BRDA:6,2,0,0
BRDA:6,2,1,0
BRDA:7,3,0,0
BRDA:7,3,1,0
BRDA:10,4,0,2
BRDA:10,4,1,2
BRDA:10,4,2,2
BRDA:11,5,0,0
BRDA:11,5,1,0
BRDA:12,6,0,0
BRDA:12,6,1,0
BRDA:15,7,0,0
BRDA:15,7,1,0
BRDA:17,8,0,0
BRDA:17,8,1,0
BRDA:17,9,0,0
BRDA:17,9,1,0
BRDA:17,9,2,0
BRDA:17,10,0,0
BRDA:17,10,1,0
BRDA:17,11,0,0
BRDA:17,11,1,0
BRDA:18,12,0,0
BRDA:18,12,1,0
BRDA:19,13,0,0
BRDA:19,13,1,0
BRDA:19,13,2,0
BRDA:19,13,3,0
BRDA:19,13,4,0
BRDA:19,13,5,0
BRDA:25,14,0,0
BRDA:25,14,1,0
BRDA:25,15,0,0
BRDA:25,15,1,0
BRDA:25,15,2,0
BRDA:25,16,0,0
BRDA:25,16,1,0
BRDA:26,17,0,0
BRDA:26,17,1,0
BRDA:26,18,0,0
BRDA:26,18,1,0
BRDA:26,18,2,0
BRDA:26,18,3,0
BRDA:27,19,0,0
BRDA:27,19,1,0
BRDA:27,20,0,0
BRDA:27,20,1,0
BRDA:28,21,0,0
BRDA:28,21,1,0
BRDA:28,22,0,0
BRDA:28,22,1,0
BRDA:29,23,0,0
BRDA:29,23,1,0
BRDA:34,24,0,0
BRDA:34,24,1,0
BRDA:34,25,0,0
BRDA:34,25,1,0
BRDA:37,26,0,2
BRDA:37,26,1,2
BRDA:37,26,2,2
BRDA:38,27,0,0
BRDA:38,27,1,0
BRDA:39,28,0,0
BRDA:39,28,1,0
BRDA:42,29,0,0
BRDA:42,29,1,0
BRDA:42,30,0,0
BRDA:42,30,1,0
BRDA:43,31,0,0
BRDA:43,31,1,0
BRDA:70,32,0,0
BRDA:70,32,1,0
BRDA:70,32,2,0
BRDA:70,32,3,0
BRDA:70,32,4,0
BRDA:70,32,5,0
BRDA:70,32,6,0
BRDA:70,32,7,0
BRDA:70,32,8,0
BRDA:70,32,9,0
BRDA:70,32,10,0
BRDA:80,33,0,0
BRDA:80,33,1,0
BRDA:89,34,0,0
BRDA:89,34,1,0
BRDA:95,35,0,0
BRDA:95,35,1,0
BRDA:110,36,0,0
BRDA:110,36,1,0
BRDA:110,37,0,0
BRDA:110,37,1,0
BRDA:110,37,2,0
BRDA:112,38,0,0
BRDA:112,38,1,0
BRDA:137,39,0,0
BRDA:137,39,1,0
BRDA:137,39,2,0
BRDA:137,39,3,0
BRDA:168,40,0,0
BRDA:168,40,1,0
BRDA:168,40,2,0
BRDA:168,40,3,0
BRDA:168,40,4,0
BRDA:168,40,5,0
BRDA:168,40,6,0
BRDA:190,41,0,0
BRDA:190,41,1,0
BRDA:216,42,0,0
BRDA:216,42,1,0
BRDA:216,42,2,0
BRDA:216,42,3,0
BRDA:245,43,0,0
BRDA:245,43,1,0
BRDA:268,44,0,0
BRDA:268,44,1,0
BRF:120
BRH:9
end_of_record
TN:
SF:/Users/anthonyvisalli/Desktop/Clark/learning-object-service/dist/drivers/TokenManager.js
FN:10,verifyJWT
FN:23,decode
FN:24,(anonymous_2)
FN:27,(anonymous_3)
FNF:4
FNH:0
FNDA:0,verifyJWT
FNDA:0,decode
FNDA:0,(anonymous_2)
FNDA:0,(anonymous_3)
DA:2,1
DA:3,1
DA:11,0
DA:12,0
DA:13,0
DA:14,0
DA:16,0
DA:19,0
DA:22,1
DA:24,0
DA:25,0
DA:28,0
DA:32,1
LF:13
LH:4
BRDA:13,0,0,0
BRDA:13,0,1,0
BRDA:28,1,0,0
BRDA:28,1,1,0
BRF:4
BRH:0
end_of_record
TN:
SF:/Users/anthonyvisalli/Desktop/Clark/learning-object-service/dist/drivers/drivers.js
FNF:0
FNH:0
DA:2,1
DA:3,1
DA:4,1
DA:5,1
DA:6,1
DA:7,1
DA:8,1
DA:9,1
DA:10,1
DA:11,1
DA:12,1
DA:13,1
DA:14,1
LF:13
LH:13
BRF:0
BRH:0
end_of_record
TN:
SF:/Users/anthonyvisalli/Desktop/Clark/learning-object-service/dist/drivers/express/ExpressAdminRouteDriver.js
FN:2,(anonymous_0)
FN:3,(anonymous_1)
FN:4,fulfilled
FN:5,rejected
FN:6,step
FN:6,(anonymous_5)
FN:10,(anonymous_6)
FN:11,(anonymous_7)
FN:12,(anonymous_8)
FN:13,verb
FN:13,(anonymous_10)
FN:14,step
FN:44,(anonymous_12)
FN:45,ExpressAdminRouteDriver
FN:49,(anonymous_14)
FN:55,(anonymous_15)
FN:58,(anonymous_16)
FN:60,(anonymous_17)
FN:60,(anonymous_18)
FN:61,(anonymous_19)
FN:69,(anonymous_20)
FN:69,(anonymous_21)
FN:71,(anonymous_22)
FN:122,(anonymous_23)
FN:122,(anonymous_24)
FN:124,(anonymous_25)
FN:146,(anonymous_26)
FN:146,(anonymous_27)
FN:148,(anonymous_28)
FN:170,(anonymous_29)
FN:170,(anonymous_30)
FN:172,(anonymous_31)
FN:194,(anonymous_32)
FN:194,(anonymous_33)
FN:196,(anonymous_34)
FN:217,(anonymous_35)
FN:217,(anonymous_36)
FN:219,(anonymous_37)
FN:240,(anonymous_38)
FN:240,(anonymous_39)
FN:242,(anonymous_40)
FNF:41
FNH:1
FNDA:0,(anonymous_0)
FNDA:0,(anonymous_1)
FNDA:0,fulfilled
FNDA:0,rejected
FNDA:0,step
FNDA:0,(anonymous_5)
FNDA:0,(anonymous_6)
FNDA:0,(anonymous_7)
FNDA:0,(anonymous_8)
FNDA:0,verb
FNDA:0,(anonymous_10)
FNDA:0,step
FNDA:1,(anonymous_12)
FNDA:0,ExpressAdminRouteDriver
FNDA:0,(anonymous_14)
FNDA:0,(anonymous_15)
FNDA:0,(anonymous_16)
FNDA:0,(anonymous_17)
FNDA:0,(anonymous_18)
FNDA:0,(anonymous_19)
FNDA:0,(anonymous_20)
FNDA:0,(anonymous_21)
FNDA:0,(anonymous_22)
FNDA:0,(anonymous_23)
FNDA:0,(anonymous_24)
FNDA:0,(anonymous_25)
FNDA:0,(anonymous_26)
FNDA:0,(anonymous_27)
FNDA:0,(anonymous_28)
FNDA:0,(anonymous_29)
FNDA:0,(anonymous_30)
FNDA:0,(anonymous_31)
FNDA:0,(anonymous_32)
FNDA:0,(anonymous_33)
FNDA:0,(anonymous_34)
FNDA:0,(anonymous_35)
FNDA:0,(anonymous_36)
FNDA:0,(anonymous_37)
FNDA:0,(anonymous_38)
FNDA:0,(anonymous_39)
FNDA:0,(anonymous_40)
DA:2,1
DA:3,0
DA:4,0
DA:5,0
DA:6,0
DA:7,0
DA:10,1
DA:11,0
DA:12,0
DA:13,0
DA:15,0
DA:16,0
DA:17,0
DA:18,0
DA:19,0
DA:20,0
DA:21,0
DA:22,0
DA:23,0
DA:25,0
DA:26,0
DA:27,0
DA:28,0
DA:29,0
DA:30,0
DA:32,0
DA:33,0
DA:34,0
DA:37,1
DA:38,1
DA:39,1
DA:40,1
DA:43,1
DA:44,1
DA:46,0
DA:47,0
DA:49,1
DA:50,0
DA:51,0
DA:52,0
DA:53,0
DA:55,1
DA:56,0
DA:58,1
DA:59,0
DA:60,0
DA:61,0
DA:62,0
DA:66,0
DA:69,0
DA:71,0
DA:72,0
DA:74,0
DA:75,0
DA:77,0
DA:78,0
DA:79,0
DA:80,0
DA:81,0
DA:82,0
DA:83,0
DA:84,0
DA:85,0
DA:86,0
DA:87,0
DA:91,0
DA:92,0
DA:93,0
DA:94,0
DA:95,0
DA:102,0
DA:103,0
DA:105,0
DA:106,0
DA:107,0
DA:109,0
DA:110,0
DA:112,0
DA:113,0
DA:115,0
DA:116,0
DA:117,0
DA:118,0
DA:122,0
DA:124,0
DA:125,0
DA:127,0
DA:128,0
DA:130,0
DA:131,0
DA:132,0
DA:133,0
DA:135,0
DA:136,0
DA:137,0
DA:139,0
DA:140,0
DA:141,0
DA:142,0
DA:146,0
DA:148,0
DA:149,0
DA:151,0
DA:152,0
DA:154,0
DA:155,0
DA:156,0
DA:157,0
DA:159,0
DA:160,0
DA:161,0
DA:163,0
DA:164,0
DA:165,0
DA:166,0
DA:170,0
DA:172,0
DA:173,0
DA:175,0
DA:176,0
DA:178,0
DA:179,0
DA:180,0
DA:181,0
DA:183,0
DA:184,0
DA:185,0
DA:187,0
DA:188,0
DA:189,0
DA:190,0
DA:194,0
DA:196,0
DA:197,0
DA:199,0
DA:200,0
DA:202,0
DA:203,0
DA:204,0
DA:206,0
DA:207,0
DA:208,0
DA:210,0
DA:211,0
DA:212,0
DA:213,0
DA:217,0
DA:219,0
DA:220,0
DA:222,0
DA:223,0
DA:225,0
DA:226,0
DA:227,0
DA:229,0
DA:230,0
DA:231,0
DA:233,0
DA:234,0
DA:235,0
DA:236,0
DA:240,0
DA:242,0
DA:243,0
DA:245,0
DA:246,0
DA:248,0
DA:249,0
DA:250,0
DA:252,0
DA:253,0
DA:254,0
DA:256,0
DA:257,0
DA:258,0
DA:259,0
DA:264,1
DA:266,1
LF:178
LH:13
BRDA:2,0,0,1
BRDA:2,0,1,1
BRDA:2,0,2,1
BRDA:3,1,0,0
BRDA:3,1,1,0
BRDA:6,2,0,0
BRDA:6,2,1,0
BRDA:7,3,0,0
BRDA:7,3,1,0
BRDA:10,4,0,1
BRDA:10,4,1,1
BRDA:10,4,2,1
BRDA:11,5,0,0
BRDA:11,5,1,0
BRDA:12,6,0,0
BRDA:12,6,1,0
BRDA:15,7,0,0
BRDA:15,7,1,0
BRDA:17,8,0,0
BRDA:17,8,1,0
BRDA:17,9,0,0
BRDA:17,9,1,0
BRDA:17,9,2,0
BRDA:17,10,0,0
BRDA:17,10,1,0
BRDA:17,11,0,0
BRDA:17,11,1,0
BRDA:18,12,0,0
BRDA:18,12,1,0
BRDA:19,13,0,0
BRDA:19,13,1,0
BRDA:19,13,2,0
BRDA:19,13,3,0
BRDA:19,13,4,0
BRDA:19,13,5,0
BRDA:25,14,0,0
BRDA:25,14,1,0
BRDA:25,15,0,0
BRDA:25,15,1,0
BRDA:25,15,2,0
BRDA:25,16,0,0
BRDA:25,16,1,0
BRDA:26,17,0,0
BRDA:26,17,1,0
BRDA:26,18,0,0
BRDA:26,18,1,0
BRDA:26,18,2,0
BRDA:26,18,3,0
BRDA:27,19,0,0
BRDA:27,19,1,0
BRDA:27,20,0,0
BRDA:27,20,1,0
BRDA:28,21,0,0
BRDA:28,21,1,0
BRDA:28,22,0,0
BRDA:28,22,1,0
BRDA:29,23,0,0
BRDA:29,23,1,0
BRDA:34,24,0,0
BRDA:34,24,1,0
BRDA:34,25,0,0
BRDA:34,25,1,0
BRDA:72,26,0,0
BRDA:72,26,1,0
BRDA:72,26,2,0
BRDA:72,26,3,0
BRDA:72,26,4,0
BRDA:72,26,5,0
BRDA:72,26,6,0
BRDA:72,26,7,0
BRDA:78,27,0,0
BRDA:78,27,1,0
BRDA:79,28,0,0
BRDA:79,28,1,0
BRDA:83,29,0,0
BRDA:83,29,1,0
BRDA:83,30,0,0
BRDA:83,30,1,0
BRDA:85,31,0,0
BRDA:85,31,1,0
BRDA:85,32,0,0
BRDA:85,32,1,0
BRDA:88,33,0,0
BRDA:88,33,1,0
BRDA:88,34,0,0
BRDA:88,34,1,0
BRDA:93,35,0,0
BRDA:93,35,1,0
BRDA:95,36,0,0
BRDA:95,36,1,0
BRDA:95,37,0,0
BRDA:95,37,1,0
BRDA:95,37,2,0
BRDA:95,37,3,0
BRDA:95,37,4,0
BRDA:95,37,5,0
BRDA:95,37,6,0
BRDA:95,37,7,0
BRDA:125,38,0,0
BRDA:125,38,1,0
BRDA:125,38,2,0
BRDA:125,38,3,0
BRDA:125,38,4,0
BRDA:149,39,0,0
BRDA:149,39,1,0
BRDA:149,39,2,0
BRDA:149,39,3,0
BRDA:149,39,4,0
BRDA:173,40,0,0
BRDA:173,40,1,0
BRDA:173,40,2,0
BRDA:173,40,3,0
BRDA:173,40,4,0
BRDA:197,41,0,0
BRDA:197,41,1,0
BRDA:197,41,2,0
BRDA:197,41,3,0
BRDA:197,41,4,0
BRDA:220,42,0,0
BRDA:220,42,1,0
BRDA:220,42,2,0
BRDA:220,42,3,0
BRDA:220,42,4,0
BRDA:243,43,0,0
BRDA:243,43,1,0
BRDA:243,43,2,0
BRDA:243,43,3,0
BRDA:243,43,4,0
BRF:128
BRH:6
end_of_record
TN:
SF:/Users/anthonyvisalli/Desktop/Clark/learning-object-service/dist/drivers/express/ExpressDriver.js
FN:12,(anonymous_0)
FN:13,ExpressDriver
FN:15,(anonymous_2)
FN:50,(anonymous_3)
FNF:4
FNH:1
FNDA:1,(anonymous_0)
FNDA:0,ExpressDriver
FNDA:0,(anonymous_2)
FNDA:0,(anonymous_3)
DA:2,1
DA:3,1
DA:4,1
DA:5,1
DA:6,1
DA:7,1
DA:8,1
DA:9,1
DA:10,1
DA:11,1
DA:12,1
DA:15,1
DA:17,0
DA:20,0
DA:22,0
DA:23,0
DA:28,0
DA:30,0
DA:32,0
DA:34,0
DA:35,0
DA:39,0
DA:40,0
DA:42,0
DA:46,0
DA:50,0
DA:51,0
DA:53,0
DA:55,1
DA:56,1
DA:58,1
LF:31
LH:15
BRDA:39,0,0,0
BRDA:39,0,1,0
BRF:2
BRH:0
end_of_record
TN:
SF:/Users/anthonyvisalli/Desktop/Clark/learning-object-service/dist/drivers/express/ExpressResponder.js
FN:4,(anonymous_0)
FN:5,ExpressResponder
FN:9,(anonymous_2)
FN:12,(anonymous_3)
FN:22,(anonymous_4)
FNF:5
FNH:4
FNDA:1,(anonymous_0)
FNDA:2,ExpressResponder
FNDA:0,(anonymous_2)
FNDA:1,(anonymous_3)
FNDA:1,(anonymous_4)
DA:2,1
DA:3,1
DA:4,1
DA:6,2
DA:7,2
DA:9,1
DA:10,0
DA:12,1
DA:13,1
DA:14,1
DA:15,1
DA:16,1
DA:19,0
DA:22,1
DA:23,1
DA:24,1
DA:27,0
DA:30,1
DA:32,1
LF:19
LH:16
BRDA:13,0,0,1
BRDA:13,0,1,0
BRDA:14,1,0,1
BRDA:14,1,1,0
BRDA:15,2,0,1
BRDA:15,2,1,0
BRDA:23,3,0,1
BRDA:23,3,1,0
BRF:8
BRH:4
end_of_record
TN:
SF:/Users/anthonyvisalli/Desktop/Clark/learning-object-service/dist/drivers/express/ExpressRouteDriver.js
FN:2,(anonymous_0)
FN:3,(anonymous_1)
FN:4,fulfilled
FN:5,rejected
FN:6,step
FN:6,(anonymous_5)
FN:10,(anonymous_6)
FN:11,(anonymous_7)
FN:12,(anonymous_8)
FN:13,verb
FN:13,(anonymous_10)
FN:14,step
FN:47,(anonymous_12)
FN:48,ExpressRouteDriver
FN:53,(anonymous_14)
FN:59,(anonymous_15)
FN:62,(anonymous_16)
FN:64,(anonymous_17)
FN:64,(anonymous_18)
FN:65,(anonymous_19)
FN:75,(anonymous_20)
FN:75,(anonymous_21)
FN:77,(anonymous_22)
FN:129,(anonymous_23)
FN:129,(anonymous_24)
FN:131,(anonymous_25)
FN:154,(anonymous_26)
FN:154,(anonymous_27)
FN:156,(anonymous_28)
FN:181,(anonymous_29)
FN:181,(anonymous_30)
FN:183,(anonymous_31)
FN:205,(anonymous_32)
FN:205,(anonymous_33)
FN:207,(anonymous_34)
FN:229,(anonymous_35)
FN:229,(anonymous_36)
FN:231,(anonymous_37)
FN:267,(anonymous_38)
FN:267,(anonymous_39)
FN:269,(anonymous_40)
FN:292,(anonymous_41)
FN:292,(anonymous_42)
FN:294,(anonymous_43)
FN:318,(anonymous_44)
FN:318,(anonymous_45)
FN:320,(anonymous_46)
FN:345,(anonymous_47)
FN:345,(anonymous_48)
FN:347,(anonymous_49)
FN:372,(anonymous_50)
FN:372,(anonymous_51)
FN:374,(anonymous_52)
FN:397,(anonymous_53)
FN:397,(anonymous_54)
FN:399,(anonymous_55)
FN:429,(anonymous_56)
FN:429,(anonymous_57)
FN:431,(anonymous_58)
FN:452,(anonymous_59)
FN:452,(anonymous_60)
FN:454,(anonymous_61)
FN:491,(anonymous_62)
FN:491,(anonymous_63)
FN:493,(anonymous_64)
FN:516,(anonymous_65)
FN:516,(anonymous_66)
FN:518,(anonymous_67)
FN:541,(anonymous_68)
FN:541,(anonymous_69)
FN:543,(anonymous_70)
FN:564,(anonymous_71)
FN:564,(anonymous_72)
FN:566,(anonymous_73)
FN:586,(anonymous_74)
FN:586,(anonymous_75)
FN:588,(anonymous_76)
FN:608,(anonymous_77)
FN:608,(anonymous_78)
FN:610,(anonymous_79)
FN:631,(anonymous_80)
FN:631,(anonymous_81)
FN:633,(anonymous_82)
FNF:83
FNH:1
FNDA:0,(anonymous_0)
FNDA:0,(anonymous_1)
FNDA:0,fulfilled
FNDA:0,rejected
FNDA:0,step
FNDA:0,(anonymous_5)
FNDA:0,(anonymous_6)
FNDA:0,(anonymous_7)
FNDA:0,(anonymous_8)
FNDA:0,verb
FNDA:0,(anonymous_10)
FNDA:0,step
FNDA:1,(anonymous_12)
FNDA:0,ExpressRouteDriver
FNDA:0,(anonymous_14)
FNDA:0,(anonymous_15)
FNDA:0,(anonymous_16)
FNDA:0,(anonymous_17)
FNDA:0,(anonymous_18)
FNDA:0,(anonymous_19)
FNDA:0,(anonymous_20)
FNDA:0,(anonymous_21)
FNDA:0,(anonymous_22)
FNDA:0,(anonymous_23)
FNDA:0,(anonymous_24)
FNDA:0,(anonymous_25)
FNDA:0,(anonymous_26)
FNDA:0,(anonymous_27)
FNDA:0,(anonymous_28)
FNDA:0,(anonymous_29)
FNDA:0,(anonymous_30)
FNDA:0,(anonymous_31)
FNDA:0,(anonymous_32)
FNDA:0,(anonymous_33)
FNDA:0,(anonymous_34)
FNDA:0,(anonymous_35)
FNDA:0,(anonymous_36)
FNDA:0,(anonymous_37)
FNDA:0,(anonymous_38)
FNDA:0,(anonymous_39)
FNDA:0,(anonymous_40)
FNDA:0,(anonymous_41)
FNDA:0,(anonymous_42)
FNDA:0,(anonymous_43)
FNDA:0,(anonymous_44)
FNDA:0,(anonymous_45)
FNDA:0,(anonymous_46)
FNDA:0,(anonymous_47)
FNDA:0,(anonymous_48)
FNDA:0,(anonymous_49)
FNDA:0,(anonymous_50)
FNDA:0,(anonymous_51)
FNDA:0,(anonymous_52)
FNDA:0,(anonymous_53)
FNDA:0,(anonymous_54)
FNDA:0,(anonymous_55)
FNDA:0,(anonymous_56)
FNDA:0,(anonymous_57)
FNDA:0,(anonymous_58)
FNDA:0,(anonymous_59)
FNDA:0,(anonymous_60)
FNDA:0,(anonymous_61)
FNDA:0,(anonymous_62)
FNDA:0,(anonymous_63)
FNDA:0,(anonymous_64)
FNDA:0,(anonymous_65)
FNDA:0,(anonymous_66)
FNDA:0,(anonymous_67)
FNDA:0,(anonymous_68)
FNDA:0,(anonymous_69)
FNDA:0,(anonymous_70)
FNDA:0,(anonymous_71)
FNDA:0,(anonymous_72)
FNDA:0,(anonymous_73)
FNDA:0,(anonymous_74)
FNDA:0,(anonymous_75)
FNDA:0,(anonymous_76)
FNDA:0,(anonymous_77)
FNDA:0,(anonymous_78)
FNDA:0,(anonymous_79)
FNDA:0,(anonymous_80)
FNDA:0,(anonymous_81)
FNDA:0,(anonymous_82)
DA:2,1
DA:3,0
DA:4,0
DA:5,0
DA:6,0
DA:7,0
DA:10,1
DA:11,0
DA:12,0
DA:13,0
DA:15,0
DA:16,0
DA:17,0
DA:18,0
DA:19,0
DA:20,0
DA:21,0
DA:22,0
DA:23,0
DA:25,0
DA:26,0
DA:27,0
DA:28,0
DA:29,0
DA:30,0
DA:32,0
DA:33,0
DA:34,0
DA:37,1
DA:38,1
DA:39,1
DA:40,1
DA:41,1
DA:42,1
DA:43,1
DA:46,1
DA:47,1
DA:49,0
DA:50,0
DA:51,0
DA:53,1
DA:54,0
DA:55,0
DA:56,0
DA:57,0
DA:59,1
DA:60,0
DA:62,1
DA:63,0
DA:64,0
DA:65,0
DA:66,0
DA:70,0
DA:73,0
DA:75,0
DA:77,0
DA:78,0
DA:80,0
DA:81,0
DA:83,0
DA:84,0
DA:85,0
DA:86,0
DA:87,0
DA:88,0
DA:89,0
DA:90,0
DA:91,0
DA:92,0
DA:93,0
DA:97,0
DA:98,0
DA:99,0
DA:100,0
DA:101,0
DA:102,0
DA:109,0
DA:110,0
DA:112,0
DA:113,0
DA:114,0
DA:116,0
DA:117,0
DA:119,0
DA:120,0
DA:122,0
DA:123,0
DA:124,0
DA:125,0
DA:129,0
DA:131,0
DA:132,0
DA:134,0
DA:135,0
DA:137,0
DA:138,0
DA:139,0
DA:140,0
DA:141,0
DA:143,0
DA:144,0
DA:145,0
DA:147,0
DA:148,0
DA:149,0
DA:150,0
DA:154,0
DA:156,0
DA:157,0
DA:159,0
DA:160,0
DA:162,0
DA:163,0
DA:164,0
DA:165,0
DA:166,0
DA:168,0
DA:170,0
DA:171,0
DA:172,0
DA:174,0
DA:175,0
DA:176,0
DA:177,0
DA:181,0
DA:183,0
DA:184,0
DA:186,0
DA:187,0
DA:189,0
DA:190,0
DA:191,0
DA:192,0
DA:194,0
DA:195,0
DA:196,0
DA:198,0
DA:199,0
DA:200,0
DA:201,0
DA:205,0
DA:207,0
DA:208,0
DA:210,0
DA:211,0
DA:213,0
DA:214,0
DA:215,0
DA:216,0
DA:218,0
DA:219,0
DA:220,0
DA:222,0
DA:223,0
DA:224,0
DA:225,0
DA:229,0
DA:231,0
DA:232,0
DA:234,0
DA:235,0
DA:237,0
DA:238,0
DA:239,0
DA:242,0
DA:243,0
DA:245,0
DA:247,0
DA:248,0
DA:249,0
DA:250,0
DA:252,0
DA:253,0
DA:254,0
DA:256,0
DA:257,0
DA:258,0
DA:260,0
DA:261,0
DA:262,0
DA:263,0
DA:267,0
DA:269,0
DA:270,0
DA:272,0
DA:273,0
DA:275,0
DA:276,0
DA:277,0
DA:278,0
DA:279,0
DA:281,0
DA:282,0
DA:283,0
DA:285,0
DA:286,0
DA:287,0
DA:288,0
DA:292,0
DA:294,0
DA:295,0
DA:297,0
DA:298,0
DA:300,0
DA:301,0
DA:302,0
DA:303,0
DA:305,0
DA:306,0
DA:307,0
DA:309,0
DA:310,0
DA:311,0
DA:312,0
DA:316,0
DA:318,0
DA:320,0
DA:321,0
DA:323,0
DA:324,0
DA:326,0
DA:327,0
DA:334,0
DA:335,0
DA:336,0
DA:338,0
DA:339,0
DA:340,0
DA:341,0
DA:345,0
DA:347,0
DA:348,0
DA:350,0
DA:351,0
DA:353,0
DA:354,0
DA:361,0
DA:362,0
DA:363,0
DA:365,0
DA:366,0
DA:367,0
DA:368,0
DA:372,0
DA:374,0
DA:375,0
DA:377,0
DA:378,0
DA:380,0
DA:381,0
DA:382,0
DA:384,0
DA:385,0
DA:386,0
DA:388,0
DA:389,0
DA:390,0
DA:391,0
DA:395,0
DA:397,0
DA:399,0
DA:400,0
DA:402,0
DA:403,0
DA:405,0
DA:406,0
DA:407,0
DA:408,0
DA:409,0
DA:410,0
DA:412,0
DA:413,0
DA:414,0
DA:415,0
DA:416,0
DA:418,0
DA:419,0
DA:420,0
DA:422,0
DA:423,0
DA:424,0
DA:425,0
DA:429,0
DA:431,0
DA:432,0
DA:434,0
DA:435,0
DA:437,0
DA:438,0
DA:439,0
DA:441,0
DA:442,0
DA:443,0
DA:445,0
DA:446,0
DA:447,0
DA:448,0
DA:452,0
DA:454,0
DA:455,0
DA:457,0
DA:458,0
DA:460,0
DA:461,0
DA:462,0
DA:464,0
DA:465,0
DA:466,0
DA:468,0
DA:469,0
DA:470,0
DA:471,0
DA:491,0
DA:493,0
DA:494,0
DA:496,0
DA:497,0
DA:499,0
DA:500,0
DA:501,0
DA:503,0
DA:504,0
DA:505,0
DA:507,0
DA:508,0
DA:509,0
DA:510,0
DA:516,0
DA:518,0
DA:519,0
DA:521,0
DA:522,0
DA:524,0
DA:525,0
DA:526,0
DA:528,0
DA:529,0
DA:530,0
DA:532,0
DA:533,0
DA:534,0
DA:535,0
DA:541,0
DA:543,0
DA:544,0
DA:546,0
DA:547,0
DA:549,0
DA:550,0
DA:551,0
DA:553,0
DA:554,0
DA:555,0
DA:557,0
DA:558,0
DA:559,0
DA:560,0
DA:564,0
DA:566,0
DA:567,0
DA:569,0
DA:570,0
DA:572,0
DA:573,0
DA:575,0
DA:576,0
DA:577,0
DA:579,0
DA:580,0
DA:581,0
DA:582,0
DA:586,0
DA:588,0
DA:589,0
DA:591,0
DA:592,0
DA:594,0
DA:595,0
DA:597,0
DA:598,0
DA:599,0
DA:601,0
DA:602,0
DA:603,0
DA:604,0
DA:608,0
DA:610,0
DA:611,0
DA:613,0
DA:614,0
DA:616,0
DA:617,0
DA:618,0
DA:620,0
DA:621,0
DA:622,0
DA:624,0
DA:625,0
DA:626,0
DA:627,0
DA:631,0
DA:633,0
DA:634,0
DA:636,0
DA:637,0
DA:639,0
DA:640,0
DA:642,0
DA:643,0
DA:644,0
DA:646,0
DA:647,0
DA:648,0
DA:649,0
DA:654,1
DA:656,1
LF:416
LH:16
BRDA:2,0,0,1
BRDA:2,0,1,1
BRDA:2,0,2,1
BRDA:3,1,0,0
BRDA:3,1,1,0
BRDA:6,2,0,0
BRDA:6,2,1,0
BRDA:7,3,0,0
BRDA:7,3,1,0
BRDA:10,4,0,1
BRDA:10,4,1,1
BRDA:10,4,2,1
BRDA:11,5,0,0
BRDA:11,5,1,0
BRDA:12,6,0,0
BRDA:12,6,1,0
BRDA:15,7,0,0
BRDA:15,7,1,0
BRDA:17,8,0,0
BRDA:17,8,1,0
BRDA:17,9,0,0
BRDA:17,9,1,0
BRDA:17,9,2,0
BRDA:17,10,0,0
BRDA:17,10,1,0
BRDA:17,11,0,0
BRDA:17,11,1,0
BRDA:18,12,0,0
BRDA:18,12,1,0
BRDA:19,13,0,0
BRDA:19,13,1,0
BRDA:19,13,2,0
BRDA:19,13,3,0
BRDA:19,13,4,0
BRDA:19,13,5,0
BRDA:25,14,0,0
BRDA:25,14,1,0
BRDA:25,15,0,0
BRDA:25,15,1,0
BRDA:25,15,2,0
BRDA:25,16,0,0
BRDA:25,16,1,0
BRDA:26,17,0,0
BRDA:26,17,1,0
BRDA:26,18,0,0
BRDA:26,18,1,0
BRDA:26,18,2,0
BRDA:26,18,3,0
BRDA:27,19,0,0
BRDA:27,19,1,0
BRDA:27,20,0,0
BRDA:27,20,1,0
BRDA:28,21,0,0
BRDA:28,21,1,0
BRDA:28,22,0,0
BRDA:28,22,1,0
BRDA:29,23,0,0
BRDA:29,23,1,0
BRDA:34,24,0,0
BRDA:34,24,1,0
BRDA:34,25,0,0
BRDA:34,25,1,0
BRDA:78,26,0,0
BRDA:78,26,1,0
BRDA:78,26,2,0
BRDA:78,26,3,0
BRDA:78,26,4,0
BRDA:78,26,5,0
BRDA:78,26,6,0
BRDA:78,26,7,0
BRDA:84,27,0,0
BRDA:84,27,1,0
BRDA:85,28,0,0
BRDA:85,28,1,0
BRDA:89,29,0,0
BRDA:89,29,1,0
BRDA:89,30,0,0
BRDA:89,30,1,0
BRDA:91,31,0,0
BRDA:91,31,1,0
BRDA:91,32,0,0
BRDA:91,32,1,0
BRDA:94,33,0,0
BRDA:94,33,1,0
BRDA:94,34,0,0
BRDA:94,34,1,0
BRDA:99,35,0,0
BRDA:99,35,1,0
BRDA:102,36,0,0
BRDA:102,36,1,0
BRDA:102,37,0,0
BRDA:102,37,1,0
BRDA:102,37,2,0
BRDA:102,37,3,0
BRDA:102,37,4,0
BRDA:102,37,5,0
BRDA:102,37,6,0
BRDA:102,37,7,0
BRDA:132,38,0,0
BRDA:132,38,1,0
BRDA:132,38,2,0
BRDA:132,38,3,0
BRDA:132,38,4,0
BRDA:157,39,0,0
BRDA:157,39,1,0
BRDA:157,39,2,0
BRDA:157,39,3,0
BRDA:157,39,4,0
BRDA:164,40,0,0
BRDA:164,40,1,0
BRDA:184,41,0,0
BRDA:184,41,1,0
BRDA:184,41,2,0
BRDA:184,41,3,0
BRDA:184,41,4,0
BRDA:208,42,0,0
BRDA:208,42,1,0
BRDA:208,42,2,0
BRDA:208,42,3,0
BRDA:208,42,4,0
BRDA:232,43,0,0
BRDA:232,43,1,0
BRDA:232,43,2,0
BRDA:232,43,3,0
BRDA:232,43,4,0
BRDA:232,43,5,0
BRDA:232,43,6,0
BRDA:232,43,7,0
BRDA:239,44,0,0
BRDA:239,44,1,0
BRDA:242,45,0,0
BRDA:242,45,1,0
BRDA:248,46,0,0
BRDA:248,46,1,0
BRDA:270,47,0,0
BRDA:270,47,1,0
BRDA:270,47,2,0
BRDA:270,47,3,0
BRDA:270,47,4,0
BRDA:295,48,0,0
BRDA:295,48,1,0
BRDA:295,48,2,0
BRDA:295,48,3,0
BRDA:295,48,4,0
BRDA:321,49,0,0
BRDA:321,49,1,0
BRDA:321,49,2,0
BRDA:321,49,3,0
BRDA:321,49,4,0
BRDA:348,50,0,0
BRDA:348,50,1,0
BRDA:348,50,2,0
BRDA:348,50,3,0
BRDA:348,50,4,0
BRDA:375,51,0,0
BRDA:375,51,1,0
BRDA:375,51,2,0
BRDA:375,51,3,0
BRDA:375,51,4,0
BRDA:400,52,0,0
BRDA:400,52,1,0
BRDA:400,52,2,0
BRDA:400,52,3,0
BRDA:400,52,4,0
BRDA:400,52,5,0
BRDA:400,52,6,0
BRDA:409,53,0,0
BRDA:409,53,1,0
BRDA:409,54,0,0
BRDA:409,54,1,0
BRDA:432,55,0,0
BRDA:432,55,1,0
BRDA:432,55,2,0
BRDA:432,55,3,0
BRDA:432,55,4,0
BRDA:455,56,0,0
BRDA:455,56,1,0
BRDA:455,56,2,0
BRDA:455,56,3,0
BRDA:455,56,4,0
BRDA:494,57,0,0
BRDA:494,57,1,0
BRDA:494,57,2,0
BRDA:494,57,3,0
BRDA:494,57,4,0
BRDA:519,58,0,0
BRDA:519,58,1,0
BRDA:519,58,2,0
BRDA:519,58,3,0
BRDA:519,58,4,0
BRDA:544,59,0,0
BRDA:544,59,1,0
BRDA:544,59,2,0
BRDA:544,59,3,0
BRDA:544,59,4,0
BRDA:567,60,0,0
BRDA:567,60,1,0
BRDA:567,60,2,0
BRDA:567,60,3,0
BRDA:567,60,4,0
BRDA:589,61,0,0
BRDA:589,61,1,0
BRDA:589,61,2,0
BRDA:589,61,3,0
BRDA:589,61,4,0
BRDA:611,62,0,0
BRDA:611,62,1,0
BRDA:611,62,2,0
BRDA:611,62,3,0
BRDA:611,62,4,0
BRDA:634,63,0,0
BRDA:634,63,1,0
BRDA:634,63,2,0
BRDA:634,63,3,0
BRDA:634,63,4,0
BRF:215
BRH:6
end_of_record
TN:
SF:/Users/anthonyvisalli/Desktop/Clark/learning-object-service/dist/interactors/AdminLearningObjectInteractor.js
FN:2,(anonymous_0)
FN:3,(anonymous_1)
FN:4,fulfilled
FN:5,rejected
FN:6,step
FN:6,(anonymous_5)
FN:10,(anonymous_6)
FN:11,(anonymous_7)
FN:12,(anonymous_8)
FN:13,verb
FN:13,(anonymous_10)
FN:14,step
FN:39,(anonymous_12)
FN:40,AdminLearningObjectInteractor
FN:46,(anonymous_14)
FN:47,(anonymous_15)
FN:49,(anonymous_16)
FN:77,(anonymous_17)
FN:78,(anonymous_18)
FN:80,(anonymous_19)
FN:93,(anonymous_20)
FN:94,(anonymous_21)
FN:95,(anonymous_22)
FN:106,(anonymous_23)
FN:107,(anonymous_24)
FN:108,(anonymous_25)
FN:119,(anonymous_26)
FN:120,(anonymous_27)
FN:121,(anonymous_28)
FN:132,(anonymous_29)
FN:133,(anonymous_30)
FN:134,(anonymous_31)
FNF:32
FNH:23
FNDA:5,(anonymous_0)
FNDA:5,(anonymous_1)
FNDA:1,fulfilled
FNDA:0,rejected
FNDA:6,step
FNDA:1,(anonymous_5)
FNDA:5,(anonymous_6)
FNDA:2,(anonymous_7)
FNDA:0,(anonymous_8)
FNDA:15,verb
FNDA:6,(anonymous_10)
FNDA:6,step
FNDA:3,(anonymous_12)
FNDA:0,AdminLearningObjectInteractor
FNDA:2,(anonymous_14)
FNDA:2,(anonymous_15)
FNDA:4,(anonymous_16)
FNDA:1,(anonymous_17)
FNDA:1,(anonymous_18)
FNDA:1,(anonymous_19)
FNDA:1,(anonymous_20)
FNDA:1,(anonymous_21)
FNDA:1,(anonymous_22)
FNDA:1,(anonymous_23)
FNDA:1,(anonymous_24)
FNDA:1,(anonymous_25)
FNDA:0,(anonymous_26)
FNDA:0,(anonymous_27)
FNDA:0,(anonymous_28)
FNDA:0,(anonymous_29)
FNDA:0,(anonymous_30)
FNDA:0,(anonymous_31)
DA:2,3
DA:3,5
DA:4,1
DA:5,0
DA:6,6
DA:7,5
DA:10,3
DA:11,5
DA:12,5
DA:13,15
DA:15,6
DA:16,15
DA:17,15
DA:18,15
DA:19,15
DA:20,6
DA:21,1
DA:22,0
DA:23,0
DA:25,8
DA:26,3
DA:27,3
DA:28,2
DA:29,2
DA:30,2
DA:32,7
DA:33,15
DA:34,5
DA:37,3
DA:38,3
DA:39,3
DA:46,3
DA:47,2
DA:49,2
DA:50,4
DA:52,2
DA:53,2
DA:54,2
DA:56,1
DA:57,1
DA:59,1
DA:60,1
DA:61,0
DA:77,3
DA:78,1
DA:80,1
DA:81,1
DA:82,1
DA:83,1
DA:86,0
DA:87,0
DA:89,0
DA:93,3
DA:94,1
DA:95,1
DA:96,1
DA:97,1
DA:100,0
DA:102,0
DA:106,3
DA:107,1
DA:108,1
DA:109,1
DA:110,1
DA:113,0
DA:115,0
DA:119,3
DA:120,0
DA:121,0
DA:122,0
DA:123,0
DA:126,0
DA:128,0
DA:132,3
DA:133,0
DA:134,0
DA:135,0
DA:136,0
DA:139,0
DA:141,0
DA:145,3
DA:146,3
DA:148,3
LF:83
LH:60
BRDA:2,0,0,3
BRDA:2,0,1,3
BRDA:2,0,2,3
BRDA:3,1,0,5
BRDA:3,1,1,5
BRDA:6,2,0,5
BRDA:6,2,1,1
BRDA:7,3,0,5
BRDA:7,3,1,5
BRDA:10,4,0,3
BRDA:10,4,1,3
BRDA:10,4,2,3
BRDA:11,5,0,0
BRDA:11,5,1,2
BRDA:12,6,0,5
BRDA:12,6,1,5
BRDA:15,7,0,0
BRDA:15,7,1,6
BRDA:17,8,0,0
BRDA:17,8,1,15
BRDA:17,9,0,15
BRDA:17,9,1,0
BRDA:17,9,2,0
BRDA:17,10,0,0
BRDA:17,10,1,0
BRDA:17,11,0,0
BRDA:17,11,1,0
BRDA:18,12,0,0
BRDA:18,12,1,15
BRDA:19,13,0,6
BRDA:19,13,1,6
BRDA:19,13,2,1
BRDA:19,13,3,0
BRDA:19,13,4,0
BRDA:19,13,5,8
BRDA:25,14,0,5
BRDA:25,14,1,3
BRDA:25,15,0,8
BRDA:25,15,1,5
BRDA:25,15,2,5
BRDA:25,16,0,8
BRDA:25,16,1,3
BRDA:26,17,0,0
BRDA:26,17,1,3
BRDA:26,18,0,3
BRDA:26,18,1,0
BRDA:26,18,2,0
BRDA:26,18,3,0
BRDA:27,19,0,1
BRDA:27,19,1,2
BRDA:27,20,0,3
BRDA:27,20,1,1
BRDA:28,21,0,0
BRDA:28,21,1,2
BRDA:28,22,0,2
BRDA:28,22,1,2
BRDA:29,23,0,0
BRDA:29,23,1,2
BRDA:34,24,0,0
BRDA:34,24,1,5
BRDA:34,25,0,5
BRDA:34,25,1,0
BRDA:50,26,0,2
BRDA:50,26,1,1
BRDA:50,26,2,1
BRDA:50,26,3,0
BRF:66
BRH:45
end_of_record
TN:
SF:/Users/anthonyvisalli/Desktop/Clark/learning-object-service/dist/interactors/LearningObjectInteractor.js
FN:2,(anonymous_0)
FN:3,(anonymous_1)
FN:4,fulfilled
FN:5,rejected
FN:6,step
FN:6,(anonymous_5)
FN:10,(anonymous_6)
FN:11,(anonymous_7)
FN:12,(anonymous_8)
FN:13,verb
FN:13,(anonymous_10)
FN:14,step
FN:37,(anonymous_12)
FN:41,(anonymous_13)
FN:47,(anonymous_14)
FN:63,(anonymous_15)
FN:70,(anonymous_16)
FN:71,LearningObjectInteractor
FN:81,(anonymous_18)
FN:82,(anonymous_19)
FN:85,(anonymous_20)
FN:113,(anonymous_21)
FN:113,(anonymous_22)
FN:115,(anonymous_23)
FN:149,(anonymous_24)
FN:150,(anonymous_25)
FN:152,(anonymous_26)
FN:181,(anonymous_27)
FN:182,(anonymous_28)
FN:184,(anonymous_29)
FN:224,(anonymous_30)
FN:225,(anonymous_31)
FN:227,(anonymous_32)
FN:258,(anonymous_33)
FN:259,(anonymous_34)
FN:261,(anonymous_35)
FN:285,(anonymous_36)
FN:310,(anonymous_37)
FN:311,(anonymous_38)
FN:313,(anonymous_39)
FN:341,(anonymous_40)
FN:342,(anonymous_41)
FN:343,(anonymous_42)
FN:363,(anonymous_43)
FN:364,(anonymous_44)
FN:366,(anonymous_45)
FN:393,(anonymous_46)
FN:394,(anonymous_47)
FN:396,(anonymous_48)
FN:413,(anonymous_49)
FN:414,(anonymous_50)
FN:416,(anonymous_51)
FN:437,(anonymous_52)
FN:438,(anonymous_53)
FN:440,(anonymous_54)
FN:467,(anonymous_55)
FN:468,(anonymous_56)
FN:470,(anonymous_57)
FN:551,(anonymous_58)
FN:552,(anonymous_59)
FN:554,(anonymous_60)
FN:576,(anonymous_61)
FN:577,(anonymous_62)
FN:579,(anonymous_63)
FN:583,(anonymous_64)
FN:584,(anonymous_65)
FN:587,(anonymous_66)
FN:587,(anonymous_67)
FN:604,(anonymous_68)
FN:605,(anonymous_69)
FN:607,(anonymous_70)
FN:634,(anonymous_71)
FN:635,(anonymous_72)
FN:637,(anonymous_73)
FN:659,(anonymous_74)
FN:660,(anonymous_75)
FN:662,(anonymous_76)
FN:678,(anonymous_77)
FN:679,(anonymous_78)
FN:681,(anonymous_79)
FN:697,(anonymous_80)
FN:698,(anonymous_81)
FN:700,(anonymous_82)
FN:716,(anonymous_83)
FN:717,(anonymous_84)
FN:719,(anonymous_85)
FN:744,(anonymous_86)
FN:747,(anonymous_87)
FN:761,(anonymous_88)
FNF:89
FNH:64
FNDA:34,(anonymous_0)
FNDA:34,(anonymous_1)
FNDA:25,fulfilled
FNDA:11,rejected
FNDA:70,step
FNDA:36,(anonymous_5)
FNDA:34,(anonymous_6)
FNDA:51,(anonymous_7)
FNDA:0,(anonymous_8)
FNDA:102,verb
FNDA:70,(anonymous_10)
FNDA:70,step
FNDA:0,(anonymous_12)
FNDA:0,(anonymous_13)
FNDA:0,(anonymous_14)
FNDA:0,(anonymous_15)
FNDA:3,(anonymous_16)
FNDA:0,LearningObjectInteractor
FNDA:2,(anonymous_18)
FNDA:2,(anonymous_19)
FNDA:9,(anonymous_20)
FNDA:0,(anonymous_21)
FNDA:0,(anonymous_22)
FNDA:0,(anonymous_23)
FNDA:6,(anonymous_24)
FNDA:6,(anonymous_25)
FNDA:23,(anonymous_26)
FNDA:0,(anonymous_27)
FNDA:0,(anonymous_28)
FNDA:0,(anonymous_29)
FNDA:2,(anonymous_30)
FNDA:2,(anonymous_31)
FNDA:4,(anonymous_32)
FNDA:2,(anonymous_33)
FNDA:2,(anonymous_34)
FNDA:8,(anonymous_35)
FNDA:4,(anonymous_36)
FNDA:0,(anonymous_37)
FNDA:0,(anonymous_38)
FNDA:0,(anonymous_39)
FNDA:0,(anonymous_40)
FNDA:0,(anonymous_41)
FNDA:0,(anonymous_42)
FNDA:4,(anonymous_43)
FNDA:4,(anonymous_44)
FNDA:10,(anonymous_45)
FNDA:1,(anonymous_46)
FNDA:1,(anonymous_47)
FNDA:1,(anonymous_48)
FNDA:2,(anonymous_49)
FNDA:2,(anonymous_50)
FNDA:5,(anonymous_51)
FNDA:0,(anonymous_52)
FNDA:0,(anonymous_53)
FNDA:0,(anonymous_54)
FNDA:0,(anonymous_55)
FNDA:0,(anonymous_56)
FNDA:0,(anonymous_57)
FNDA:4,(anonymous_58)
FNDA:4,(anonymous_59)
FNDA:8,(anonymous_60)
FNDA:2,(anonymous_61)
FNDA:2,(anonymous_62)
FNDA:6,(anonymous_63)
FNDA:2,(anonymous_64)
FNDA:2,(anonymous_65)
FNDA:1,(anonymous_66)
FNDA:0,(anonymous_67)
FNDA:2,(anonymous_68)
FNDA:2,(anonymous_69)
FNDA:4,(anonymous_70)
FNDA:1,(anonymous_71)
FNDA:1,(anonymous_72)
FNDA:3,(anonymous_73)
FNDA:2,(anonymous_74)
FNDA:2,(anonymous_75)
FNDA:4,(anonymous_76)
FNDA:2,(anonymous_77)
FNDA:2,(anonymous_78)
FNDA:5,(anonymous_79)
FNDA:1,(anonymous_80)
FNDA:1,(anonymous_81)
FNDA:2,(anonymous_82)
FNDA:1,(anonymous_83)
FNDA:1,(anonymous_84)
FNDA:2,(anonymous_85)
FNDA:1,(anonymous_86)
FNDA:2,(anonymous_87)
FNDA:1,(anonymous_88)
DA:2,3
DA:3,34
DA:4,25
DA:5,11
DA:6,70
DA:7,34
DA:10,3
DA:11,51
DA:12,34
DA:13,102
DA:15,70
DA:16,197
DA:17,197
DA:18,197
DA:19,197
DA:20,70
DA:21,36
DA:22,0
DA:23,0
DA:25,91
DA:26,57
DA:27,48
DA:28,33
DA:29,33
DA:30,33
DA:32,94
DA:33,197
DA:34,34
DA:37,3
DA:38,0
DA:39,0
DA:40,0
DA:42,0
DA:43,0
DA:47,3
DA:48,0
DA:49,0
DA:50,0
DA:51,0
DA:52,0
DA:54,0
DA:56,0
DA:57,0
DA:59,0
DA:61,0
DA:63,3
DA:64,0
DA:65,0
DA:67,3
DA:68,3
DA:69,3
DA:70,3
DA:81,3
DA:82,2
DA:83,2
DA:85,2
DA:86,9
DA:88,2
DA:89,2
DA:90,2
DA:91,2
DA:96,2
DA:97,0
DA:99,0
DA:100,0
DA:101,0
DA:102,0
DA:103,2
DA:105,2
DA:106,1
DA:108,1
DA:109,1
DA:110,1
DA:112,1
DA:113,0
DA:115,0
DA:116,0
DA:118,0
DA:119,0
DA:120,0
DA:122,0
DA:123,0
DA:124,0
DA:129,0
DA:130,0
DA:131,1
DA:133,1
DA:134,1
DA:135,0
DA:149,3
DA:150,6
DA:152,6
DA:153,23
DA:155,6
DA:156,6
DA:157,6
DA:159,6
DA:160,5
DA:162,5
DA:163,4
DA:164,0
DA:166,4
DA:167,0
DA:168,0
DA:170,0
DA:171,0
DA:172,4
DA:174,2
DA:175,2
DA:176,0
DA:181,3
DA:182,0
DA:184,0
DA:185,0
DA:187,0
DA:188,0
DA:190,0
DA:191,0
DA:193,0
DA:194,0
DA:195,0
DA:197,0
DA:198,0
DA:199,0
DA:200,0
DA:202,0
DA:203,0
DA:205,0
DA:206,0
DA:207,0
DA:209,0
DA:210,0
DA:211,0
DA:213,0
DA:214,0
DA:216,0
DA:217,0
DA:218,0
DA:219,0
DA:224,3
DA:225,2
DA:227,2
DA:228,4
DA:230,2
DA:231,2
DA:233,2
DA:234,2
DA:236,0
DA:237,0
DA:238,0
DA:258,3
DA:259,2
DA:261,2
DA:262,8
DA:264,2
DA:265,2
DA:266,2
DA:267,0
DA:268,2
DA:270,2
DA:271,0
DA:272,0
DA:273,0
DA:275,2
DA:276,2
DA:277,2
DA:279,0
DA:280,0
DA:285,3
DA:286,4
DA:287,4
DA:288,0
DA:290,4
DA:291,0
DA:293,4
DA:294,0
DA:296,4
DA:310,3
DA:311,0
DA:313,0
DA:314,0
DA:316,0
DA:317,0
DA:319,0
DA:320,0
DA:322,0
DA:323,0
DA:324,0
DA:341,3
DA:342,0
DA:343,0
DA:344,0
DA:345,0
DA:348,0
DA:350,0
DA:363,3
DA:364,4
DA:366,4
DA:367,10
DA:369,4
DA:370,4
DA:372,3
DA:373,1
DA:375,3
DA:376,3
DA:377,0
DA:393,3
DA:394,1
DA:396,1
DA:397,1
DA:398,1
DA:399,1
DA:400,0
DA:403,1
DA:407,0
DA:409,0
DA:413,3
DA:414,2
DA:416,2
DA:417,5
DA:419,2
DA:420,2
DA:422,2
DA:423,1
DA:424,1
DA:425,1
DA:426,0
DA:428,1
DA:430,1
DA:431,1
DA:432,0
DA:437,3
DA:438,0
DA:440,0
DA:441,0
DA:443,0
DA:444,0
DA:446,0
DA:447,0
DA:449,0
DA:450,0
DA:452,0
DA:453,0
DA:454,0
DA:456,0
DA:457,0
DA:458,0
DA:460,0
DA:461,0
DA:462,0
DA:467,3
DA:468,0
DA:470,0
DA:471,0
DA:473,0
DA:474,0
DA:475,0
DA:476,0
DA:478,0
DA:479,0
DA:480,0
DA:482,0
DA:483,0
DA:484,0
DA:486,0
DA:487,0
DA:488,0
DA:490,0
DA:491,0
DA:492,0
DA:493,0
DA:494,0
DA:496,0
DA:497,0
DA:498,0
DA:500,0
DA:501,0
DA:502,0
DA:504,0
DA:505,0
DA:507,0
DA:508,0
DA:509,0
DA:511,0
DA:512,0
DA:514,0
DA:515,0
DA:516,0
DA:518,0
DA:519,0
DA:520,0
DA:522,0
DA:523,0
DA:525,0
DA:526,0
DA:527,0
DA:529,0
DA:530,0
DA:531,0
DA:533,0
DA:534,0
DA:536,0
DA:537,0
DA:538,0
DA:540,0
DA:541,0
DA:542,0
DA:551,3
DA:552,4
DA:554,4
DA:555,8
DA:557,4
DA:558,4
DA:559,4
DA:561,3
DA:562,3
DA:564,1
DA:565,1
DA:566,0
DA:576,3
DA:577,2
DA:579,2
DA:580,6
DA:582,2
DA:583,2
DA:584,2
DA:585,2
DA:587,1
DA:591,2
DA:592,1
DA:594,1
DA:595,1
DA:597,1
DA:598,1
DA:599,0
DA:604,3
DA:605,2
DA:607,2
DA:608,4
DA:610,2
DA:611,2
DA:613,1
DA:614,1
DA:616,1
DA:617,1
DA:618,0
DA:634,3
DA:635,1
DA:637,1
DA:638,3
DA:640,1
DA:641,1
DA:642,1
DA:643,1
DA:645,1
DA:647,1
DA:648,0
DA:649,0
DA:651,1
DA:652,1
DA:653,1
DA:654,0
DA:659,3
DA:660,2
DA:662,2
DA:663,4
DA:665,2
DA:666,2
DA:668,1
DA:669,1
DA:671,1
DA:672,1
DA:673,0
DA:678,3
DA:679,2
DA:681,2
DA:682,5
DA:684,2
DA:685,2
DA:687,2
DA:688,1
DA:690,1
DA:691,1
DA:692,0
DA:697,3
DA:698,1
DA:700,1
DA:701,2
DA:703,1
DA:704,1
DA:706,1
DA:707,1
DA:709,0
DA:710,0
DA:711,0
DA:716,3
DA:717,1
DA:719,1
DA:720,2
DA:722,1
DA:723,1
DA:725,1
DA:726,1
DA:728,0
DA:729,0
DA:730,0
DA:744,3
DA:745,1
DA:747,2
DA:750,1
DA:761,3
DA:762,1
DA:763,1
DA:767,1
DA:769,3
DA:771,3
LF:416
LH:224
BRDA:2,0,0,3
BRDA:2,0,1,3
BRDA:2,0,2,3
BRDA:3,1,0,34
BRDA:3,1,1,34
BRDA:6,2,0,34
BRDA:6,2,1,36
BRDA:7,3,0,34
BRDA:7,3,1,34
BRDA:10,4,0,3
BRDA:10,4,1,3
BRDA:10,4,2,3
BRDA:11,5,0,11
BRDA:11,5,1,40
BRDA:12,6,0,34
BRDA:12,6,1,34
BRDA:15,7,0,0
BRDA:15,7,1,70
BRDA:17,8,0,0
BRDA:17,8,1,197
BRDA:17,9,0,197
BRDA:17,9,1,0
BRDA:17,9,2,0
BRDA:17,10,0,0
BRDA:17,10,1,0
BRDA:17,11,0,0
BRDA:17,11,1,0
BRDA:18,12,0,0
BRDA:18,12,1,197
BRDA:19,13,0,59
BRDA:19,13,1,70
BRDA:19,13,2,36
BRDA:19,13,3,0
BRDA:19,13,4,0
BRDA:19,13,5,91
BRDA:25,14,0,34
BRDA:25,14,1,57
BRDA:25,15,0,91
BRDA:25,15,1,34
BRDA:25,15,2,34
BRDA:25,16,0,91
BRDA:25,16,1,57
BRDA:26,17,0,9
BRDA:26,17,1,48
BRDA:26,18,0,57
BRDA:26,18,1,9
BRDA:26,18,2,9
BRDA:26,18,3,9
BRDA:27,19,0,15
BRDA:27,19,1,33
BRDA:27,20,0,48
BRDA:27,20,1,15
BRDA:28,21,0,0
BRDA:28,21,1,33
BRDA:28,22,0,33
BRDA:28,22,1,33
BRDA:29,23,0,0
BRDA:29,23,1,33
BRDA:34,24,0,0
BRDA:34,24,1,34
BRDA:34,25,0,34
BRDA:34,25,1,0
BRDA:37,26,0,3
BRDA:37,26,1,3
BRDA:37,26,2,3
BRDA:38,27,0,0
BRDA:38,27,1,0
BRDA:39,28,0,0
BRDA:39,28,1,0
BRDA:42,29,0,0
BRDA:42,29,1,0
BRDA:42,30,0,0
BRDA:42,30,1,0
BRDA:43,31,0,0
BRDA:43,31,1,0
BRDA:47,32,0,3
BRDA:47,32,1,3
BRDA:47,32,2,3
BRDA:48,33,0,0
BRDA:48,33,1,0
BRDA:49,34,0,0
BRDA:49,34,1,0
BRDA:52,35,0,0
BRDA:52,35,1,0
BRDA:52,35,2,0
BRDA:57,36,0,0
BRDA:57,36,1,0
BRDA:57,37,0,0
BRDA:57,37,1,0
BRDA:57,37,2,0
BRDA:59,38,0,0
BRDA:59,38,1,0
BRDA:63,39,0,3
BRDA:63,39,1,3
BRDA:63,39,2,3
BRDA:86,40,0,2
BRDA:86,40,1,0
BRDA:86,40,2,2
BRDA:86,40,3,2
BRDA:86,40,4,1
BRDA:86,40,5,1
BRDA:86,40,6,0
BRDA:86,40,7,1
BRDA:86,40,8,1
BRDA:86,40,9,0
BRDA:91,41,0,2
BRDA:91,41,1,0
BRDA:91,42,0,2
BRDA:91,42,1,0
BRDA:91,42,2,0
BRDA:91,42,3,0
BRDA:91,42,4,0
BRDA:91,42,5,0
BRDA:106,43,0,0
BRDA:106,43,1,1
BRDA:106,44,0,0
BRDA:106,44,1,1
BRDA:112,45,0,1
BRDA:112,45,1,0
BRDA:116,46,0,0
BRDA:116,46,1,0
BRDA:116,46,2,0
BRDA:118,47,0,0
BRDA:118,47,1,0
BRDA:118,48,0,0
BRDA:118,48,1,0
BRDA:153,49,0,6
BRDA:153,49,1,6
BRDA:153,49,2,5
BRDA:153,49,3,0
BRDA:153,49,4,4
BRDA:153,49,5,2
BRDA:153,49,6,0
BRDA:163,50,0,0
BRDA:163,50,1,4
BRDA:166,51,0,4
BRDA:166,51,1,0
BRDA:185,52,0,0
BRDA:185,52,1,0
BRDA:185,52,2,0
BRDA:185,52,3,0
BRDA:185,52,4,0
BRDA:185,52,5,0
BRDA:185,52,6,0
BRDA:185,52,7,0
BRDA:185,52,8,0
BRDA:185,52,9,0
BRDA:185,52,10,0
BRDA:187,53,0,0
BRDA:187,53,1,0
BRDA:197,54,0,0
BRDA:197,54,1,0
BRDA:214,55,0,0
BRDA:214,55,1,0
BRDA:214,56,0,0
BRDA:214,56,1,0
BRDA:214,56,2,0
BRDA:216,57,0,0
BRDA:216,57,1,0
BRDA:228,58,0,2
BRDA:228,58,1,2
BRDA:228,58,2,0
BRDA:228,58,3,0
BRDA:262,59,0,2
BRDA:262,59,1,2
BRDA:262,59,2,2
BRDA:262,59,3,0
BRDA:262,59,4,2
BRDA:262,59,5,0
BRDA:266,60,0,2
BRDA:266,60,1,0
BRDA:276,61,0,2
BRDA:276,61,1,0
BRDA:287,62,0,0
BRDA:287,62,1,4
BRDA:290,63,0,0
BRDA:290,63,1,4
BRDA:290,64,0,4
BRDA:290,64,1,3
BRDA:293,65,0,0
BRDA:293,65,1,4
BRDA:293,66,0,4
BRDA:293,66,1,3
BRDA:314,67,0,0
BRDA:314,67,1,0
BRDA:314,67,2,0
BRDA:314,67,3,0
BRDA:367,68,0,4
BRDA:367,68,1,3
BRDA:367,68,2,3
BRDA:367,68,3,0
BRDA:399,69,0,0
BRDA:399,69,1,1
BRDA:417,70,0,2
BRDA:417,70,1,2
BRDA:417,70,2,1
BRDA:417,70,3,0
BRDA:423,71,0,0
BRDA:423,71,1,1
BRDA:425,72,0,0
BRDA:425,72,1,1
BRDA:441,73,0,0
BRDA:441,73,1,0
BRDA:441,73,2,0
BRDA:441,73,3,0
BRDA:441,73,4,0
BRDA:441,73,5,0
BRDA:441,73,6,0
BRDA:441,73,7,0
BRDA:453,74,0,0
BRDA:453,74,1,0
BRDA:471,75,0,0
BRDA:471,75,1,0
BRDA:471,75,2,0
BRDA:471,75,3,0
BRDA:471,75,4,0
BRDA:471,75,5,0
BRDA:471,75,6,0
BRDA:471,75,7,0
BRDA:471,75,8,0
BRDA:471,75,9,0
BRDA:471,75,10,0
BRDA:471,75,11,0
BRDA:471,75,12,0
BRDA:471,75,13,0
BRDA:471,75,14,0
BRDA:471,75,15,0
BRDA:471,75,16,0
BRDA:471,75,17,0
BRDA:471,75,18,0
BRDA:471,75,19,0
BRDA:471,75,20,0
BRDA:482,76,0,0
BRDA:482,76,1,0
BRDA:492,77,0,0
BRDA:492,77,1,0
BRDA:505,78,0,0
BRDA:505,78,1,0
BRDA:505,79,0,0
BRDA:505,79,1,0
BRDA:505,79,2,0
BRDA:507,80,0,0
BRDA:507,80,1,0
BRDA:518,81,0,0
BRDA:518,81,1,0
BRDA:534,82,0,0
BRDA:534,82,1,0
BRDA:534,83,0,0
BRDA:534,83,1,0
BRDA:534,83,2,0
BRDA:536,84,0,0
BRDA:536,84,1,0
BRDA:555,85,0,4
BRDA:555,85,1,3
BRDA:555,85,2,1
BRDA:555,85,3,0
BRDA:580,86,0,2
BRDA:580,86,1,2
BRDA:580,86,2,1
BRDA:580,86,3,1
BRDA:580,86,4,0
BRDA:608,87,0,2
BRDA:608,87,1,1
BRDA:608,87,2,1
BRDA:608,87,3,0
BRDA:638,88,0,1
BRDA:638,88,1,1
BRDA:638,88,2,1
BRDA:638,88,3,0
BRDA:641,89,0,1
BRDA:641,89,1,0
BRDA:663,90,0,2
BRDA:663,90,1,1
BRDA:663,90,2,1
BRDA:663,90,3,0
BRDA:682,91,0,2
BRDA:682,91,1,2
BRDA:682,91,2,1
BRDA:682,91,3,0
BRDA:701,92,0,1
BRDA:701,92,1,1
BRDA:701,92,2,0
BRDA:701,92,3,0
BRDA:720,93,0,1
BRDA:720,93,1,1
BRDA:720,93,2,0
BRDA:720,93,3,0
BRF:287
BRH:123
end_of_record
TN:
SF:/Users/anthonyvisalli/Desktop/Clark/learning-object-service/dist/interactors/interactors.js
FNF:0
FNH:0
DA:2,3
DA:3,3
DA:4,3
DA:5,3
DA:6,3
LF:5
LH:5
BRF:0
BRH:0
end_of_record
TN:
SF:/Users/anthonyvisalli/Desktop/Clark/learning-object-service/dist/middleware/admin-access.js
FN:4,enforceAdminAccess
FNF:1
FNH:0
FNDA:0,enforceAdminAccess
DA:2,1
DA:3,1
DA:5,0
DA:6,0
DA:7,0
DA:8,0
DA:10,0
DA:11,0
DA:14,0
DA:17,1
LF:10
LH:3
BRDA:7,0,0,0
BRDA:7,0,1,0
BRDA:7,1,0,0
BRDA:7,1,1,0
BRDA:10,2,0,0
BRDA:10,2,1,0
BRDA:10,3,0,0
BRDA:10,3,1,0
BRDA:10,3,2,0
BRF:9
BRH:0
end_of_record
TN:
SF:/Users/anthonyvisalli/Desktop/Clark/learning-object-service/dist/middleware/jwt.config.js
FN:14,(anonymous_0)
FNF:1
FNH:0
FNDA:0,(anonymous_0)
DA:2,1
DA:3,1
DA:4,1
DA:5,1
DA:11,1
DA:15,0
LF:6
LH:5
BRF:0
BRH:0
end_of_record
TN:
SF:/Users/anthonyvisalli/Desktop/Clark/learning-object-service/dist/tests/MockExpressResponse.js
FN:15,(anonymous_0)
FN:16,MockExpressResponse
FN:18,(anonymous_2)
FN:21,(anonymous_3)
FN:24,(anonymous_4)
FN:27,(anonymous_5)
FN:30,(anonymous_6)
FN:33,(anonymous_7)
FN:36,(anonymous_8)
FN:39,(anonymous_9)
FN:42,(anonymous_10)
FN:45,(anonymous_11)
FN:48,(anonymous_12)
FN:51,(anonymous_13)
FN:54,(anonymous_14)
FN:57,(anonymous_15)
FN:60,(anonymous_16)
FN:63,(anonymous_17)
FN:66,(anonymous_18)
FN:69,(anonymous_19)
FN:72,(anonymous_20)
FN:75,(anonymous_21)
FN:78,(anonymous_22)
FN:81,(anonymous_23)
FN:84,(anonymous_24)
FN:87,(anonymous_25)
FN:90,(anonymous_26)
FN:93,(anonymous_27)
FN:96,(anonymous_28)
FN:99,(anonymous_29)
FN:102,(anonymous_30)
FN:105,(anonymous_31)
FN:108,(anonymous_32)
FN:111,(anonymous_33)
FN:114,(anonymous_34)
FN:117,(anonymous_35)
FN:120,(anonymous_36)
FN:123,(anonymous_37)
FN:126,(anonymous_38)
FN:129,(anonymous_39)
FN:132,(anonymous_40)
FN:135,(anonymous_41)
FN:138,(anonymous_42)
FN:141,(anonymous_43)
FN:144,(anonymous_44)
FN:147,(anonymous_45)
FN:154,(anonymous_46)
FN:157,(anonymous_47)
FN:160,(anonymous_48)
FN:163,(anonymous_49)
FN:166,(anonymous_50)
FN:169,(anonymous_51)
FN:172,(anonymous_52)
FN:175,(anonymous_53)
FN:178,(anonymous_54)
FN:181,(anonymous_55)
FN:184,(anonymous_56)
FN:187,(anonymous_57)
FNF:58
FNH:2
FNDA:1,(anonymous_0)
FNDA:2,MockExpressResponse
FNDA:0,(anonymous_2)
FNDA:0,(anonymous_3)
FNDA:0,(anonymous_4)
FNDA:0,(anonymous_5)
FNDA:0,(anonymous_6)
FNDA:0,(anonymous_7)
FNDA:0,(anonymous_8)
FNDA:0,(anonymous_9)
FNDA:0,(anonymous_10)
FNDA:0,(anonymous_11)
FNDA:0,(anonymous_12)
FNDA:0,(anonymous_13)
FNDA:0,(anonymous_14)
FNDA:0,(anonymous_15)
FNDA:0,(anonymous_16)
FNDA:0,(anonymous_17)
FNDA:0,(anonymous_18)
FNDA:0,(anonymous_19)
FNDA:0,(anonymous_20)
FNDA:0,(anonymous_21)
FNDA:0,(anonymous_22)
FNDA:0,(anonymous_23)
FNDA:0,(anonymous_24)
FNDA:0,(anonymous_25)
FNDA:0,(anonymous_26)
FNDA:0,(anonymous_27)
FNDA:0,(anonymous_28)
FNDA:0,(anonymous_29)
FNDA:0,(anonymous_30)
FNDA:0,(anonymous_31)
FNDA:0,(anonymous_32)
FNDA:0,(anonymous_33)
FNDA:0,(anonymous_34)
FNDA:0,(anonymous_35)
FNDA:0,(anonymous_36)
FNDA:0,(anonymous_37)
FNDA:0,(anonymous_38)
FNDA:0,(anonymous_39)
FNDA:0,(anonymous_40)
FNDA:0,(anonymous_41)
FNDA:0,(anonymous_42)
FNDA:0,(anonymous_43)
FNDA:0,(anonymous_44)
FNDA:0,(anonymous_45)
FNDA:0,(anonymous_46)
FNDA:0,(anonymous_47)
FNDA:0,(anonymous_48)
FNDA:0,(anonymous_49)
FNDA:0,(anonymous_50)
FNDA:0,(anonymous_51)
FNDA:0,(anonymous_52)
FNDA:0,(anonymous_53)
FNDA:0,(anonymous_54)
FNDA:0,(anonymous_55)
FNDA:0,(anonymous_56)
FNDA:0,(anonymous_57)
DA:2,1
DA:15,1
DA:18,1
DA:19,0
DA:21,1
DA:22,0
DA:24,1
DA:25,0
DA:27,1
DA:28,0
DA:30,1
DA:31,0
DA:33,1
DA:34,0
DA:36,1
DA:37,0
DA:39,1
DA:40,0
DA:42,1
DA:43,0
DA:45,1
DA:46,0
DA:48,1
DA:49,0
DA:51,1
DA:52,0
DA:54,1
DA:55,0
DA:57,1
DA:58,0
DA:60,1
DA:61,0
DA:63,1
DA:64,0
DA:66,1
DA:67,0
DA:69,1
DA:70,0
DA:72,1
DA:73,0
DA:75,1
DA:76,0
DA:78,1
DA:79,0
DA:81,1
DA:82,0
DA:84,1
DA:85,0
DA:87,1
DA:88,0
DA:90,1
DA:91,0
DA:93,1
DA:94,0
DA:96,1
DA:97,0
DA:99,1
DA:100,0
DA:102,1
DA:103,0
DA:105,1
DA:106,0
DA:108,1
DA:109,0
DA:111,1
DA:112,0
DA:114,1
DA:115,0
DA:117,1
DA:118,0
DA:120,1
DA:121,0
DA:123,1
DA:124,0
DA:126,1
DA:127,0
DA:129,1
DA:130,0
DA:132,1
DA:133,0
DA:135,1
DA:136,0
DA:138,1
DA:139,0
DA:141,1
DA:142,0
DA:144,1
DA:145,0
DA:147,1
DA:148,0
DA:149,0
DA:150,0
DA:152,0
DA:154,1
DA:155,0
DA:157,1
DA:158,0
DA:160,1
DA:161,0
DA:163,1
DA:164,0
DA:166,1
DA:167,0
DA:169,1
DA:170,0
DA:172,1
DA:173,0
DA:175,1
DA:176,0
DA:178,1
DA:179,0
DA:181,1
DA:182,0
DA:184,1
DA:185,0
DA:187,1
DA:188,0
DA:190,1
DA:192,1
LF:119
LH:60
BRF:0
BRH:0
end_of_record
